Log file open, 09/27/22 18:44:36
LogInit: Display: Running engine for game: Gardengame
LogPlatformFile: Not using cached read wrapper
LogTaskGraph: Started task graph with 5 named threads and 14 total threads with 3 sets of task threads.
LogStats: Stats thread started at 0.281557
LogD3D11RHI: Loaded GFSDK_Aftermath_Lib.x64.dll
LogICUInternationalization: ICU TimeZone Detection - Raw Offset: +1:00, Platform Override: ''
LogPluginManager: Mounting plugin Paper2D
LogPluginManager: Mounting plugin AISupport
LogPluginManager: Mounting plugin LightPropagationVolume
LogPluginManager: Mounting plugin CameraShakePreviewer
LogPluginManager: Mounting plugin ActorLayerUtilities
LogPluginManager: Mounting plugin AnimationSharing
LogPluginManager: Mounting plugin CLionSourceCodeAccess
LogPluginManager: Mounting plugin CodeLiteSourceCodeAccess
LogPluginManager: Mounting plugin GitSourceControl
LogPluginManager: Mounting plugin KDevelopSourceCodeAccess
LogPluginManager: Mounting plugin NullSourceCodeAccess
LogPluginManager: Mounting plugin PerforceSourceControl
LogPluginManager: Mounting plugin PlasticSourceControl
LogPluginManager: Mounting plugin RiderSourceCodeAccess
LogPluginManager: Mounting plugin SubversionSourceControl
LogPluginManager: Mounting plugin UObjectPlugin
LogPluginManager: Mounting plugin VisualStudioCodeSourceCodeAccess
LogPluginManager: Mounting plugin VisualStudioSourceCodeAccess
LogPluginManager: Mounting plugin XCodeSourceCodeAccess
LogPluginManager: Mounting plugin AssetManagerEditor
LogPluginManager: Mounting plugin CryptoKeys
LogPluginManager: Mounting plugin CurveEditorTools
LogPluginManager: Mounting plugin DataValidation
LogPluginManager: Mounting plugin EditorScriptingUtilities
LogPluginManager: Mounting plugin FacialAnimation
LogPluginManager: Mounting plugin GameplayTagsEditor
LogPluginManager: Mounting plugin GeometryMode
LogPluginManager: Mounting plugin MacGraphicsSwitching
LogPluginManager: Mounting plugin MaterialAnalyzer
LogPluginManager: Mounting plugin MobileLauncherProfileWizard
LogPluginManager: Mounting plugin PluginBrowser
LogPluginManager: Mounting plugin SpeedTreeImporter
LogPluginManager: Mounting plugin DatasmithContent
LogPluginManager: Mounting plugin VariantManagerContent
LogPluginManager: Mounting plugin AlembicImporter
LogPluginManager: Mounting plugin AutomationUtils
LogPluginManager: Mounting plugin BackChannel
LogPluginManager: Mounting plugin ChaosCloth
LogPluginManager: Mounting plugin ChaosClothEditor
LogPluginManager: Mounting plugin ChaosEditor
LogPluginManager: Mounting plugin ChaosNiagara
LogPluginManager: Mounting plugin ChaosSolverPlugin
LogPluginManager: Mounting plugin CharacterAI
LogPluginManager: Mounting plugin GeometryCache
LogPluginManager: Mounting plugin GeometryCollectionPlugin
LogPluginManager: Mounting plugin GeometryProcessing
LogPluginManager: Mounting plugin PlanarCut
LogPluginManager: Mounting plugin PlatformCrypto
LogPluginManager: Mounting plugin ProxyLODPlugin
LogPluginManager: Mounting plugin SkeletalReduction
LogPluginManager: Mounting plugin Niagara
LogPluginManager: Mounting plugin MagicLeap
LogPluginManager: Mounting plugin MagicLeapLightEstimation
LogPluginManager: Mounting plugin MagicLeapMedia
LogPluginManager: Mounting plugin MagicLeapPassableWorld
LogPluginManager: Mounting plugin MLSDK
LogPluginManager: Mounting plugin AndroidMedia
LogPluginManager: Mounting plugin AvfMedia
LogPluginManager: Mounting plugin ImgMedia
LogPluginManager: Mounting plugin MediaCompositing
LogPluginManager: Mounting plugin MediaPlayerEditor
LogPluginManager: Mounting plugin WebMMedia
LogPluginManager: Mounting plugin WmfMedia
LogPluginManager: Mounting plugin MeshPainting
LogPluginManager: Mounting plugin TcpMessaging
LogPluginManager: Mounting plugin UdpMessaging
LogPluginManager: Mounting plugin ActorSequence
LogPluginManager: Mounting plugin LevelSequenceEditor
LogPluginManager: Mounting plugin MatineeToLevelSequence
LogPluginManager: Mounting plugin MovieRenderPipeline
LogPluginManager: Mounting plugin TemplateSequence
LogPluginManager: Mounting plugin NetcodeUnitTest
LogPluginManager: Mounting plugin NUTUnrealEngine4
LogPluginManager: Mounting plugin OnlineSubsystemGooglePlay
LogPluginManager: Mounting plugin OnlineSubsystemIOS
LogPluginManager: Mounting plugin OnlineSubsystem
LogPluginManager: Mounting plugin OnlineSubsystemNull
LogPluginManager: Mounting plugin OnlineSubsystemUtils
LogPluginManager: Mounting plugin LauncherChunkInstaller
LogPluginManager: Mounting plugin AndroidDeviceProfileSelector
LogPluginManager: Mounting plugin AndroidMoviePlayer
LogPluginManager: Mounting plugin AndroidPermission
LogPluginManager: Mounting plugin AppleImageUtils
LogPluginManager: Mounting plugin AppleMoviePlayer
LogPluginManager: Mounting plugin ArchVisCharacter
LogPluginManager: Mounting plugin AssetTags
LogPluginManager: Mounting plugin AudioCapture
LogPluginManager: Mounting plugin CableComponent
LogPluginManager: Mounting plugin CustomMeshComponent
LogPluginManager: Mounting plugin EditableMesh
LogPluginManager: Mounting plugin ExampleDeviceProfileSelector
LogPluginManager: Mounting plugin GoogleCloudMessaging
LogPluginManager: Mounting plugin GooglePAD
LogPluginManager: Mounting plugin IOSDeviceProfileSelector
LogPluginManager: Mounting plugin LinuxDeviceProfileSelector
LogPluginManager: Mounting plugin LocationServicesBPLibrary
LogPluginManager: Mounting plugin MobilePatchingUtils
LogPluginManager: Mounting plugin OculusVR
LogPluginManager: Mounting plugin PhysXVehicles
LogPluginManager: Mounting plugin PostSplashScreen
LogPluginManager: Mounting plugin ProceduralMeshComponent
LogPluginManager: Mounting plugin RuntimePhysXCooking
LogPluginManager: Mounting plugin SignificanceManager
LogPluginManager: Mounting plugin SoundFields
LogPluginManager: Mounting plugin SteamVR
LogPluginManager: Mounting plugin Synthesis
LogPluginManager: Mounting plugin WebMMoviePlayer
LogPluginManager: Mounting plugin WindowsMoviePlayer
LogPluginManager: Mounting plugin ScreenshotTools
LogInit: Using libcurl 7.55.1-DEV
LogInit:  - built for x86_64-pc-win32
LogInit:  - supports SSL with OpenSSL/1.1.1
LogInit:  - supports HTTP deflate (compression) using libz 1.2.8
LogInit:  - other features:
LogInit:      CURL_VERSION_SSL
LogInit:      CURL_VERSION_LIBZ
LogInit:      CURL_VERSION_IPV6
LogInit:      CURL_VERSION_ASYNCHDNS
LogInit:      CURL_VERSION_LARGEFILE
LogInit:      CURL_VERSION_IDN
LogInit:  CurlRequestOptions (configurable via config and command line):
LogInit:  - bVerifyPeer = true  - Libcurl will verify peer certificate
LogInit:  - bUseHttpProxy = false  - Libcurl will NOT use HTTP proxy
LogInit:  - bDontReuseConnections = false  - Libcurl will reuse connections
LogInit:  - MaxHostConnections = 16  - Libcurl will limit the number of connections to a host
LogInit:  - LocalHostAddr = Default
LogInit:  - BufferSize = 65536
LogOnline: OSS: Creating online subsystem instance for: NULL
LogInit: WinSock: version 1.1 (2.2), MaxSocks=32767, MaxUdp=65467
LogOnline: OSS: TryLoadSubsystemAndSetDefault: Loaded subsystem for module [NULL]
LogInit: Build: ++UE4+Release-4.25-CL-13942748
LogInit: Engine Version: 4.25.3-13942748+++UE4+Release-4.25
LogInit: Compatible Engine Version: 4.25.0-13144385+++UE4+Release-4.25
LogInit: Net CL: 13144385
LogInit: OS: Windows 10 (Release 2009) (), CPU: Intel(R) Xeon(R) E-2124G CPU @ 3.40GHz, GPU: NVIDIA GeForce GTX 1070
LogInit: Compiled (64-bit): Jul 25 2020 02:07:48
LogInit: Compiled with Visual C++: 19.24.28315.00
LogInit: Build Configuration: Development
LogInit: Branch Name: ++UE4+Release-4.25
LogInit: Command Line: 
LogInit: Base Directory: C:/Program Files/Epic Games/UE_4.25/Engine/Binaries/Win64/
LogInit: Allocator: TBB
LogInit: Installed Engine Build: 1
LogDevObjectVersion: Number of dev versions registered: 26
LogDevObjectVersion:   Dev-Blueprints (B0D832E4-1F89-4F0D-ACCF-7EB736FD4AA2): 10
LogDevObjectVersion:   Dev-Build (E1C64328-A22C-4D53-A36C-8E866417BD8C): 0
LogDevObjectVersion:   Dev-Core (375EC13C-06E4-48FB-B500-84F0262A717E): 4
LogDevObjectVersion:   Dev-Editor (E4B068ED-F494-42E9-A231-DA0B2E46BB41): 38
LogDevObjectVersion:   Dev-Framework (CFFC743F-43B0-4480-9391-14DF171D2073): 37
LogDevObjectVersion:   Dev-Mobile (B02B49B5-BB20-44E9-A304-32B752E40360): 2
LogDevObjectVersion:   Dev-Networking (A4E4105C-59A1-49B5-A7C5-40C4547EDFEE): 0
LogDevObjectVersion:   Dev-Online (39C831C9-5AE6-47DC-9A44-9C173E1C8E7C): 0
LogDevObjectVersion:   Dev-Physics (78F01B33-EBEA-4F98-B9B4-84EACCB95AA2): 4
LogDevObjectVersion:   Dev-Platform (6631380F-2D4D-43E0-8009-CF276956A95A): 0
LogDevObjectVersion:   Dev-Rendering (12F88B9F-8875-4AFC-A67C-D90C383ABD29): 43
LogDevObjectVersion:   Dev-Sequencer (7B5AE74C-D270-4C10-A958-57980B212A5A): 12
LogDevObjectVersion:   Dev-VR (D7296918-1DD6-4BDD-9DE2-64A83CC13884): 3
LogDevObjectVersion:   Dev-LoadTimes (C2A15278-BFE7-4AFE-6C17-90FF531DF755): 1
LogDevObjectVersion:   Private-Geometry (6EACA3D4-40EC-4CC1-B786-8BED09428FC5): 3
LogDevObjectVersion:   Dev-AnimPhys (29E575DD-E0A3-4627-9D10-D276232CDCEA): 17
LogDevObjectVersion:   Dev-Anim (AF43A65D-7FD3-4947-9873-3E8ED9C1BB05): 7
LogDevObjectVersion:   Dev-ReflectionCapture (6B266CEC-1EC7-4B8F-A30B-E4D90942FC07): 1
LogDevObjectVersion:   Dev-Automation (0DF73D61-A23F-47EA-B727-89E90C41499A): 1
LogDevObjectVersion:   FortniteMain (601D1886-AC64-4F84-AA16-D3DE0DEAC7D6): 31
LogDevObjectVersion:   Dev-Enterprise (9DFFBCD6-494F-0158-E221-12823C92A888): 10
LogDevObjectVersion:   Dev-Niagara (F2AED0AC-9AFE-416F-8664-AA7FFA26D6FC): 1
LogDevObjectVersion:   Dev-Destruction (174F1F0B-B4C6-45A5-B13F-2EE8D0FB917D): 10
LogDevObjectVersion:   Dev-Physics-Ext (35F94A83-E258-406C-A318-09F59610247C): 37
LogDevObjectVersion:   Dev-PhysicsMaterial-Chaos (B68FC16E-8B1B-42E2-B453-215C058844FE): 1
LogDevObjectVersion:   Dev-CineCamera (B2E18506-4273-CFC2-A54E-F4BB758BBA07): 1
LogInit: Presizing for max 25165824 objects, including 0 objects not considered by GC, pre-allocating 0 bytes for permanent pool.
LogConfig: Applying CVar settings from Section [/Script/Engine.StreamingSettings] File [C:/Users/johfo532/Documents/GitHub/Gardengame/Gardengame/Saved/Config/Windows/Engine.ini]
LogConfig: Setting CVar [[s.MinBulkDataSizeForAsyncLoading:131072]]
LogConfig: Setting CVar [[s.AsyncLoadingThreadEnabled:0]]
LogConfig: Setting CVar [[s.EventDrivenLoaderEnabled:1]]
LogConfig: Setting CVar [[s.WarnIfTimeLimitExceeded:0]]
LogConfig: Setting CVar [[s.TimeLimitExceededMultiplier:1.5]]
LogConfig: Setting CVar [[s.TimeLimitExceededMinTime:0.005]]
LogConfig: Setting CVar [[s.UseBackgroundLevelStreaming:1]]
LogConfig: Setting CVar [[s.PriorityAsyncLoadingExtraTime:15.0]]
LogConfig: Setting CVar [[s.LevelStreamingActorsUpdateTimeLimit:5.0]]
LogConfig: Setting CVar [[s.PriorityLevelStreamingActorsUpdateExtraTime:5.0]]
LogConfig: Setting CVar [[s.LevelStreamingComponentsRegistrationGranularity:10]]
LogConfig: Setting CVar [[s.UnregisterComponentsTimeLimit:1.0]]
LogConfig: Setting CVar [[s.LevelStreamingComponentsUnregistrationGranularity:5]]
LogConfig: Setting CVar [[s.FlushStreamingOnExit:1]]
LogInit: Object subsystem initialized
LogConfig: Setting CVar [[con.DebugEarlyDefault:1]]
LogConfig: Setting CVar [[r.setres:1280x720]]
[2022.09.27-16.44.37:998][  0]LogConfig: Setting CVar [[r.VSync:0]]
[2022.09.27-16.44.37:998][  0]LogConfig: Setting CVar [[r.RHICmdBypass:0]]
[2022.09.27-16.44.37:998][  0]LogConfig: Applying CVar settings from Section [/Script/Engine.RendererSettings] File [C:/Users/johfo532/Documents/GitHub/Gardengame/Gardengame/Saved/Config/Windows/Engine.ini]
[2022.09.27-16.44.37:998][  0]LogConfig: Setting CVar [[r.GPUCrashDebugging:0]]
[2022.09.27-16.44.37:998][  0]LogConfig: Applying CVar settings from Section [/Script/Engine.RendererOverrideSettings] File [C:/Users/johfo532/Documents/GitHub/Gardengame/Gardengame/Saved/Config/Windows/Engine.ini]
[2022.09.27-16.44.37:998][  0]LogConfig: Applying CVar settings from Section [/Script/Engine.StreamingSettings] File [C:/Users/johfo532/Documents/GitHub/Gardengame/Gardengame/Saved/Config/Windows/Engine.ini]
[2022.09.27-16.44.37:998][  0]LogConfig: Setting CVar [[s.MinBulkDataSizeForAsyncLoading:131072]]
[2022.09.27-16.44.37:998][  0]LogConfig: Setting CVar [[s.AsyncLoadingThreadEnabled:0]]
[2022.09.27-16.44.37:998][  0]LogConfig: Setting CVar [[s.EventDrivenLoaderEnabled:1]]
[2022.09.27-16.44.37:998][  0]LogConfig: Setting CVar [[s.WarnIfTimeLimitExceeded:0]]
[2022.09.27-16.44.37:998][  0]LogConfig: Setting CVar [[s.TimeLimitExceededMultiplier:1.5]]
[2022.09.27-16.44.37:998][  0]LogConfig: Setting CVar [[s.TimeLimitExceededMinTime:0.005]]
[2022.09.27-16.44.37:998][  0]LogConfig: Setting CVar [[s.UseBackgroundLevelStreaming:1]]
[2022.09.27-16.44.37:998][  0]LogConfig: Setting CVar [[s.PriorityAsyncLoadingExtraTime:15.0]]
[2022.09.27-16.44.37:998][  0]LogConfig: Setting CVar [[s.LevelStreamingActorsUpdateTimeLimit:5.0]]
[2022.09.27-16.44.37:998][  0]LogConfig: Setting CVar [[s.PriorityLevelStreamingActorsUpdateExtraTime:5.0]]
[2022.09.27-16.44.37:998][  0]LogConfig: Setting CVar [[s.LevelStreamingComponentsRegistrationGranularity:10]]
[2022.09.27-16.44.37:998][  0]LogConfig: Setting CVar [[s.UnregisterComponentsTimeLimit:1.0]]
[2022.09.27-16.44.37:998][  0]LogConfig: Setting CVar [[s.LevelStreamingComponentsUnregistrationGranularity:5]]
[2022.09.27-16.44.37:998][  0]LogConfig: Setting CVar [[s.FlushStreamingOnExit:1]]
[2022.09.27-16.44.37:998][  0]LogConfig: Applying CVar settings from Section [/Script/Engine.GarbageCollectionSettings] File [C:/Users/johfo532/Documents/GitHub/Gardengame/Gardengame/Saved/Config/Windows/Engine.ini]
[2022.09.27-16.44.37:998][  0]LogConfig: Setting CVar [[gc.MaxObjectsNotConsideredByGC:1]]
[2022.09.27-16.44.37:998][  0]LogConfig: Setting CVar [[gc.SizeOfPermanentObjectPool:0]]
[2022.09.27-16.44.37:998][  0]LogConfig: Setting CVar [[gc.FlushStreamingOnGC:0]]
[2022.09.27-16.44.37:998][  0]LogConfig: Setting CVar [[gc.NumRetriesBeforeForcingGC:10]]
[2022.09.27-16.44.37:998][  0]LogConfig: Setting CVar [[gc.AllowParallelGC:1]]
[2022.09.27-16.44.37:998][  0]LogConfig: Setting CVar [[gc.TimeBetweenPurgingPendingKillObjects:61.1]]
[2022.09.27-16.44.37:998][  0]LogConfig: Setting CVar [[gc.MaxObjectsInEditor:25165824]]
[2022.09.27-16.44.37:998][  0]LogConfig: Setting CVar [[gc.IncrementalBeginDestroyEnabled:1]]
[2022.09.27-16.44.37:998][  0]LogConfig: Setting CVar [[gc.CreateGCClusters:1]]
[2022.09.27-16.44.37:998][  0]LogConfig: Setting CVar [[gc.MinGCClusterSize:5]]
[2022.09.27-16.44.37:998][  0]LogConfig: Setting CVar [[gc.ActorClusteringEnabled:0]]
[2022.09.27-16.44.37:998][  0]LogConfig: Setting CVar [[gc.BlueprintClusteringEnabled:0]]
[2022.09.27-16.44.37:998][  0]LogConfig: Setting CVar [[gc.UseDisregardForGCOnDedicatedServers:0]]
[2022.09.27-16.44.37:998][  0]LogConfig: Applying CVar settings from Section [/Script/Engine.NetworkSettings] File [C:/Users/johfo532/Documents/GitHub/Gardengame/Gardengame/Saved/Config/Windows/Engine.ini]
[2022.09.27-16.44.37:998][  0]LogConfig: Applying CVar settings from Section [/Script/UnrealEd.CookerSettings] File [C:/Users/johfo532/Documents/GitHub/Gardengame/Gardengame/Saved/Config/Windows/Engine.ini]
[2022.09.27-16.44.38:008][  0]LogConfig: Applying CVar settings from Section [ViewDistanceQuality@3] File [C:/Users/johfo532/Documents/GitHub/Gardengame/Gardengame/Saved/Config/Windows/Scalability.ini]
[2022.09.27-16.44.38:008][  0]LogConfig: Setting CVar [[r.SkeletalMeshLODBias:0]]
[2022.09.27-16.44.38:008][  0]LogConfig: Setting CVar [[r.ViewDistanceScale:1.0]]
[2022.09.27-16.44.38:008][  0]LogConfig: Applying CVar settings from Section [AntiAliasingQuality@3] File [C:/Users/johfo532/Documents/GitHub/Gardengame/Gardengame/Saved/Config/Windows/Scalability.ini]
[2022.09.27-16.44.38:008][  0]LogConfig: Setting CVar [[r.PostProcessAAQuality:4]]
[2022.09.27-16.44.38:008][  0]LogConfig: Applying CVar settings from Section [ShadowQuality@3] File [C:/Users/johfo532/Documents/GitHub/Gardengame/Gardengame/Saved/Config/Windows/Scalability.ini]
[2022.09.27-16.44.38:008][  0]LogConfig: Setting CVar [[r.LightFunctionQuality:1]]
[2022.09.27-16.44.38:008][  0]LogConfig: Setting CVar [[r.ShadowQuality:5]]
[2022.09.27-16.44.38:008][  0]LogConfig: Setting CVar [[r.Shadow.CSM.MaxCascades:10]]
[2022.09.27-16.44.38:008][  0]LogConfig: Setting CVar [[r.Shadow.MaxResolution:2048]]
[2022.09.27-16.44.38:008][  0]LogConfig: Setting CVar [[r.Shadow.MaxCSMResolution:2048]]
[2022.09.27-16.44.38:008][  0]LogConfig: Setting CVar [[r.Shadow.RadiusThreshold:0.01]]
[2022.09.27-16.44.38:008][  0]LogConfig: Setting CVar [[r.Shadow.DistanceScale:1.0]]
[2022.09.27-16.44.38:008][  0]LogConfig: Setting CVar [[r.Shadow.CSM.TransitionScale:1.0]]
[2022.09.27-16.44.38:008][  0]LogConfig: Setting CVar [[r.Shadow.PreShadowResolutionFactor:1.0]]
[2022.09.27-16.44.38:008][  0]LogConfig: Setting CVar [[r.DistanceFieldShadowing:1]]
[2022.09.27-16.44.38:008][  0]LogConfig: Setting CVar [[r.DistanceFieldAO:1]]
[2022.09.27-16.44.38:008][  0]LogConfig: Setting CVar [[r.AOQuality:2]]
[2022.09.27-16.44.38:008][  0]LogConfig: Setting CVar [[r.VolumetricFog:1]]
[2022.09.27-16.44.38:008][  0]LogConfig: Setting CVar [[r.VolumetricFog.GridPixelSize:8]]
[2022.09.27-16.44.38:008][  0]LogConfig: Setting CVar [[r.VolumetricFog.GridSizeZ:128]]
[2022.09.27-16.44.38:008][  0]LogConfig: Setting CVar [[r.VolumetricFog.HistoryMissSupersampleCount:4]]
[2022.09.27-16.44.38:008][  0]LogConfig: Setting CVar [[r.LightMaxDrawDistanceScale:1]]
[2022.09.27-16.44.38:008][  0]LogConfig: Setting CVar [[r.CapsuleShadows:1]]
[2022.09.27-16.44.38:008][  0]LogConfig: Applying CVar settings from Section [PostProcessQuality@3] File [C:/Users/johfo532/Documents/GitHub/Gardengame/Gardengame/Saved/Config/Windows/Scalability.ini]
[2022.09.27-16.44.38:008][  0]LogConfig: Setting CVar [[r.MotionBlurQuality:4]]
[2022.09.27-16.44.38:008][  0]LogConfig: Setting CVar [[r.AmbientOcclusionMipLevelFactor:0.4]]
[2022.09.27-16.44.38:008][  0]LogConfig: Setting CVar [[r.AmbientOcclusionMaxQuality:100]]
[2022.09.27-16.44.38:008][  0]LogConfig: Setting CVar [[r.AmbientOcclusionLevels:-1]]
[2022.09.27-16.44.38:008][  0]LogConfig: Setting CVar [[r.AmbientOcclusionRadiusScale:1.0]]
[2022.09.27-16.44.38:008][  0]LogConfig: Setting CVar [[r.DepthOfFieldQuality:2]]
[2022.09.27-16.44.38:008][  0]LogConfig: Setting CVar [[r.RenderTargetPoolMin:400]]
[2022.09.27-16.44.38:008][  0]LogConfig: Setting CVar [[r.LensFlareQuality:2]]
[2022.09.27-16.44.38:008][  0]LogConfig: Setting CVar [[r.SceneColorFringeQuality:1]]
[2022.09.27-16.44.38:008][  0]LogConfig: Setting CVar [[r.EyeAdaptationQuality:2]]
[2022.09.27-16.44.38:008][  0]LogConfig: Setting CVar [[r.BloomQuality:5]]
[2022.09.27-16.44.38:008][  0]LogConfig: Setting CVar [[r.FastBlurThreshold:100]]
[2022.09.27-16.44.38:008][  0]LogConfig: Setting CVar [[r.Upscale.Quality:3]]
[2022.09.27-16.44.38:008][  0]LogConfig: Setting CVar [[r.Tonemapper.GrainQuantization:1]]
[2022.09.27-16.44.38:008][  0]LogConfig: Setting CVar [[r.LightShaftQuality:1]]
[2022.09.27-16.44.38:008][  0]LogConfig: Setting CVar [[r.Filter.SizeScale:1]]
[2022.09.27-16.44.38:008][  0]LogConfig: Setting CVar [[r.Tonemapper.Quality:5]]
[2022.09.27-16.44.38:008][  0]LogConfig: Setting CVar [[r.DOF.Gather.AccumulatorQuality:1        ; higher gathering accumulator quality]]
[2022.09.27-16.44.38:008][  0]LogConfig: Setting CVar [[r.DOF.Gather.PostfilterMethod:1          ; Median3x3 postfilering method]]
[2022.09.27-16.44.38:008][  0]LogConfig: Setting CVar [[r.DOF.Gather.EnableBokehSettings:0       ; no bokeh simulation when gathering]]
[2022.09.27-16.44.38:008][  0]LogConfig: Setting CVar [[r.DOF.Gather.RingCount:4                 ; medium number of samples when gathering]]
[2022.09.27-16.44.38:008][  0]LogConfig: Setting CVar [[r.DOF.Scatter.ForegroundCompositing:1    ; additive foreground scattering]]
[2022.09.27-16.44.38:008][  0]LogConfig: Setting CVar [[r.DOF.Scatter.BackgroundCompositing:2    ; additive background scattering]]
[2022.09.27-16.44.38:008][  0]LogConfig: Setting CVar [[r.DOF.Scatter.EnableBokehSettings:1      ; bokeh simulation when scattering]]
[2022.09.27-16.44.38:008][  0]LogConfig: Setting CVar [[r.DOF.Scatter.MaxSpriteRatio:0.1         ; only a maximum of 10% of scattered bokeh]]
[2022.09.27-16.44.38:008][  0]LogConfig: Setting CVar [[r.DOF.Recombine.Quality:1                ; cheap slight out of focus]]
[2022.09.27-16.44.38:008][  0]LogConfig: Setting CVar [[r.DOF.Recombine.EnableBokehSettings:0    ; no bokeh simulation on slight out of focus]]
[2022.09.27-16.44.38:008][  0]LogConfig: Setting CVar [[r.DOF.TemporalAAQuality:1                ; more stable temporal accumulation]]
[2022.09.27-16.44.38:008][  0]LogConfig: Setting CVar [[r.DOF.Kernel.MaxForegroundRadius:0.025]]
[2022.09.27-16.44.38:008][  0]LogConfig: Setting CVar [[r.DOF.Kernel.MaxBackgroundRadius:0.025]]
[2022.09.27-16.44.38:008][  0]LogConfig: Applying CVar settings from Section [TextureQuality@3] File [C:/Users/johfo532/Documents/GitHub/Gardengame/Gardengame/Saved/Config/Windows/Scalability.ini]
[2022.09.27-16.44.38:008][  0]LogConfig: Setting CVar [[r.Streaming.MipBias:0]]
[2022.09.27-16.44.38:008][  0]LogConfig: Setting CVar [[r.Streaming.AmortizeCPUToGPUCopy:0]]
[2022.09.27-16.44.38:008][  0]LogConfig: Setting CVar [[r.Streaming.MaxNumTexturesToStreamPerFrame:0]]
[2022.09.27-16.44.38:008][  0]LogConfig: Setting CVar [[r.Streaming.Boost:1]]
[2022.09.27-16.44.38:008][  0]LogConfig: Setting CVar [[r.MaxAnisotropy:8]]
[2022.09.27-16.44.38:008][  0]LogConfig: Setting CVar [[r.VT.MaxAnisotropy:8]]
[2022.09.27-16.44.38:008][  0]LogConfig: Setting CVar [[r.Streaming.LimitPoolSizeToVRAM:0]]
[2022.09.27-16.44.38:008][  0]LogConfig: Setting CVar [[r.Streaming.PoolSize:1000]]
[2022.09.27-16.44.38:008][  0]LogConfig: Setting CVar [[r.Streaming.MaxEffectiveScreenSize:0]]
[2022.09.27-16.44.38:008][  0]LogConfig: Applying CVar settings from Section [EffectsQuality@3] File [C:/Users/johfo532/Documents/GitHub/Gardengame/Gardengame/Saved/Config/Windows/Scalability.ini]
[2022.09.27-16.44.38:008][  0]LogConfig: Setting CVar [[r.TranslucencyLightingVolumeDim:64]]
[2022.09.27-16.44.38:008][  0]LogConfig: Setting CVar [[r.RefractionQuality:2]]
[2022.09.27-16.44.38:008][  0]LogConfig: Setting CVar [[r.SSR.Quality:3]]
[2022.09.27-16.44.38:008][  0]LogConfig: Setting CVar [[r.SSR.HalfResSceneColor:0]]
[2022.09.27-16.44.38:008][  0]LogConfig: Setting CVar [[r.SceneColorFormat:4]]
[2022.09.27-16.44.38:008][  0]LogConfig: Setting CVar [[r.DetailMode:2]]
[2022.09.27-16.44.38:008][  0]LogConfig: Setting CVar [[r.TranslucencyVolumeBlur:1]]
[2022.09.27-16.44.38:008][  0]LogConfig: Setting CVar [[r.MaterialQualityLevel:1 ; High quality]]
[2022.09.27-16.44.38:008][  0]LogConfig: Setting CVar [[r.SSS.Scale:1]]
[2022.09.27-16.44.38:008][  0]LogConfig: Setting CVar [[r.SSS.SampleSet:2]]
[2022.09.27-16.44.38:008][  0]LogConfig: Setting CVar [[r.SSS.Quality:1]]
[2022.09.27-16.44.38:008][  0]LogConfig: Setting CVar [[r.SSS.HalfRes:0]]
[2022.09.27-16.44.38:008][  0]LogConfig: Setting CVar [[r.SSGI.Quality:3]]
[2022.09.27-16.44.38:008][  0]LogConfig: Setting CVar [[r.EmitterSpawnRateScale:1.0]]
[2022.09.27-16.44.38:008][  0]LogConfig: Setting CVar [[r.ParticleLightQuality:2]]
[2022.09.27-16.44.38:008][  0]LogConfig: Setting CVar [[r.SkyAtmosphere.AerialPerspectiveLUT.FastApplyOnOpaque:1 ; Always have FastSkyLUT 1 in this case to avoid wrong sky]]
[2022.09.27-16.44.38:008][  0]LogConfig: Setting CVar [[r.SkyAtmosphere.AerialPerspectiveLUT.SampleCountPerSlice:1]]
[2022.09.27-16.44.38:008][  0]LogConfig: Setting CVar [[r.SkyAtmosphere.AerialPerspectiveLUT.DepthResolution:16.0]]
[2022.09.27-16.44.38:008][  0]LogConfig: Setting CVar [[r.SkyAtmosphere.FastSkyLUT:1]]
[2022.09.27-16.44.38:008][  0]LogConfig: Setting CVar [[r.SkyAtmosphere.FastSkyLUT.SampleCountMin:4.0]]
[2022.09.27-16.44.38:008][  0]LogConfig: Setting CVar [[r.SkyAtmosphere.FastSkyLUT.SampleCountMax:32.0]]
[2022.09.27-16.44.38:008][  0]LogConfig: Setting CVar [[r.SkyAtmosphere.SampleCountMin:4.0]]
[2022.09.27-16.44.38:008][  0]LogConfig: Setting CVar [[r.SkyAtmosphere.SampleCountMax:32.0]]
[2022.09.27-16.44.38:008][  0]LogConfig: Setting CVar [[r.SkyAtmosphere.TransmittanceLUT.UseSmallFormat:0]]
[2022.09.27-16.44.38:008][  0]LogConfig: Setting CVar [[r.SkyAtmosphere.TransmittanceLUT.SampleCount:10.0]]
[2022.09.27-16.44.38:008][  0]LogConfig: Setting CVar [[r.SkyAtmosphere.MultiScatteringLUT.SampleCount:15.0]]
[2022.09.27-16.44.38:008][  0]LogConfig: Applying CVar settings from Section [FoliageQuality@3] File [C:/Users/johfo532/Documents/GitHub/Gardengame/Gardengame/Saved/Config/Windows/Scalability.ini]
[2022.09.27-16.44.38:008][  0]LogConfig: Setting CVar [[foliage.DensityScale:1.0]]
[2022.09.27-16.44.38:008][  0]LogConfig: Setting CVar [[grass.DensityScale:1.0]]
[2022.09.27-16.44.38:008][  0]LogConfig: Applying CVar settings from Section [ShadingQuality@3] File [C:/Users/johfo532/Documents/GitHub/Gardengame/Gardengame/Saved/Config/Windows/Scalability.ini]
[2022.09.27-16.44.38:008][  0]LogConfig: Setting CVar [[r.HairStrands.SkyLighting.SampleCount:16]]
[2022.09.27-16.44.38:008][  0]LogConfig: Setting CVar [[r.HairStrands.SkyLighting.JitterIntegration:0]]
[2022.09.27-16.44.38:008][  0]LogConfig: Setting CVar [[r.HairStrands.SkyAO.SampleCount:16]]
[2022.09.27-16.44.38:008][  0]LogConfig: Setting CVar [[r.HairStrands.DeepShadow.SuperSampling:0]]
[2022.09.27-16.44.38:008][  0]LogConfig: Setting CVar [[r.HairStrands.VisibilityPPLL:0]]
[2022.09.27-16.44.38:008][  0]LogConfig: Setting CVar [[r.HairStrands.RasterizationScale:0.5]]
[2022.09.27-16.44.38:008][  0]LogConfig: Setting CVar [[r.HairStrands.VelocityRasterizationScale:1]]
[2022.09.27-16.44.38:008][  0]LogInit: Selected Device Profile: [Windows]
[2022.09.27-16.44.38:008][  0]LogInit: Applying CVar settings loaded from the selected device profile: [Windows]
[2022.09.27-16.44.38:008][  0]LogHAL: Display: Platform has ~ 16 GB [17002393600 / 17179869184 / 16], which maps to Larger [LargestMinGB=32, LargerMinGB=12, DefaultMinGB=8, SmallerMinGB=6, SmallestMinGB=0)
[2022.09.27-16.44.38:008][  0]LogInit: Going up to parent DeviceProfile []
[2022.09.27-16.44.38:008][  0]LogConfig: Applying CVar settings from Section [ViewDistanceQuality@3] File [C:/Users/johfo532/Documents/GitHub/Gardengame/Gardengame/Saved/Config/Windows/Scalability.ini]
[2022.09.27-16.44.38:008][  0]LogConfig: Setting CVar [[r.SkeletalMeshLODBias:0]]
[2022.09.27-16.44.38:008][  0]LogConfig: Setting CVar [[r.ViewDistanceScale:1.0]]
[2022.09.27-16.44.38:008][  0]LogConfig: Applying CVar settings from Section [AntiAliasingQuality@3] File [C:/Users/johfo532/Documents/GitHub/Gardengame/Gardengame/Saved/Config/Windows/Scalability.ini]
[2022.09.27-16.44.38:008][  0]LogConfig: Setting CVar [[r.PostProcessAAQuality:4]]
[2022.09.27-16.44.38:008][  0]LogConfig: Applying CVar settings from Section [ShadowQuality@3] File [C:/Users/johfo532/Documents/GitHub/Gardengame/Gardengame/Saved/Config/Windows/Scalability.ini]
[2022.09.27-16.44.38:008][  0]LogConfig: Setting CVar [[r.LightFunctionQuality:1]]
[2022.09.27-16.44.38:008][  0]LogConfig: Setting CVar [[r.ShadowQuality:5]]
[2022.09.27-16.44.38:008][  0]LogConfig: Setting CVar [[r.Shadow.CSM.MaxCascades:10]]
[2022.09.27-16.44.38:008][  0]LogConfig: Setting CVar [[r.Shadow.MaxResolution:2048]]
[2022.09.27-16.44.38:008][  0]LogConfig: Setting CVar [[r.Shadow.MaxCSMResolution:2048]]
[2022.09.27-16.44.38:008][  0]LogConfig: Setting CVar [[r.Shadow.RadiusThreshold:0.01]]
[2022.09.27-16.44.38:008][  0]LogConfig: Setting CVar [[r.Shadow.DistanceScale:1.0]]
[2022.09.27-16.44.38:008][  0]LogConfig: Setting CVar [[r.Shadow.CSM.TransitionScale:1.0]]
[2022.09.27-16.44.38:008][  0]LogConfig: Setting CVar [[r.Shadow.PreShadowResolutionFactor:1.0]]
[2022.09.27-16.44.38:008][  0]LogConfig: Setting CVar [[r.DistanceFieldShadowing:1]]
[2022.09.27-16.44.38:008][  0]LogConfig: Setting CVar [[r.DistanceFieldAO:1]]
[2022.09.27-16.44.38:008][  0]LogConfig: Setting CVar [[r.AOQuality:2]]
[2022.09.27-16.44.38:008][  0]LogConfig: Setting CVar [[r.VolumetricFog:1]]
[2022.09.27-16.44.38:008][  0]LogConfig: Setting CVar [[r.VolumetricFog.GridPixelSize:8]]
[2022.09.27-16.44.38:008][  0]LogConfig: Setting CVar [[r.VolumetricFog.GridSizeZ:128]]
[2022.09.27-16.44.38:008][  0]LogConfig: Setting CVar [[r.VolumetricFog.HistoryMissSupersampleCount:4]]
[2022.09.27-16.44.38:008][  0]LogConfig: Setting CVar [[r.LightMaxDrawDistanceScale:1]]
[2022.09.27-16.44.38:008][  0]LogConfig: Setting CVar [[r.CapsuleShadows:1]]
[2022.09.27-16.44.38:008][  0]LogConfig: Applying CVar settings from Section [PostProcessQuality@3] File [C:/Users/johfo532/Documents/GitHub/Gardengame/Gardengame/Saved/Config/Windows/Scalability.ini]
[2022.09.27-16.44.38:008][  0]LogConfig: Setting CVar [[r.MotionBlurQuality:4]]
[2022.09.27-16.44.38:008][  0]LogConfig: Setting CVar [[r.AmbientOcclusionMipLevelFactor:0.4]]
[2022.09.27-16.44.38:008][  0]LogConfig: Setting CVar [[r.AmbientOcclusionMaxQuality:100]]
[2022.09.27-16.44.38:008][  0]LogConfig: Setting CVar [[r.AmbientOcclusionLevels:-1]]
[2022.09.27-16.44.38:008][  0]LogConfig: Setting CVar [[r.AmbientOcclusionRadiusScale:1.0]]
[2022.09.27-16.44.38:008][  0]LogConfig: Setting CVar [[r.DepthOfFieldQuality:2]]
[2022.09.27-16.44.38:008][  0]LogConfig: Setting CVar [[r.RenderTargetPoolMin:400]]
[2022.09.27-16.44.38:008][  0]LogConfig: Setting CVar [[r.LensFlareQuality:2]]
[2022.09.27-16.44.38:008][  0]LogConfig: Setting CVar [[r.SceneColorFringeQuality:1]]
[2022.09.27-16.44.38:008][  0]LogConfig: Setting CVar [[r.EyeAdaptationQuality:2]]
[2022.09.27-16.44.38:008][  0]LogConfig: Setting CVar [[r.BloomQuality:5]]
[2022.09.27-16.44.38:008][  0]LogConfig: Setting CVar [[r.FastBlurThreshold:100]]
[2022.09.27-16.44.38:008][  0]LogConfig: Setting CVar [[r.Upscale.Quality:3]]
[2022.09.27-16.44.38:008][  0]LogConfig: Setting CVar [[r.Tonemapper.GrainQuantization:1]]
[2022.09.27-16.44.38:008][  0]LogConfig: Setting CVar [[r.LightShaftQuality:1]]
[2022.09.27-16.44.38:008][  0]LogConfig: Setting CVar [[r.Filter.SizeScale:1]]
[2022.09.27-16.44.38:008][  0]LogConfig: Setting CVar [[r.Tonemapper.Quality:5]]
[2022.09.27-16.44.38:008][  0]LogConfig: Setting CVar [[r.DOF.Gather.AccumulatorQuality:1        ; higher gathering accumulator quality]]
[2022.09.27-16.44.38:008][  0]LogConfig: Setting CVar [[r.DOF.Gather.PostfilterMethod:1          ; Median3x3 postfilering method]]
[2022.09.27-16.44.38:008][  0]LogConfig: Setting CVar [[r.DOF.Gather.EnableBokehSettings:0       ; no bokeh simulation when gathering]]
[2022.09.27-16.44.38:008][  0]LogConfig: Setting CVar [[r.DOF.Gather.RingCount:4                 ; medium number of samples when gathering]]
[2022.09.27-16.44.38:008][  0]LogConfig: Setting CVar [[r.DOF.Scatter.ForegroundCompositing:1    ; additive foreground scattering]]
[2022.09.27-16.44.38:008][  0]LogConfig: Setting CVar [[r.DOF.Scatter.BackgroundCompositing:2    ; additive background scattering]]
[2022.09.27-16.44.38:008][  0]LogConfig: Setting CVar [[r.DOF.Scatter.EnableBokehSettings:1      ; bokeh simulation when scattering]]
[2022.09.27-16.44.38:008][  0]LogConfig: Setting CVar [[r.DOF.Scatter.MaxSpriteRatio:0.1         ; only a maximum of 10% of scattered bokeh]]
[2022.09.27-16.44.38:008][  0]LogConfig: Setting CVar [[r.DOF.Recombine.Quality:1                ; cheap slight out of focus]]
[2022.09.27-16.44.38:008][  0]LogConfig: Setting CVar [[r.DOF.Recombine.EnableBokehSettings:0    ; no bokeh simulation on slight out of focus]]
[2022.09.27-16.44.38:008][  0]LogConfig: Setting CVar [[r.DOF.TemporalAAQuality:1                ; more stable temporal accumulation]]
[2022.09.27-16.44.38:008][  0]LogConfig: Setting CVar [[r.DOF.Kernel.MaxForegroundRadius:0.025]]
[2022.09.27-16.44.38:008][  0]LogConfig: Setting CVar [[r.DOF.Kernel.MaxBackgroundRadius:0.025]]
[2022.09.27-16.44.38:008][  0]LogConfig: Applying CVar settings from Section [TextureQuality@3] File [C:/Users/johfo532/Documents/GitHub/Gardengame/Gardengame/Saved/Config/Windows/Scalability.ini]
[2022.09.27-16.44.38:008][  0]LogConfig: Setting CVar [[r.Streaming.MipBias:0]]
[2022.09.27-16.44.38:008][  0]LogConfig: Setting CVar [[r.Streaming.AmortizeCPUToGPUCopy:0]]
[2022.09.27-16.44.38:008][  0]LogConfig: Setting CVar [[r.Streaming.MaxNumTexturesToStreamPerFrame:0]]
[2022.09.27-16.44.38:008][  0]LogConfig: Setting CVar [[r.Streaming.Boost:1]]
[2022.09.27-16.44.38:008][  0]LogConfig: Setting CVar [[r.MaxAnisotropy:8]]
[2022.09.27-16.44.38:008][  0]LogConfig: Setting CVar [[r.VT.MaxAnisotropy:8]]
[2022.09.27-16.44.38:008][  0]LogConfig: Setting CVar [[r.Streaming.LimitPoolSizeToVRAM:0]]
[2022.09.27-16.44.38:008][  0]LogConfig: Setting CVar [[r.Streaming.PoolSize:1000]]
[2022.09.27-16.44.38:008][  0]LogConfig: Setting CVar [[r.Streaming.MaxEffectiveScreenSize:0]]
[2022.09.27-16.44.38:008][  0]LogConfig: Applying CVar settings from Section [EffectsQuality@3] File [C:/Users/johfo532/Documents/GitHub/Gardengame/Gardengame/Saved/Config/Windows/Scalability.ini]
[2022.09.27-16.44.38:008][  0]LogConfig: Setting CVar [[r.TranslucencyLightingVolumeDim:64]]
[2022.09.27-16.44.38:008][  0]LogConfig: Setting CVar [[r.RefractionQuality:2]]
[2022.09.27-16.44.38:008][  0]LogConfig: Setting CVar [[r.SSR.Quality:3]]
[2022.09.27-16.44.38:008][  0]LogConfig: Setting CVar [[r.SSR.HalfResSceneColor:0]]
[2022.09.27-16.44.38:008][  0]LogConfig: Setting CVar [[r.SceneColorFormat:4]]
[2022.09.27-16.44.38:008][  0]LogConfig: Setting CVar [[r.DetailMode:2]]
[2022.09.27-16.44.38:008][  0]LogConfig: Setting CVar [[r.TranslucencyVolumeBlur:1]]
[2022.09.27-16.44.38:008][  0]LogConfig: Setting CVar [[r.MaterialQualityLevel:1 ; High quality]]
[2022.09.27-16.44.38:008][  0]LogConfig: Setting CVar [[r.SSS.Scale:1]]
[2022.09.27-16.44.38:008][  0]LogConfig: Setting CVar [[r.SSS.SampleSet:2]]
[2022.09.27-16.44.38:008][  0]LogConfig: Setting CVar [[r.SSS.Quality:1]]
[2022.09.27-16.44.38:008][  0]LogConfig: Setting CVar [[r.SSS.HalfRes:0]]
[2022.09.27-16.44.38:008][  0]LogConfig: Setting CVar [[r.SSGI.Quality:3]]
[2022.09.27-16.44.38:008][  0]LogConfig: Setting CVar [[r.EmitterSpawnRateScale:1.0]]
[2022.09.27-16.44.38:008][  0]LogConfig: Setting CVar [[r.ParticleLightQuality:2]]
[2022.09.27-16.44.38:008][  0]LogConfig: Setting CVar [[r.SkyAtmosphere.AerialPerspectiveLUT.FastApplyOnOpaque:1 ; Always have FastSkyLUT 1 in this case to avoid wrong sky]]
[2022.09.27-16.44.38:008][  0]LogConfig: Setting CVar [[r.SkyAtmosphere.AerialPerspectiveLUT.SampleCountPerSlice:1]]
[2022.09.27-16.44.38:008][  0]LogConfig: Setting CVar [[r.SkyAtmosphere.AerialPerspectiveLUT.DepthResolution:16.0]]
[2022.09.27-16.44.38:008][  0]LogConfig: Setting CVar [[r.SkyAtmosphere.FastSkyLUT:1]]
[2022.09.27-16.44.38:008][  0]LogConfig: Setting CVar [[r.SkyAtmosphere.FastSkyLUT.SampleCountMin:4.0]]
[2022.09.27-16.44.38:008][  0]LogConfig: Setting CVar [[r.SkyAtmosphere.FastSkyLUT.SampleCountMax:32.0]]
[2022.09.27-16.44.38:008][  0]LogConfig: Setting CVar [[r.SkyAtmosphere.SampleCountMin:4.0]]
[2022.09.27-16.44.38:008][  0]LogConfig: Setting CVar [[r.SkyAtmosphere.SampleCountMax:32.0]]
[2022.09.27-16.44.38:008][  0]LogConfig: Setting CVar [[r.SkyAtmosphere.TransmittanceLUT.UseSmallFormat:0]]
[2022.09.27-16.44.38:008][  0]LogConfig: Setting CVar [[r.SkyAtmosphere.TransmittanceLUT.SampleCount:10.0]]
[2022.09.27-16.44.38:008][  0]LogConfig: Setting CVar [[r.SkyAtmosphere.MultiScatteringLUT.SampleCount:15.0]]
[2022.09.27-16.44.38:008][  0]LogConfig: Applying CVar settings from Section [FoliageQuality@3] File [C:/Users/johfo532/Documents/GitHub/Gardengame/Gardengame/Saved/Config/Windows/Scalability.ini]
[2022.09.27-16.44.38:008][  0]LogConfig: Setting CVar [[foliage.DensityScale:1.0]]
[2022.09.27-16.44.38:008][  0]LogConfig: Setting CVar [[grass.DensityScale:1.0]]
[2022.09.27-16.44.38:008][  0]LogConfig: Applying CVar settings from Section [ShadingQuality@3] File [C:/Users/johfo532/Documents/GitHub/Gardengame/Gardengame/Saved/Config/Windows/Scalability.ini]
[2022.09.27-16.44.38:008][  0]LogConfig: Setting CVar [[r.HairStrands.SkyLighting.SampleCount:16]]
[2022.09.27-16.44.38:008][  0]LogConfig: Setting CVar [[r.HairStrands.SkyLighting.JitterIntegration:0]]
[2022.09.27-16.44.38:008][  0]LogConfig: Setting CVar [[r.HairStrands.SkyAO.SampleCount:16]]
[2022.09.27-16.44.38:008][  0]LogConfig: Setting CVar [[r.HairStrands.DeepShadow.SuperSampling:0]]
[2022.09.27-16.44.38:008][  0]LogConfig: Setting CVar [[r.HairStrands.VisibilityPPLL:0]]
[2022.09.27-16.44.38:008][  0]LogConfig: Setting CVar [[r.HairStrands.RasterizationScale:0.5]]
[2022.09.27-16.44.38:008][  0]LogConfig: Setting CVar [[r.HairStrands.VelocityRasterizationScale:1]]
[2022.09.27-16.44.38:008][  0]LogConfig: Applying CVar settings from Section [Startup] File [../../../Engine/Config/ConsoleVariables.ini]
[2022.09.27-16.44.38:008][  0]LogConfig: Setting CVar [[net.UseAdaptiveNetUpdateFrequency:0]]
[2022.09.27-16.44.38:008][  0]LogConfig: Setting CVar [[p.chaos.AllowCreatePhysxBodies:1]]
[2022.09.27-16.44.38:008][  0]LogConfig: Setting CVar [[fx.SkipVectorVMBackendOptimizations:1]]
[2022.09.27-16.44.38:008][  0]LogConfig: Applying CVar settings from Section [ConsoleVariables] File [C:/Users/johfo532/Documents/GitHub/Gardengame/Gardengame/Saved/Config/Windows/Engine.ini]
[2022.09.27-16.44.38:013][  0]LogInit: Computer: K4507-307
[2022.09.27-16.44.38:013][  0]LogInit: User: johfo532
[2022.09.27-16.44.38:013][  0]LogInit: CPU Page size=4096, Cores=4
[2022.09.27-16.44.38:013][  0]LogInit: High frequency timer resolution =10.000000 MHz
[2022.09.27-16.44.38:013][  0]LogMemory: Memory total: Physical=15.8GB (16GB approx)
[2022.09.27-16.44.38:013][  0]LogMemory: Platform Memory Stats for Windows
[2022.09.27-16.44.38:013][  0]LogMemory: Process Physical Memory: 117.70 MB used, 117.70 MB peak
[2022.09.27-16.44.38:013][  0]LogMemory: Process Virtual Memory: 95.15 MB used, 95.15 MB peak
[2022.09.27-16.44.38:013][  0]LogMemory: Physical Memory: 8074.79 MB used,  8139.95 MB free, 16214.75 MB total
[2022.09.27-16.44.38:013][  0]LogMemory: Virtual Memory: 5129.16 MB used,  134212600.00 MB free, 134217728.00 MB total
[2022.09.27-16.44.38:019][  0]LogWindows: WindowsPlatformFeatures enabled
[2022.09.27-16.44.38:411][  0]LogInit: Physics initialised using underlying interface: PhysX
[2022.09.27-16.44.38:413][  0]LogInit: Using OS detected language (en-US).
[2022.09.27-16.44.38:413][  0]LogInit: Using OS detected locale (sv-SE).
[2022.09.27-16.44.38:422][  0]LogTextLocalizationManager: No specific localization for 'en-US' exists, so the 'en' localization will be used.
[2022.09.27-16.44.38:949][  0]LogInit: Setting process to per monitor DPI aware
[2022.09.27-16.44.39:044][  0]LogSlate: New Slate User Created.  User Index 0, Is Virtual User: 0
[2022.09.27-16.44.39:044][  0]LogSlate: Slate User Registered.  User Index 0, Is Virtual User: 0
[2022.09.27-16.44.42:171][  0]LogHMD: Failed to initialize OpenVR with code 110
[2022.09.27-16.44.42:171][  0]LogD3D11RHI: D3D11 min allowed feature level: 11_0
[2022.09.27-16.44.42:171][  0]LogD3D11RHI: D3D11 max allowed feature level: 11_0
[2022.09.27-16.44.42:171][  0]LogD3D11RHI: D3D11 adapters:
[2022.09.27-16.44.42:283][  0]LogD3D11RHI:    0. 'NVIDIA GeForce GTX 1070' (Feature Level 11_0)
[2022.09.27-16.44.42:283][  0]LogD3D11RHI:       8088/0/8107 MB DedicatedVideo/DedicatedSystem/SharedSystem, Outputs:2, VendorId:0x10de
[2022.09.27-16.44.42:290][  0]LogD3D11RHI:    1. 'Microsoft Basic Render Driver' (Feature Level 11_0)
[2022.09.27-16.44.42:290][  0]LogD3D11RHI:       0/0/8107 MB DedicatedVideo/DedicatedSystem/SharedSystem, Outputs:0, VendorId:0x1414
[2022.09.27-16.44.42:290][  0]LogD3D11RHI: Chosen D3D11 Adapter: 0
[2022.09.27-16.44.42:296][  0]LogD3D11RHI: Creating new Direct3DDevice
[2022.09.27-16.44.42:296][  0]LogD3D11RHI:     GPU DeviceId: 0x1b81 (for the marketing name, search the web for "GPU Device Id")
[2022.09.27-16.44.42:296][  0]LogWindows: EnumDisplayDevices:
[2022.09.27-16.44.42:297][  0]LogWindows:    0. 'NVIDIA GeForce GTX 1070' (P:0 D:1)
[2022.09.27-16.44.42:297][  0]LogWindows:    1. 'NVIDIA GeForce GTX 1070' (P:1 D:1)
[2022.09.27-16.44.42:297][  0]LogWindows:    2. 'NVIDIA GeForce GTX 1070' (P:0 D:0)
[2022.09.27-16.44.42:297][  0]LogWindows:    3. 'NVIDIA GeForce GTX 1070' (P:0 D:0)
[2022.09.27-16.44.42:298][  0]LogWindows: DebugString: FoundDriverCount:4 
[2022.09.27-16.44.42:298][  0]LogD3D11RHI:     Adapter Name: NVIDIA GeForce GTX 1070
[2022.09.27-16.44.42:298][  0]LogD3D11RHI:   Driver Version: 496.76 (internal:30.0.14.9676, unified:496.76)
[2022.09.27-16.44.42:298][  0]LogD3D11RHI:      Driver Date: 11-9-2021
[2022.09.27-16.44.42:298][  0]LogRHI: Texture pool is 5661 MB (70% of 8088 MB)
[2022.09.27-16.44.42:358][  0]LogD3D11RHI: RHI has support for 64 bit atomics
[2022.09.27-16.44.42:361][  0]LogD3D11RHI: [Aftermath] Enabled and primed
[2022.09.27-16.44.42:361][  0]LogD3D11RHI: Async texture creation enabled
[2022.09.27-16.44.42:361][  0]LogD3D11RHI: Array index from any shader is supported
[2022.09.27-16.44.42:380][  0]LogD3D11RHI: GPU Timing Frequency: 1000.000000 (Debug: 2 1)
[2022.09.27-16.44.43:102][  0]LogTargetPlatformManager: Display: Loaded TargetPlatform 'AllDesktop'
[2022.09.27-16.44.43:144][  0]LogTargetPlatformManager: Display: Loaded TargetPlatform 'Android'
[2022.09.27-16.44.43:144][  0]LogTargetPlatformManager: Display: Loaded TargetPlatform 'Android_ASTC'
[2022.09.27-16.44.43:144][  0]LogTargetPlatformManager: Display: Loaded TargetPlatform 'Android_DXT'
[2022.09.27-16.44.43:144][  0]LogTargetPlatformManager: Display: Loaded TargetPlatform 'Android_ETC2'
[2022.09.27-16.44.43:144][  0]LogTargetPlatformManager: Display: Loaded TargetPlatform 'AndroidClient'
[2022.09.27-16.44.43:144][  0]LogTargetPlatformManager: Display: Loaded TargetPlatform 'Android_ASTCClient'
[2022.09.27-16.44.43:144][  0]LogTargetPlatformManager: Display: Loaded TargetPlatform 'Android_DXTClient'
[2022.09.27-16.44.43:144][  0]LogTargetPlatformManager: Display: Loaded TargetPlatform 'Android_ETC2Client'
[2022.09.27-16.44.43:144][  0]LogTargetPlatformManager: Display: Loaded TargetPlatform 'Android_Multi'
[2022.09.27-16.44.43:144][  0]LogTargetPlatformManager: Display: Loaded TargetPlatform 'Android_MultiClient'
[2022.09.27-16.44.43:221][  0]LogTargetPlatformManager: Display: Loaded TargetPlatform 'IOSClient'
[2022.09.27-16.44.43:221][  0]LogTargetPlatformManager: Display: Loaded TargetPlatform 'IOS'
[2022.09.27-16.44.43:251][  0]LogTargetPlatformManager: Display: Loaded TargetPlatform 'Linux'
[2022.09.27-16.44.43:276][  0]LogTargetPlatformManager: Display: Loaded TargetPlatform 'LinuxNoEditor'
[2022.09.27-16.44.43:301][  0]LogTargetPlatformManager: Display: Loaded TargetPlatform 'LinuxClient'
[2022.09.27-16.44.43:327][  0]LogTargetPlatformManager: Display: Loaded TargetPlatform 'LinuxServer'
[2022.09.27-16.44.43:365][  0]LogTargetPlatformManager: Display: Loaded TargetPlatform 'LinuxAArch64NoEditor'
[2022.09.27-16.44.43:395][  0]LogTargetPlatformManager: Display: Loaded TargetPlatform 'LinuxAArch64Client'
[2022.09.27-16.44.43:424][  0]LogTargetPlatformManager: Display: Loaded TargetPlatform 'LinuxAArch64Server'
[2022.09.27-16.44.43:472][  0]LogTargetPlatformManager: Display: Loaded TargetPlatform 'Lumin'
[2022.09.27-16.44.43:472][  0]LogTargetPlatformManager: Display: Loaded TargetPlatform 'LuminClient'
[2022.09.27-16.44.43:505][  0]LogTargetPlatformManager: Display: Loaded TargetPlatform 'TVOSClient'
[2022.09.27-16.44.43:505][  0]LogTargetPlatformManager: Display: Loaded TargetPlatform 'TVOS'
[2022.09.27-16.44.43:531][  0]LogTargetPlatformManager: Display: Loaded TargetPlatform 'WindowsNoEditor'
[2022.09.27-16.44.43:560][  0]LogTargetPlatformManager: Display: Loaded TargetPlatform 'Windows'
[2022.09.27-16.44.43:587][  0]LogTargetPlatformManager: Display: Loaded TargetPlatform 'WindowsClient'
[2022.09.27-16.44.43:614][  0]LogTargetPlatformManager: Display: Loaded TargetPlatform 'WindowsServer'
[2022.09.27-16.44.43:614][  0]LogTargetPlatformManager: Display: Building Assets For Windows
[2022.09.27-16.44.43:694][  0]LogAudioDebug: Display: Lib vorbis DLL was dynamically loaded.
[2022.09.27-16.44.44:119][  0]LogShaderCompilers: Guid format shader working directory is -22 characters bigger than the processId version (../../../../../../Users/johfo532/Documents/GitHub/Gardengame/Gardengame/Intermediate/Shaders/WorkingDirectory/9616/).
[2022.09.27-16.44.44:119][  0]LogShaderCompilers: Cleaned the shader compiler working directory 'C:/Users/johfo532/AppData/Local/Temp/UnrealShaderWorkingDir/C9636E9041E9D12B6FB33C8BA8F9D7F0/'.
[2022.09.27-16.44.44:121][  0]LogXGEController: Cleaning working directory: C:/Users/johfo532/AppData/Local/Temp/UnrealXGEWorkingDir/
[2022.09.27-16.44.44:123][  0]LogShaderCompilers: Display: Using XGE Shader Compiler (Interception Interface).
[2022.09.27-16.44.47:475][  0]LogDerivedDataCache: Display: Max Cache Size: 512 MB
[2022.09.27-16.44.47:555][  0]LogDerivedDataCache: Loaded boot cache 0.08s 77MB C:/Users/johfo532/AppData/Local/UnrealEngine/4.25/DerivedDataCache/Boot.ddc.
[2022.09.27-16.44.47:555][  0]LogDerivedDataCache: Display: Loaded Boot cache: C:/Users/johfo532/AppData/Local/UnrealEngine/4.25/DerivedDataCache/Boot.ddc
[2022.09.27-16.44.47:555][  0]LogDerivedDataCache: FDerivedDataBackendGraph:  Pak pak cache file ../../../../../../Users/johfo532/Documents/GitHub/Gardengame/Gardengame/DerivedDataCache/DDC.ddp not found, will not use a pak cache.
[2022.09.27-16.44.47:555][  0]LogDerivedDataCache: Unable to find inner node Pak for hierarchical cache Hierarchy.
[2022.09.27-16.44.47:555][  0]LogDerivedDataCache: FDerivedDataBackendGraph:  CompressedPak pak cache file ../../../../../../Users/johfo532/Documents/GitHub/Gardengame/Gardengame/DerivedDataCache/Compressed.ddp not found, will not use a pak cache.
[2022.09.27-16.44.47:555][  0]LogDerivedDataCache: Unable to find inner node CompressedPak for hierarchical cache Hierarchy.
[2022.09.27-16.44.47:572][  0]LogDerivedDataCache: Display: Pak cache opened for reading ../../../Engine/DerivedDataCache/Compressed.ddp.
[2022.09.27-16.44.47:572][  0]LogDerivedDataCache: FDerivedDataBackendGraph:  EnterprisePak pak cache file ../../../Enterprise/DerivedDataCache/Compressed.ddp not found, will not use a pak cache.
[2022.09.27-16.44.47:572][  0]LogDerivedDataCache: Unable to find inner node EnterprisePak for hierarchical cache Hierarchy.
[2022.09.27-16.44.47:573][  0]LogDerivedDataCache: Using Local data cache path C:/Users/johfo532/AppData/Local/UnrealEngine/Common/DerivedDataCache: Writable
[2022.09.27-16.44.47:573][  0]LogDerivedDataCache: Shared data cache path not found in *engine.ini, will not use an Shared cache.
[2022.09.27-16.44.47:573][  0]LogDerivedDataCache: Unable to find inner node Shared for hierarchical cache Hierarchy.
[2022.09.27-16.44.47:618][  0]LogSlate: Using FreeType 2.10.0
[2022.09.27-16.44.47:637][  0]LogSlate: SlateFontServices - WITH_FREETYPE: 1, WITH_HARFBUZZ: 1
[2022.09.27-16.44.47:694][  0]LogAssetRegistry: FAssetRegistry took 0.0026 seconds to start up
[2022.09.27-16.44.47:907][  0]LogInit: Selected Device Profile: [Windows]
[2022.09.27-16.44.48:336][  0]LogMeshReduction: Using QuadricMeshReduction for automatic static mesh reduction
[2022.09.27-16.44.48:336][  0]LogMeshReduction: Using SimplygonMeshReduction for automatic skeletal mesh reduction
[2022.09.27-16.44.48:336][  0]LogMeshReduction: Using ProxyLODMeshReduction for automatic mesh merging
[2022.09.27-16.44.48:336][  0]LogMeshReduction: No distributed automatic mesh merging module available
[2022.09.27-16.44.48:336][  0]LogMeshMerging: No distributed automatic mesh merging module available
[2022.09.27-16.44.48:397][  0]LogNetVersion: Gardengame 1.0.0, NetCL: 13144385, EngineNetVer: 14, GameNetVer: 0 (Checksum: 3660204342)
[2022.09.27-16.44.49:648][  0]LogAISub: UAISubsystem::UAISubsystem AISubsystem (0000022F0452E980), frame # 0
[2022.09.27-16.44.49:648][  0]LogAISub: UAISubsystem::UAISubsystem AIPerceptionSystem (0000022F043F1E40), frame # 0
[2022.09.27-16.44.49:650][  0]LogAISub: UAISubsystem::UAISubsystem EnvQueryManager (0000022F0442DC00), frame # 0
[2022.09.27-16.44.49:712][  0]LogPackageLocalizationCache: Processed 19 localized package path(s) for 1 prioritized culture(s) in 0.041994 seconds
[2022.09.27-16.44.49:716][  0]LogUObjectArray: 15917 objects as part of root set at end of initial load.
[2022.09.27-16.44.49:716][  0]LogUObjectAllocator: 3965568 out of 0 bytes used by permanent object pool.
[2022.09.27-16.44.49:716][  0]LogUObjectArray: CloseDisregardForGC: 0/0 objects in disregard for GC pool
[2022.09.27-16.44.51:632][  0]LogTcpMessaging: Initializing TcpMessaging bridge
[2022.09.27-16.44.51:655][  0]LogUdpMessaging: Initializing bridge on interface 0.0.0.0:0 to multicast group 230.0.0.1:6666.
[2022.09.27-16.44.52:082][  0]SourceControl: Source control is disabled
[2022.09.27-16.44.52:082][  0]SourceControl: Source control is disabled
[2022.09.27-16.44.52:107][  0]SourceControl: Source control is disabled
[2022.09.27-16.44.52:130][  0]SourceControl: Source control is disabled
[2022.09.27-16.44.52:177][  0]SourceControl: Source control is disabled
[2022.09.27-16.44.53:640][  0]LogAndroidPermission: UAndroidPermissionCallbackProxy::GetInstance
[2022.09.27-16.44.53:780][  0]LogAudioCaptureCore: Display: No Audio Capture implementations found. Audio input will be silent.
[2022.09.27-16.44.53:780][  0]LogAudioCaptureCore: Display: No Audio Capture implementations found. Audio input will be silent.
[2022.09.27-16.44.54:009][  0]LogOcInput: OculusInput pre-init called
[2022.09.27-16.44.54:058][  0]LogWindows: Failed to load 'OVRPlugin.dll' (GetLastError=126)
[2022.09.27-16.44.54:058][  0]LogWindows: File 'OVRPlugin.dll' does not exist
[2022.09.27-16.44.54:259][  0]LogEngine: Initializing Engine...
[2022.09.27-16.44.54:261][  0]LogHMD: Failed to initialize OpenVR with code 110
[2022.09.27-16.44.54:261][  0]LogMagicLeap: Warning: VR disabled because ZI is not enabled.  To enable, in the editor, Edit -> Project Settings -> Plugins -> Magic Leap Plugin -> Enable Zero Iteration
[2022.09.27-16.44.54:261][  0]LogStats: UGameplayTagsManager::InitializeManager -  0.000 s
[2022.09.27-16.44.54:551][  0]LogInit: Initializing FReadOnlyCVARCache
[2022.09.27-16.44.54:580][  0]LogAIModule: Creating AISystem for world Untitled
[2022.09.27-16.44.54:580][  0]LogAISub: UAISubsystem::UAISubsystem EnvQueryManager (0000022F07C3C600), frame # 0
[2022.09.27-16.44.54:580][  0]LogAISub: UAISubsystem::UAISubsystem AIPerceptionSystem (0000022F07C17380), frame # 0
[2022.09.27-16.44.54:602][  0]LogAudioMixer: Display: Audio Mixer Platform Settings:
[2022.09.27-16.44.54:602][  0]LogAudioMixer: Display: 	Sample Rate:						  48000
[2022.09.27-16.44.54:602][  0]LogAudioMixer: Display: 	Callback Buffer Frame Size Requested: 1024
[2022.09.27-16.44.54:602][  0]LogAudioMixer: Display: 	Callback Buffer Frame Size To Use:	  1024
[2022.09.27-16.44.54:602][  0]LogAudioMixer: Display: 	Number of buffers to queue:			  2
[2022.09.27-16.44.54:602][  0]LogAudioMixer: Display: 	Max Channels (voices):				  32
[2022.09.27-16.44.54:602][  0]LogAudioMixer: Display: 	Number of Async Source Workers:		  0
[2022.09.27-16.44.54:602][  0]LogAudio: Display: AudioDevice MaxSources: 32
[2022.09.27-16.44.54:602][  0]LogAudio: Display: Using built-in audio occlusion.
[2022.09.27-16.44.54:602][  0]LogAudioMixer: Display: Initializing audio mixer.
[2022.09.27-16.44.54:620][  0]LogAudioMixer: Display: 0: FrontLeft
[2022.09.27-16.44.54:621][  0]LogAudioMixer: Display: 1: FrontRight
[2022.09.27-16.44.54:677][  0]LogAudioMixer: Display: Using Audio Device EV2456 (NVIDIA High Definition Audio)
[2022.09.27-16.44.54:679][  0]LogAudioMixer: Display: Initializing Sound Submixes...
[2022.09.27-16.44.54:701][  0]LogAudioMixer: Display: Creating Master Submix 'MasterSubmixDefault'
[2022.09.27-16.44.54:701][  0]LogAudioMixer: Display: Creating Master Submix 'MasterReverbSubmixDefault'
[2022.09.27-16.44.54:702][  0]LogAudioMixer: Display: Creating Master Submix 'MasterEQSubmixDefault'
[2022.09.27-16.44.54:703][  0]LogInit: FAudioDevice initialized.
[2022.09.27-16.44.54:703][  0]LogNetVersion: Set ProjectVersion to 1.0.0.0. Version Checksum will be recalculated on next use.
[2022.09.27-16.44.54:749][  0]LogDerivedDataCache: Saved boot cache 0.05s 75MB C:/Users/johfo532/AppData/Local/UnrealEngine/4.25/DerivedDataCache/Boot.ddc.
[2022.09.27-16.44.54:751][  0]LogInit: Texture streaming: Enabled
[2022.09.27-16.44.54:828][  0]LogEngineSessionManager: EngineSessionManager initialized
[2022.09.27-16.44.54:828][  0]LogEditorSessionSummary: Verbose: Initializing EditorSessionSummaryWriter for editor session tracking
[2022.09.27-16.44.54:830][  0]LogEditorSessionSummary: EditorSessionSummaryWriter initialized
[2022.09.27-16.44.54:904][  0]LogInit: Transaction tracking system initialized
[2022.09.27-16.44.55:034][  0]BlueprintLog: New page: Editor Load
[2022.09.27-16.44.55:463][  0]LocalizationService: Localization service is disabled
[2022.09.27-16.44.56:202][  0]LogCook: Display: Max memory allowance for cook 16384mb min free memory 0mb
[2022.09.27-16.44.56:202][  0]LogCook: Display: Mobile HDR setting 1
[2022.09.27-16.44.56:869][  0]LogFileCache: Scanning file cache for directory 'C:/Users/johfo532/Documents/GitHub/Gardengame/Gardengame/Content/' took 0.00s
[2022.09.27-16.44.57:201][  0]SourceControl: Source control is disabled
[2022.09.27-16.44.57:201][  0]LogUnrealEdMisc: Loading editor; pre map load, took 26.027
[2022.09.27-16.44.57:201][  0]Cmd: MAP LOAD FILE="../../../../../../Users/johfo532/Documents/GitHub/Gardengame/Gardengame/Content/StarterContent/Maps/Minimal_Default.umap" TEMPLATE=0 SHOWPROGRESS=1 FEATURELEVEL=3
[2022.09.27-16.44.57:201][  0]LightingResults: New page: Lighting Build
[2022.09.27-16.44.57:202][  0]LogWorld: UWorld::CleanupWorld for Untitled, bSessionEnded=true, bCleanupResources=true
[2022.09.27-16.44.57:203][  0]LogSlate: InvalidateAllWidgets triggered.  All widgets were invalidated
[2022.09.27-16.44.57:203][  0]MapCheck: New page: Map Check
[2022.09.27-16.44.57:203][  0]LightingResults: New page: Lighting Build
[2022.09.27-16.44.57:210][  0]LogAISub: UAISubsystem::~UAISubsystem EnvQueryManager (0000022F07C3C600), frame # 0
[2022.09.27-16.44.57:210][  0]LogAISub: UAISubsystem::~UAISubsystem AIPerceptionSystem (0000022F07C17380), frame # 0
[2022.09.27-16.44.57:211][  0]LogUObjectHash: Compacting FUObjectHashTables data took   0.60ms
[2022.09.27-16.44.57:563][  0]LogStaticMesh: Building static mesh Floor_400x400...
[2022.09.27-16.44.57:563][  0]LogStaticMesh: Built static mesh [0.00s] /Game/StarterContent/Architecture/Floor_400x400.Floor_400x400
[2022.09.27-16.44.57:624][  0]LogAIModule: Creating AISystem for world Minimal_Default
[2022.09.27-16.44.57:624][  0]LogAISub: UAISubsystem::UAISubsystem EnvQueryManager (0000022F16E80600), frame # 0
[2022.09.27-16.44.57:624][  0]LogAISub: UAISubsystem::UAISubsystem AIPerceptionSystem (0000022F16E06700), frame # 0
[2022.09.27-16.44.57:639][  0]LogEditorServer: Finished looking for orphan Actors (0.000 secs)
[2022.09.27-16.44.57:648][  0]LogUObjectHash: Compacting FUObjectHashTables data took   0.65ms
[2022.09.27-16.44.57:649][  0]Cmd: MAP CHECKDEP NOCLEARLOG
[2022.09.27-16.44.57:649][  0]MapCheck: Map check complete: 0 Error(s), 0 Warning(s), took 0,156ms to complete.
[2022.09.27-16.44.57:649][  0]LogFileHelpers: Loading map 'Minimal_Default' took 0.448
[2022.09.27-16.44.57:651][  0]LogUnrealEdMisc: Total Editor Startup Time, took 26.477
[2022.09.27-16.44.57:790][  0]LogSlate: Updating window title bar state: overlay mode, drag disabled, window buttons hidden, title bar hidden
[2022.09.27-16.44.57:796][  0]LogSlate: Updating window title bar state: overlay mode, drag disabled, window buttons hidden, title bar hidden
[2022.09.27-16.44.57:802][  0]LogSlate: Updating window title bar state: overlay mode, drag disabled, window buttons hidden, title bar hidden
[2022.09.27-16.44.57:808][  0]LogSlate: Updating window title bar state: overlay mode, drag disabled, window buttons hidden, title bar hidden
[2022.09.27-16.44.57:838][  0]LogCollectionManager: Loaded 0 collections in 0.001590 seconds
[2022.09.27-16.44.57:851][  0]LogFileCache: Scanning file cache for directory 'C:/Users/johfo532/Documents/GitHub/Gardengame/Gardengame/Saved/Collections/' took 0.00s
[2022.09.27-16.44.57:851][  0]LogFileCache: Scanning file cache for directory 'C:/Users/johfo532/Documents/GitHub/Gardengame/Gardengame/Content/Developers/johfo532/Collections/' took 0.00s
[2022.09.27-16.44.57:851][  0]LogFileCache: Scanning file cache for directory 'C:/Users/johfo532/Documents/GitHub/Gardengame/Gardengame/Content/Collections/' took 0.00s
[2022.09.27-16.44.57:851][  0]LogContentBrowser: Native class hierarchy populated in 0.0074 seconds. Added 3427 classes and 821 folders.
[2022.09.27-16.44.57:854][  0]LogContentBrowser: Native class hierarchy updated for 'WidgetCarousel' in 0.0002 seconds. Added 0 classes and 0 folders.
[2022.09.27-16.44.58:201][  0]LogContentBrowser: Native class hierarchy updated for 'AddContentDialog' in 0.0002 seconds. Added 0 classes and 0 folders.
[2022.09.27-16.44.58:204][  0]LogContentBrowser: Native class hierarchy updated for 'SceneOutliner' in 0.0002 seconds. Added 2 classes and 0 folders.
[2022.09.27-16.44.58:250][  0]LogSlate: Took 0.005363 seconds to synchronously load lazily loaded font '../../../Engine/Content/Slate/Fonts/Roboto-Regular.ttf' (155K)
[2022.09.27-16.44.58:257][  0]LogSlate: Took 0.005238 seconds to synchronously load lazily loaded font '../../../Engine/Content/Slate/Fonts/Roboto-Bold.ttf' (160K)
[2022.09.27-16.44.58:266][  0]LogSlate: Took 0.006208 seconds to synchronously load lazily loaded font '../../../Engine/Content/Editor/Slate/Fonts/FontAwesome.ttf' (139K)
[2022.09.27-16.44.58:387][  0]LogRenderer: Reallocating scene render targets to support 1120x660 Format 10 NumSamples 1 (Frame:1).
[2022.09.27-16.44.58:485][  0]LogContentBrowser: Native class hierarchy updated for 'HierarchicalLODOutliner' in 0.0003 seconds. Added 0 classes and 0 folders.
[2022.09.27-16.44.58:485][  0]LogLoad: (Engine Initialization) Total time: 27.31 seconds
[2022.09.27-16.44.58:485][  0]LogLoad: (Engine Initialization) Total Blueprint compile time: 0.00 seconds
[2022.09.27-16.44.58:521][  0]LogAssetRegistry: Asset discovery search completed in 10.8285 seconds
[2022.09.27-16.44.58:525][  0]LogCollectionManager: Fixed up redirectors for 0 collections in 0.000002 seconds (updated 0 objects)
[2022.09.27-16.44.58:527][  0]LogContentStreaming: Texture pool size now 1000 MB
[2022.09.27-16.44.58:560][  0]LogSlate: Took 0.005687 seconds to synchronously load lazily loaded font '../../../Engine/Content/Slate/Fonts/Roboto-Light.ttf' (167K)
[2022.09.27-16.45.16:608][ 54]LogAudioMixer: Warning: Changing default audio render device to new device: {0.0.0.00000000}.{9b4ba5c8-931d-4529-b126-88fb081d3418}.
[2022.09.27-16.45.16:608][ 54]LogTemp: Resetting audio stream to device id 
[2022.09.27-16.45.16:860][ 54]LogAudioMixer: Display: 0: FrontLeft
[2022.09.27-16.45.16:860][ 54]LogAudioMixer: Display: 1: FrontRight
[2022.09.27-16.46.01:382][187]LogAudioMixer: Warning: Audio device removed, falling back to other windows default device.
[2022.09.27-16.46.01:382][187]LogAudioMixer: Warning: Audio device removed, falling back to other windows default device.
[2022.09.27-16.46.01:382][187]LogAudioMixer: Warning: Audio device removed, falling back to other windows default device.
[2022.09.27-16.46.01:382][187]LogAudioMixer: Warning: Audio device removed, falling back to other windows default device.
[2022.09.27-16.46.01:382][187]LogTemp: Resetting audio stream to device id 
[2022.09.27-16.46.01:730][187]LogAudioMixer: Display: 0: FrontLeft
[2022.09.27-16.46.01:730][187]LogAudioMixer: Display: 1: FrontRight
[2022.09.27-16.46.02:173][188]LogTemp: Resetting audio stream to device id 
[2022.09.27-16.46.02:195][188]LogAudioMixer: Display: 0: FrontLeft
[2022.09.27-16.46.02:195][188]LogAudioMixer: Display: 1: FrontRight
[2022.09.27-16.46.42:966][668]LogSlate: Took 0.000141 seconds to synchronously load lazily loaded font '../../../Engine/Content/Slate/Fonts/Roboto-Light.ttf' (167K)
[2022.09.27-16.46.42:990][668]LogAssetEditorSubsystem: Opening Asset editor for Blueprint /Game/AI/NPC/NPC.NPC
[2022.09.27-16.46.43:403][668]LogContentBrowser: Native class hierarchy updated for 'BlueprintGraph' in 0.0005 seconds. Added 125 classes and 0 folders.
[2022.09.27-16.46.44:174][668]LogSlate: The tab "CompilerResults" attempted to spawn but failed for some reason. An "unrecognized tab" will be returned instead.
[2022.09.27-16.46.48:544][152]LogSlate: Window 'CompilerResults' being destroyed
[2022.09.27-16.46.48:545][152]LogSlate: Window 'CompilerResults' being destroyed
[2022.09.27-16.46.48:546][152]LogSlate: Window 'NPC' being destroyed
[2022.09.27-16.46.48:549][152]LogWorld: UWorld::CleanupWorld for World_0, bSessionEnded=true, bCleanupResources=true
[2022.09.27-16.46.48:549][152]LogSlate: InvalidateAllWidgets triggered.  All widgets were invalidated
[2022.09.27-16.46.48:591][152]LogAssetEditorSubsystem: Opening Asset editor for Blueprint /Game/AI/NPC/NPC.NPC
[2022.09.27-16.46.48:931][152]LogSlate: Took 0.005891 seconds to synchronously load lazily loaded font '../../../Engine/Content/Slate/Fonts/Roboto-BoldCondensed.ttf' (158K)
[2022.09.27-16.47.03:101][739]LogSlate: Took 0.009171 seconds to synchronously load lazily loaded font '../../../Engine/Content/Slate/Fonts/Roboto-Italic.ttf' (157K)
[2022.09.27-16.47.25:567][107]LogSlate: Prevented a slow task dialog from being summoned while a context menu was open
[2022.09.27-16.47.31:937][203]BlueprintLog: New page: Compile NPC
[2022.09.27-16.47.31:976][203]LogUObjectHash: Compacting FUObjectHashTables data took   2.13ms
[2022.09.27-16.47.33:938][406]LogSlate: Window 'NPC' being destroyed
[2022.09.27-16.47.33:940][406]LogSlate: Window 'NPC' being destroyed
[2022.09.27-16.47.33:941][406]LogWorld: UWorld::CleanupWorld for World_4, bSessionEnded=true, bCleanupResources=true
[2022.09.27-16.47.33:941][406]LogSlate: InvalidateAllWidgets triggered.  All widgets were invalidated
[2022.09.27-16.47.35:985][639]LogAssetEditorSubsystem: Opening Asset editor for Blueprint /Game/AI/NPC/NPC_AI.NPC_AI
[2022.09.27-16.47.36:336][639]LogSlate: The tab "CompilerResults" attempted to spawn but failed for some reason. An "unrecognized tab" will be returned instead.
[2022.09.27-16.47.39:310][709]LogSlate: Window 'CompilerResults' being destroyed
[2022.09.27-16.47.39:312][709]LogSlate: Window 'CompilerResults' being destroyed
[2022.09.27-16.47.39:312][709]LogSlate: Window 'NPC_AI' being destroyed
[2022.09.27-16.47.39:325][709]LogWorld: UWorld::CleanupWorld for World_5, bSessionEnded=true, bCleanupResources=true
[2022.09.27-16.47.39:325][709]LogSlate: InvalidateAllWidgets triggered.  All widgets were invalidated
[2022.09.27-16.47.39:369][709]LogAssetEditorSubsystem: Opening Asset editor for Blueprint /Game/AI/NPC/NPC_AI.NPC_AI
[2022.09.27-16.48.26:182][359]BlueprintLog: New page: Compile NPC_AI
[2022.09.27-16.48.26:212][359]LogUObjectHash: Compacting FUObjectHashTables data took   1.76ms
[2022.09.27-16.48.32:508][746]LogSlate: Window 'NPC_AI' being destroyed
[2022.09.27-16.48.32:513][746]LogSlate: Window 'NPC_AI' being destroyed
[2022.09.27-16.48.32:519][746]LogWorld: UWorld::CleanupWorld for World_6, bSessionEnded=true, bCleanupResources=true
[2022.09.27-16.48.32:519][746]LogSlate: InvalidateAllWidgets triggered.  All widgets were invalidated
[2022.09.27-16.48.41:258][844]LogAssetEditorSubsystem: Opening Asset editor for BehaviorTree /Game/AI/NPC/NPC_BT.NPC_BT
[2022.09.27-16.52.31:902][798]Cmd: OBJ SAVEPACKAGE PACKAGE="/Game/AI/NPC/NPC_BT" FILE="../../../../../../Users/johfo532/Documents/GitHub/Gardengame/Gardengame/Content/AI/NPC/NPC_BT.uasset" SILENT=true
[2022.09.27-16.52.31:905][798]LogSavePackage: Moving '../../../../../../Users/johfo532/Documents/GitHub/Gardengame/Gardengame/Saved/NPC_BT0B5E3BDD48F2D5308E0A4B96987D5EA2.tmp' to '../../../../../../Users/johfo532/Documents/GitHub/Gardengame/Gardengame/Content/AI/NPC/NPC_BT.uasset'
[2022.09.27-16.52.31:923][798]AssetCheck: New page: Asset Save: NPC_BT
[2022.09.27-16.52.31:923][798]LogContentValidation: Display: Validating BehaviorTree /Game/AI/NPC/NPC_BT.NPC_BT
[2022.09.27-16.52.37:597][433]LogSlate: Window 'NPC_BB' being destroyed
[2022.09.27-16.52.37:602][433]LogSlate: Window 'NPC_BB' being destroyed
[2022.09.27-16.53.41:960][311]LogEditorViewport: Clicking on Actor (LMB): NavMeshBoundsVolume (NavMeshBoundsVolume)
[2022.09.27-16.54.48:442][672]LogEditorViewport: Clicking on Actor (LMB): BP_Sky_Sphere_C (BP_Sky_Sphere)
[2022.09.27-16.54.49:961][852]LogEditorViewport: Clicking on Actor (LMB): NavMeshBoundsVolume (NavMeshBoundsVolume)
[2022.09.27-16.55.06:640][647]LogEditorViewport: Clicking on Actor (LMB): NPC_C (NPC)
[2022.09.27-16.55.10:024][ 42]LogEditorViewport: Clicking on Actor (LMB): AmbientSound (Starter_Background_Cue)
[2022.09.27-16.55.12:409][320]LogEditorViewport: Clicking on Actor (LMB): SphereReflectionCapture (SphereReflectionCapture10)
[2022.09.27-16.55.15:431][677]LogEditorViewport: Clicking on Actor (LMB): PlayerStart (Player Start)
[2022.09.27-16.55.17:410][909]LogNavigationPoint: PostEditMove Clear paths rebuilt
[2022.09.27-16.55.18:888][ 70]LogEditorViewport: Clicking on Actor (LMB): DirectionalLight (Light Source)
[2022.09.27-16.55.39:722][ 92]LogAssetEditorSubsystem: Opening Asset editor for BehaviorTree /Game/AI/NPC/NPC_BT.NPC_BT
[2022.09.27-16.56.22:994][723]LogAssetEditorSubsystem: Opening Asset editor for Blueprint /Game/AI/NPC/BTTask_BlueprintBase_New.BTTask_BlueprintBase_New
[2022.09.27-16.56.23:246][723]LogPackageName: SearchForPackageOnDisk took   0.000s, but failed to resolve /Game/AI/NPC/BTTask_BlueprintBase_New.
[2022.09.27-16.57.08:507][260]LogUObjectHash: Compacting FUObjectHashTables data took   1.77ms
[2022.09.27-16.57.08:526][260]LogSavePackage: Moving '../../../../../../Users/johfo532/Documents/GitHub/Gardengame/Gardengame/Saved/Minimal_Default_Auto182F460ED4292188A12E4079773E83BD1.tmp' to '../../../../../../Users/johfo532/Documents/GitHub/Gardengame/Gardengame/Saved/Autosaves/Game/StarterContent/Maps/Minimal_Default_Auto1.umap'
[2022.09.27-16.57.08:528][260]LogFileHelpers: Editor autosave (incl. sublevels) for '/Game/StarterContent/Maps/Minimal_Default' took 0.043
[2022.09.27-16.57.08:528][260]LogFileHelpers: Editor autosave (incl. sublevels) for all levels took 0.043
[2022.09.27-16.57.08:528][260]OBJ SavePackage: Generating thumbnails for [1] asset(s) in package [/Game/AI/NPC/NPC] ([1] browsable assets)...
[2022.09.27-16.57.08:538][260]OBJ SavePackage:     Rendered thumbnail for [Blueprint /Game/AI/NPC/NPC.NPC]
[2022.09.27-16.57.08:538][260]OBJ SavePackage: Finished generating thumbnails for package [/Game/AI/NPC/NPC]
[2022.09.27-16.57.08:538][260]Cmd: OBJ SAVEPACKAGE PACKAGE="/Game/AI/NPC/NPC" FILE="../../../../../../Users/johfo532/Documents/GitHub/Gardengame/Gardengame/Saved/Autosaves/Game/AI/NPC/NPC_Auto1.uasset" SILENT=false AUTOSAVING=true
[2022.09.27-16.57.08:556][260]LogSavePackage: Moving '../../../../../../Users/johfo532/Documents/GitHub/Gardengame/Gardengame/Saved/NPC_Auto1527928884467522FF23B91B2319A2AF7.tmp' to '../../../../../../Users/johfo532/Documents/GitHub/Gardengame/Gardengame/Saved/Autosaves/Game/AI/NPC/NPC_Auto1.uasset'
[2022.09.27-16.57.08:557][260]OBJ SavePackage: Generating thumbnails for [0] asset(s) in package [/Game/AI/NPC/NPC_AI] ([1] browsable assets)...
[2022.09.27-16.57.08:557][260]OBJ SavePackage: Finished generating thumbnails for package [/Game/AI/NPC/NPC_AI]
[2022.09.27-16.57.08:569][260]LogSavePackage: Moving '../../../../../../Users/johfo532/Documents/GitHub/Gardengame/Gardengame/Saved/NPC_AI_Auto1CF6AE2684404C91BD7AB489FFDE0BDE2.tmp' to '../../../../../../Users/johfo532/Documents/GitHub/Gardengame/Gardengame/Saved/Autosaves/Game/AI/NPC/NPC_AI_Auto1.uasset'
[2022.09.27-16.57.08:571][260]OBJ SavePackage: Generating thumbnails for [0] asset(s) in package [/Game/AI/NPC/NPC_BT] ([1] browsable assets)...
[2022.09.27-16.57.08:571][260]OBJ SavePackage: Finished generating thumbnails for package [/Game/AI/NPC/NPC_BT]
[2022.09.27-16.57.08:574][260]LogSavePackage: Moving '../../../../../../Users/johfo532/Documents/GitHub/Gardengame/Gardengame/Saved/NPC_BT_Auto10EB741914B86679FD01AC7BC26F7FC88.tmp' to '../../../../../../Users/johfo532/Documents/GitHub/Gardengame/Gardengame/Saved/Autosaves/Game/AI/NPC/NPC_BT_Auto1.uasset'
[2022.09.27-16.57.08:575][260]OBJ SavePackage: Generating thumbnails for [0] asset(s) in package [/Game/AI/NPC/NPC_BB] ([1] browsable assets)...
[2022.09.27-16.57.08:575][260]OBJ SavePackage: Finished generating thumbnails for package [/Game/AI/NPC/NPC_BB]
[2022.09.27-16.57.08:577][260]LogSavePackage: Moving '../../../../../../Users/johfo532/Documents/GitHub/Gardengame/Gardengame/Saved/NPC_BB_Auto15CD5F6244726BCFEF37FBFA38DCAA119.tmp' to '../../../../../../Users/johfo532/Documents/GitHub/Gardengame/Gardengame/Saved/Autosaves/Game/AI/NPC/NPC_BB_Auto1.uasset'
[2022.09.27-16.57.08:579][260]OBJ SavePackage: Generating thumbnails for [0] asset(s) in package [/Game/AI/NPC/BTTask_BlueprintBase_New] ([1] browsable assets)...
[2022.09.27-16.57.08:579][260]OBJ SavePackage: Finished generating thumbnails for package [/Game/AI/NPC/BTTask_BlueprintBase_New]
[2022.09.27-16.57.08:581][260]LogSavePackage: Moving '../../../../../../Users/johfo532/Documents/GitHub/Gardengame/Gardengame/Saved/BTTask_BlueprintBase_New_Auto1F5AD54FA41CDA40B6F073D9D9907E4F9.tmp' to '../../../../../../Users/johfo532/Documents/GitHub/Gardengame/Gardengame/Saved/Autosaves/Game/AI/NPC/BTTask_BlueprintBase_New_Auto1.uasset'
[2022.09.27-16.57.08:582][260]LogFileHelpers: Auto-saving content packages took 0.054
[2022.09.27-17.00.09:292][206]LogSlate: Prevented a slow task dialog from being summoned while a context menu was open
[2022.09.27-17.00.30:903][751]Cmd: OBJ SAVEPACKAGE PACKAGE="/Game/AI/NPC/NPC_BT" FILE="../../../../../../Users/johfo532/Documents/GitHub/Gardengame/Gardengame/Content/AI/NPC/NPC_BT.uasset" SILENT=true
[2022.09.27-17.00.30:907][751]LogSavePackage: Moving '../../../../../../Users/johfo532/Documents/GitHub/Gardengame/Gardengame/Saved/NPC_BTE6ED677D496BFAF71663AEA232FF8102.tmp' to '../../../../../../Users/johfo532/Documents/GitHub/Gardengame/Gardengame/Content/AI/NPC/NPC_BT.uasset'
[2022.09.27-17.00.30:908][751]Cmd: OBJ SAVEPACKAGE PACKAGE="/Game/AI/NPC/NPC_BB" FILE="../../../../../../Users/johfo532/Documents/GitHub/Gardengame/Gardengame/Content/AI/NPC/NPC_BB.uasset" SILENT=true
[2022.09.27-17.00.30:911][751]LogSavePackage: Moving '../../../../../../Users/johfo532/Documents/GitHub/Gardengame/Gardengame/Saved/NPC_BB2E0D53FA4F9FCE4AEE0A51BA889CBC2E.tmp' to '../../../../../../Users/johfo532/Documents/GitHub/Gardengame/Gardengame/Content/AI/NPC/NPC_BB.uasset'
[2022.09.27-17.00.30:933][751]AssetCheck: New page: Asset Save: multiple assets
[2022.09.27-17.00.30:933][751]LogContentValidation: Display: Validating BehaviorTree /Game/AI/NPC/NPC_BT.NPC_BT
[2022.09.27-17.00.30:933][751]LogContentValidation: Display: Validating BlackboardData /Game/AI/NPC/NPC_BB.NPC_BB
[2022.09.27-17.01.32:282][524]LogSlate: Took 0.005343 seconds to synchronously load lazily loaded font '../../../Engine/Content/Slate/Fonts/Roboto-BoldCondensedItalic.ttf' (160K)
[2022.09.27-17.03.15:381][867]BlueprintLog: New page: Compile BTTask_BlueprintBase_New
[2022.09.27-17.03.15:401][867]LogUObjectHash: Compacting FUObjectHashTables data took   1.87ms
[2022.09.27-17.03.18:300][960]LogSavePackage: Moving '../../../../../../Users/johfo532/Documents/GitHub/Gardengame/Gardengame/Saved/BTTask_BlueprintBase_New54813568418668A2A96421B074464866.tmp' to '../../../../../../Users/johfo532/Documents/GitHub/Gardengame/Gardengame/Content/AI/NPC/BTTask_BlueprintBase_New.uasset'
[2022.09.27-17.03.18:315][960]LogPackageName: SearchForPackageOnDisk took   0.000s to resolve /Game/AI/NPC/BTTask_BlueprintBase_New.
[2022.09.27-17.03.18:322][960]AssetCheck: New page: Asset Save: BTTask_BlueprintBase_New
[2022.09.27-17.03.18:322][960]LogContentValidation: Display: Validating Blueprint /Game/AI/NPC/BTTask_BlueprintBase_New.BTTask_BlueprintBase_New
[2022.09.27-17.03.43:327][704]LogSlate: Window 'BTTask_BlueprintBase_New' being destroyed
[2022.09.27-17.03.43:332][704]LogSlate: Window 'BTTask_BlueprintBase_New' being destroyed
[2022.09.27-17.03.43:350][704]LogWorld: UWorld::CleanupWorld for World_7, bSessionEnded=true, bCleanupResources=true
[2022.09.27-17.03.43:350][704]LogSlate: InvalidateAllWidgets triggered.  All widgets were invalidated
[2022.09.27-17.04.04:036][341]LogUObjectHash: Compacting FUObjectHashTables data took   2.16ms
[2022.09.27-17.04.04:043][341]LogMetaData: Removing '/Game/AI/NPC/FindRandomLocation.SKEL_FindRandomLocation_C' ref from Metadata '/Game/AI/NPC/BTTask_BlueprintBase_New.PackageMetaData'
[2022.09.27-17.04.04:043][341]LogMetaData: Removing '/Game/AI/NPC/FindRandomLocation.FindRandomLocation_C' ref from Metadata '/Game/AI/NPC/BTTask_BlueprintBase_New.PackageMetaData'
[2022.09.27-17.04.04:070][341]Cmd: OBJ SAVEPACKAGE PACKAGE="/Game/AI/NPC/FindRandomLocation" FILE="../../../../../../Users/johfo532/Documents/GitHub/Gardengame/Gardengame/Content/AI/NPC/FindRandomLocation.uasset" SILENT=true
[2022.09.27-17.04.04:078][341]LogSavePackage: Moving '../../../../../../Users/johfo532/Documents/GitHub/Gardengame/Gardengame/Saved/FindRandomLocationDBE65FBC47E1CD11E6D51B972DEA501F.tmp' to '../../../../../../Users/johfo532/Documents/GitHub/Gardengame/Gardengame/Content/AI/NPC/FindRandomLocation.uasset'
[2022.09.27-17.04.04:265][341]LogUObjectHash: Compacting FUObjectHashTables data took   1.77ms
[2022.09.27-17.04.04:286][341]LogUObjectHash: Compacting FUObjectHashTables data took   1.57ms
[2022.09.27-17.04.04:301][341]LogUObjectHash: Compacting FUObjectHashTables data took   0.39ms
[2022.09.27-17.04.04:320][341]LogPackageName: SearchForPackageOnDisk took   0.000s to resolve /Game/AI/NPC/FindRandomLocation.
[2022.09.27-17.04.04:327][341]AssetCheck: New page: Asset Save: FindRandomLocation
[2022.09.27-17.04.04:328][341]LogContentValidation: Display: Validating Blueprint /Game/AI/NPC/FindRandomLocation.FindRandomLocation
[2022.09.27-17.04.13:341][549]LogAssetEditorSubsystem: Opening Asset editor for BehaviorTree /Game/AI/NPC/NPC_BT.NPC_BT
[2022.09.27-17.06.24:937][279]Cmd: OBJ SAVEPACKAGE PACKAGE="/Game/AI/NPC/NPC_BT" FILE="../../../../../../Users/johfo532/Documents/GitHub/Gardengame/Gardengame/Content/AI/NPC/NPC_BT.uasset" SILENT=true
[2022.09.27-17.06.24:946][279]LogSavePackage: Moving '../../../../../../Users/johfo532/Documents/GitHub/Gardengame/Gardengame/Saved/NPC_BTBBDD66B343B6A9D6355D10A17F6B9E99.tmp' to '../../../../../../Users/johfo532/Documents/GitHub/Gardengame/Gardengame/Content/AI/NPC/NPC_BT.uasset'
[2022.09.27-17.06.24:961][279]AssetCheck: New page: Asset Save: NPC_BT
[2022.09.27-17.06.24:961][279]LogContentValidation: Display: Validating BehaviorTree /Game/AI/NPC/NPC_BT.NPC_BT
[2022.09.27-17.06.27:767][359]LogSlate: Window 'NPC_BT' being destroyed
[2022.09.27-17.06.27:770][359]LogSlate: Window 'NPC_BT' being destroyed
[2022.09.27-17.06.40:429][539]LogTemp: Repeating last play command: Selected Viewport
[2022.09.27-17.06.40:439][539]BlueprintLog: New page: Pre-Play auto-recompile
[2022.09.27-17.06.40:440][539]LogPlayLevel: [PlayLevel] Compiling NPC_AI before play...
[2022.09.27-17.06.40:463][539]LogUObjectHash: Compacting FUObjectHashTables data took   2.01ms
[2022.09.27-17.06.40:470][539]LogPlayLevel: PlayLevel: Blueprint regeneration took 30 ms (1 blueprints)
[2022.09.27-17.06.40:472][539]PIE: New page: PIE session: Minimal_Default (27 sep. 2022 21:06:40)
[2022.09.27-17.06.40:474][539]LogOnline: OSS: Creating online subsystem instance for: NULL
[2022.09.27-17.06.40:476][539]LogOnline: OSS: TryLoadSubsystemAndSetDefault: Loaded subsystem for module [NULL]
[2022.09.27-17.06.40:477][539]LogPlayLevel: Creating play world package: /Game/StarterContent/Maps/UEDPIE_0_Minimal_Default
[2022.09.27-17.06.40:488][539]LogPlayLevel: PIE: StaticDuplicateObject took: (0.010883s)
[2022.09.27-17.06.40:489][539]LogAIModule: Creating AISystem for world Minimal_Default
[2022.09.27-17.06.40:489][539]LogAISub: UAISubsystem::UAISubsystem EnvQueryManager (0000022F138B1600), frame # 93539
[2022.09.27-17.06.40:489][539]LogAISub: UAISubsystem::UAISubsystem AIPerceptionSystem (0000022FA2C2C400), frame # 93539
[2022.09.27-17.06.40:489][539]LogPlayLevel: PIE: World Init took: (0.001189s)
[2022.09.27-17.06.40:489][539]LogPlayLevel: PIE: Created PIE world by copying editor world from /Game/StarterContent/Maps/Minimal_Default.Minimal_Default to /Game/StarterContent/Maps/UEDPIE_0_Minimal_Default.Minimal_Default (0.012363s)
[2022.09.27-17.06.40:504][539]LogUObjectHash: Compacting FUObjectHashTables data took   1.33ms
[2022.09.27-17.06.40:505][539]LogAudioMixer: Display: Audio Mixer Platform Settings:
[2022.09.27-17.06.40:505][539]LogAudioMixer: Display: 	Sample Rate:						  48000
[2022.09.27-17.06.40:505][539]LogAudioMixer: Display: 	Callback Buffer Frame Size Requested: 1024
[2022.09.27-17.06.40:505][539]LogAudioMixer: Display: 	Callback Buffer Frame Size To Use:	  1024
[2022.09.27-17.06.40:505][539]LogAudioMixer: Display: 	Number of buffers to queue:			  2
[2022.09.27-17.06.40:505][539]LogAudioMixer: Display: 	Max Channels (voices):				  32
[2022.09.27-17.06.40:505][539]LogAudioMixer: Display: 	Number of Async Source Workers:		  0
[2022.09.27-17.06.40:505][539]LogAudio: Display: AudioDevice MaxSources: 32
[2022.09.27-17.06.40:505][539]LogAudio: Display: Using built-in audio occlusion.
[2022.09.27-17.06.40:506][539]LogAudioMixer: Display: Initializing audio mixer.
[2022.09.27-17.06.40:512][539]LogAudioMixer: Display: 0: FrontLeft
[2022.09.27-17.06.40:512][539]LogAudioMixer: Display: 1: FrontRight
[2022.09.27-17.06.40:607][539]LogAudioMixer: Display: Using Audio Device Speakers/Headphones (Realtek(R) Audio)
[2022.09.27-17.06.40:607][539]LogAudioMixer: Display: Initializing Sound Submixes...
[2022.09.27-17.06.40:607][539]LogAudioMixer: Display: Creating Master Submix 'MasterSubmixDefault'
[2022.09.27-17.06.40:607][539]LogAudioMixer: Display: Creating Master Submix 'MasterReverbSubmixDefault'
[2022.09.27-17.06.40:607][539]LogAudioMixer: Display: Creating Master Submix 'MasterEQSubmixDefault'
[2022.09.27-17.06.40:615][539]LogInit: FAudioDevice initialized.
[2022.09.27-17.06.40:628][539]LogLoad: Game class is 'GameModeBase'
[2022.09.27-17.06.40:637][539]LogWorld: Bringing World /Game/StarterContent/Maps/UEDPIE_0_Minimal_Default.Minimal_Default up for play (max tick rate 0) at 2022.09.27-19.06.40
[2022.09.27-17.06.40:641][539]LogWorld: Bringing up level for play took: 0.005388
[2022.09.27-17.06.40:642][539]LogOnline: OSS: Creating online subsystem instance for: :Context_9
[2022.09.27-17.06.40:707][539]LogContentBrowser: Native class hierarchy updated for 'MovieSceneCapture' in 0.0003 seconds. Added 20 classes and 0 folders.
[2022.09.27-17.06.40:711][539]PIE: Server logged in
[2022.09.27-17.06.40:713][539]PIE: Play in editor total start time 0,277 seconds.
[2022.09.27-17.07.02:968][  3]LogSlate: Updating window title bar state: overlay mode, drag disabled, window buttons hidden, title bar hidden
[2022.09.27-17.07.02:968][  3]LogWorld: BeginTearingDown for /Game/StarterContent/Maps/UEDPIE_0_Minimal_Default
[2022.09.27-17.07.02:968][  3]LogWorld: UWorld::CleanupWorld for Minimal_Default, bSessionEnded=true, bCleanupResources=true
[2022.09.27-17.07.02:968][  3]LogSlate: InvalidateAllWidgets triggered.  All widgets were invalidated
[2022.09.27-17.07.02:979][  3]LogPlayLevel: Display: Shutting down PIE online subsystems
[2022.09.27-17.07.02:982][  3]LogSlate: InvalidateAllWidgets triggered.  All widgets were invalidated
[2022.09.27-17.07.03:021][  3]LogSlate: Updating window title bar state: overlay mode, drag disabled, window buttons hidden, title bar hidden
[2022.09.27-17.07.03:023][  3]LogAISub: UAISubsystem::~UAISubsystem AIPerceptionSystem (0000022FA2C2C400), frame # 96003
[2022.09.27-17.07.03:023][  3]LogAISub: UAISubsystem::~UAISubsystem EnvQueryManager (0000022F138B1600), frame # 96003
[2022.09.27-17.07.03:052][  3]LogUObjectHash: Compacting FUObjectHashTables data took   2.62ms
[2022.09.27-17.07.03:076][  4]LogPlayLevel: Display: Destroying online subsystem :Context_9
[2022.09.27-17.07.09:947][269]LogEditorViewport: Clicking on Actor (LMB): NPC_C (NPC)
[2022.09.27-17.07.18:471][279]LogEditorViewport: Clicking on Actor (LMB): StaticMeshActor (Floor)
[2022.09.27-17.07.21:982][695]LogEditorViewport: Clicking on Actor (LMB): StaticMeshActor (Floor)
[2022.09.27-17.07.34:259][139]LogAssetEditorSubsystem: Opening Asset editor for Blueprint /Game/AI/NPC/FindRandomLocation.FindRandomLocation
[2022.09.27-17.08.02:918][173]LogUObjectHash: Compacting FUObjectHashTables data took   2.15ms
[2022.09.27-17.08.02:943][173]LogSavePackage: Moving '../../../../../../Users/johfo532/Documents/GitHub/Gardengame/Gardengame/Saved/Minimal_Default_Auto23155DE0242395C9754C921A966304372.tmp' to '../../../../../../Users/johfo532/Documents/GitHub/Gardengame/Gardengame/Saved/Autosaves/Game/StarterContent/Maps/Minimal_Default_Auto2.umap'
[2022.09.27-17.08.02:945][173]LogFileHelpers: Editor autosave (incl. sublevels) for '/Game/StarterContent/Maps/Minimal_Default' took 0.073
[2022.09.27-17.08.02:945][173]LogFileHelpers: Editor autosave (incl. sublevels) for all levels took 0.073
[2022.09.27-17.08.02:945][173]OBJ SavePackage: Generating thumbnails for [1] asset(s) in package [/Game/AI/NPC/NPC] ([1] browsable assets)...
[2022.09.27-17.08.02:955][173]OBJ SavePackage:     Rendered thumbnail for [Blueprint /Game/AI/NPC/NPC.NPC]
[2022.09.27-17.08.02:955][173]OBJ SavePackage: Finished generating thumbnails for package [/Game/AI/NPC/NPC]
[2022.09.27-17.08.02:955][173]Cmd: OBJ SAVEPACKAGE PACKAGE="/Game/AI/NPC/NPC" FILE="../../../../../../Users/johfo532/Documents/GitHub/Gardengame/Gardengame/Saved/Autosaves/Game/AI/NPC/NPC_Auto2.uasset" SILENT=false AUTOSAVING=true
[2022.09.27-17.08.02:976][173]LogSavePackage: Moving '../../../../../../Users/johfo532/Documents/GitHub/Gardengame/Gardengame/Saved/NPC_Auto22733C9F14060298AD4EA9CB8108F7E88.tmp' to '../../../../../../Users/johfo532/Documents/GitHub/Gardengame/Gardengame/Saved/Autosaves/Game/AI/NPC/NPC_Auto2.uasset'
[2022.09.27-17.08.02:977][173]OBJ SavePackage: Generating thumbnails for [0] asset(s) in package [/Game/AI/NPC/NPC_AI] ([1] browsable assets)...
[2022.09.27-17.08.02:977][173]OBJ SavePackage: Finished generating thumbnails for package [/Game/AI/NPC/NPC_AI]
[2022.09.27-17.08.02:996][173]LogSavePackage: Moving '../../../../../../Users/johfo532/Documents/GitHub/Gardengame/Gardengame/Saved/NPC_AI_Auto2547B3B0E4F7A7D3A1802C8A7903245FC.tmp' to '../../../../../../Users/johfo532/Documents/GitHub/Gardengame/Gardengame/Saved/Autosaves/Game/AI/NPC/NPC_AI_Auto2.uasset'
[2022.09.27-17.08.02:998][173]LogFileHelpers: Auto-saving content packages took 0.053
[2022.09.27-17.08.21:405][356]LogSlate: Window 'FindRandomLocation' being destroyed
[2022.09.27-17.08.21:409][356]LogSlate: Window 'FindRandomLocation' being destroyed
[2022.09.27-17.08.21:446][356]LogWorld: UWorld::CleanupWorld for World_9, bSessionEnded=true, bCleanupResources=true
[2022.09.27-17.08.21:447][356]LogSlate: InvalidateAllWidgets triggered.  All widgets were invalidated
[2022.09.27-17.08.28:972][759]LogAssetEditorSubsystem: Opening Asset editor for Blueprint /Game/AI/NPC/NPC.NPC
[2022.09.27-17.08.50:471][415]LogSlate: Prevented a slow task dialog from being summoned while a context menu was open
[2022.09.27-17.09.38:208][649]LogSlate: Prevented a slow task dialog from being summoned while a context menu was open
[2022.09.27-17.09.43:139][135]LogSlate: Prevented a slow task dialog from being summoned while a context menu was open
[2022.09.27-17.10.00:670][ 85]LogSlate: Window 'NPC' being destroyed
[2022.09.27-17.10.00:674][ 85]LogSlate: Window 'NPC' being destroyed
[2022.09.27-17.10.00:675][ 85]LogWorld: UWorld::CleanupWorld for World_10, bSessionEnded=true, bCleanupResources=true
[2022.09.27-17.10.00:675][ 85]LogSlate: InvalidateAllWidgets triggered.  All widgets were invalidated
[2022.09.27-17.10.50:982][935]LogAssetEditorSubsystem: Opening Asset editor for BehaviorTree /Game/AI/NPC/NPC_BT.NPC_BT
[2022.09.27-17.10.54:999][398]LogAssetEditorSubsystem: Opening Asset editor for Blueprint /Game/AI/NPC/FindRandomLocation.FindRandomLocation
[2022.09.27-17.15.30:876][293]BlueprintLog: New page: Compile FindRandomLocation
[2022.09.27-17.15.30:878][293]LogBlueprint: Warning: [Compiler FindRandomLocation] GetRandomLocationInNavigableRadius  was pruned because its Exec pin is not connected, the connected value is not available and will instead be read as default
[2022.09.27-17.15.30:911][293]LogUObjectHash: Compacting FUObjectHashTables data took   2.08ms
[2022.09.27-17.15.30:955][293]LogSlate: Took 0.006309 seconds to synchronously load lazily loaded font '../../../Engine/Content/Slate/Fonts/DroidSansMono.ttf' (77K)
[2022.09.27-17.17.02:248][995]BlueprintLog: New page: Compile FindRandomLocation
[2022.09.27-17.17.02:276][995]LogUObjectHash: Compacting FUObjectHashTables data took   1.87ms
[2022.09.27-17.17.10:798][305]Cmd: OBJ SAVEPACKAGE PACKAGE="/Game/AI/NPC/FindRandomLocation" FILE="../../../../../../Users/johfo532/Documents/GitHub/Gardengame/Gardengame/Content/AI/NPC/FindRandomLocation.uasset" SILENT=true
[2022.09.27-17.17.10:804][305]LogSavePackage: Moving '../../../../../../Users/johfo532/Documents/GitHub/Gardengame/Gardengame/Saved/FindRandomLocation2D56619C43C1DCA70186BE8EE0736B9A.tmp' to '../../../../../../Users/johfo532/Documents/GitHub/Gardengame/Gardengame/Content/AI/NPC/FindRandomLocation.uasset'
[2022.09.27-17.17.10:819][305]AssetCheck: New page: Asset Save: FindRandomLocation
[2022.09.27-17.17.10:819][305]LogContentValidation: Display: Validating Blueprint /Game/AI/NPC/FindRandomLocation.FindRandomLocation
[2022.09.27-17.17.27:404][322]LogSlate: Window 'FindRandomLocation' being destroyed
[2022.09.27-17.17.27:409][322]LogSlate: Window 'FindRandomLocation' being destroyed
[2022.09.27-17.17.27:426][322]LogWorld: UWorld::CleanupWorld for World_11, bSessionEnded=true, bCleanupResources=true
[2022.09.27-17.17.27:426][322]LogSlate: InvalidateAllWidgets triggered.  All widgets were invalidated
[2022.09.27-17.17.38:378][596]LogAssetEditorSubsystem: Opening Asset editor for BehaviorTree /Game/AI/NPC/NPC_BT.NPC_BT
[2022.09.27-17.18.04:557][ 97]Cmd: OBJ SAVEPACKAGE PACKAGE="/Game/AI/NPC/NPC_BT" FILE="../../../../../../Users/johfo532/Documents/GitHub/Gardengame/Gardengame/Content/AI/NPC/NPC_BT.uasset" SILENT=true
[2022.09.27-17.18.04:562][ 97]LogSavePackage: Moving '../../../../../../Users/johfo532/Documents/GitHub/Gardengame/Gardengame/Saved/NPC_BTE6248BBD46771E276A88A8A53D3AFEE8.tmp' to '../../../../../../Users/johfo532/Documents/GitHub/Gardengame/Gardengame/Content/AI/NPC/NPC_BT.uasset'
[2022.09.27-17.18.04:575][ 97]AssetCheck: New page: Asset Save: NPC_BT
[2022.09.27-17.18.04:575][ 97]LogContentValidation: Display: Validating BehaviorTree /Game/AI/NPC/NPC_BT.NPC_BT
[2022.09.27-17.18.06:610][319]LogSlate: Window 'NPC_BT' being destroyed
[2022.09.27-17.18.06:613][319]LogSlate: Window 'NPC_BT' being destroyed
[2022.09.27-17.18.09:307][444]LogEditorViewport: Clicking on Actor (LMB): SphereReflectionCapture (SphereReflectionCapture10)
[2022.09.27-17.18.09:941][517]LogEditorViewport: Clicking on Actor (LMB): AmbientSound (Starter_Background_Cue)
[2022.09.27-17.18.11:452][692]Cmd: DELETE
[2022.09.27-17.18.11:452][692]Cmd: ACTOR DELETE
[2022.09.27-17.18.11:454][692]LogEditorActor: Deleted Actor: AmbientSound
[2022.09.27-17.18.11:471][692]LogUObjectHash: Compacting FUObjectHashTables data took   1.92ms
[2022.09.27-17.18.11:478][692]LogEditorActor: Deleted 1 Actors (0.026 secs)
[2022.09.27-17.18.12:153][773]LogEditorViewport: Clicking on Actor (LMB): SphereReflectionCapture (SphereReflectionCapture10)
[2022.09.27-17.18.14:187][ 14]LogEditorViewport: Clicking on Actor (LMB): BP_Sky_Sphere_C (BP_Sky_Sphere)
[2022.09.27-17.18.15:019][111]LogEditorViewport: Clicking on Actor (LMB): AtmosphericFog (Atmospheric Fog)
[2022.09.27-17.18.17:540][410]LogEditorViewport: Clicking on Actor (LMB): BP_Sky_Sphere_C (BP_Sky_Sphere)
[2022.09.27-17.18.23:062][636]LogTemp: Repeating last play command: Selected Viewport
[2022.09.27-17.18.23:071][636]LogPlayLevel: PlayLevel: No blueprints needed recompiling
[2022.09.27-17.18.23:071][636]PIE: New page: PIE session: Minimal_Default (27 sep. 2022 21:18:23)
[2022.09.27-17.18.23:071][636]LogPlayLevel: Creating play world package: /Game/StarterContent/Maps/UEDPIE_0_Minimal_Default
[2022.09.27-17.18.23:074][636]LogPlayLevel: PIE: StaticDuplicateObject took: (0.002873s)
[2022.09.27-17.18.23:076][636]LogAIModule: Creating AISystem for world Minimal_Default
[2022.09.27-17.18.23:077][636]LogAISub: UAISubsystem::UAISubsystem EnvQueryManager (0000022F38D58200), frame # 145636
[2022.09.27-17.18.23:077][636]LogAISub: UAISubsystem::UAISubsystem AIPerceptionSystem (0000022F76B887C0), frame # 145636
[2022.09.27-17.18.23:077][636]LogPlayLevel: PIE: World Init took: (0.002845s)
[2022.09.27-17.18.23:077][636]LogPlayLevel: PIE: Created PIE world by copying editor world from /Game/StarterContent/Maps/Minimal_Default.Minimal_Default to /Game/StarterContent/Maps/UEDPIE_0_Minimal_Default.Minimal_Default (0.005818s)
[2022.09.27-17.18.23:092][636]LogUObjectHash: Compacting FUObjectHashTables data took   1.39ms
[2022.09.27-17.18.23:095][636]LogAudioMixer: Display: Audio Mixer Platform Settings:
[2022.09.27-17.18.23:095][636]LogAudioMixer: Display: 	Sample Rate:						  48000
[2022.09.27-17.18.23:095][636]LogAudioMixer: Display: 	Callback Buffer Frame Size Requested: 1024
[2022.09.27-17.18.23:095][636]LogAudioMixer: Display: 	Callback Buffer Frame Size To Use:	  1024
[2022.09.27-17.18.23:095][636]LogAudioMixer: Display: 	Number of buffers to queue:			  2
[2022.09.27-17.18.23:095][636]LogAudioMixer: Display: 	Max Channels (voices):				  32
[2022.09.27-17.18.23:095][636]LogAudioMixer: Display: 	Number of Async Source Workers:		  0
[2022.09.27-17.18.23:095][636]LogAudio: Display: AudioDevice MaxSources: 32
[2022.09.27-17.18.23:095][636]LogAudio: Display: Using built-in audio occlusion.
[2022.09.27-17.18.23:095][636]LogAudioMixer: Display: Initializing audio mixer.
[2022.09.27-17.18.23:099][636]LogAudioMixer: Display: 0: FrontLeft
[2022.09.27-17.18.23:099][636]LogAudioMixer: Display: 1: FrontRight
[2022.09.27-17.18.23:226][636]LogAudioMixer: Display: Using Audio Device Speakers/Headphones (Realtek(R) Audio)
[2022.09.27-17.18.23:226][636]LogAudioMixer: Display: Initializing Sound Submixes...
[2022.09.27-17.18.23:226][636]LogAudioMixer: Display: Creating Master Submix 'MasterSubmixDefault'
[2022.09.27-17.18.23:226][636]LogAudioMixer: Display: Creating Master Submix 'MasterReverbSubmixDefault'
[2022.09.27-17.18.23:227][636]LogAudioMixer: Display: Creating Master Submix 'MasterEQSubmixDefault'
[2022.09.27-17.18.23:235][636]LogInit: FAudioDevice initialized.
[2022.09.27-17.18.23:241][636]LogLoad: Game class is 'GameModeBase'
[2022.09.27-17.18.23:242][636]LogWorld: Bringing World /Game/StarterContent/Maps/UEDPIE_0_Minimal_Default.Minimal_Default up for play (max tick rate 0) at 2022.09.27-19.18.23
[2022.09.27-17.18.23:242][636]LogWorld: Bringing up level for play took: 0.000835
[2022.09.27-17.18.23:243][636]LogOnline: OSS: Creating online subsystem instance for: :Context_14
[2022.09.27-17.18.23:245][636]PIE: Server logged in
[2022.09.27-17.18.23:245][636]PIE: Play in editor total start time 0,175 seconds.
[2022.09.27-17.18.50:089][847]LogSlate: Updating window title bar state: overlay mode, drag disabled, window buttons hidden, title bar hidden
[2022.09.27-17.18.50:089][847]LogWorld: BeginTearingDown for /Game/StarterContent/Maps/UEDPIE_0_Minimal_Default
[2022.09.27-17.18.50:089][847]LogWorld: UWorld::CleanupWorld for Minimal_Default, bSessionEnded=true, bCleanupResources=true
[2022.09.27-17.18.50:090][847]LogSlate: InvalidateAllWidgets triggered.  All widgets were invalidated
[2022.09.27-17.18.50:101][847]LogPlayLevel: Display: Shutting down PIE online subsystems
[2022.09.27-17.18.50:107][847]LogSlate: InvalidateAllWidgets triggered.  All widgets were invalidated
[2022.09.27-17.18.50:129][847]LogSlate: Updating window title bar state: overlay mode, drag disabled, window buttons hidden, title bar hidden
[2022.09.27-17.18.50:143][847]LogAISub: UAISubsystem::~UAISubsystem AIPerceptionSystem (0000022F76B887C0), frame # 148847
[2022.09.27-17.18.50:143][847]LogAISub: UAISubsystem::~UAISubsystem EnvQueryManager (0000022F38D58200), frame # 148847
[2022.09.27-17.18.50:144][847]LogUObjectHash: Compacting FUObjectHashTables data took   1.43ms
[2022.09.27-17.18.50:149][847]LogActorComponent: ReregisterComponent: (/Game/StarterContent/Maps/Minimal_Default.Minimal_Default:PersistentLevel.Starter_Background_Cue_2.AudioComponent0) Not currently registered. Aborting.
[2022.09.27-17.18.50:168][848]LogPlayLevel: Display: Destroying online subsystem :Context_14
[2022.09.27-17.18.54:651][380]LogUObjectHash: Compacting FUObjectHashTables data took   1.37ms
[2022.09.27-17.18.54:673][380]LogSavePackage: Moving '../../../../../../Users/johfo532/Documents/GitHub/Gardengame/Gardengame/Saved/Minimal_Default393758D3408D691C090AA69773728DCD.tmp' to '../../../../../../Users/johfo532/Documents/GitHub/Gardengame/Gardengame/Content/StarterContent/Maps/Minimal_Default.umap'
[2022.09.27-17.18.54:731][380]LogSavePackage: Moving '../../../../../../Users/johfo532/Documents/GitHub/Gardengame/Gardengame/Saved/Minimal_Default_BuiltData2A78C85D406A5D6F73A3CC8B135502C3.tmp' to '../../../../../../Users/johfo532/Documents/GitHub/Gardengame/Gardengame/Content/StarterContent/Maps/Minimal_Default_BuiltData.uasset'
[2022.09.27-17.18.54:744][380]AssetCheck: New page: Asset Save: multiple assets
[2022.09.27-17.18.54:744][380]LogContentValidation: Display: Validating World /Game/StarterContent/Maps/Minimal_Default.Minimal_Default
[2022.09.27-17.18.54:744][380]LogContentValidation: Display: Validating MapBuildDataRegistry /Game/StarterContent/Maps/Minimal_Default_BuiltData.Minimal_Default_BuiltData
