Log file open, 09/27/22 16:10:31
LogInit: Display: Running engine for game: Gardengame
LogPlatformFile: Not using cached read wrapper
LogTaskGraph: Started task graph with 5 named threads and 47 total threads with 3 sets of task threads.
LogStats: Stats thread started at 0.328549
LogD3D11RHI: Loaded GFSDK_Aftermath_Lib.x64.dll
LogICUInternationalization: ICU TimeZone Detection - Raw Offset: +1:00, Platform Override: ''
LogPluginManager: Mounting plugin Paper2D
LogPluginManager: Mounting plugin AISupport
LogPluginManager: Mounting plugin LightPropagationVolume
LogPluginManager: Mounting plugin CameraShakePreviewer
LogPluginManager: Mounting plugin ActorLayerUtilities
LogPluginManager: Mounting plugin AnimationSharing
LogPluginManager: Mounting plugin CLionSourceCodeAccess
LogPluginManager: Mounting plugin CodeLiteSourceCodeAccess
LogPluginManager: Mounting plugin GitSourceControl
LogPluginManager: Mounting plugin KDevelopSourceCodeAccess
LogPluginManager: Mounting plugin NullSourceCodeAccess
LogPluginManager: Mounting plugin PerforceSourceControl
LogPluginManager: Mounting plugin PlasticSourceControl
LogPluginManager: Mounting plugin RiderSourceCodeAccess
LogPluginManager: Mounting plugin SubversionSourceControl
LogPluginManager: Mounting plugin UObjectPlugin
LogPluginManager: Mounting plugin VisualStudioCodeSourceCodeAccess
LogPluginManager: Mounting plugin VisualStudioSourceCodeAccess
LogPluginManager: Mounting plugin XCodeSourceCodeAccess
LogPluginManager: Mounting plugin AssetManagerEditor
LogPluginManager: Mounting plugin CryptoKeys
LogPluginManager: Mounting plugin CurveEditorTools
LogPluginManager: Mounting plugin DataValidation
LogPluginManager: Mounting plugin EditorScriptingUtilities
LogPluginManager: Mounting plugin FacialAnimation
LogPluginManager: Mounting plugin GameplayTagsEditor
LogPluginManager: Mounting plugin GeometryMode
LogPluginManager: Mounting plugin MacGraphicsSwitching
LogPluginManager: Mounting plugin MaterialAnalyzer
LogPluginManager: Mounting plugin MobileLauncherProfileWizard
LogPluginManager: Mounting plugin PluginBrowser
LogPluginManager: Mounting plugin SpeedTreeImporter
LogPluginManager: Mounting plugin DatasmithContent
LogPluginManager: Mounting plugin VariantManagerContent
LogPluginManager: Mounting plugin AlembicImporter
LogPluginManager: Mounting plugin AutomationUtils
LogPluginManager: Mounting plugin BackChannel
LogPluginManager: Mounting plugin ChaosCloth
LogPluginManager: Mounting plugin ChaosClothEditor
LogPluginManager: Mounting plugin ChaosEditor
LogPluginManager: Mounting plugin ChaosNiagara
LogPluginManager: Mounting plugin ChaosSolverPlugin
LogPluginManager: Mounting plugin CharacterAI
LogPluginManager: Mounting plugin GeometryCache
LogPluginManager: Mounting plugin GeometryCollectionPlugin
LogPluginManager: Mounting plugin GeometryProcessing
LogPluginManager: Mounting plugin PlanarCut
LogPluginManager: Mounting plugin PlatformCrypto
LogPluginManager: Mounting plugin ProxyLODPlugin
LogPluginManager: Mounting plugin SkeletalReduction
LogPluginManager: Mounting plugin Niagara
LogPluginManager: Mounting plugin MagicLeap
LogPluginManager: Mounting plugin MagicLeapLightEstimation
LogPluginManager: Mounting plugin MagicLeapMedia
LogPluginManager: Mounting plugin MagicLeapPassableWorld
LogPluginManager: Mounting plugin MLSDK
LogPluginManager: Mounting plugin AndroidMedia
LogPluginManager: Mounting plugin AvfMedia
LogPluginManager: Mounting plugin ImgMedia
LogPluginManager: Mounting plugin MediaCompositing
LogPluginManager: Mounting plugin MediaPlayerEditor
LogPluginManager: Mounting plugin WebMMedia
LogPluginManager: Mounting plugin WmfMedia
LogPluginManager: Mounting plugin MeshPainting
LogPluginManager: Mounting plugin TcpMessaging
LogPluginManager: Mounting plugin UdpMessaging
LogPluginManager: Mounting plugin ActorSequence
LogPluginManager: Mounting plugin LevelSequenceEditor
LogPluginManager: Mounting plugin MatineeToLevelSequence
LogPluginManager: Mounting plugin MovieRenderPipeline
LogPluginManager: Mounting plugin TemplateSequence
LogPluginManager: Mounting plugin NetcodeUnitTest
LogPluginManager: Mounting plugin NUTUnrealEngine4
LogPluginManager: Mounting plugin OnlineSubsystemGooglePlay
LogPluginManager: Mounting plugin OnlineSubsystemIOS
LogPluginManager: Mounting plugin OnlineSubsystem
LogPluginManager: Mounting plugin OnlineSubsystemNull
LogPluginManager: Mounting plugin OnlineSubsystemUtils
LogPluginManager: Mounting plugin LauncherChunkInstaller
LogPluginManager: Mounting plugin AndroidDeviceProfileSelector
LogPluginManager: Mounting plugin AndroidMoviePlayer
LogPluginManager: Mounting plugin AndroidPermission
LogPluginManager: Mounting plugin AppleImageUtils
LogPluginManager: Mounting plugin AppleMoviePlayer
LogPluginManager: Mounting plugin ArchVisCharacter
LogPluginManager: Mounting plugin AssetTags
LogPluginManager: Mounting plugin AudioCapture
LogPluginManager: Mounting plugin CableComponent
LogPluginManager: Mounting plugin CustomMeshComponent
LogPluginManager: Mounting plugin EditableMesh
LogPluginManager: Mounting plugin ExampleDeviceProfileSelector
LogPluginManager: Mounting plugin GoogleCloudMessaging
LogPluginManager: Mounting plugin GooglePAD
LogPluginManager: Mounting plugin IOSDeviceProfileSelector
LogPluginManager: Mounting plugin LinuxDeviceProfileSelector
LogPluginManager: Mounting plugin LocationServicesBPLibrary
LogPluginManager: Mounting plugin MobilePatchingUtils
LogPluginManager: Mounting plugin OculusVR
LogPluginManager: Mounting plugin PhysXVehicles
LogPluginManager: Mounting plugin PostSplashScreen
LogPluginManager: Mounting plugin ProceduralMeshComponent
LogPluginManager: Mounting plugin RuntimePhysXCooking
LogPluginManager: Mounting plugin SignificanceManager
LogPluginManager: Mounting plugin SoundFields
LogPluginManager: Mounting plugin SteamVR
LogPluginManager: Mounting plugin Synthesis
LogPluginManager: Mounting plugin WebMMoviePlayer
LogPluginManager: Mounting plugin WindowsMoviePlayer
LogPluginManager: Mounting plugin ScreenshotTools
LogInit: Using libcurl 7.55.1-DEV
LogInit:  - built for x86_64-pc-win32
LogInit:  - supports SSL with OpenSSL/1.1.1
LogInit:  - supports HTTP deflate (compression) using libz 1.2.8
LogInit:  - other features:
LogInit:      CURL_VERSION_SSL
LogInit:      CURL_VERSION_LIBZ
LogInit:      CURL_VERSION_IPV6
LogInit:      CURL_VERSION_ASYNCHDNS
LogInit:      CURL_VERSION_LARGEFILE
LogInit:      CURL_VERSION_IDN
LogInit:  CurlRequestOptions (configurable via config and command line):
LogInit:  - bVerifyPeer = true  - Libcurl will verify peer certificate
LogInit:  - bUseHttpProxy = false  - Libcurl will NOT use HTTP proxy
LogInit:  - bDontReuseConnections = false  - Libcurl will reuse connections
LogInit:  - MaxHostConnections = 16  - Libcurl will limit the number of connections to a host
LogInit:  - LocalHostAddr = Default
LogInit:  - BufferSize = 65536
LogOnline: OSS: Creating online subsystem instance for: NULL
LogInit: WinSock: version 1.1 (2.2), MaxSocks=32767, MaxUdp=65467
LogOnline: OSS: TryLoadSubsystemAndSetDefault: Loaded subsystem for module [NULL]
LogInit: Build: ++UE4+Release-4.25-CL-13942748
LogInit: Engine Version: 4.25.3-13942748+++UE4+Release-4.25
LogInit: Compatible Engine Version: 4.25.0-13144385+++UE4+Release-4.25
LogInit: Net CL: 13144385
LogInit: OS: Windows 10 (Release 2009) (), CPU: Intel(R) Core(TM) i7-10700 CPU @ 2.90GHz, GPU: Microsoft Remote Display Adapter
LogInit: Compiled (64-bit): Jul 25 2020 02:07:48
LogInit: Compiled with Visual C++: 19.24.28315.00
LogInit: Build Configuration: Development
LogInit: Branch Name: ++UE4+Release-4.25
LogInit: Command Line:  -EpicPortal -epicusername=EAJS96 -epicuserid=0f528f5505374b14b161d8df7ad7ae9d -epiclocale=en -epicsandboxid=ue
LogInit: Base Directory: C:/Program Files/Epic Games/UE_4.25/Engine/Binaries/Win64/
LogInit: Allocator: TBB
LogInit: Installed Engine Build: 1
LogDevObjectVersion: Number of dev versions registered: 26
LogDevObjectVersion:   Dev-Blueprints (B0D832E4-1F89-4F0D-ACCF-7EB736FD4AA2): 10
LogDevObjectVersion:   Dev-Build (E1C64328-A22C-4D53-A36C-8E866417BD8C): 0
LogDevObjectVersion:   Dev-Core (375EC13C-06E4-48FB-B500-84F0262A717E): 4
LogDevObjectVersion:   Dev-Editor (E4B068ED-F494-42E9-A231-DA0B2E46BB41): 38
LogDevObjectVersion:   Dev-Framework (CFFC743F-43B0-4480-9391-14DF171D2073): 37
LogDevObjectVersion:   Dev-Mobile (B02B49B5-BB20-44E9-A304-32B752E40360): 2
LogDevObjectVersion:   Dev-Networking (A4E4105C-59A1-49B5-A7C5-40C4547EDFEE): 0
LogDevObjectVersion:   Dev-Online (39C831C9-5AE6-47DC-9A44-9C173E1C8E7C): 0
LogDevObjectVersion:   Dev-Physics (78F01B33-EBEA-4F98-B9B4-84EACCB95AA2): 4
LogDevObjectVersion:   Dev-Platform (6631380F-2D4D-43E0-8009-CF276956A95A): 0
LogDevObjectVersion:   Dev-Rendering (12F88B9F-8875-4AFC-A67C-D90C383ABD29): 43
LogDevObjectVersion:   Dev-Sequencer (7B5AE74C-D270-4C10-A958-57980B212A5A): 12
LogDevObjectVersion:   Dev-VR (D7296918-1DD6-4BDD-9DE2-64A83CC13884): 3
LogDevObjectVersion:   Dev-LoadTimes (C2A15278-BFE7-4AFE-6C17-90FF531DF755): 1
LogDevObjectVersion:   Private-Geometry (6EACA3D4-40EC-4CC1-B786-8BED09428FC5): 3
LogDevObjectVersion:   Dev-AnimPhys (29E575DD-E0A3-4627-9D10-D276232CDCEA): 17
LogDevObjectVersion:   Dev-Anim (AF43A65D-7FD3-4947-9873-3E8ED9C1BB05): 7
LogDevObjectVersion:   Dev-ReflectionCapture (6B266CEC-1EC7-4B8F-A30B-E4D90942FC07): 1
LogDevObjectVersion:   Dev-Automation (0DF73D61-A23F-47EA-B727-89E90C41499A): 1
LogDevObjectVersion:   FortniteMain (601D1886-AC64-4F84-AA16-D3DE0DEAC7D6): 31
LogDevObjectVersion:   Dev-Enterprise (9DFFBCD6-494F-0158-E221-12823C92A888): 10
LogDevObjectVersion:   Dev-Niagara (F2AED0AC-9AFE-416F-8664-AA7FFA26D6FC): 1
LogDevObjectVersion:   Dev-Destruction (174F1F0B-B4C6-45A5-B13F-2EE8D0FB917D): 10
LogDevObjectVersion:   Dev-Physics-Ext (35F94A83-E258-406C-A318-09F59610247C): 37
LogDevObjectVersion:   Dev-PhysicsMaterial-Chaos (B68FC16E-8B1B-42E2-B453-215C058844FE): 1
LogDevObjectVersion:   Dev-CineCamera (B2E18506-4273-CFC2-A54E-F4BB758BBA07): 1
LogInit: Presizing for max 25165824 objects, including 0 objects not considered by GC, pre-allocating 0 bytes for permanent pool.
LogConfig: Applying CVar settings from Section [/Script/Engine.StreamingSettings] File [//ad.liu.se/home/eliak641/Documents/GitHub/Gardengame/Gardengame/Saved/Config/Windows/Engine.ini]
LogConfig: Setting CVar [[s.MinBulkDataSizeForAsyncLoading:131072]]
LogConfig: Setting CVar [[s.AsyncLoadingThreadEnabled:0]]
LogConfig: Setting CVar [[s.EventDrivenLoaderEnabled:1]]
LogConfig: Setting CVar [[s.WarnIfTimeLimitExceeded:0]]
LogConfig: Setting CVar [[s.TimeLimitExceededMultiplier:1.5]]
LogConfig: Setting CVar [[s.TimeLimitExceededMinTime:0.005]]
LogConfig: Setting CVar [[s.UseBackgroundLevelStreaming:1]]
LogConfig: Setting CVar [[s.PriorityAsyncLoadingExtraTime:15.0]]
LogConfig: Setting CVar [[s.LevelStreamingActorsUpdateTimeLimit:5.0]]
LogConfig: Setting CVar [[s.PriorityLevelStreamingActorsUpdateExtraTime:5.0]]
LogConfig: Setting CVar [[s.LevelStreamingComponentsRegistrationGranularity:10]]
LogConfig: Setting CVar [[s.UnregisterComponentsTimeLimit:1.0]]
LogConfig: Setting CVar [[s.LevelStreamingComponentsUnregistrationGranularity:5]]
LogConfig: Setting CVar [[s.FlushStreamingOnExit:1]]
LogInit: Object subsystem initialized
LogConfig: Setting CVar [[con.DebugEarlyDefault:1]]
LogConfig: Setting CVar [[r.setres:1280x720]]
[2022.09.27-14.10.35:185][  0]LogConfig: Setting CVar [[r.VSync:0]]
[2022.09.27-14.10.35:185][  0]LogConfig: Setting CVar [[r.RHICmdBypass:0]]
[2022.09.27-14.10.35:185][  0]LogConfig: Applying CVar settings from Section [/Script/Engine.RendererSettings] File [//ad.liu.se/home/eliak641/Documents/GitHub/Gardengame/Gardengame/Saved/Config/Windows/Engine.ini]
[2022.09.27-14.10.35:185][  0]LogConfig: Setting CVar [[r.GPUCrashDebugging:0]]
[2022.09.27-14.10.35:185][  0]LogConfig: Applying CVar settings from Section [/Script/Engine.RendererOverrideSettings] File [//ad.liu.se/home/eliak641/Documents/GitHub/Gardengame/Gardengame/Saved/Config/Windows/Engine.ini]
[2022.09.27-14.10.35:185][  0]LogConfig: Applying CVar settings from Section [/Script/Engine.StreamingSettings] File [//ad.liu.se/home/eliak641/Documents/GitHub/Gardengame/Gardengame/Saved/Config/Windows/Engine.ini]
[2022.09.27-14.10.35:185][  0]LogConfig: Setting CVar [[s.MinBulkDataSizeForAsyncLoading:131072]]
[2022.09.27-14.10.35:185][  0]LogConfig: Setting CVar [[s.AsyncLoadingThreadEnabled:0]]
[2022.09.27-14.10.35:185][  0]LogConfig: Setting CVar [[s.EventDrivenLoaderEnabled:1]]
[2022.09.27-14.10.35:185][  0]LogConfig: Setting CVar [[s.WarnIfTimeLimitExceeded:0]]
[2022.09.27-14.10.35:185][  0]LogConfig: Setting CVar [[s.TimeLimitExceededMultiplier:1.5]]
[2022.09.27-14.10.35:185][  0]LogConfig: Setting CVar [[s.TimeLimitExceededMinTime:0.005]]
[2022.09.27-14.10.35:185][  0]LogConfig: Setting CVar [[s.UseBackgroundLevelStreaming:1]]
[2022.09.27-14.10.35:185][  0]LogConfig: Setting CVar [[s.PriorityAsyncLoadingExtraTime:15.0]]
[2022.09.27-14.10.35:185][  0]LogConfig: Setting CVar [[s.LevelStreamingActorsUpdateTimeLimit:5.0]]
[2022.09.27-14.10.35:185][  0]LogConfig: Setting CVar [[s.PriorityLevelStreamingActorsUpdateExtraTime:5.0]]
[2022.09.27-14.10.35:185][  0]LogConfig: Setting CVar [[s.LevelStreamingComponentsRegistrationGranularity:10]]
[2022.09.27-14.10.35:185][  0]LogConfig: Setting CVar [[s.UnregisterComponentsTimeLimit:1.0]]
[2022.09.27-14.10.35:185][  0]LogConfig: Setting CVar [[s.LevelStreamingComponentsUnregistrationGranularity:5]]
[2022.09.27-14.10.35:185][  0]LogConfig: Setting CVar [[s.FlushStreamingOnExit:1]]
[2022.09.27-14.10.35:185][  0]LogConfig: Applying CVar settings from Section [/Script/Engine.GarbageCollectionSettings] File [//ad.liu.se/home/eliak641/Documents/GitHub/Gardengame/Gardengame/Saved/Config/Windows/Engine.ini]
[2022.09.27-14.10.35:185][  0]LogConfig: Setting CVar [[gc.MaxObjectsNotConsideredByGC:1]]
[2022.09.27-14.10.35:185][  0]LogConfig: Setting CVar [[gc.SizeOfPermanentObjectPool:0]]
[2022.09.27-14.10.35:185][  0]LogConfig: Setting CVar [[gc.FlushStreamingOnGC:0]]
[2022.09.27-14.10.35:185][  0]LogConfig: Setting CVar [[gc.NumRetriesBeforeForcingGC:10]]
[2022.09.27-14.10.35:185][  0]LogConfig: Setting CVar [[gc.AllowParallelGC:1]]
[2022.09.27-14.10.35:185][  0]LogConfig: Setting CVar [[gc.TimeBetweenPurgingPendingKillObjects:61.1]]
[2022.09.27-14.10.35:185][  0]LogConfig: Setting CVar [[gc.MaxObjectsInEditor:25165824]]
[2022.09.27-14.10.35:185][  0]LogConfig: Setting CVar [[gc.IncrementalBeginDestroyEnabled:1]]
[2022.09.27-14.10.35:185][  0]LogConfig: Setting CVar [[gc.CreateGCClusters:1]]
[2022.09.27-14.10.35:185][  0]LogConfig: Setting CVar [[gc.MinGCClusterSize:5]]
[2022.09.27-14.10.35:185][  0]LogConfig: Setting CVar [[gc.ActorClusteringEnabled:0]]
[2022.09.27-14.10.35:185][  0]LogConfig: Setting CVar [[gc.BlueprintClusteringEnabled:0]]
[2022.09.27-14.10.35:185][  0]LogConfig: Setting CVar [[gc.UseDisregardForGCOnDedicatedServers:0]]
[2022.09.27-14.10.35:185][  0]LogConfig: Applying CVar settings from Section [/Script/Engine.NetworkSettings] File [//ad.liu.se/home/eliak641/Documents/GitHub/Gardengame/Gardengame/Saved/Config/Windows/Engine.ini]
[2022.09.27-14.10.35:185][  0]LogConfig: Applying CVar settings from Section [/Script/UnrealEd.CookerSettings] File [//ad.liu.se/home/eliak641/Documents/GitHub/Gardengame/Gardengame/Saved/Config/Windows/Engine.ini]
[2022.09.27-14.10.35:185][  0]LogConfig: Applying CVar settings from Section [ViewDistanceQuality@3] File [//ad.liu.se/home/eliak641/Documents/GitHub/Gardengame/Gardengame/Saved/Config/Windows/Scalability.ini]
[2022.09.27-14.10.35:185][  0]LogConfig: Setting CVar [[r.SkeletalMeshLODBias:0]]
[2022.09.27-14.10.35:185][  0]LogConfig: Setting CVar [[r.ViewDistanceScale:1.0]]
[2022.09.27-14.10.35:185][  0]LogConfig: Applying CVar settings from Section [AntiAliasingQuality@3] File [//ad.liu.se/home/eliak641/Documents/GitHub/Gardengame/Gardengame/Saved/Config/Windows/Scalability.ini]
[2022.09.27-14.10.35:185][  0]LogConfig: Setting CVar [[r.PostProcessAAQuality:4]]
[2022.09.27-14.10.35:185][  0]LogConfig: Applying CVar settings from Section [ShadowQuality@3] File [//ad.liu.se/home/eliak641/Documents/GitHub/Gardengame/Gardengame/Saved/Config/Windows/Scalability.ini]
[2022.09.27-14.10.35:185][  0]LogConfig: Setting CVar [[r.LightFunctionQuality:1]]
[2022.09.27-14.10.35:185][  0]LogConfig: Setting CVar [[r.ShadowQuality:5]]
[2022.09.27-14.10.35:185][  0]LogConfig: Setting CVar [[r.Shadow.CSM.MaxCascades:10]]
[2022.09.27-14.10.35:185][  0]LogConfig: Setting CVar [[r.Shadow.MaxResolution:2048]]
[2022.09.27-14.10.35:185][  0]LogConfig: Setting CVar [[r.Shadow.MaxCSMResolution:2048]]
[2022.09.27-14.10.35:185][  0]LogConfig: Setting CVar [[r.Shadow.RadiusThreshold:0.01]]
[2022.09.27-14.10.35:185][  0]LogConfig: Setting CVar [[r.Shadow.DistanceScale:1.0]]
[2022.09.27-14.10.35:185][  0]LogConfig: Setting CVar [[r.Shadow.CSM.TransitionScale:1.0]]
[2022.09.27-14.10.35:185][  0]LogConfig: Setting CVar [[r.Shadow.PreShadowResolutionFactor:1.0]]
[2022.09.27-14.10.35:185][  0]LogConfig: Setting CVar [[r.DistanceFieldShadowing:1]]
[2022.09.27-14.10.35:185][  0]LogConfig: Setting CVar [[r.DistanceFieldAO:1]]
[2022.09.27-14.10.35:185][  0]LogConfig: Setting CVar [[r.AOQuality:2]]
[2022.09.27-14.10.35:185][  0]LogConfig: Setting CVar [[r.VolumetricFog:1]]
[2022.09.27-14.10.35:185][  0]LogConfig: Setting CVar [[r.VolumetricFog.GridPixelSize:8]]
[2022.09.27-14.10.35:185][  0]LogConfig: Setting CVar [[r.VolumetricFog.GridSizeZ:128]]
[2022.09.27-14.10.35:185][  0]LogConfig: Setting CVar [[r.VolumetricFog.HistoryMissSupersampleCount:4]]
[2022.09.27-14.10.35:185][  0]LogConfig: Setting CVar [[r.LightMaxDrawDistanceScale:1]]
[2022.09.27-14.10.35:185][  0]LogConfig: Setting CVar [[r.CapsuleShadows:1]]
[2022.09.27-14.10.35:185][  0]LogConfig: Applying CVar settings from Section [PostProcessQuality@3] File [//ad.liu.se/home/eliak641/Documents/GitHub/Gardengame/Gardengame/Saved/Config/Windows/Scalability.ini]
[2022.09.27-14.10.35:185][  0]LogConfig: Setting CVar [[r.MotionBlurQuality:4]]
[2022.09.27-14.10.35:185][  0]LogConfig: Setting CVar [[r.AmbientOcclusionMipLevelFactor:0.4]]
[2022.09.27-14.10.35:185][  0]LogConfig: Setting CVar [[r.AmbientOcclusionMaxQuality:100]]
[2022.09.27-14.10.35:185][  0]LogConfig: Setting CVar [[r.AmbientOcclusionLevels:-1]]
[2022.09.27-14.10.35:185][  0]LogConfig: Setting CVar [[r.AmbientOcclusionRadiusScale:1.0]]
[2022.09.27-14.10.35:185][  0]LogConfig: Setting CVar [[r.DepthOfFieldQuality:2]]
[2022.09.27-14.10.35:185][  0]LogConfig: Setting CVar [[r.RenderTargetPoolMin:400]]
[2022.09.27-14.10.35:185][  0]LogConfig: Setting CVar [[r.LensFlareQuality:2]]
[2022.09.27-14.10.35:185][  0]LogConfig: Setting CVar [[r.SceneColorFringeQuality:1]]
[2022.09.27-14.10.35:185][  0]LogConfig: Setting CVar [[r.EyeAdaptationQuality:2]]
[2022.09.27-14.10.35:185][  0]LogConfig: Setting CVar [[r.BloomQuality:5]]
[2022.09.27-14.10.35:185][  0]LogConfig: Setting CVar [[r.FastBlurThreshold:100]]
[2022.09.27-14.10.35:185][  0]LogConfig: Setting CVar [[r.Upscale.Quality:3]]
[2022.09.27-14.10.35:185][  0]LogConfig: Setting CVar [[r.Tonemapper.GrainQuantization:1]]
[2022.09.27-14.10.35:185][  0]LogConfig: Setting CVar [[r.LightShaftQuality:1]]
[2022.09.27-14.10.35:185][  0]LogConfig: Setting CVar [[r.Filter.SizeScale:1]]
[2022.09.27-14.10.35:185][  0]LogConfig: Setting CVar [[r.Tonemapper.Quality:5]]
[2022.09.27-14.10.35:185][  0]LogConfig: Setting CVar [[r.DOF.Gather.AccumulatorQuality:1        ; higher gathering accumulator quality]]
[2022.09.27-14.10.35:185][  0]LogConfig: Setting CVar [[r.DOF.Gather.PostfilterMethod:1          ; Median3x3 postfilering method]]
[2022.09.27-14.10.35:185][  0]LogConfig: Setting CVar [[r.DOF.Gather.EnableBokehSettings:0       ; no bokeh simulation when gathering]]
[2022.09.27-14.10.35:185][  0]LogConfig: Setting CVar [[r.DOF.Gather.RingCount:4                 ; medium number of samples when gathering]]
[2022.09.27-14.10.35:185][  0]LogConfig: Setting CVar [[r.DOF.Scatter.ForegroundCompositing:1    ; additive foreground scattering]]
[2022.09.27-14.10.35:185][  0]LogConfig: Setting CVar [[r.DOF.Scatter.BackgroundCompositing:2    ; additive background scattering]]
[2022.09.27-14.10.35:185][  0]LogConfig: Setting CVar [[r.DOF.Scatter.EnableBokehSettings:1      ; bokeh simulation when scattering]]
[2022.09.27-14.10.35:185][  0]LogConfig: Setting CVar [[r.DOF.Scatter.MaxSpriteRatio:0.1         ; only a maximum of 10% of scattered bokeh]]
[2022.09.27-14.10.35:185][  0]LogConfig: Setting CVar [[r.DOF.Recombine.Quality:1                ; cheap slight out of focus]]
[2022.09.27-14.10.35:185][  0]LogConfig: Setting CVar [[r.DOF.Recombine.EnableBokehSettings:0    ; no bokeh simulation on slight out of focus]]
[2022.09.27-14.10.35:185][  0]LogConfig: Setting CVar [[r.DOF.TemporalAAQuality:1                ; more stable temporal accumulation]]
[2022.09.27-14.10.35:185][  0]LogConfig: Setting CVar [[r.DOF.Kernel.MaxForegroundRadius:0.025]]
[2022.09.27-14.10.35:185][  0]LogConfig: Setting CVar [[r.DOF.Kernel.MaxBackgroundRadius:0.025]]
[2022.09.27-14.10.35:185][  0]LogConfig: Applying CVar settings from Section [TextureQuality@3] File [//ad.liu.se/home/eliak641/Documents/GitHub/Gardengame/Gardengame/Saved/Config/Windows/Scalability.ini]
[2022.09.27-14.10.35:185][  0]LogConfig: Setting CVar [[r.Streaming.MipBias:0]]
[2022.09.27-14.10.35:185][  0]LogConfig: Setting CVar [[r.Streaming.AmortizeCPUToGPUCopy:0]]
[2022.09.27-14.10.35:185][  0]LogConfig: Setting CVar [[r.Streaming.MaxNumTexturesToStreamPerFrame:0]]
[2022.09.27-14.10.35:185][  0]LogConfig: Setting CVar [[r.Streaming.Boost:1]]
[2022.09.27-14.10.35:185][  0]LogConfig: Setting CVar [[r.MaxAnisotropy:8]]
[2022.09.27-14.10.35:185][  0]LogConfig: Setting CVar [[r.VT.MaxAnisotropy:8]]
[2022.09.27-14.10.35:185][  0]LogConfig: Setting CVar [[r.Streaming.LimitPoolSizeToVRAM:0]]
[2022.09.27-14.10.35:185][  0]LogConfig: Setting CVar [[r.Streaming.PoolSize:1000]]
[2022.09.27-14.10.35:185][  0]LogConfig: Setting CVar [[r.Streaming.MaxEffectiveScreenSize:0]]
[2022.09.27-14.10.35:185][  0]LogConfig: Applying CVar settings from Section [EffectsQuality@3] File [//ad.liu.se/home/eliak641/Documents/GitHub/Gardengame/Gardengame/Saved/Config/Windows/Scalability.ini]
[2022.09.27-14.10.35:185][  0]LogConfig: Setting CVar [[r.TranslucencyLightingVolumeDim:64]]
[2022.09.27-14.10.35:185][  0]LogConfig: Setting CVar [[r.RefractionQuality:2]]
[2022.09.27-14.10.35:185][  0]LogConfig: Setting CVar [[r.SSR.Quality:3]]
[2022.09.27-14.10.35:185][  0]LogConfig: Setting CVar [[r.SSR.HalfResSceneColor:0]]
[2022.09.27-14.10.35:185][  0]LogConfig: Setting CVar [[r.SceneColorFormat:4]]
[2022.09.27-14.10.35:185][  0]LogConfig: Setting CVar [[r.DetailMode:2]]
[2022.09.27-14.10.35:185][  0]LogConfig: Setting CVar [[r.TranslucencyVolumeBlur:1]]
[2022.09.27-14.10.35:185][  0]LogConfig: Setting CVar [[r.MaterialQualityLevel:1 ; High quality]]
[2022.09.27-14.10.35:185][  0]LogConfig: Setting CVar [[r.SSS.Scale:1]]
[2022.09.27-14.10.35:185][  0]LogConfig: Setting CVar [[r.SSS.SampleSet:2]]
[2022.09.27-14.10.35:185][  0]LogConfig: Setting CVar [[r.SSS.Quality:1]]
[2022.09.27-14.10.35:185][  0]LogConfig: Setting CVar [[r.SSS.HalfRes:0]]
[2022.09.27-14.10.35:185][  0]LogConfig: Setting CVar [[r.SSGI.Quality:3]]
[2022.09.27-14.10.35:185][  0]LogConfig: Setting CVar [[r.EmitterSpawnRateScale:1.0]]
[2022.09.27-14.10.35:185][  0]LogConfig: Setting CVar [[r.ParticleLightQuality:2]]
[2022.09.27-14.10.35:185][  0]LogConfig: Setting CVar [[r.SkyAtmosphere.AerialPerspectiveLUT.FastApplyOnOpaque:1 ; Always have FastSkyLUT 1 in this case to avoid wrong sky]]
[2022.09.27-14.10.35:185][  0]LogConfig: Setting CVar [[r.SkyAtmosphere.AerialPerspectiveLUT.SampleCountPerSlice:1]]
[2022.09.27-14.10.35:185][  0]LogConfig: Setting CVar [[r.SkyAtmosphere.AerialPerspectiveLUT.DepthResolution:16.0]]
[2022.09.27-14.10.35:185][  0]LogConfig: Setting CVar [[r.SkyAtmosphere.FastSkyLUT:1]]
[2022.09.27-14.10.35:185][  0]LogConfig: Setting CVar [[r.SkyAtmosphere.FastSkyLUT.SampleCountMin:4.0]]
[2022.09.27-14.10.35:185][  0]LogConfig: Setting CVar [[r.SkyAtmosphere.FastSkyLUT.SampleCountMax:32.0]]
[2022.09.27-14.10.35:185][  0]LogConfig: Setting CVar [[r.SkyAtmosphere.SampleCountMin:4.0]]
[2022.09.27-14.10.35:185][  0]LogConfig: Setting CVar [[r.SkyAtmosphere.SampleCountMax:32.0]]
[2022.09.27-14.10.35:185][  0]LogConfig: Setting CVar [[r.SkyAtmosphere.TransmittanceLUT.UseSmallFormat:0]]
[2022.09.27-14.10.35:185][  0]LogConfig: Setting CVar [[r.SkyAtmosphere.TransmittanceLUT.SampleCount:10.0]]
[2022.09.27-14.10.35:185][  0]LogConfig: Setting CVar [[r.SkyAtmosphere.MultiScatteringLUT.SampleCount:15.0]]
[2022.09.27-14.10.35:185][  0]LogConfig: Applying CVar settings from Section [FoliageQuality@3] File [//ad.liu.se/home/eliak641/Documents/GitHub/Gardengame/Gardengame/Saved/Config/Windows/Scalability.ini]
[2022.09.27-14.10.35:185][  0]LogConfig: Setting CVar [[foliage.DensityScale:1.0]]
[2022.09.27-14.10.35:185][  0]LogConfig: Setting CVar [[grass.DensityScale:1.0]]
[2022.09.27-14.10.35:185][  0]LogConfig: Applying CVar settings from Section [ShadingQuality@3] File [//ad.liu.se/home/eliak641/Documents/GitHub/Gardengame/Gardengame/Saved/Config/Windows/Scalability.ini]
[2022.09.27-14.10.35:185][  0]LogConfig: Setting CVar [[r.HairStrands.SkyLighting.SampleCount:16]]
[2022.09.27-14.10.35:185][  0]LogConfig: Setting CVar [[r.HairStrands.SkyLighting.JitterIntegration:0]]
[2022.09.27-14.10.35:185][  0]LogConfig: Setting CVar [[r.HairStrands.SkyAO.SampleCount:16]]
[2022.09.27-14.10.35:185][  0]LogConfig: Setting CVar [[r.HairStrands.DeepShadow.SuperSampling:0]]
[2022.09.27-14.10.35:185][  0]LogConfig: Setting CVar [[r.HairStrands.VisibilityPPLL:0]]
[2022.09.27-14.10.35:185][  0]LogConfig: Setting CVar [[r.HairStrands.RasterizationScale:0.5]]
[2022.09.27-14.10.35:185][  0]LogConfig: Setting CVar [[r.HairStrands.VelocityRasterizationScale:1]]
[2022.09.27-14.10.35:185][  0]LogInit: Selected Device Profile: [Windows]
[2022.09.27-14.10.35:185][  0]LogInit: Applying CVar settings loaded from the selected device profile: [Windows]
[2022.09.27-14.10.35:185][  0]LogHAL: Display: Platform has ~ 16 GB [16879165440 / 17179869184 / 16], which maps to Larger [LargestMinGB=32, LargerMinGB=12, DefaultMinGB=8, SmallerMinGB=6, SmallestMinGB=0)
[2022.09.27-14.10.35:185][  0]LogInit: Going up to parent DeviceProfile []
[2022.09.27-14.10.35:185][  0]LogConfig: Applying CVar settings from Section [ViewDistanceQuality@3] File [//ad.liu.se/home/eliak641/Documents/GitHub/Gardengame/Gardengame/Saved/Config/Windows/Scalability.ini]
[2022.09.27-14.10.35:185][  0]LogConfig: Setting CVar [[r.SkeletalMeshLODBias:0]]
[2022.09.27-14.10.35:185][  0]LogConfig: Setting CVar [[r.ViewDistanceScale:1.0]]
[2022.09.27-14.10.35:185][  0]LogConfig: Applying CVar settings from Section [AntiAliasingQuality@3] File [//ad.liu.se/home/eliak641/Documents/GitHub/Gardengame/Gardengame/Saved/Config/Windows/Scalability.ini]
[2022.09.27-14.10.35:185][  0]LogConfig: Setting CVar [[r.PostProcessAAQuality:4]]
[2022.09.27-14.10.35:185][  0]LogConfig: Applying CVar settings from Section [ShadowQuality@3] File [//ad.liu.se/home/eliak641/Documents/GitHub/Gardengame/Gardengame/Saved/Config/Windows/Scalability.ini]
[2022.09.27-14.10.35:185][  0]LogConfig: Setting CVar [[r.LightFunctionQuality:1]]
[2022.09.27-14.10.35:185][  0]LogConfig: Setting CVar [[r.ShadowQuality:5]]
[2022.09.27-14.10.35:185][  0]LogConfig: Setting CVar [[r.Shadow.CSM.MaxCascades:10]]
[2022.09.27-14.10.35:185][  0]LogConfig: Setting CVar [[r.Shadow.MaxResolution:2048]]
[2022.09.27-14.10.35:185][  0]LogConfig: Setting CVar [[r.Shadow.MaxCSMResolution:2048]]
[2022.09.27-14.10.35:185][  0]LogConfig: Setting CVar [[r.Shadow.RadiusThreshold:0.01]]
[2022.09.27-14.10.35:185][  0]LogConfig: Setting CVar [[r.Shadow.DistanceScale:1.0]]
[2022.09.27-14.10.35:185][  0]LogConfig: Setting CVar [[r.Shadow.CSM.TransitionScale:1.0]]
[2022.09.27-14.10.35:185][  0]LogConfig: Setting CVar [[r.Shadow.PreShadowResolutionFactor:1.0]]
[2022.09.27-14.10.35:185][  0]LogConfig: Setting CVar [[r.DistanceFieldShadowing:1]]
[2022.09.27-14.10.35:185][  0]LogConfig: Setting CVar [[r.DistanceFieldAO:1]]
[2022.09.27-14.10.35:185][  0]LogConfig: Setting CVar [[r.AOQuality:2]]
[2022.09.27-14.10.35:185][  0]LogConfig: Setting CVar [[r.VolumetricFog:1]]
[2022.09.27-14.10.35:185][  0]LogConfig: Setting CVar [[r.VolumetricFog.GridPixelSize:8]]
[2022.09.27-14.10.35:185][  0]LogConfig: Setting CVar [[r.VolumetricFog.GridSizeZ:128]]
[2022.09.27-14.10.35:185][  0]LogConfig: Setting CVar [[r.VolumetricFog.HistoryMissSupersampleCount:4]]
[2022.09.27-14.10.35:185][  0]LogConfig: Setting CVar [[r.LightMaxDrawDistanceScale:1]]
[2022.09.27-14.10.35:185][  0]LogConfig: Setting CVar [[r.CapsuleShadows:1]]
[2022.09.27-14.10.35:185][  0]LogConfig: Applying CVar settings from Section [PostProcessQuality@3] File [//ad.liu.se/home/eliak641/Documents/GitHub/Gardengame/Gardengame/Saved/Config/Windows/Scalability.ini]
[2022.09.27-14.10.35:185][  0]LogConfig: Setting CVar [[r.MotionBlurQuality:4]]
[2022.09.27-14.10.35:185][  0]LogConfig: Setting CVar [[r.AmbientOcclusionMipLevelFactor:0.4]]
[2022.09.27-14.10.35:185][  0]LogConfig: Setting CVar [[r.AmbientOcclusionMaxQuality:100]]
[2022.09.27-14.10.35:185][  0]LogConfig: Setting CVar [[r.AmbientOcclusionLevels:-1]]
[2022.09.27-14.10.35:185][  0]LogConfig: Setting CVar [[r.AmbientOcclusionRadiusScale:1.0]]
[2022.09.27-14.10.35:185][  0]LogConfig: Setting CVar [[r.DepthOfFieldQuality:2]]
[2022.09.27-14.10.35:185][  0]LogConfig: Setting CVar [[r.RenderTargetPoolMin:400]]
[2022.09.27-14.10.35:185][  0]LogConfig: Setting CVar [[r.LensFlareQuality:2]]
[2022.09.27-14.10.35:185][  0]LogConfig: Setting CVar [[r.SceneColorFringeQuality:1]]
[2022.09.27-14.10.35:185][  0]LogConfig: Setting CVar [[r.EyeAdaptationQuality:2]]
[2022.09.27-14.10.35:185][  0]LogConfig: Setting CVar [[r.BloomQuality:5]]
[2022.09.27-14.10.35:185][  0]LogConfig: Setting CVar [[r.FastBlurThreshold:100]]
[2022.09.27-14.10.35:185][  0]LogConfig: Setting CVar [[r.Upscale.Quality:3]]
[2022.09.27-14.10.35:185][  0]LogConfig: Setting CVar [[r.Tonemapper.GrainQuantization:1]]
[2022.09.27-14.10.35:185][  0]LogConfig: Setting CVar [[r.LightShaftQuality:1]]
[2022.09.27-14.10.35:185][  0]LogConfig: Setting CVar [[r.Filter.SizeScale:1]]
[2022.09.27-14.10.35:185][  0]LogConfig: Setting CVar [[r.Tonemapper.Quality:5]]
[2022.09.27-14.10.35:185][  0]LogConfig: Setting CVar [[r.DOF.Gather.AccumulatorQuality:1        ; higher gathering accumulator quality]]
[2022.09.27-14.10.35:185][  0]LogConfig: Setting CVar [[r.DOF.Gather.PostfilterMethod:1          ; Median3x3 postfilering method]]
[2022.09.27-14.10.35:185][  0]LogConfig: Setting CVar [[r.DOF.Gather.EnableBokehSettings:0       ; no bokeh simulation when gathering]]
[2022.09.27-14.10.35:185][  0]LogConfig: Setting CVar [[r.DOF.Gather.RingCount:4                 ; medium number of samples when gathering]]
[2022.09.27-14.10.35:185][  0]LogConfig: Setting CVar [[r.DOF.Scatter.ForegroundCompositing:1    ; additive foreground scattering]]
[2022.09.27-14.10.35:185][  0]LogConfig: Setting CVar [[r.DOF.Scatter.BackgroundCompositing:2    ; additive background scattering]]
[2022.09.27-14.10.35:185][  0]LogConfig: Setting CVar [[r.DOF.Scatter.EnableBokehSettings:1      ; bokeh simulation when scattering]]
[2022.09.27-14.10.35:185][  0]LogConfig: Setting CVar [[r.DOF.Scatter.MaxSpriteRatio:0.1         ; only a maximum of 10% of scattered bokeh]]
[2022.09.27-14.10.35:185][  0]LogConfig: Setting CVar [[r.DOF.Recombine.Quality:1                ; cheap slight out of focus]]
[2022.09.27-14.10.35:185][  0]LogConfig: Setting CVar [[r.DOF.Recombine.EnableBokehSettings:0    ; no bokeh simulation on slight out of focus]]
[2022.09.27-14.10.35:185][  0]LogConfig: Setting CVar [[r.DOF.TemporalAAQuality:1                ; more stable temporal accumulation]]
[2022.09.27-14.10.35:185][  0]LogConfig: Setting CVar [[r.DOF.Kernel.MaxForegroundRadius:0.025]]
[2022.09.27-14.10.35:185][  0]LogConfig: Setting CVar [[r.DOF.Kernel.MaxBackgroundRadius:0.025]]
[2022.09.27-14.10.35:185][  0]LogConfig: Applying CVar settings from Section [TextureQuality@3] File [//ad.liu.se/home/eliak641/Documents/GitHub/Gardengame/Gardengame/Saved/Config/Windows/Scalability.ini]
[2022.09.27-14.10.35:185][  0]LogConfig: Setting CVar [[r.Streaming.MipBias:0]]
[2022.09.27-14.10.35:185][  0]LogConfig: Setting CVar [[r.Streaming.AmortizeCPUToGPUCopy:0]]
[2022.09.27-14.10.35:185][  0]LogConfig: Setting CVar [[r.Streaming.MaxNumTexturesToStreamPerFrame:0]]
[2022.09.27-14.10.35:185][  0]LogConfig: Setting CVar [[r.Streaming.Boost:1]]
[2022.09.27-14.10.35:185][  0]LogConfig: Setting CVar [[r.MaxAnisotropy:8]]
[2022.09.27-14.10.35:185][  0]LogConfig: Setting CVar [[r.VT.MaxAnisotropy:8]]
[2022.09.27-14.10.35:185][  0]LogConfig: Setting CVar [[r.Streaming.LimitPoolSizeToVRAM:0]]
[2022.09.27-14.10.35:185][  0]LogConfig: Setting CVar [[r.Streaming.PoolSize:1000]]
[2022.09.27-14.10.35:185][  0]LogConfig: Setting CVar [[r.Streaming.MaxEffectiveScreenSize:0]]
[2022.09.27-14.10.35:185][  0]LogConfig: Applying CVar settings from Section [EffectsQuality@3] File [//ad.liu.se/home/eliak641/Documents/GitHub/Gardengame/Gardengame/Saved/Config/Windows/Scalability.ini]
[2022.09.27-14.10.35:185][  0]LogConfig: Setting CVar [[r.TranslucencyLightingVolumeDim:64]]
[2022.09.27-14.10.35:185][  0]LogConfig: Setting CVar [[r.RefractionQuality:2]]
[2022.09.27-14.10.35:185][  0]LogConfig: Setting CVar [[r.SSR.Quality:3]]
[2022.09.27-14.10.35:185][  0]LogConfig: Setting CVar [[r.SSR.HalfResSceneColor:0]]
[2022.09.27-14.10.35:185][  0]LogConfig: Setting CVar [[r.SceneColorFormat:4]]
[2022.09.27-14.10.35:185][  0]LogConfig: Setting CVar [[r.DetailMode:2]]
[2022.09.27-14.10.35:185][  0]LogConfig: Setting CVar [[r.TranslucencyVolumeBlur:1]]
[2022.09.27-14.10.35:185][  0]LogConfig: Setting CVar [[r.MaterialQualityLevel:1 ; High quality]]
[2022.09.27-14.10.35:185][  0]LogConfig: Setting CVar [[r.SSS.Scale:1]]
[2022.09.27-14.10.35:185][  0]LogConfig: Setting CVar [[r.SSS.SampleSet:2]]
[2022.09.27-14.10.35:185][  0]LogConfig: Setting CVar [[r.SSS.Quality:1]]
[2022.09.27-14.10.35:185][  0]LogConfig: Setting CVar [[r.SSS.HalfRes:0]]
[2022.09.27-14.10.35:185][  0]LogConfig: Setting CVar [[r.SSGI.Quality:3]]
[2022.09.27-14.10.35:185][  0]LogConfig: Setting CVar [[r.EmitterSpawnRateScale:1.0]]
[2022.09.27-14.10.35:185][  0]LogConfig: Setting CVar [[r.ParticleLightQuality:2]]
[2022.09.27-14.10.35:185][  0]LogConfig: Setting CVar [[r.SkyAtmosphere.AerialPerspectiveLUT.FastApplyOnOpaque:1 ; Always have FastSkyLUT 1 in this case to avoid wrong sky]]
[2022.09.27-14.10.35:185][  0]LogConfig: Setting CVar [[r.SkyAtmosphere.AerialPerspectiveLUT.SampleCountPerSlice:1]]
[2022.09.27-14.10.35:185][  0]LogConfig: Setting CVar [[r.SkyAtmosphere.AerialPerspectiveLUT.DepthResolution:16.0]]
[2022.09.27-14.10.35:185][  0]LogConfig: Setting CVar [[r.SkyAtmosphere.FastSkyLUT:1]]
[2022.09.27-14.10.35:185][  0]LogConfig: Setting CVar [[r.SkyAtmosphere.FastSkyLUT.SampleCountMin:4.0]]
[2022.09.27-14.10.35:185][  0]LogConfig: Setting CVar [[r.SkyAtmosphere.FastSkyLUT.SampleCountMax:32.0]]
[2022.09.27-14.10.35:185][  0]LogConfig: Setting CVar [[r.SkyAtmosphere.SampleCountMin:4.0]]
[2022.09.27-14.10.35:185][  0]LogConfig: Setting CVar [[r.SkyAtmosphere.SampleCountMax:32.0]]
[2022.09.27-14.10.35:185][  0]LogConfig: Setting CVar [[r.SkyAtmosphere.TransmittanceLUT.UseSmallFormat:0]]
[2022.09.27-14.10.35:185][  0]LogConfig: Setting CVar [[r.SkyAtmosphere.TransmittanceLUT.SampleCount:10.0]]
[2022.09.27-14.10.35:185][  0]LogConfig: Setting CVar [[r.SkyAtmosphere.MultiScatteringLUT.SampleCount:15.0]]
[2022.09.27-14.10.35:185][  0]LogConfig: Applying CVar settings from Section [FoliageQuality@3] File [//ad.liu.se/home/eliak641/Documents/GitHub/Gardengame/Gardengame/Saved/Config/Windows/Scalability.ini]
[2022.09.27-14.10.35:185][  0]LogConfig: Setting CVar [[foliage.DensityScale:1.0]]
[2022.09.27-14.10.35:185][  0]LogConfig: Setting CVar [[grass.DensityScale:1.0]]
[2022.09.27-14.10.35:185][  0]LogConfig: Applying CVar settings from Section [ShadingQuality@3] File [//ad.liu.se/home/eliak641/Documents/GitHub/Gardengame/Gardengame/Saved/Config/Windows/Scalability.ini]
[2022.09.27-14.10.35:185][  0]LogConfig: Setting CVar [[r.HairStrands.SkyLighting.SampleCount:16]]
[2022.09.27-14.10.35:185][  0]LogConfig: Setting CVar [[r.HairStrands.SkyLighting.JitterIntegration:0]]
[2022.09.27-14.10.35:185][  0]LogConfig: Setting CVar [[r.HairStrands.SkyAO.SampleCount:16]]
[2022.09.27-14.10.35:185][  0]LogConfig: Setting CVar [[r.HairStrands.DeepShadow.SuperSampling:0]]
[2022.09.27-14.10.35:185][  0]LogConfig: Setting CVar [[r.HairStrands.VisibilityPPLL:0]]
[2022.09.27-14.10.35:185][  0]LogConfig: Setting CVar [[r.HairStrands.RasterizationScale:0.5]]
[2022.09.27-14.10.35:185][  0]LogConfig: Setting CVar [[r.HairStrands.VelocityRasterizationScale:1]]
[2022.09.27-14.10.35:185][  0]LogConfig: Applying CVar settings from Section [Startup] File [../../../Engine/Config/ConsoleVariables.ini]
[2022.09.27-14.10.35:185][  0]LogConfig: Setting CVar [[net.UseAdaptiveNetUpdateFrequency:0]]
[2022.09.27-14.10.35:185][  0]LogConfig: Setting CVar [[p.chaos.AllowCreatePhysxBodies:1]]
[2022.09.27-14.10.35:185][  0]LogConfig: Setting CVar [[fx.SkipVectorVMBackendOptimizations:1]]
[2022.09.27-14.10.35:185][  0]LogConfig: Applying CVar settings from Section [ConsoleVariables] File [//ad.liu.se/home/eliak641/Documents/GitHub/Gardengame/Gardengame/Saved/Config/Windows/Engine.ini]
[2022.09.27-14.10.35:199][  0]LogInit: Computer: K4504-414
[2022.09.27-14.10.35:199][  0]LogInit: User: eliak641
[2022.09.27-14.10.35:199][  0]LogInit: CPU Page size=4096, Cores=8
[2022.09.27-14.10.35:199][  0]LogInit: High frequency timer resolution =10.000000 MHz
[2022.09.27-14.10.35:199][  0]LogMemory: Memory total: Physical=15.7GB (16GB approx)
[2022.09.27-14.10.35:199][  0]LogMemory: Platform Memory Stats for Windows
[2022.09.27-14.10.35:199][  0]LogMemory: Process Physical Memory: 119.41 MB used, 119.41 MB peak
[2022.09.27-14.10.35:199][  0]LogMemory: Process Virtual Memory: 98.22 MB used, 98.22 MB peak
[2022.09.27-14.10.35:199][  0]LogMemory: Physical Memory: 7429.02 MB used,  8668.21 MB free, 16097.23 MB total
[2022.09.27-14.10.35:199][  0]LogMemory: Virtual Memory: 5187.29 MB used,  134212544.00 MB free, 134217728.00 MB total
[2022.09.27-14.10.35:203][  0]LogWindows: WindowsPlatformFeatures enabled
[2022.09.27-14.10.35:439][  0]LogInit: Physics initialised using underlying interface: PhysX
[2022.09.27-14.10.35:445][  0]LogInit: Using OS detected language (en-US).
[2022.09.27-14.10.35:445][  0]LogInit: Using OS detected locale (sv-SE).
[2022.09.27-14.10.35:448][  0]LogTextLocalizationManager: No specific localization for 'en-US' exists, so the 'en' localization will be used.
[2022.09.27-14.10.35:625][  0]LogInit: Setting process to per monitor DPI aware
[2022.09.27-14.10.35:719][  0]LogSlate: New Slate User Created.  User Index 0, Is Virtual User: 0
[2022.09.27-14.10.35:719][  0]LogSlate: Slate User Registered.  User Index 0, Is Virtual User: 0
[2022.09.27-14.10.37:660][  0]LogHMD: Failed to initialize OpenVR with code 110
[2022.09.27-14.10.37:660][  0]LogD3D11RHI: D3D11 min allowed feature level: 11_0
[2022.09.27-14.10.37:660][  0]LogD3D11RHI: D3D11 max allowed feature level: 11_0
[2022.09.27-14.10.37:660][  0]LogD3D11RHI: D3D11 adapters:
[2022.09.27-14.10.37:766][  0]LogD3D11RHI:    0. 'NVIDIA GeForce RTX 2060 SUPER' (Feature Level 11_0)
[2022.09.27-14.10.37:766][  0]LogD3D11RHI:       8031/0/8048 MB DedicatedVideo/DedicatedSystem/SharedSystem, Outputs:1, VendorId:0x10de
[2022.09.27-14.10.37:789][  0]LogD3D11RHI:    1. 'Intel(R) UHD Graphics 630' (Feature Level 11_0)
[2022.09.27-14.10.37:789][  0]LogD3D11RHI:       128/0/8048 MB DedicatedVideo/DedicatedSystem/SharedSystem, Outputs:0, VendorId:0x8086
[2022.09.27-14.10.37:793][  0]LogD3D11RHI:    2. 'Microsoft Basic Render Driver' (Feature Level 11_0)
[2022.09.27-14.10.37:793][  0]LogD3D11RHI:       0/0/8048 MB DedicatedVideo/DedicatedSystem/SharedSystem, Outputs:0, VendorId:0x1414
[2022.09.27-14.10.37:857][  0]LogD3D11RHI:    3. 'NVIDIA GeForce RTX 2060 SUPER' (Feature Level 11_0)
[2022.09.27-14.10.37:857][  0]LogD3D11RHI:       8031/0/8048 MB DedicatedVideo/DedicatedSystem/SharedSystem, Outputs:0, VendorId:0x10de
[2022.09.27-14.10.37:857][  0]LogD3D11RHI: Chosen D3D11 Adapter: 0
[2022.09.27-14.10.37:862][  0]LogD3D11RHI: Creating new Direct3DDevice
[2022.09.27-14.10.37:862][  0]LogD3D11RHI:     GPU DeviceId: 0x1f06 (for the marketing name, search the web for "GPU Device Id")
[2022.09.27-14.10.37:862][  0]LogWindows: EnumDisplayDevices:
[2022.09.27-14.10.37:862][  0]LogWindows:    0. 'Microsoft Remote Display Adapter' (P:1 D:1)
[2022.09.27-14.10.37:862][  0]LogWindows:    1. 'Microsoft Remote Display Adapter' (P:0 D:0)
[2022.09.27-14.10.37:862][  0]LogWindows:    2. 'Microsoft Remote Display Adapter' (P:0 D:0)
[2022.09.27-14.10.37:862][  0]LogWindows:    3. 'Microsoft Remote Display Adapter' (P:0 D:0)
[2022.09.27-14.10.37:862][  0]LogWindows:    4. 'Microsoft Remote Display Adapter' (P:0 D:0)
[2022.09.27-14.10.37:862][  0]LogWindows:    5. 'Microsoft Remote Display Adapter' (P:0 D:0)
[2022.09.27-14.10.37:862][  0]LogWindows:    6. 'Microsoft Remote Display Adapter' (P:0 D:0)
[2022.09.27-14.10.37:863][  0]LogWindows:    7. 'Microsoft Remote Display Adapter' (P:0 D:0)
[2022.09.27-14.10.37:863][  0]LogWindows:    8. 'Microsoft Remote Display Adapter' (P:0 D:0)
[2022.09.27-14.10.37:863][  0]LogWindows:    9. 'Microsoft Remote Display Adapter' (P:0 D:0)
[2022.09.27-14.10.37:863][  0]LogWindows:    10. 'Microsoft Remote Display Adapter' (P:0 D:0)
[2022.09.27-14.10.37:863][  0]LogWindows:    11. 'Microsoft Remote Display Adapter' (P:0 D:0)
[2022.09.27-14.10.37:863][  0]LogWindows:    12. 'Microsoft Remote Display Adapter' (P:0 D:0)
[2022.09.27-14.10.37:863][  0]LogWindows:    13. 'Microsoft Remote Display Adapter' (P:0 D:0)
[2022.09.27-14.10.37:863][  0]LogWindows:    14. 'Microsoft Remote Display Adapter' (P:0 D:0)
[2022.09.27-14.10.37:863][  0]LogWindows:    15. 'Microsoft Remote Display Adapter' (P:0 D:0)
[2022.09.27-14.10.37:863][  0]LogWindows: DebugString: PrimaryDriverLocationFailed PrimaryDriverLocationFailed PrimaryDriverLocationFailed PrimaryDriverLocationFailed PrimaryDriverLocationFailed PrimaryDriverLocationFailed PrimaryDriverLocationFailed PrimaryDriverLocationFailed PrimaryDriverLocationFailed PrimaryDriverLocationFailed PrimaryDriverLocationFailed PrimaryDriverLocationFailed PrimaryDriverLocationFailed PrimaryDriverLocationFailed PrimaryDriverLocationFailed PrimaryDriverLocationFailed FoundDriverCount:0 
[2022.09.27-14.10.37:863][  0]LogD3D11RHI:     Adapter Name: NVIDIA GeForce RTX 2060 SUPER
[2022.09.27-14.10.37:863][  0]LogD3D11RHI:   Driver Version: Unknown (internal:Unknown, unified:Unknown)
[2022.09.27-14.10.37:863][  0]LogD3D11RHI:      Driver Date: Unknown
[2022.09.27-14.10.37:863][  0]LogRHI: Texture pool is 5621 MB (70% of 8031 MB)
[2022.09.27-14.10.37:929][  0]LogD3D11RHI: RHI has support for 64 bit atomics
[2022.09.27-14.10.37:930][  0]LogD3D11RHI: [Aftermath] Enabled and primed
[2022.09.27-14.10.37:930][  0]LogD3D11RHI: Async texture creation enabled
[2022.09.27-14.10.37:930][  0]LogD3D11RHI: Array index from any shader is supported
[2022.09.27-14.10.37:949][  0]LogD3D11RHI: GPU Timing Frequency: 1000.000000 (Debug: 2 2)
[2022.09.27-14.10.38:331][  0]LogTargetPlatformManager: Display: Loaded TargetPlatform 'AllDesktop'
[2022.09.27-14.10.38:398][  0]LogTargetPlatformManager: Display: Loaded TargetPlatform 'Android'
[2022.09.27-14.10.38:398][  0]LogTargetPlatformManager: Display: Loaded TargetPlatform 'Android_ASTC'
[2022.09.27-14.10.38:398][  0]LogTargetPlatformManager: Display: Loaded TargetPlatform 'Android_DXT'
[2022.09.27-14.10.38:398][  0]LogTargetPlatformManager: Display: Loaded TargetPlatform 'Android_ETC2'
[2022.09.27-14.10.38:398][  0]LogTargetPlatformManager: Display: Loaded TargetPlatform 'AndroidClient'
[2022.09.27-14.10.38:398][  0]LogTargetPlatformManager: Display: Loaded TargetPlatform 'Android_ASTCClient'
[2022.09.27-14.10.38:398][  0]LogTargetPlatformManager: Display: Loaded TargetPlatform 'Android_DXTClient'
[2022.09.27-14.10.38:398][  0]LogTargetPlatformManager: Display: Loaded TargetPlatform 'Android_ETC2Client'
[2022.09.27-14.10.38:398][  0]LogTargetPlatformManager: Display: Loaded TargetPlatform 'Android_Multi'
[2022.09.27-14.10.38:398][  0]LogTargetPlatformManager: Display: Loaded TargetPlatform 'Android_MultiClient'
[2022.09.27-14.10.38:513][  0]LogTargetPlatformManager: Display: Loaded TargetPlatform 'IOSClient'
[2022.09.27-14.10.38:513][  0]LogTargetPlatformManager: Display: Loaded TargetPlatform 'IOS'
[2022.09.27-14.10.38:573][  0]LogTargetPlatformManager: Display: Loaded TargetPlatform 'Linux'
[2022.09.27-14.10.38:618][  0]LogTargetPlatformManager: Display: Loaded TargetPlatform 'LinuxNoEditor'
[2022.09.27-14.10.38:664][  0]LogTargetPlatformManager: Display: Loaded TargetPlatform 'LinuxClient'
[2022.09.27-14.10.38:712][  0]LogTargetPlatformManager: Display: Loaded TargetPlatform 'LinuxServer'
[2022.09.27-14.10.38:763][  0]LogTargetPlatformManager: Display: Loaded TargetPlatform 'LinuxAArch64NoEditor'
[2022.09.27-14.10.38:812][  0]LogTargetPlatformManager: Display: Loaded TargetPlatform 'LinuxAArch64Client'
[2022.09.27-14.10.38:860][  0]LogTargetPlatformManager: Display: Loaded TargetPlatform 'LinuxAArch64Server'
[2022.09.27-14.10.39:007][  0]LogTargetPlatformManager: Display: Loaded TargetPlatform 'Lumin'
[2022.09.27-14.10.39:007][  0]LogTargetPlatformManager: Display: Loaded TargetPlatform 'LuminClient'
[2022.09.27-14.10.39:099][  0]LogTargetPlatformManager: Display: Loaded TargetPlatform 'TVOSClient'
[2022.09.27-14.10.39:099][  0]LogTargetPlatformManager: Display: Loaded TargetPlatform 'TVOS'
[2022.09.27-14.10.39:148][  0]LogTargetPlatformManager: Display: Loaded TargetPlatform 'WindowsNoEditor'
[2022.09.27-14.10.39:204][  0]LogTargetPlatformManager: Display: Loaded TargetPlatform 'Windows'
[2022.09.27-14.10.39:257][  0]LogTargetPlatformManager: Display: Loaded TargetPlatform 'WindowsClient'
[2022.09.27-14.10.39:303][  0]LogTargetPlatformManager: Display: Loaded TargetPlatform 'WindowsServer'
[2022.09.27-14.10.39:303][  0]LogTargetPlatformManager: Display: Building Assets For Windows
[2022.09.27-14.10.39:363][  0]LogAudioDebug: Display: Lib vorbis DLL was dynamically loaded.
[2022.09.27-14.10.39:664][  0]LogShaderCompilers: Guid format shader working directory is -16 characters bigger than the processId version (//ad.liu.se/home/eliak641/Documents/GitHub/Gardengame/Gardengame/Intermediate/Shaders/WorkingDirectory/25172/).
[2022.09.27-14.10.39:664][  0]LogShaderCompilers: Cleaned the shader compiler working directory 'C:/Users/eliak641/AppData/Local/Temp/UnrealShaderWorkingDir/0CDC8DB44805F82FA46F1A922B2557F6/'.
[2022.09.27-14.10.39:665][  0]LogShaderCompilers: Display: Using XGE Shader Compiler (Interception Interface).
[2022.09.27-14.10.42:174][  0]LogDerivedDataCache: Display: Max Cache Size: 512 MB
[2022.09.27-14.10.42:218][  0]LogDerivedDataCache: Loaded boot cache 0.05s 77MB C:/Users/eliak641/AppData/Local/UnrealEngine/4.25/DerivedDataCache/Boot.ddc.
[2022.09.27-14.10.42:218][  0]LogDerivedDataCache: Display: Loaded Boot cache: C:/Users/eliak641/AppData/Local/UnrealEngine/4.25/DerivedDataCache/Boot.ddc
[2022.09.27-14.10.42:219][  0]LogDerivedDataCache: FDerivedDataBackendGraph:  Pak pak cache file //ad.liu.se/home/eliak641/Documents/GitHub/Gardengame/Gardengame/DerivedDataCache/DDC.ddp not found, will not use a pak cache.
[2022.09.27-14.10.42:219][  0]LogDerivedDataCache: Unable to find inner node Pak for hierarchical cache Hierarchy.
[2022.09.27-14.10.42:221][  0]LogDerivedDataCache: FDerivedDataBackendGraph:  CompressedPak pak cache file //ad.liu.se/home/eliak641/Documents/GitHub/Gardengame/Gardengame/DerivedDataCache/Compressed.ddp not found, will not use a pak cache.
[2022.09.27-14.10.42:221][  0]LogDerivedDataCache: Unable to find inner node CompressedPak for hierarchical cache Hierarchy.
[2022.09.27-14.10.42:237][  0]LogDerivedDataCache: Display: Pak cache opened for reading ../../../Engine/DerivedDataCache/Compressed.ddp.
[2022.09.27-14.10.42:237][  0]LogDerivedDataCache: FDerivedDataBackendGraph:  EnterprisePak pak cache file ../../../Enterprise/DerivedDataCache/Compressed.ddp not found, will not use a pak cache.
[2022.09.27-14.10.42:237][  0]LogDerivedDataCache: Unable to find inner node EnterprisePak for hierarchical cache Hierarchy.
[2022.09.27-14.10.42:238][  0]LogDerivedDataCache: Using Local data cache path C:/Users/eliak641/AppData/Local/UnrealEngine/Common/DerivedDataCache: Writable
[2022.09.27-14.10.42:238][  0]LogDerivedDataCache: Shared data cache path not found in *engine.ini, will not use an Shared cache.
[2022.09.27-14.10.42:238][  0]LogDerivedDataCache: Unable to find inner node Shared for hierarchical cache Hierarchy.
[2022.09.27-14.10.42:276][  0]LogSlate: Using FreeType 2.10.0
[2022.09.27-14.10.42:289][  0]LogSlate: SlateFontServices - WITH_FREETYPE: 1, WITH_HARFBUZZ: 1
[2022.09.27-14.10.42:334][  0]LogAssetRegistry: FAssetRegistry took 0.0110 seconds to start up
[2022.09.27-14.10.42:940][  0]LogInit: Selected Device Profile: [Windows]
[2022.09.27-14.10.43:320][  0]LogMeshReduction: Using QuadricMeshReduction for automatic static mesh reduction
[2022.09.27-14.10.43:320][  0]LogMeshReduction: Using SimplygonMeshReduction for automatic skeletal mesh reduction
[2022.09.27-14.10.43:320][  0]LogMeshReduction: Using ProxyLODMeshReduction for automatic mesh merging
[2022.09.27-14.10.43:320][  0]LogMeshReduction: No distributed automatic mesh merging module available
[2022.09.27-14.10.43:320][  0]LogMeshMerging: No distributed automatic mesh merging module available
[2022.09.27-14.10.43:370][  0]LogNetVersion: Gardengame 1.0.0, NetCL: 13144385, EngineNetVer: 14, GameNetVer: 0 (Checksum: 3660204342)
[2022.09.27-14.10.44:369][  0]LogAISub: UAISubsystem::UAISubsystem AISubsystem (000001F139D429C0), frame # 0
[2022.09.27-14.10.44:369][  0]LogAISub: UAISubsystem::UAISubsystem AIPerceptionSystem (000001F139C02840), frame # 0
[2022.09.27-14.10.44:370][  0]LogAISub: UAISubsystem::UAISubsystem EnvQueryManager (000001F139C3DE00), frame # 0
[2022.09.27-14.10.45:857][  0]LogPackageLocalizationCache: Processed 19 localized package path(s) for 1 prioritized culture(s) in 1.472603 seconds
[2022.09.27-14.10.45:861][  0]LogUObjectArray: 15917 objects as part of root set at end of initial load.
[2022.09.27-14.10.45:861][  0]LogUObjectAllocator: 3965568 out of 0 bytes used by permanent object pool.
[2022.09.27-14.10.45:861][  0]LogUObjectArray: CloseDisregardForGC: 0/0 objects in disregard for GC pool
[2022.09.27-14.10.47:446][  0]LogTcpMessaging: Initializing TcpMessaging bridge
[2022.09.27-14.10.47:465][  0]LogUdpMessaging: Initializing bridge on interface 0.0.0.0:0 to multicast group 230.0.0.1:6666.
[2022.09.27-14.10.47:465][  0]LogDirectoryWatcher: A directory notification failed for '//ad.liu.se/home/eliak641/Documents/GitHub/Gardengame/Gardengame/Content/' because it was empty or there was a buffer overflow. Attemping another request...
[2022.09.27-14.10.47:465][  0]LogDirectoryWatcher: A directory notification failed for '//ad.liu.se/home/eliak641/Documents/GitHub/Gardengame/Gardengame/Content/' because it was empty or there was a buffer overflow. Attemping another request...
[2022.09.27-14.10.47:852][  0]SourceControl: Source control is disabled
[2022.09.27-14.10.47:852][  0]SourceControl: Source control is disabled
[2022.09.27-14.10.47:871][  0]SourceControl: Source control is disabled
[2022.09.27-14.10.47:888][  0]SourceControl: Source control is disabled
[2022.09.27-14.10.47:923][  0]SourceControl: Source control is disabled
[2022.09.27-14.10.49:149][  0]LogAndroidPermission: UAndroidPermissionCallbackProxy::GetInstance
[2022.09.27-14.10.49:246][  0]LogAudioCaptureCore: Display: No Audio Capture implementations found. Audio input will be silent.
[2022.09.27-14.10.49:246][  0]LogAudioCaptureCore: Display: No Audio Capture implementations found. Audio input will be silent.
[2022.09.27-14.10.49:426][  0]LogOcInput: OculusInput pre-init called
[2022.09.27-14.10.49:468][  0]LogWindows: Failed to load 'OVRPlugin.dll' (GetLastError=126)
[2022.09.27-14.10.49:468][  0]LogWindows: File 'OVRPlugin.dll' does not exist
[2022.09.27-14.10.49:631][  0]LogEngine: Initializing Engine...
[2022.09.27-14.10.49:632][  0]LogHMD: Failed to initialize OpenVR with code 110
[2022.09.27-14.10.49:632][  0]LogMagicLeap: Warning: VR disabled because ZI is not enabled.  To enable, in the editor, Edit -> Project Settings -> Plugins -> Magic Leap Plugin -> Enable Zero Iteration
[2022.09.27-14.10.49:638][  0]LogStats: UGameplayTagsManager::InitializeManager -  0.006 s
[2022.09.27-14.10.49:885][  0]LogInit: Initializing FReadOnlyCVARCache
[2022.09.27-14.10.49:904][  0]LogAIModule: Creating AISystem for world Untitled
[2022.09.27-14.10.49:904][  0]LogAISub: UAISubsystem::UAISubsystem EnvQueryManager (000001F13FA74600), frame # 0
[2022.09.27-14.10.49:904][  0]LogAISub: UAISubsystem::UAISubsystem AIPerceptionSystem (000001F13FA5E980), frame # 0
[2022.09.27-14.10.49:921][  0]LogAudioMixer: Display: Audio Mixer Platform Settings:
[2022.09.27-14.10.49:921][  0]LogAudioMixer: Display: 	Sample Rate:						  48000
[2022.09.27-14.10.49:921][  0]LogAudioMixer: Display: 	Callback Buffer Frame Size Requested: 1024
[2022.09.27-14.10.49:921][  0]LogAudioMixer: Display: 	Callback Buffer Frame Size To Use:	  1024
[2022.09.27-14.10.49:921][  0]LogAudioMixer: Display: 	Number of buffers to queue:			  2
[2022.09.27-14.10.49:921][  0]LogAudioMixer: Display: 	Max Channels (voices):				  32
[2022.09.27-14.10.49:921][  0]LogAudioMixer: Display: 	Number of Async Source Workers:		  0
[2022.09.27-14.10.49:921][  0]LogAudio: Display: AudioDevice MaxSources: 32
[2022.09.27-14.10.49:921][  0]LogAudio: Display: Using built-in audio occlusion.
[2022.09.27-14.10.49:921][  0]LogAudioMixer: Display: Initializing audio mixer.
[2022.09.27-14.10.49:945][  0]LogAudioMixer: Display: 0: FrontLeft
[2022.09.27-14.10.49:945][  0]LogAudioMixer: Display: 1: FrontRight
[2022.09.27-14.10.50:059][  0]LogAudioMixer: Display: Using Audio Device Remote Audio
[2022.09.27-14.10.50:061][  0]LogAudioMixer: Display: Initializing Sound Submixes...
[2022.09.27-14.10.50:079][  0]LogAudioMixer: Display: Creating Master Submix 'MasterSubmixDefault'
[2022.09.27-14.10.50:079][  0]LogAudioMixer: Display: Creating Master Submix 'MasterReverbSubmixDefault'
[2022.09.27-14.10.50:080][  0]LogAudioMixer: Display: Creating Master Submix 'MasterEQSubmixDefault'
[2022.09.27-14.10.50:081][  0]LogInit: FAudioDevice initialized.
[2022.09.27-14.10.50:081][  0]LogNetVersion: Set ProjectVersion to 1.0.0.0. Version Checksum will be recalculated on next use.
[2022.09.27-14.10.50:117][  0]LogDerivedDataCache: Saved boot cache 0.04s 77MB C:/Users/eliak641/AppData/Local/UnrealEngine/4.25/DerivedDataCache/Boot.ddc.
[2022.09.27-14.10.50:118][  0]LogInit: Texture streaming: Enabled
[2022.09.27-14.10.50:180][  0]LogEngineSessionManager: EngineSessionManager initialized
[2022.09.27-14.10.50:180][  0]LogEditorSessionSummary: Verbose: Initializing EditorSessionSummaryWriter for editor session tracking
[2022.09.27-14.10.50:181][  0]LogEditorSessionSummary: EditorSessionSummaryWriter initialized
[2022.09.27-14.10.50:514][  0]LogInit: Transaction tracking system initialized
[2022.09.27-14.10.50:614][  0]BlueprintLog: New page: Editor Load
[2022.09.27-14.10.50:995][  0]LocalizationService: Localization service is disabled
[2022.09.27-14.10.51:672][  0]LogCook: Display: Max memory allowance for cook 16384mb min free memory 0mb
[2022.09.27-14.10.51:672][  0]LogCook: Display: Mobile HDR setting 1
[2022.09.27-14.10.52:206][  0]LogFileCache: Scanning file cache for directory '//ad.liu.se/home/eliak641/Documents/GitHub/Gardengame/Gardengame/Content/' took 0.16s
[2022.09.27-14.10.52:429][  0]SourceControl: Source control is disabled
[2022.09.27-14.10.52:429][  0]LogUnrealEdMisc: Loading editor; pre map load, took 23.397
[2022.09.27-14.10.52:429][  0]Cmd: MAP LOAD FILE="//ad.liu.se/home/eliak641/Documents/GitHub/Gardengame/Gardengame/Content/StarterContent/Maps/Minimal_Default.umap" TEMPLATE=0 SHOWPROGRESS=1 FEATURELEVEL=3
[2022.09.27-14.10.52:438][  0]LightingResults: New page: Lighting Build
[2022.09.27-14.10.52:439][  0]LogWorld: UWorld::CleanupWorld for Untitled, bSessionEnded=true, bCleanupResources=true
[2022.09.27-14.10.52:439][  0]LogSlate: InvalidateAllWidgets triggered.  All widgets were invalidated
[2022.09.27-14.10.52:439][  0]MapCheck: New page: Map Check
[2022.09.27-14.10.52:439][  0]LightingResults: New page: Lighting Build
[2022.09.27-14.10.52:449][  0]LogAISub: UAISubsystem::~UAISubsystem EnvQueryManager (000001F13FA74600), frame # 0
[2022.09.27-14.10.52:449][  0]LogAISub: UAISubsystem::~UAISubsystem AIPerceptionSystem (000001F13FA5E980), frame # 0
[2022.09.27-14.10.52:450][  0]LogUObjectHash: Compacting FUObjectHashTables data took   0.57ms
[2022.09.27-14.10.53:159][  0]LogStaticMesh: Building static mesh Floor_400x400...
[2022.09.27-14.10.53:160][  0]LogStaticMesh: Built static mesh [0.00s] /Game/StarterContent/Architecture/Floor_400x400.Floor_400x400
[2022.09.27-14.10.53:202][  0]LogAIModule: Creating AISystem for world Minimal_Default
[2022.09.27-14.10.53:202][  0]LogAISub: UAISubsystem::UAISubsystem EnvQueryManager (000001F13FC3CE00), frame # 0
[2022.09.27-14.10.53:202][  0]LogAISub: UAISubsystem::UAISubsystem AIPerceptionSystem (000001F13FAACF40), frame # 0
[2022.09.27-14.10.53:216][  0]LogEditorServer: Finished looking for orphan Actors (0.000 secs)
[2022.09.27-14.10.53:234][  0]LogUObjectHash: Compacting FUObjectHashTables data took   0.56ms
[2022.09.27-14.10.53:235][  0]Cmd: MAP CHECKDEP NOCLEARLOG
[2022.09.27-14.10.53:242][  0]MapCheck: Map check complete: 0 Error(s), 0 Warning(s), took 7,401ms to complete.
[2022.09.27-14.10.53:242][  0]LogFileHelpers: Loading map 'Minimal_Default' took 0.812
[2022.09.27-14.10.53:248][  0]LogUnrealEdMisc: Total Editor Startup Time, took 24.215
[2022.09.27-14.10.53:430][  0]LogSlate: Updating window title bar state: overlay mode, drag disabled, window buttons hidden, title bar hidden
[2022.09.27-14.10.53:435][  0]LogSlate: Updating window title bar state: overlay mode, drag disabled, window buttons hidden, title bar hidden
[2022.09.27-14.10.53:439][  0]LogSlate: Updating window title bar state: overlay mode, drag disabled, window buttons hidden, title bar hidden
[2022.09.27-14.10.53:444][  0]LogSlate: Updating window title bar state: overlay mode, drag disabled, window buttons hidden, title bar hidden
[2022.09.27-14.10.53:472][  0]LogCollectionManager: Loaded 0 collections in 0.005800 seconds
[2022.09.27-14.10.53:553][  0]LogFileCache: Scanning file cache for directory '//ad.liu.se/home/eliak641/Documents/GitHub/Gardengame/Gardengame/Saved/Collections/' took 0.01s
[2022.09.27-14.10.53:553][  0]LogFileCache: Scanning file cache for directory '//ad.liu.se/home/eliak641/Documents/GitHub/Gardengame/Gardengame/Content/Developers/eliak641/Collections/' took 0.02s
[2022.09.27-14.10.53:553][  0]LogFileCache: Scanning file cache for directory '//ad.liu.se/home/eliak641/Documents/GitHub/Gardengame/Gardengame/Content/Collections/' took 0.01s
[2022.09.27-14.10.53:553][  0]LogContentBrowser: Native class hierarchy populated in 0.0082 seconds. Added 3427 classes and 821 folders.
[2022.09.27-14.10.53:557][  0]LogContentBrowser: Native class hierarchy updated for 'WidgetCarousel' in 0.0017 seconds. Added 0 classes and 0 folders.
[2022.09.27-14.10.54:180][  0]LogContentBrowser: Native class hierarchy updated for 'AddContentDialog' in 0.0019 seconds. Added 0 classes and 0 folders.
[2022.09.27-14.10.54:182][  0]LogContentBrowser: Native class hierarchy updated for 'SceneOutliner' in 0.0016 seconds. Added 2 classes and 0 folders.
[2022.09.27-14.10.54:263][  0]LogSlate: Took 0.014234 seconds to synchronously load lazily loaded font '../../../Engine/Content/Slate/Fonts/Roboto-Regular.ttf' (155K)
[2022.09.27-14.10.54:268][  0]LogSlate: Took 0.003632 seconds to synchronously load lazily loaded font '../../../Engine/Content/Slate/Fonts/Roboto-Bold.ttf' (160K)
[2022.09.27-14.10.54:278][  0]LogSlate: Took 0.006558 seconds to synchronously load lazily loaded font '../../../Engine/Content/Editor/Slate/Fonts/FontAwesome.ttf' (139K)
[2022.09.27-14.10.54:572][  0]LogRenderer: Reallocating scene render targets to support 964x440 Format 10 NumSamples 1 (Frame:1).
[2022.09.27-14.10.54:813][  0]LogSlate: Window 'Tutorials' being destroyed
[2022.09.27-14.10.54:842][  0]LogContentBrowser: Native class hierarchy updated for 'HierarchicalLODOutliner' in 0.0054 seconds. Added 0 classes and 0 folders.
[2022.09.27-14.10.54:842][  0]LogLoad: (Engine Initialization) Total time: 25.81 seconds
[2022.09.27-14.10.54:842][  0]LogLoad: (Engine Initialization) Total Blueprint compile time: 0.00 seconds
[2022.09.27-14.10.54:871][  0]LogAssetRegistry: Asset discovery search completed in 12.5383 seconds
[2022.09.27-14.10.54:874][  0]LogCollectionManager: Fixed up redirectors for 0 collections in 0.000002 seconds (updated 0 objects)
[2022.09.27-14.10.54:874][  0]LogDirectoryWatcher: A directory notification failed for '//ad.liu.se/home/eliak641/Documents/GitHub/Gardengame/Gardengame/Content/' because it was empty or there was a buffer overflow. Attemping another request...
[2022.09.27-14.10.54:875][  0]LogDirectoryWatcher: A directory notification failed for '//ad.liu.se/home/eliak641/Documents/GitHub/Gardengame/Gardengame/Content/', and we were unable to create a new request.
[2022.09.27-14.10.54:875][  0]LogDirectoryWatcher: A directory notification failed for '//ad.liu.se/home/eliak641/Documents/GitHub/Gardengame/Gardengame/Content/' because it was empty or there was a buffer overflow. Attemping another request...
[2022.09.27-14.10.54:876][  0]LogDirectoryWatcher: A directory notification failed for '//ad.liu.se/home/eliak641/Documents/GitHub/Gardengame/Gardengame/Content/', and we were unable to create a new request.
[2022.09.27-14.10.54:876][  0]LogDirectoryWatcher: A directory notification failed for '//ad.liu.se/home/eliak641/Documents/GitHub/Gardengame/Gardengame/Saved/Collections/' because it was empty or there was a buffer overflow. Attemping another request...
[2022.09.27-14.10.54:876][  0]LogDirectoryWatcher: A directory notification failed for '//ad.liu.se/home/eliak641/Documents/GitHub/Gardengame/Gardengame/Content/Developers/eliak641/Collections/' because it was empty or there was a buffer overflow. Attemping another request...
[2022.09.27-14.10.54:876][  0]LogDirectoryWatcher: A directory notification failed for '//ad.liu.se/home/eliak641/Documents/GitHub/Gardengame/Gardengame/Content/Collections/' because it was empty or there was a buffer overflow. Attemping another request...
[2022.09.27-14.10.54:877][  0]LogContentStreaming: Texture pool size now 1000 MB
[2022.09.27-14.10.54:901][  0]LogSlate: Took 0.004626 seconds to synchronously load lazily loaded font '../../../Engine/Content/Slate/Fonts/Roboto-Light.ttf' (167K)
[2022.09.27-14.10.54:985][  2]LogDirectoryWatcher: A directory notification failed for '//ad.liu.se/home/eliak641/Documents/GitHub/Gardengame/Gardengame/Saved/Collections/' because it was empty or there was a buffer overflow. Attemping another request...
[2022.09.27-14.10.54:987][  2]LogDirectoryWatcher: A directory notification failed for '//ad.liu.se/home/eliak641/Documents/GitHub/Gardengame/Gardengame/Saved/Collections/', and we were unable to create a new request.
[2022.09.27-14.10.54:987][  2]LogDirectoryWatcher: A directory notification failed for '//ad.liu.se/home/eliak641/Documents/GitHub/Gardengame/Gardengame/Content/Developers/eliak641/Collections/' because it was empty or there was a buffer overflow. Attemping another request...
[2022.09.27-14.10.54:988][  2]LogDirectoryWatcher: A directory notification failed for '//ad.liu.se/home/eliak641/Documents/GitHub/Gardengame/Gardengame/Content/Developers/eliak641/Collections/', and we were unable to create a new request.
[2022.09.27-14.10.54:988][  2]LogDirectoryWatcher: A directory notification failed for '//ad.liu.se/home/eliak641/Documents/GitHub/Gardengame/Gardengame/Content/Collections/' because it was empty or there was a buffer overflow. Attemping another request...
[2022.09.27-14.10.54:989][  2]LogDirectoryWatcher: A directory notification failed for '//ad.liu.se/home/eliak641/Documents/GitHub/Gardengame/Gardengame/Content/Collections/', and we were unable to create a new request.
[2022.09.27-14.11.08:695][630]LogEditorViewport: Clicking on Actor (LMB): StaticMeshActor (Floor)
[2022.09.27-14.11.09:522][709]LogRenderer: Reallocating scene render targets to support 964x444 Format 10 NumSamples 1 (Frame:12).
[2022.09.27-14.11.09:552][710]LogRenderer: Reallocating scene render targets to support 964x452 Format 10 NumSamples 1 (Frame:14).
[2022.09.27-14.11.09:583][711]LogRenderer: Reallocating scene render targets to support 964x456 Format 10 NumSamples 1 (Frame:16).
[2022.09.27-14.11.09:617][712]LogRenderer: Reallocating scene render targets to support 964x464 Format 10 NumSamples 1 (Frame:18).
[2022.09.27-14.11.09:671][716]LogRenderer: Reallocating scene render targets to support 964x472 Format 10 NumSamples 1 (Frame:20).
[2022.09.27-14.11.09:754][719]LogRenderer: Reallocating scene render targets to support 964x476 Format 10 NumSamples 1 (Frame:26).
[2022.09.27-14.11.09:784][720]LogRenderer: Reallocating scene render targets to support 964x480 Format 10 NumSamples 1 (Frame:28).
[2022.09.27-14.11.09:834][724]LogRenderer: Reallocating scene render targets to support 964x484 Format 10 NumSamples 1 (Frame:30).
[2022.09.27-14.11.09:924][731]LogRenderer: Reallocating scene render targets to support 964x488 Format 10 NumSamples 1 (Frame:34).
[2022.09.27-14.11.09:977][733]LogRenderer: Reallocating scene render targets to support 964x496 Format 10 NumSamples 1 (Frame:38).
[2022.09.27-14.11.10:007][734]LogRenderer: Reallocating scene render targets to support 964x516 Format 10 NumSamples 1 (Frame:40).
[2022.09.27-14.11.10:039][735]LogRenderer: Reallocating scene render targets to support 964x540 Format 10 NumSamples 1 (Frame:42).
[2022.09.27-14.11.10:071][736]LogRenderer: Reallocating scene render targets to support 964x560 Format 10 NumSamples 1 (Frame:44).
[2022.09.27-14.11.10:102][737]LogRenderer: Reallocating scene render targets to support 964x580 Format 10 NumSamples 1 (Frame:46).
[2022.09.27-14.11.10:131][738]LogRenderer: Reallocating scene render targets to support 964x616 Format 10 NumSamples 1 (Frame:48).
[2022.09.27-14.11.10:182][742]LogRenderer: Reallocating scene render targets to support 964x652 Format 10 NumSamples 1 (Frame:50).
[2022.09.27-14.11.10:212][743]LogRenderer: Reallocating scene render targets to support 964x660 Format 10 NumSamples 1 (Frame:52).
[2022.09.27-14.11.10:244][744]LogRenderer: Reallocating scene render targets to support 964x672 Format 10 NumSamples 1 (Frame:54).
[2022.09.27-14.11.10:274][745]LogRenderer: Reallocating scene render targets to support 964x680 Format 10 NumSamples 1 (Frame:56).
[2022.09.27-14.11.10:299][746]LogRenderer: Reallocating scene render targets to support 964x684 Format 10 NumSamples 1 (Frame:58).
[2022.09.27-14.14.02:365][721]LogSlate: Window 'Tutorials' being destroyed
[2022.09.27-14.18.08:647][160]LogUObjectGlobals: Warning: Failed to find object 'Object None.ActorDetails'
[2022.09.27-14.21.02:639][951]LogSlate: Window 'Tutorials' being destroyed
[2022.09.27-14.21.25:353][680]LogSlate: Took 0.000154 seconds to synchronously load lazily loaded font '../../../Engine/Content/Slate/Fonts/Roboto-Light.ttf' (167K)
[2022.09.27-14.21.34:082][706]LogUObjectHash: Compacting FUObjectHashTables data took   0.69ms
[2022.09.27-14.21.35:494][706]LogSavePackage: Moving '//ad.liu.se/home/eliak641/Documents/GitHub/Gardengame/Gardengame/Saved/Minimal_Default_Auto1CB0D3A0444B605CFC69DFDA0C79A9F30.tmp' to '//ad.liu.se/home/eliak641/Documents/GitHub/Gardengame/Gardengame/Saved/Autosaves/Game/StarterContent/Maps/Minimal_Default_Auto1.umap'
[2022.09.27-14.21.35:537][706]LogFileHelpers: Editor autosave (incl. sublevels) for '/Game/StarterContent/Maps/Minimal_Default' took 1.466
[2022.09.27-14.21.35:537][706]LogFileHelpers: Editor autosave (incl. sublevels) for all levels took 1.466
[2022.09.27-14.54.46:273][676]LogSlate: Window 'Create Blueprint From Selection' being destroyed
[2022.09.27-14.55.22:973][396]LogUObjectHash: Compacting FUObjectHashTables data took   0.57ms
[2022.09.27-14.55.24:546][396]LogSavePackage: Moving '//ad.liu.se/home/eliak641/Documents/GitHub/Gardengame/Gardengame/Saved/Minimal_Default_Auto2737068A5447D501A2D51BFBA99252FAE.tmp' to '//ad.liu.se/home/eliak641/Documents/GitHub/Gardengame/Gardengame/Saved/Autosaves/Game/StarterContent/Maps/Minimal_Default_Auto2.umap'
[2022.09.27-14.55.24:585][396]LogFileHelpers: Editor autosave (incl. sublevels) for '/Game/StarterContent/Maps/Minimal_Default' took 1.620
[2022.09.27-14.55.24:585][396]LogFileHelpers: Editor autosave (incl. sublevels) for all levels took 1.620
