Log file open, 10/07/22 11:49:04
LogInit: Display: Running engine for game: MyProject
LogPlatformFile: Not using cached read wrapper
LogTaskGraph: Started task graph with 5 named threads and 47 total threads with 3 sets of task threads.
LogStats: Stats thread started at 0.213147
LogD3D11RHI: Loaded GFSDK_Aftermath_Lib.x64.dll
LogICUInternationalization: ICU TimeZone Detection - Raw Offset: +1:00, Platform Override: ''
LogPluginManager: Mounting plugin Paper2D
LogPluginManager: Mounting plugin AISupport
LogPluginManager: Mounting plugin LightPropagationVolume
LogPluginManager: Mounting plugin CameraShakePreviewer
LogPluginManager: Mounting plugin ActorLayerUtilities
LogPluginManager: Mounting plugin AnimationSharing
LogPluginManager: Mounting plugin CLionSourceCodeAccess
LogPluginManager: Mounting plugin CodeLiteSourceCodeAccess
LogPluginManager: Mounting plugin GitSourceControl
LogPluginManager: Mounting plugin KDevelopSourceCodeAccess
LogPluginManager: Mounting plugin NullSourceCodeAccess
LogPluginManager: Mounting plugin PerforceSourceControl
LogPluginManager: Mounting plugin PlasticSourceControl
LogPluginManager: Mounting plugin RiderSourceCodeAccess
LogPluginManager: Mounting plugin SubversionSourceControl
LogPluginManager: Mounting plugin UObjectPlugin
LogPluginManager: Mounting plugin VisualStudioCodeSourceCodeAccess
LogPluginManager: Mounting plugin VisualStudioSourceCodeAccess
LogPluginManager: Mounting plugin XCodeSourceCodeAccess
LogPluginManager: Mounting plugin AssetManagerEditor
LogPluginManager: Mounting plugin CryptoKeys
LogPluginManager: Mounting plugin CurveEditorTools
LogPluginManager: Mounting plugin DataValidation
LogPluginManager: Mounting plugin EditorScriptingUtilities
LogPluginManager: Mounting plugin FacialAnimation
LogPluginManager: Mounting plugin GameplayTagsEditor
LogPluginManager: Mounting plugin GeometryMode
LogPluginManager: Mounting plugin MacGraphicsSwitching
LogPluginManager: Mounting plugin MaterialAnalyzer
LogPluginManager: Mounting plugin MobileLauncherProfileWizard
LogPluginManager: Mounting plugin PluginBrowser
LogPluginManager: Mounting plugin SpeedTreeImporter
LogPluginManager: Mounting plugin DatasmithContent
LogPluginManager: Mounting plugin VariantManagerContent
LogPluginManager: Mounting plugin AlembicImporter
LogPluginManager: Mounting plugin AutomationUtils
LogPluginManager: Mounting plugin BackChannel
LogPluginManager: Mounting plugin ChaosCloth
LogPluginManager: Mounting plugin ChaosClothEditor
LogPluginManager: Mounting plugin ChaosEditor
LogPluginManager: Mounting plugin ChaosNiagara
LogPluginManager: Mounting plugin ChaosSolverPlugin
LogPluginManager: Mounting plugin CharacterAI
LogPluginManager: Mounting plugin GeometryCache
LogPluginManager: Mounting plugin GeometryCollectionPlugin
LogPluginManager: Mounting plugin GeometryProcessing
LogPluginManager: Mounting plugin PlanarCut
LogPluginManager: Mounting plugin PlatformCrypto
LogPluginManager: Mounting plugin ProxyLODPlugin
LogPluginManager: Mounting plugin SkeletalReduction
LogPluginManager: Mounting plugin Niagara
LogPluginManager: Mounting plugin MagicLeap
LogPluginManager: Mounting plugin MagicLeapLightEstimation
LogPluginManager: Mounting plugin MagicLeapMedia
LogPluginManager: Mounting plugin MagicLeapPassableWorld
LogPluginManager: Mounting plugin MLSDK
LogPluginManager: Mounting plugin AndroidMedia
LogPluginManager: Mounting plugin AvfMedia
LogPluginManager: Mounting plugin ImgMedia
LogPluginManager: Mounting plugin MediaCompositing
LogPluginManager: Mounting plugin MediaPlayerEditor
LogPluginManager: Mounting plugin WebMMedia
LogPluginManager: Mounting plugin WmfMedia
LogPluginManager: Mounting plugin MeshPainting
LogPluginManager: Mounting plugin TcpMessaging
LogPluginManager: Mounting plugin UdpMessaging
LogPluginManager: Mounting plugin ActorSequence
LogPluginManager: Mounting plugin LevelSequenceEditor
LogPluginManager: Mounting plugin MatineeToLevelSequence
LogPluginManager: Mounting plugin MovieRenderPipeline
LogPluginManager: Mounting plugin TemplateSequence
LogPluginManager: Mounting plugin NetcodeUnitTest
LogPluginManager: Mounting plugin NUTUnrealEngine4
LogPluginManager: Mounting plugin OnlineSubsystemGooglePlay
LogPluginManager: Mounting plugin OnlineSubsystemIOS
LogPluginManager: Mounting plugin OnlineSubsystem
LogPluginManager: Mounting plugin OnlineSubsystemNull
LogPluginManager: Mounting plugin OnlineSubsystemUtils
LogPluginManager: Mounting plugin LauncherChunkInstaller
LogPluginManager: Mounting plugin AndroidDeviceProfileSelector
LogPluginManager: Mounting plugin AndroidMoviePlayer
LogPluginManager: Mounting plugin AndroidPermission
LogPluginManager: Mounting plugin AppleImageUtils
LogPluginManager: Mounting plugin AppleMoviePlayer
LogPluginManager: Mounting plugin ArchVisCharacter
LogPluginManager: Mounting plugin AssetTags
LogPluginManager: Mounting plugin AudioCapture
LogPluginManager: Mounting plugin CableComponent
LogPluginManager: Mounting plugin CustomMeshComponent
LogPluginManager: Mounting plugin EditableMesh
LogPluginManager: Mounting plugin ExampleDeviceProfileSelector
LogPluginManager: Mounting plugin GoogleCloudMessaging
LogPluginManager: Mounting plugin GooglePAD
LogPluginManager: Mounting plugin IOSDeviceProfileSelector
LogPluginManager: Mounting plugin LinuxDeviceProfileSelector
LogPluginManager: Mounting plugin LocationServicesBPLibrary
LogPluginManager: Mounting plugin MobilePatchingUtils
LogPluginManager: Mounting plugin OculusVR
LogPluginManager: Mounting plugin PhysXVehicles
LogPluginManager: Mounting plugin PostSplashScreen
LogPluginManager: Mounting plugin ProceduralMeshComponent
LogPluginManager: Mounting plugin RuntimePhysXCooking
LogPluginManager: Mounting plugin SignificanceManager
LogPluginManager: Mounting plugin SoundFields
LogPluginManager: Mounting plugin SteamVR
LogPluginManager: Mounting plugin Synthesis
LogPluginManager: Mounting plugin WebMMoviePlayer
LogPluginManager: Mounting plugin WindowsMoviePlayer
LogPluginManager: Mounting plugin ScreenshotTools
LogInit: Using libcurl 7.55.1-DEV
LogInit:  - built for x86_64-pc-win32
LogInit:  - supports SSL with OpenSSL/1.1.1
LogInit:  - supports HTTP deflate (compression) using libz 1.2.8
LogInit:  - other features:
LogInit:      CURL_VERSION_SSL
LogInit:      CURL_VERSION_LIBZ
LogInit:      CURL_VERSION_IPV6
LogInit:      CURL_VERSION_ASYNCHDNS
LogInit:      CURL_VERSION_LARGEFILE
LogInit:      CURL_VERSION_IDN
LogInit:  CurlRequestOptions (configurable via config and command line):
LogInit:  - bVerifyPeer = true  - Libcurl will verify peer certificate
LogInit:  - bUseHttpProxy = false  - Libcurl will NOT use HTTP proxy
LogInit:  - bDontReuseConnections = false  - Libcurl will reuse connections
LogInit:  - MaxHostConnections = 16  - Libcurl will limit the number of connections to a host
LogInit:  - LocalHostAddr = Default
LogInit:  - BufferSize = 65536
LogOnline: OSS: Creating online subsystem instance for: NULL
LogInit: WinSock: version 1.1 (2.2), MaxSocks=32767, MaxUdp=65467
LogOnline: OSS: TryLoadSubsystemAndSetDefault: Loaded subsystem for module [NULL]
LogInit: Build: ++UE4+Release-4.25-CL-13942748
LogInit: Engine Version: 4.25.3-13942748+++UE4+Release-4.25
LogInit: Compatible Engine Version: 4.25.0-13144385+++UE4+Release-4.25
LogInit: Net CL: 13144385
LogInit: OS: Windows 10 (Release 2009) (), CPU: Intel(R) Core(TM) i7-10700 CPU @ 2.90GHz, GPU: Microsoft Remote Display Adapter
LogInit: Compiled (64-bit): Jul 25 2020 02:07:48
LogInit: Compiled with Visual C++: 19.24.28315.00
LogInit: Build Configuration: Development
LogInit: Branch Name: ++UE4+Release-4.25
LogInit: Command Line: 
LogInit: Base Directory: C:/Program Files/Epic Games/UE_4.25/Engine/Binaries/Win64/
LogInit: Allocator: TBB
LogInit: Installed Engine Build: 1
LogDevObjectVersion: Number of dev versions registered: 26
LogDevObjectVersion:   Dev-Blueprints (B0D832E4-1F89-4F0D-ACCF-7EB736FD4AA2): 10
LogDevObjectVersion:   Dev-Build (E1C64328-A22C-4D53-A36C-8E866417BD8C): 0
LogDevObjectVersion:   Dev-Core (375EC13C-06E4-48FB-B500-84F0262A717E): 4
LogDevObjectVersion:   Dev-Editor (E4B068ED-F494-42E9-A231-DA0B2E46BB41): 38
LogDevObjectVersion:   Dev-Framework (CFFC743F-43B0-4480-9391-14DF171D2073): 37
LogDevObjectVersion:   Dev-Mobile (B02B49B5-BB20-44E9-A304-32B752E40360): 2
LogDevObjectVersion:   Dev-Networking (A4E4105C-59A1-49B5-A7C5-40C4547EDFEE): 0
LogDevObjectVersion:   Dev-Online (39C831C9-5AE6-47DC-9A44-9C173E1C8E7C): 0
LogDevObjectVersion:   Dev-Physics (78F01B33-EBEA-4F98-B9B4-84EACCB95AA2): 4
LogDevObjectVersion:   Dev-Platform (6631380F-2D4D-43E0-8009-CF276956A95A): 0
LogDevObjectVersion:   Dev-Rendering (12F88B9F-8875-4AFC-A67C-D90C383ABD29): 43
LogDevObjectVersion:   Dev-Sequencer (7B5AE74C-D270-4C10-A958-57980B212A5A): 12
LogDevObjectVersion:   Dev-VR (D7296918-1DD6-4BDD-9DE2-64A83CC13884): 3
LogDevObjectVersion:   Dev-LoadTimes (C2A15278-BFE7-4AFE-6C17-90FF531DF755): 1
LogDevObjectVersion:   Private-Geometry (6EACA3D4-40EC-4CC1-B786-8BED09428FC5): 3
LogDevObjectVersion:   Dev-AnimPhys (29E575DD-E0A3-4627-9D10-D276232CDCEA): 17
LogDevObjectVersion:   Dev-Anim (AF43A65D-7FD3-4947-9873-3E8ED9C1BB05): 7
LogDevObjectVersion:   Dev-ReflectionCapture (6B266CEC-1EC7-4B8F-A30B-E4D90942FC07): 1
LogDevObjectVersion:   Dev-Automation (0DF73D61-A23F-47EA-B727-89E90C41499A): 1
LogDevObjectVersion:   FortniteMain (601D1886-AC64-4F84-AA16-D3DE0DEAC7D6): 31
LogDevObjectVersion:   Dev-Enterprise (9DFFBCD6-494F-0158-E221-12823C92A888): 10
LogDevObjectVersion:   Dev-Niagara (F2AED0AC-9AFE-416F-8664-AA7FFA26D6FC): 1
LogDevObjectVersion:   Dev-Destruction (174F1F0B-B4C6-45A5-B13F-2EE8D0FB917D): 10
LogDevObjectVersion:   Dev-Physics-Ext (35F94A83-E258-406C-A318-09F59610247C): 37
LogDevObjectVersion:   Dev-PhysicsMaterial-Chaos (B68FC16E-8B1B-42E2-B453-215C058844FE): 1
LogDevObjectVersion:   Dev-CineCamera (B2E18506-4273-CFC2-A54E-F4BB758BBA07): 1
LogInit: Presizing for max 25165824 objects, including 0 objects not considered by GC, pre-allocating 0 bytes for permanent pool.
LogConfig: Applying CVar settings from Section [/Script/Engine.StreamingSettings] File [//ad.liu.se/home/eliak641/Documents/GitHub/Gardengame/MyProject/Saved/Config/Windows/Engine.ini]
LogConfig: Setting CVar [[s.MinBulkDataSizeForAsyncLoading:131072]]
LogConfig: Setting CVar [[s.AsyncLoadingThreadEnabled:0]]
LogConfig: Setting CVar [[s.EventDrivenLoaderEnabled:1]]
LogConfig: Setting CVar [[s.WarnIfTimeLimitExceeded:0]]
LogConfig: Setting CVar [[s.TimeLimitExceededMultiplier:1.5]]
LogConfig: Setting CVar [[s.TimeLimitExceededMinTime:0.005]]
LogConfig: Setting CVar [[s.UseBackgroundLevelStreaming:1]]
LogConfig: Setting CVar [[s.PriorityAsyncLoadingExtraTime:15.0]]
LogConfig: Setting CVar [[s.LevelStreamingActorsUpdateTimeLimit:5.0]]
LogConfig: Setting CVar [[s.PriorityLevelStreamingActorsUpdateExtraTime:5.0]]
LogConfig: Setting CVar [[s.LevelStreamingComponentsRegistrationGranularity:10]]
LogConfig: Setting CVar [[s.UnregisterComponentsTimeLimit:1.0]]
LogConfig: Setting CVar [[s.LevelStreamingComponentsUnregistrationGranularity:5]]
LogConfig: Setting CVar [[s.FlushStreamingOnExit:1]]
LogInit: Object subsystem initialized
LogConfig: Setting CVar [[con.DebugEarlyDefault:1]]
LogConfig: Setting CVar [[r.setres:1280x720]]
[2022.10.07-09.49.06:773][  0]LogConfig: Setting CVar [[r.VSync:0]]
[2022.10.07-09.49.06:773][  0]LogConfig: Setting CVar [[r.RHICmdBypass:0]]
[2022.10.07-09.49.06:773][  0]LogConfig: Applying CVar settings from Section [/Script/Engine.RendererSettings] File [//ad.liu.se/home/eliak641/Documents/GitHub/Gardengame/MyProject/Saved/Config/Windows/Engine.ini]
[2022.10.07-09.49.06:773][  0]LogConfig: Setting CVar [[r.GPUCrashDebugging:0]]
[2022.10.07-09.49.06:773][  0]LogConfig: Applying CVar settings from Section [/Script/Engine.RendererOverrideSettings] File [//ad.liu.se/home/eliak641/Documents/GitHub/Gardengame/MyProject/Saved/Config/Windows/Engine.ini]
[2022.10.07-09.49.06:773][  0]LogConfig: Applying CVar settings from Section [/Script/Engine.StreamingSettings] File [//ad.liu.se/home/eliak641/Documents/GitHub/Gardengame/MyProject/Saved/Config/Windows/Engine.ini]
[2022.10.07-09.49.06:773][  0]LogConfig: Setting CVar [[s.MinBulkDataSizeForAsyncLoading:131072]]
[2022.10.07-09.49.06:773][  0]LogConfig: Setting CVar [[s.AsyncLoadingThreadEnabled:0]]
[2022.10.07-09.49.06:773][  0]LogConfig: Setting CVar [[s.EventDrivenLoaderEnabled:1]]
[2022.10.07-09.49.06:773][  0]LogConfig: Setting CVar [[s.WarnIfTimeLimitExceeded:0]]
[2022.10.07-09.49.06:774][  0]LogConfig: Setting CVar [[s.TimeLimitExceededMultiplier:1.5]]
[2022.10.07-09.49.06:774][  0]LogConfig: Setting CVar [[s.TimeLimitExceededMinTime:0.005]]
[2022.10.07-09.49.06:774][  0]LogConfig: Setting CVar [[s.UseBackgroundLevelStreaming:1]]
[2022.10.07-09.49.06:774][  0]LogConfig: Setting CVar [[s.PriorityAsyncLoadingExtraTime:15.0]]
[2022.10.07-09.49.06:774][  0]LogConfig: Setting CVar [[s.LevelStreamingActorsUpdateTimeLimit:5.0]]
[2022.10.07-09.49.06:774][  0]LogConfig: Setting CVar [[s.PriorityLevelStreamingActorsUpdateExtraTime:5.0]]
[2022.10.07-09.49.06:774][  0]LogConfig: Setting CVar [[s.LevelStreamingComponentsRegistrationGranularity:10]]
[2022.10.07-09.49.06:774][  0]LogConfig: Setting CVar [[s.UnregisterComponentsTimeLimit:1.0]]
[2022.10.07-09.49.06:774][  0]LogConfig: Setting CVar [[s.LevelStreamingComponentsUnregistrationGranularity:5]]
[2022.10.07-09.49.06:774][  0]LogConfig: Setting CVar [[s.FlushStreamingOnExit:1]]
[2022.10.07-09.49.06:774][  0]LogConfig: Applying CVar settings from Section [/Script/Engine.GarbageCollectionSettings] File [//ad.liu.se/home/eliak641/Documents/GitHub/Gardengame/MyProject/Saved/Config/Windows/Engine.ini]
[2022.10.07-09.49.06:774][  0]LogConfig: Setting CVar [[gc.MaxObjectsNotConsideredByGC:1]]
[2022.10.07-09.49.06:774][  0]LogConfig: Setting CVar [[gc.SizeOfPermanentObjectPool:0]]
[2022.10.07-09.49.06:774][  0]LogConfig: Setting CVar [[gc.FlushStreamingOnGC:0]]
[2022.10.07-09.49.06:774][  0]LogConfig: Setting CVar [[gc.NumRetriesBeforeForcingGC:10]]
[2022.10.07-09.49.06:774][  0]LogConfig: Setting CVar [[gc.AllowParallelGC:1]]
[2022.10.07-09.49.06:774][  0]LogConfig: Setting CVar [[gc.TimeBetweenPurgingPendingKillObjects:61.1]]
[2022.10.07-09.49.06:774][  0]LogConfig: Setting CVar [[gc.MaxObjectsInEditor:25165824]]
[2022.10.07-09.49.06:774][  0]LogConfig: Setting CVar [[gc.IncrementalBeginDestroyEnabled:1]]
[2022.10.07-09.49.06:774][  0]LogConfig: Setting CVar [[gc.CreateGCClusters:1]]
[2022.10.07-09.49.06:774][  0]LogConfig: Setting CVar [[gc.MinGCClusterSize:5]]
[2022.10.07-09.49.06:774][  0]LogConfig: Setting CVar [[gc.ActorClusteringEnabled:0]]
[2022.10.07-09.49.06:774][  0]LogConfig: Setting CVar [[gc.BlueprintClusteringEnabled:0]]
[2022.10.07-09.49.06:774][  0]LogConfig: Setting CVar [[gc.UseDisregardForGCOnDedicatedServers:0]]
[2022.10.07-09.49.06:774][  0]LogConfig: Applying CVar settings from Section [/Script/Engine.NetworkSettings] File [//ad.liu.se/home/eliak641/Documents/GitHub/Gardengame/MyProject/Saved/Config/Windows/Engine.ini]
[2022.10.07-09.49.06:774][  0]LogConfig: Applying CVar settings from Section [/Script/UnrealEd.CookerSettings] File [//ad.liu.se/home/eliak641/Documents/GitHub/Gardengame/MyProject/Saved/Config/Windows/Engine.ini]
[2022.10.07-09.49.06:778][  0]LogConfig: Applying CVar settings from Section [ViewDistanceQuality@3] File [//ad.liu.se/home/eliak641/Documents/GitHub/Gardengame/MyProject/Saved/Config/Windows/Scalability.ini]
[2022.10.07-09.49.06:778][  0]LogConfig: Setting CVar [[r.SkeletalMeshLODBias:0]]
[2022.10.07-09.49.06:778][  0]LogConfig: Setting CVar [[r.ViewDistanceScale:1.0]]
[2022.10.07-09.49.06:778][  0]LogConfig: Applying CVar settings from Section [AntiAliasingQuality@3] File [//ad.liu.se/home/eliak641/Documents/GitHub/Gardengame/MyProject/Saved/Config/Windows/Scalability.ini]
[2022.10.07-09.49.06:778][  0]LogConfig: Setting CVar [[r.PostProcessAAQuality:4]]
[2022.10.07-09.49.06:778][  0]LogConfig: Applying CVar settings from Section [ShadowQuality@3] File [//ad.liu.se/home/eliak641/Documents/GitHub/Gardengame/MyProject/Saved/Config/Windows/Scalability.ini]
[2022.10.07-09.49.06:778][  0]LogConfig: Setting CVar [[r.LightFunctionQuality:1]]
[2022.10.07-09.49.06:778][  0]LogConfig: Setting CVar [[r.ShadowQuality:5]]
[2022.10.07-09.49.06:778][  0]LogConfig: Setting CVar [[r.Shadow.CSM.MaxCascades:10]]
[2022.10.07-09.49.06:778][  0]LogConfig: Setting CVar [[r.Shadow.MaxResolution:2048]]
[2022.10.07-09.49.06:778][  0]LogConfig: Setting CVar [[r.Shadow.MaxCSMResolution:2048]]
[2022.10.07-09.49.06:778][  0]LogConfig: Setting CVar [[r.Shadow.RadiusThreshold:0.01]]
[2022.10.07-09.49.06:778][  0]LogConfig: Setting CVar [[r.Shadow.DistanceScale:1.0]]
[2022.10.07-09.49.06:778][  0]LogConfig: Setting CVar [[r.Shadow.CSM.TransitionScale:1.0]]
[2022.10.07-09.49.06:778][  0]LogConfig: Setting CVar [[r.Shadow.PreShadowResolutionFactor:1.0]]
[2022.10.07-09.49.06:778][  0]LogConfig: Setting CVar [[r.DistanceFieldShadowing:1]]
[2022.10.07-09.49.06:778][  0]LogConfig: Setting CVar [[r.DistanceFieldAO:1]]
[2022.10.07-09.49.06:778][  0]LogConfig: Setting CVar [[r.AOQuality:2]]
[2022.10.07-09.49.06:778][  0]LogConfig: Setting CVar [[r.VolumetricFog:1]]
[2022.10.07-09.49.06:778][  0]LogConfig: Setting CVar [[r.VolumetricFog.GridPixelSize:8]]
[2022.10.07-09.49.06:778][  0]LogConfig: Setting CVar [[r.VolumetricFog.GridSizeZ:128]]
[2022.10.07-09.49.06:778][  0]LogConfig: Setting CVar [[r.VolumetricFog.HistoryMissSupersampleCount:4]]
[2022.10.07-09.49.06:778][  0]LogConfig: Setting CVar [[r.LightMaxDrawDistanceScale:1]]
[2022.10.07-09.49.06:778][  0]LogConfig: Setting CVar [[r.CapsuleShadows:1]]
[2022.10.07-09.49.06:778][  0]LogConfig: Applying CVar settings from Section [PostProcessQuality@3] File [//ad.liu.se/home/eliak641/Documents/GitHub/Gardengame/MyProject/Saved/Config/Windows/Scalability.ini]
[2022.10.07-09.49.06:778][  0]LogConfig: Setting CVar [[r.MotionBlurQuality:4]]
[2022.10.07-09.49.06:778][  0]LogConfig: Setting CVar [[r.AmbientOcclusionMipLevelFactor:0.4]]
[2022.10.07-09.49.06:778][  0]LogConfig: Setting CVar [[r.AmbientOcclusionMaxQuality:100]]
[2022.10.07-09.49.06:778][  0]LogConfig: Setting CVar [[r.AmbientOcclusionLevels:-1]]
[2022.10.07-09.49.06:778][  0]LogConfig: Setting CVar [[r.AmbientOcclusionRadiusScale:1.0]]
[2022.10.07-09.49.06:778][  0]LogConfig: Setting CVar [[r.DepthOfFieldQuality:2]]
[2022.10.07-09.49.06:778][  0]LogConfig: Setting CVar [[r.RenderTargetPoolMin:400]]
[2022.10.07-09.49.06:778][  0]LogConfig: Setting CVar [[r.LensFlareQuality:2]]
[2022.10.07-09.49.06:778][  0]LogConfig: Setting CVar [[r.SceneColorFringeQuality:1]]
[2022.10.07-09.49.06:778][  0]LogConfig: Setting CVar [[r.EyeAdaptationQuality:2]]
[2022.10.07-09.49.06:778][  0]LogConfig: Setting CVar [[r.BloomQuality:5]]
[2022.10.07-09.49.06:778][  0]LogConfig: Setting CVar [[r.FastBlurThreshold:100]]
[2022.10.07-09.49.06:778][  0]LogConfig: Setting CVar [[r.Upscale.Quality:3]]
[2022.10.07-09.49.06:778][  0]LogConfig: Setting CVar [[r.Tonemapper.GrainQuantization:1]]
[2022.10.07-09.49.06:778][  0]LogConfig: Setting CVar [[r.LightShaftQuality:1]]
[2022.10.07-09.49.06:778][  0]LogConfig: Setting CVar [[r.Filter.SizeScale:1]]
[2022.10.07-09.49.06:778][  0]LogConfig: Setting CVar [[r.Tonemapper.Quality:5]]
[2022.10.07-09.49.06:778][  0]LogConfig: Setting CVar [[r.DOF.Gather.AccumulatorQuality:1        ; higher gathering accumulator quality]]
[2022.10.07-09.49.06:778][  0]LogConfig: Setting CVar [[r.DOF.Gather.PostfilterMethod:1          ; Median3x3 postfilering method]]
[2022.10.07-09.49.06:778][  0]LogConfig: Setting CVar [[r.DOF.Gather.EnableBokehSettings:0       ; no bokeh simulation when gathering]]
[2022.10.07-09.49.06:778][  0]LogConfig: Setting CVar [[r.DOF.Gather.RingCount:4                 ; medium number of samples when gathering]]
[2022.10.07-09.49.06:778][  0]LogConfig: Setting CVar [[r.DOF.Scatter.ForegroundCompositing:1    ; additive foreground scattering]]
[2022.10.07-09.49.06:778][  0]LogConfig: Setting CVar [[r.DOF.Scatter.BackgroundCompositing:2    ; additive background scattering]]
[2022.10.07-09.49.06:778][  0]LogConfig: Setting CVar [[r.DOF.Scatter.EnableBokehSettings:1      ; bokeh simulation when scattering]]
[2022.10.07-09.49.06:778][  0]LogConfig: Setting CVar [[r.DOF.Scatter.MaxSpriteRatio:0.1         ; only a maximum of 10% of scattered bokeh]]
[2022.10.07-09.49.06:778][  0]LogConfig: Setting CVar [[r.DOF.Recombine.Quality:1                ; cheap slight out of focus]]
[2022.10.07-09.49.06:778][  0]LogConfig: Setting CVar [[r.DOF.Recombine.EnableBokehSettings:0    ; no bokeh simulation on slight out of focus]]
[2022.10.07-09.49.06:778][  0]LogConfig: Setting CVar [[r.DOF.TemporalAAQuality:1                ; more stable temporal accumulation]]
[2022.10.07-09.49.06:778][  0]LogConfig: Setting CVar [[r.DOF.Kernel.MaxForegroundRadius:0.025]]
[2022.10.07-09.49.06:778][  0]LogConfig: Setting CVar [[r.DOF.Kernel.MaxBackgroundRadius:0.025]]
[2022.10.07-09.49.06:778][  0]LogConfig: Applying CVar settings from Section [TextureQuality@3] File [//ad.liu.se/home/eliak641/Documents/GitHub/Gardengame/MyProject/Saved/Config/Windows/Scalability.ini]
[2022.10.07-09.49.06:778][  0]LogConfig: Setting CVar [[r.Streaming.MipBias:0]]
[2022.10.07-09.49.06:778][  0]LogConfig: Setting CVar [[r.Streaming.AmortizeCPUToGPUCopy:0]]
[2022.10.07-09.49.06:778][  0]LogConfig: Setting CVar [[r.Streaming.MaxNumTexturesToStreamPerFrame:0]]
[2022.10.07-09.49.06:778][  0]LogConfig: Setting CVar [[r.Streaming.Boost:1]]
[2022.10.07-09.49.06:778][  0]LogConfig: Setting CVar [[r.MaxAnisotropy:8]]
[2022.10.07-09.49.06:778][  0]LogConfig: Setting CVar [[r.VT.MaxAnisotropy:8]]
[2022.10.07-09.49.06:778][  0]LogConfig: Setting CVar [[r.Streaming.LimitPoolSizeToVRAM:0]]
[2022.10.07-09.49.06:778][  0]LogConfig: Setting CVar [[r.Streaming.PoolSize:1000]]
[2022.10.07-09.49.06:778][  0]LogConfig: Setting CVar [[r.Streaming.MaxEffectiveScreenSize:0]]
[2022.10.07-09.49.06:778][  0]LogConfig: Applying CVar settings from Section [EffectsQuality@3] File [//ad.liu.se/home/eliak641/Documents/GitHub/Gardengame/MyProject/Saved/Config/Windows/Scalability.ini]
[2022.10.07-09.49.06:778][  0]LogConfig: Setting CVar [[r.TranslucencyLightingVolumeDim:64]]
[2022.10.07-09.49.06:778][  0]LogConfig: Setting CVar [[r.RefractionQuality:2]]
[2022.10.07-09.49.06:778][  0]LogConfig: Setting CVar [[r.SSR.Quality:3]]
[2022.10.07-09.49.06:778][  0]LogConfig: Setting CVar [[r.SSR.HalfResSceneColor:0]]
[2022.10.07-09.49.06:778][  0]LogConfig: Setting CVar [[r.SceneColorFormat:4]]
[2022.10.07-09.49.06:778][  0]LogConfig: Setting CVar [[r.DetailMode:2]]
[2022.10.07-09.49.06:778][  0]LogConfig: Setting CVar [[r.TranslucencyVolumeBlur:1]]
[2022.10.07-09.49.06:778][  0]LogConfig: Setting CVar [[r.MaterialQualityLevel:1 ; High quality]]
[2022.10.07-09.49.06:778][  0]LogConfig: Setting CVar [[r.SSS.Scale:1]]
[2022.10.07-09.49.06:778][  0]LogConfig: Setting CVar [[r.SSS.SampleSet:2]]
[2022.10.07-09.49.06:778][  0]LogConfig: Setting CVar [[r.SSS.Quality:1]]
[2022.10.07-09.49.06:778][  0]LogConfig: Setting CVar [[r.SSS.HalfRes:0]]
[2022.10.07-09.49.06:778][  0]LogConfig: Setting CVar [[r.SSGI.Quality:3]]
[2022.10.07-09.49.06:778][  0]LogConfig: Setting CVar [[r.EmitterSpawnRateScale:1.0]]
[2022.10.07-09.49.06:778][  0]LogConfig: Setting CVar [[r.ParticleLightQuality:2]]
[2022.10.07-09.49.06:778][  0]LogConfig: Setting CVar [[r.SkyAtmosphere.AerialPerspectiveLUT.FastApplyOnOpaque:1 ; Always have FastSkyLUT 1 in this case to avoid wrong sky]]
[2022.10.07-09.49.06:778][  0]LogConfig: Setting CVar [[r.SkyAtmosphere.AerialPerspectiveLUT.SampleCountPerSlice:1]]
[2022.10.07-09.49.06:778][  0]LogConfig: Setting CVar [[r.SkyAtmosphere.AerialPerspectiveLUT.DepthResolution:16.0]]
[2022.10.07-09.49.06:779][  0]LogConfig: Setting CVar [[r.SkyAtmosphere.FastSkyLUT:1]]
[2022.10.07-09.49.06:779][  0]LogConfig: Setting CVar [[r.SkyAtmosphere.FastSkyLUT.SampleCountMin:4.0]]
[2022.10.07-09.49.06:779][  0]LogConfig: Setting CVar [[r.SkyAtmosphere.FastSkyLUT.SampleCountMax:32.0]]
[2022.10.07-09.49.06:779][  0]LogConfig: Setting CVar [[r.SkyAtmosphere.SampleCountMin:4.0]]
[2022.10.07-09.49.06:779][  0]LogConfig: Setting CVar [[r.SkyAtmosphere.SampleCountMax:32.0]]
[2022.10.07-09.49.06:779][  0]LogConfig: Setting CVar [[r.SkyAtmosphere.TransmittanceLUT.UseSmallFormat:0]]
[2022.10.07-09.49.06:779][  0]LogConfig: Setting CVar [[r.SkyAtmosphere.TransmittanceLUT.SampleCount:10.0]]
[2022.10.07-09.49.06:779][  0]LogConfig: Setting CVar [[r.SkyAtmosphere.MultiScatteringLUT.SampleCount:15.0]]
[2022.10.07-09.49.06:779][  0]LogConfig: Applying CVar settings from Section [FoliageQuality@3] File [//ad.liu.se/home/eliak641/Documents/GitHub/Gardengame/MyProject/Saved/Config/Windows/Scalability.ini]
[2022.10.07-09.49.06:779][  0]LogConfig: Setting CVar [[foliage.DensityScale:1.0]]
[2022.10.07-09.49.06:779][  0]LogConfig: Setting CVar [[grass.DensityScale:1.0]]
[2022.10.07-09.49.06:779][  0]LogConfig: Applying CVar settings from Section [ShadingQuality@3] File [//ad.liu.se/home/eliak641/Documents/GitHub/Gardengame/MyProject/Saved/Config/Windows/Scalability.ini]
[2022.10.07-09.49.06:779][  0]LogConfig: Setting CVar [[r.HairStrands.SkyLighting.SampleCount:16]]
[2022.10.07-09.49.06:779][  0]LogConfig: Setting CVar [[r.HairStrands.SkyLighting.JitterIntegration:0]]
[2022.10.07-09.49.06:779][  0]LogConfig: Setting CVar [[r.HairStrands.SkyAO.SampleCount:16]]
[2022.10.07-09.49.06:779][  0]LogConfig: Setting CVar [[r.HairStrands.DeepShadow.SuperSampling:0]]
[2022.10.07-09.49.06:779][  0]LogConfig: Setting CVar [[r.HairStrands.VisibilityPPLL:0]]
[2022.10.07-09.49.06:779][  0]LogConfig: Setting CVar [[r.HairStrands.RasterizationScale:0.5]]
[2022.10.07-09.49.06:779][  0]LogConfig: Setting CVar [[r.HairStrands.VelocityRasterizationScale:1]]
[2022.10.07-09.49.06:779][  0]LogInit: Selected Device Profile: [Windows]
[2022.10.07-09.49.06:779][  0]LogInit: Applying CVar settings loaded from the selected device profile: [Windows]
[2022.10.07-09.49.06:779][  0]LogHAL: Display: Platform has ~ 16 GB [16879165440 / 17179869184 / 16], which maps to Larger [LargestMinGB=32, LargerMinGB=12, DefaultMinGB=8, SmallerMinGB=6, SmallestMinGB=0)
[2022.10.07-09.49.06:779][  0]LogInit: Going up to parent DeviceProfile []
[2022.10.07-09.49.06:779][  0]LogConfig: Applying CVar settings from Section [ViewDistanceQuality@3] File [//ad.liu.se/home/eliak641/Documents/GitHub/Gardengame/MyProject/Saved/Config/Windows/Scalability.ini]
[2022.10.07-09.49.06:779][  0]LogConfig: Setting CVar [[r.SkeletalMeshLODBias:0]]
[2022.10.07-09.49.06:779][  0]LogConfig: Setting CVar [[r.ViewDistanceScale:1.0]]
[2022.10.07-09.49.06:779][  0]LogConfig: Applying CVar settings from Section [AntiAliasingQuality@3] File [//ad.liu.se/home/eliak641/Documents/GitHub/Gardengame/MyProject/Saved/Config/Windows/Scalability.ini]
[2022.10.07-09.49.06:779][  0]LogConfig: Setting CVar [[r.PostProcessAAQuality:4]]
[2022.10.07-09.49.06:779][  0]LogConfig: Applying CVar settings from Section [ShadowQuality@3] File [//ad.liu.se/home/eliak641/Documents/GitHub/Gardengame/MyProject/Saved/Config/Windows/Scalability.ini]
[2022.10.07-09.49.06:779][  0]LogConfig: Setting CVar [[r.LightFunctionQuality:1]]
[2022.10.07-09.49.06:779][  0]LogConfig: Setting CVar [[r.ShadowQuality:5]]
[2022.10.07-09.49.06:779][  0]LogConfig: Setting CVar [[r.Shadow.CSM.MaxCascades:10]]
[2022.10.07-09.49.06:779][  0]LogConfig: Setting CVar [[r.Shadow.MaxResolution:2048]]
[2022.10.07-09.49.06:779][  0]LogConfig: Setting CVar [[r.Shadow.MaxCSMResolution:2048]]
[2022.10.07-09.49.06:779][  0]LogConfig: Setting CVar [[r.Shadow.RadiusThreshold:0.01]]
[2022.10.07-09.49.06:779][  0]LogConfig: Setting CVar [[r.Shadow.DistanceScale:1.0]]
[2022.10.07-09.49.06:779][  0]LogConfig: Setting CVar [[r.Shadow.CSM.TransitionScale:1.0]]
[2022.10.07-09.49.06:779][  0]LogConfig: Setting CVar [[r.Shadow.PreShadowResolutionFactor:1.0]]
[2022.10.07-09.49.06:779][  0]LogConfig: Setting CVar [[r.DistanceFieldShadowing:1]]
[2022.10.07-09.49.06:779][  0]LogConfig: Setting CVar [[r.DistanceFieldAO:1]]
[2022.10.07-09.49.06:779][  0]LogConfig: Setting CVar [[r.AOQuality:2]]
[2022.10.07-09.49.06:779][  0]LogConfig: Setting CVar [[r.VolumetricFog:1]]
[2022.10.07-09.49.06:779][  0]LogConfig: Setting CVar [[r.VolumetricFog.GridPixelSize:8]]
[2022.10.07-09.49.06:779][  0]LogConfig: Setting CVar [[r.VolumetricFog.GridSizeZ:128]]
[2022.10.07-09.49.06:779][  0]LogConfig: Setting CVar [[r.VolumetricFog.HistoryMissSupersampleCount:4]]
[2022.10.07-09.49.06:779][  0]LogConfig: Setting CVar [[r.LightMaxDrawDistanceScale:1]]
[2022.10.07-09.49.06:779][  0]LogConfig: Setting CVar [[r.CapsuleShadows:1]]
[2022.10.07-09.49.06:779][  0]LogConfig: Applying CVar settings from Section [PostProcessQuality@3] File [//ad.liu.se/home/eliak641/Documents/GitHub/Gardengame/MyProject/Saved/Config/Windows/Scalability.ini]
[2022.10.07-09.49.06:779][  0]LogConfig: Setting CVar [[r.MotionBlurQuality:4]]
[2022.10.07-09.49.06:779][  0]LogConfig: Setting CVar [[r.AmbientOcclusionMipLevelFactor:0.4]]
[2022.10.07-09.49.06:779][  0]LogConfig: Setting CVar [[r.AmbientOcclusionMaxQuality:100]]
[2022.10.07-09.49.06:779][  0]LogConfig: Setting CVar [[r.AmbientOcclusionLevels:-1]]
[2022.10.07-09.49.06:779][  0]LogConfig: Setting CVar [[r.AmbientOcclusionRadiusScale:1.0]]
[2022.10.07-09.49.06:779][  0]LogConfig: Setting CVar [[r.DepthOfFieldQuality:2]]
[2022.10.07-09.49.06:779][  0]LogConfig: Setting CVar [[r.RenderTargetPoolMin:400]]
[2022.10.07-09.49.06:779][  0]LogConfig: Setting CVar [[r.LensFlareQuality:2]]
[2022.10.07-09.49.06:779][  0]LogConfig: Setting CVar [[r.SceneColorFringeQuality:1]]
[2022.10.07-09.49.06:779][  0]LogConfig: Setting CVar [[r.EyeAdaptationQuality:2]]
[2022.10.07-09.49.06:779][  0]LogConfig: Setting CVar [[r.BloomQuality:5]]
[2022.10.07-09.49.06:779][  0]LogConfig: Setting CVar [[r.FastBlurThreshold:100]]
[2022.10.07-09.49.06:779][  0]LogConfig: Setting CVar [[r.Upscale.Quality:3]]
[2022.10.07-09.49.06:779][  0]LogConfig: Setting CVar [[r.Tonemapper.GrainQuantization:1]]
[2022.10.07-09.49.06:779][  0]LogConfig: Setting CVar [[r.LightShaftQuality:1]]
[2022.10.07-09.49.06:779][  0]LogConfig: Setting CVar [[r.Filter.SizeScale:1]]
[2022.10.07-09.49.06:779][  0]LogConfig: Setting CVar [[r.Tonemapper.Quality:5]]
[2022.10.07-09.49.06:779][  0]LogConfig: Setting CVar [[r.DOF.Gather.AccumulatorQuality:1        ; higher gathering accumulator quality]]
[2022.10.07-09.49.06:779][  0]LogConfig: Setting CVar [[r.DOF.Gather.PostfilterMethod:1          ; Median3x3 postfilering method]]
[2022.10.07-09.49.06:779][  0]LogConfig: Setting CVar [[r.DOF.Gather.EnableBokehSettings:0       ; no bokeh simulation when gathering]]
[2022.10.07-09.49.06:779][  0]LogConfig: Setting CVar [[r.DOF.Gather.RingCount:4                 ; medium number of samples when gathering]]
[2022.10.07-09.49.06:779][  0]LogConfig: Setting CVar [[r.DOF.Scatter.ForegroundCompositing:1    ; additive foreground scattering]]
[2022.10.07-09.49.06:779][  0]LogConfig: Setting CVar [[r.DOF.Scatter.BackgroundCompositing:2    ; additive background scattering]]
[2022.10.07-09.49.06:779][  0]LogConfig: Setting CVar [[r.DOF.Scatter.EnableBokehSettings:1      ; bokeh simulation when scattering]]
[2022.10.07-09.49.06:779][  0]LogConfig: Setting CVar [[r.DOF.Scatter.MaxSpriteRatio:0.1         ; only a maximum of 10% of scattered bokeh]]
[2022.10.07-09.49.06:779][  0]LogConfig: Setting CVar [[r.DOF.Recombine.Quality:1                ; cheap slight out of focus]]
[2022.10.07-09.49.06:779][  0]LogConfig: Setting CVar [[r.DOF.Recombine.EnableBokehSettings:0    ; no bokeh simulation on slight out of focus]]
[2022.10.07-09.49.06:779][  0]LogConfig: Setting CVar [[r.DOF.TemporalAAQuality:1                ; more stable temporal accumulation]]
[2022.10.07-09.49.06:779][  0]LogConfig: Setting CVar [[r.DOF.Kernel.MaxForegroundRadius:0.025]]
[2022.10.07-09.49.06:779][  0]LogConfig: Setting CVar [[r.DOF.Kernel.MaxBackgroundRadius:0.025]]
[2022.10.07-09.49.06:779][  0]LogConfig: Applying CVar settings from Section [TextureQuality@3] File [//ad.liu.se/home/eliak641/Documents/GitHub/Gardengame/MyProject/Saved/Config/Windows/Scalability.ini]
[2022.10.07-09.49.06:779][  0]LogConfig: Setting CVar [[r.Streaming.MipBias:0]]
[2022.10.07-09.49.06:779][  0]LogConfig: Setting CVar [[r.Streaming.AmortizeCPUToGPUCopy:0]]
[2022.10.07-09.49.06:779][  0]LogConfig: Setting CVar [[r.Streaming.MaxNumTexturesToStreamPerFrame:0]]
[2022.10.07-09.49.06:779][  0]LogConfig: Setting CVar [[r.Streaming.Boost:1]]
[2022.10.07-09.49.06:779][  0]LogConfig: Setting CVar [[r.MaxAnisotropy:8]]
[2022.10.07-09.49.06:779][  0]LogConfig: Setting CVar [[r.VT.MaxAnisotropy:8]]
[2022.10.07-09.49.06:779][  0]LogConfig: Setting CVar [[r.Streaming.LimitPoolSizeToVRAM:0]]
[2022.10.07-09.49.06:779][  0]LogConfig: Setting CVar [[r.Streaming.PoolSize:1000]]
[2022.10.07-09.49.06:779][  0]LogConfig: Setting CVar [[r.Streaming.MaxEffectiveScreenSize:0]]
[2022.10.07-09.49.06:779][  0]LogConfig: Applying CVar settings from Section [EffectsQuality@3] File [//ad.liu.se/home/eliak641/Documents/GitHub/Gardengame/MyProject/Saved/Config/Windows/Scalability.ini]
[2022.10.07-09.49.06:779][  0]LogConfig: Setting CVar [[r.TranslucencyLightingVolumeDim:64]]
[2022.10.07-09.49.06:779][  0]LogConfig: Setting CVar [[r.RefractionQuality:2]]
[2022.10.07-09.49.06:779][  0]LogConfig: Setting CVar [[r.SSR.Quality:3]]
[2022.10.07-09.49.06:779][  0]LogConfig: Setting CVar [[r.SSR.HalfResSceneColor:0]]
[2022.10.07-09.49.06:779][  0]LogConfig: Setting CVar [[r.SceneColorFormat:4]]
[2022.10.07-09.49.06:779][  0]LogConfig: Setting CVar [[r.DetailMode:2]]
[2022.10.07-09.49.06:780][  0]LogConfig: Setting CVar [[r.TranslucencyVolumeBlur:1]]
[2022.10.07-09.49.06:780][  0]LogConfig: Setting CVar [[r.MaterialQualityLevel:1 ; High quality]]
[2022.10.07-09.49.06:780][  0]LogConfig: Setting CVar [[r.SSS.Scale:1]]
[2022.10.07-09.49.06:780][  0]LogConfig: Setting CVar [[r.SSS.SampleSet:2]]
[2022.10.07-09.49.06:780][  0]LogConfig: Setting CVar [[r.SSS.Quality:1]]
[2022.10.07-09.49.06:780][  0]LogConfig: Setting CVar [[r.SSS.HalfRes:0]]
[2022.10.07-09.49.06:780][  0]LogConfig: Setting CVar [[r.SSGI.Quality:3]]
[2022.10.07-09.49.06:780][  0]LogConfig: Setting CVar [[r.EmitterSpawnRateScale:1.0]]
[2022.10.07-09.49.06:780][  0]LogConfig: Setting CVar [[r.ParticleLightQuality:2]]
[2022.10.07-09.49.06:780][  0]LogConfig: Setting CVar [[r.SkyAtmosphere.AerialPerspectiveLUT.FastApplyOnOpaque:1 ; Always have FastSkyLUT 1 in this case to avoid wrong sky]]
[2022.10.07-09.49.06:780][  0]LogConfig: Setting CVar [[r.SkyAtmosphere.AerialPerspectiveLUT.SampleCountPerSlice:1]]
[2022.10.07-09.49.06:780][  0]LogConfig: Setting CVar [[r.SkyAtmosphere.AerialPerspectiveLUT.DepthResolution:16.0]]
[2022.10.07-09.49.06:780][  0]LogConfig: Setting CVar [[r.SkyAtmosphere.FastSkyLUT:1]]
[2022.10.07-09.49.06:780][  0]LogConfig: Setting CVar [[r.SkyAtmosphere.FastSkyLUT.SampleCountMin:4.0]]
[2022.10.07-09.49.06:780][  0]LogConfig: Setting CVar [[r.SkyAtmosphere.FastSkyLUT.SampleCountMax:32.0]]
[2022.10.07-09.49.06:780][  0]LogConfig: Setting CVar [[r.SkyAtmosphere.SampleCountMin:4.0]]
[2022.10.07-09.49.06:780][  0]LogConfig: Setting CVar [[r.SkyAtmosphere.SampleCountMax:32.0]]
[2022.10.07-09.49.06:780][  0]LogConfig: Setting CVar [[r.SkyAtmosphere.TransmittanceLUT.UseSmallFormat:0]]
[2022.10.07-09.49.06:780][  0]LogConfig: Setting CVar [[r.SkyAtmosphere.TransmittanceLUT.SampleCount:10.0]]
[2022.10.07-09.49.06:780][  0]LogConfig: Setting CVar [[r.SkyAtmosphere.MultiScatteringLUT.SampleCount:15.0]]
[2022.10.07-09.49.06:780][  0]LogConfig: Applying CVar settings from Section [FoliageQuality@3] File [//ad.liu.se/home/eliak641/Documents/GitHub/Gardengame/MyProject/Saved/Config/Windows/Scalability.ini]
[2022.10.07-09.49.06:780][  0]LogConfig: Setting CVar [[foliage.DensityScale:1.0]]
[2022.10.07-09.49.06:780][  0]LogConfig: Setting CVar [[grass.DensityScale:1.0]]
[2022.10.07-09.49.06:780][  0]LogConfig: Applying CVar settings from Section [ShadingQuality@3] File [//ad.liu.se/home/eliak641/Documents/GitHub/Gardengame/MyProject/Saved/Config/Windows/Scalability.ini]
[2022.10.07-09.49.06:780][  0]LogConfig: Setting CVar [[r.HairStrands.SkyLighting.SampleCount:16]]
[2022.10.07-09.49.06:780][  0]LogConfig: Setting CVar [[r.HairStrands.SkyLighting.JitterIntegration:0]]
[2022.10.07-09.49.06:780][  0]LogConfig: Setting CVar [[r.HairStrands.SkyAO.SampleCount:16]]
[2022.10.07-09.49.06:780][  0]LogConfig: Setting CVar [[r.HairStrands.DeepShadow.SuperSampling:0]]
[2022.10.07-09.49.06:780][  0]LogConfig: Setting CVar [[r.HairStrands.VisibilityPPLL:0]]
[2022.10.07-09.49.06:780][  0]LogConfig: Setting CVar [[r.HairStrands.RasterizationScale:0.5]]
[2022.10.07-09.49.06:780][  0]LogConfig: Setting CVar [[r.HairStrands.VelocityRasterizationScale:1]]
[2022.10.07-09.49.06:780][  0]LogConfig: Applying CVar settings from Section [Startup] File [../../../Engine/Config/ConsoleVariables.ini]
[2022.10.07-09.49.06:780][  0]LogConfig: Setting CVar [[net.UseAdaptiveNetUpdateFrequency:0]]
[2022.10.07-09.49.06:780][  0]LogConfig: Setting CVar [[p.chaos.AllowCreatePhysxBodies:1]]
[2022.10.07-09.49.06:780][  0]LogConfig: Setting CVar [[fx.SkipVectorVMBackendOptimizations:1]]
[2022.10.07-09.49.06:780][  0]LogConfig: Applying CVar settings from Section [ConsoleVariables] File [//ad.liu.se/home/eliak641/Documents/GitHub/Gardengame/MyProject/Saved/Config/Windows/Engine.ini]
[2022.10.07-09.49.06:780][  0]LogInit: Computer: K4504-414
[2022.10.07-09.49.06:780][  0]LogInit: User: eliak641
[2022.10.07-09.49.06:780][  0]LogInit: CPU Page size=4096, Cores=8
[2022.10.07-09.49.06:780][  0]LogInit: High frequency timer resolution =10.000000 MHz
[2022.10.07-09.49.06:781][  0]LogMemory: Memory total: Physical=15.7GB (16GB approx)
[2022.10.07-09.49.06:781][  0]LogMemory: Platform Memory Stats for Windows
[2022.10.07-09.49.06:781][  0]LogMemory: Process Physical Memory: 116.27 MB used, 116.27 MB peak
[2022.10.07-09.49.06:781][  0]LogMemory: Process Virtual Memory: 97.98 MB used, 97.98 MB peak
[2022.10.07-09.49.06:781][  0]LogMemory: Physical Memory: 10322.02 MB used,  5775.21 MB free, 16097.23 MB total
[2022.10.07-09.49.06:781][  0]LogMemory: Virtual Memory: 5186.72 MB used,  134212544.00 MB free, 134217728.00 MB total
[2022.10.07-09.49.06:784][  0]LogWindows: WindowsPlatformFeatures enabled
[2022.10.07-09.49.06:832][  0]LogInit: Physics initialised using underlying interface: PhysX
[2022.10.07-09.49.06:839][  0]LogInit: Using OS detected language (en-US).
[2022.10.07-09.49.06:839][  0]LogInit: Using OS detected locale (sv-SE).
[2022.10.07-09.49.06:843][  0]LogTextLocalizationManager: No specific localization for 'en-US' exists, so the 'en' localization will be used.
[2022.10.07-09.49.07:003][  0]LogInit: Setting process to per monitor DPI aware
[2022.10.07-09.49.07:048][  0]LogSlate: New Slate User Created.  User Index 0, Is Virtual User: 0
[2022.10.07-09.49.07:048][  0]LogSlate: Slate User Registered.  User Index 0, Is Virtual User: 0
[2022.10.07-09.49.07:190][  0]LogHMD: Failed to initialize OpenVR with code 110
[2022.10.07-09.49.07:190][  0]LogD3D11RHI: D3D11 min allowed feature level: 11_0
[2022.10.07-09.49.07:190][  0]LogD3D11RHI: D3D11 max allowed feature level: 11_0
[2022.10.07-09.49.07:190][  0]LogD3D11RHI: D3D11 adapters:
[2022.10.07-09.49.07:297][  0]LogD3D11RHI:    0. 'NVIDIA GeForce RTX 2060 SUPER' (Feature Level 11_0)
[2022.10.07-09.49.07:297][  0]LogD3D11RHI:       8031/0/8048 MB DedicatedVideo/DedicatedSystem/SharedSystem, Outputs:1, VendorId:0x10de
[2022.10.07-09.49.07:314][  0]LogD3D11RHI:    1. 'Intel(R) UHD Graphics 630' (Feature Level 11_0)
[2022.10.07-09.49.07:314][  0]LogD3D11RHI:       128/0/8048 MB DedicatedVideo/DedicatedSystem/SharedSystem, Outputs:0, VendorId:0x8086
[2022.10.07-09.49.07:317][  0]LogD3D11RHI:    2. 'Microsoft Basic Render Driver' (Feature Level 11_0)
[2022.10.07-09.49.07:317][  0]LogD3D11RHI:       0/0/8048 MB DedicatedVideo/DedicatedSystem/SharedSystem, Outputs:0, VendorId:0x1414
[2022.10.07-09.49.07:390][  0]LogD3D11RHI:    3. 'NVIDIA GeForce RTX 2060 SUPER' (Feature Level 11_0)
[2022.10.07-09.49.07:390][  0]LogD3D11RHI:       8031/0/8048 MB DedicatedVideo/DedicatedSystem/SharedSystem, Outputs:0, VendorId:0x10de
[2022.10.07-09.49.07:390][  0]LogD3D11RHI: Chosen D3D11 Adapter: 0
[2022.10.07-09.49.07:396][  0]LogD3D11RHI: Creating new Direct3DDevice
[2022.10.07-09.49.07:396][  0]LogD3D11RHI:     GPU DeviceId: 0x1f06 (for the marketing name, search the web for "GPU Device Id")
[2022.10.07-09.49.07:396][  0]LogWindows: EnumDisplayDevices:
[2022.10.07-09.49.07:396][  0]LogWindows:    0. 'Microsoft Remote Display Adapter' (P:1 D:1)
[2022.10.07-09.49.07:396][  0]LogWindows:    1. 'Microsoft Remote Display Adapter' (P:0 D:0)
[2022.10.07-09.49.07:396][  0]LogWindows:    2. 'Microsoft Remote Display Adapter' (P:0 D:0)
[2022.10.07-09.49.07:396][  0]LogWindows:    3. 'Microsoft Remote Display Adapter' (P:0 D:0)
[2022.10.07-09.49.07:397][  0]LogWindows:    4. 'Microsoft Remote Display Adapter' (P:0 D:0)
[2022.10.07-09.49.07:397][  0]LogWindows:    5. 'Microsoft Remote Display Adapter' (P:0 D:0)
[2022.10.07-09.49.07:397][  0]LogWindows:    6. 'Microsoft Remote Display Adapter' (P:0 D:0)
[2022.10.07-09.49.07:397][  0]LogWindows:    7. 'Microsoft Remote Display Adapter' (P:0 D:0)
[2022.10.07-09.49.07:397][  0]LogWindows:    8. 'Microsoft Remote Display Adapter' (P:0 D:0)
[2022.10.07-09.49.07:397][  0]LogWindows:    9. 'Microsoft Remote Display Adapter' (P:0 D:0)
[2022.10.07-09.49.07:397][  0]LogWindows:    10. 'Microsoft Remote Display Adapter' (P:0 D:0)
[2022.10.07-09.49.07:397][  0]LogWindows:    11. 'Microsoft Remote Display Adapter' (P:0 D:0)
[2022.10.07-09.49.07:397][  0]LogWindows:    12. 'Microsoft Remote Display Adapter' (P:0 D:0)
[2022.10.07-09.49.07:397][  0]LogWindows:    13. 'Microsoft Remote Display Adapter' (P:0 D:0)
[2022.10.07-09.49.07:397][  0]LogWindows:    14. 'Microsoft Remote Display Adapter' (P:0 D:0)
[2022.10.07-09.49.07:397][  0]LogWindows:    15. 'Microsoft Remote Display Adapter' (P:0 D:0)
[2022.10.07-09.49.07:397][  0]LogWindows: DebugString: PrimaryDriverLocationFailed PrimaryDriverLocationFailed PrimaryDriverLocationFailed PrimaryDriverLocationFailed PrimaryDriverLocationFailed PrimaryDriverLocationFailed PrimaryDriverLocationFailed PrimaryDriverLocationFailed PrimaryDriverLocationFailed PrimaryDriverLocationFailed PrimaryDriverLocationFailed PrimaryDriverLocationFailed PrimaryDriverLocationFailed PrimaryDriverLocationFailed PrimaryDriverLocationFailed PrimaryDriverLocationFailed FoundDriverCount:0 
[2022.10.07-09.49.07:397][  0]LogD3D11RHI:     Adapter Name: NVIDIA GeForce RTX 2060 SUPER
[2022.10.07-09.49.07:397][  0]LogD3D11RHI:   Driver Version: Unknown (internal:Unknown, unified:Unknown)
[2022.10.07-09.49.07:397][  0]LogD3D11RHI:      Driver Date: Unknown
[2022.10.07-09.49.07:397][  0]LogRHI: Texture pool is 5621 MB (70% of 8031 MB)
[2022.10.07-09.49.07:453][  0]LogD3D11RHI: RHI has support for 64 bit atomics
[2022.10.07-09.49.07:455][  0]LogD3D11RHI: [Aftermath] Enabled and primed
[2022.10.07-09.49.07:455][  0]LogD3D11RHI: Async texture creation enabled
[2022.10.07-09.49.07:455][  0]LogD3D11RHI: Array index from any shader is supported
[2022.10.07-09.49.07:469][  0]LogD3D11RHI: GPU Timing Frequency: 1000.000000 (Debug: 2 1)
[2022.10.07-09.49.07:762][  0]LogTargetPlatformManager: Display: Loaded TargetPlatform 'AllDesktop'
[2022.10.07-09.49.07:860][  0]LogTargetPlatformManager: Display: Loaded TargetPlatform 'Android'
[2022.10.07-09.49.07:860][  0]LogTargetPlatformManager: Display: Loaded TargetPlatform 'Android_ASTC'
[2022.10.07-09.49.07:860][  0]LogTargetPlatformManager: Display: Loaded TargetPlatform 'Android_DXT'
[2022.10.07-09.49.07:860][  0]LogTargetPlatformManager: Display: Loaded TargetPlatform 'Android_ETC2'
[2022.10.07-09.49.07:860][  0]LogTargetPlatformManager: Display: Loaded TargetPlatform 'AndroidClient'
[2022.10.07-09.49.07:860][  0]LogTargetPlatformManager: Display: Loaded TargetPlatform 'Android_ASTCClient'
[2022.10.07-09.49.07:860][  0]LogTargetPlatformManager: Display: Loaded TargetPlatform 'Android_DXTClient'
[2022.10.07-09.49.07:860][  0]LogTargetPlatformManager: Display: Loaded TargetPlatform 'Android_ETC2Client'
[2022.10.07-09.49.07:860][  0]LogTargetPlatformManager: Display: Loaded TargetPlatform 'Android_Multi'
[2022.10.07-09.49.07:860][  0]LogTargetPlatformManager: Display: Loaded TargetPlatform 'Android_MultiClient'
[2022.10.07-09.49.07:934][  0]LogTargetPlatformManager: Display: Loaded TargetPlatform 'IOSClient'
[2022.10.07-09.49.07:934][  0]LogTargetPlatformManager: Display: Loaded TargetPlatform 'IOS'
[2022.10.07-09.49.07:984][  0]LogTargetPlatformManager: Display: Loaded TargetPlatform 'Linux'
[2022.10.07-09.49.08:017][  0]LogTargetPlatformManager: Display: Loaded TargetPlatform 'LinuxNoEditor'
[2022.10.07-09.49.08:054][  0]LogTargetPlatformManager: Display: Loaded TargetPlatform 'LinuxClient'
[2022.10.07-09.49.08:089][  0]LogTargetPlatformManager: Display: Loaded TargetPlatform 'LinuxServer'
[2022.10.07-09.49.08:122][  0]LogTargetPlatformManager: Display: Loaded TargetPlatform 'LinuxAArch64NoEditor'
[2022.10.07-09.49.08:157][  0]LogTargetPlatformManager: Display: Loaded TargetPlatform 'LinuxAArch64Client'
[2022.10.07-09.49.08:196][  0]LogTargetPlatformManager: Display: Loaded TargetPlatform 'LinuxAArch64Server'
[2022.10.07-09.49.08:333][  0]LogTargetPlatformManager: Display: Loaded TargetPlatform 'Lumin'
[2022.10.07-09.49.08:333][  0]LogTargetPlatformManager: Display: Loaded TargetPlatform 'LuminClient'
[2022.10.07-09.49.08:413][  0]LogTargetPlatformManager: Display: Loaded TargetPlatform 'TVOSClient'
[2022.10.07-09.49.08:413][  0]LogTargetPlatformManager: Display: Loaded TargetPlatform 'TVOS'
[2022.10.07-09.49.08:446][  0]LogTargetPlatformManager: Display: Loaded TargetPlatform 'WindowsNoEditor'
[2022.10.07-09.49.08:485][  0]LogTargetPlatformManager: Display: Loaded TargetPlatform 'Windows'
[2022.10.07-09.49.08:528][  0]LogTargetPlatformManager: Display: Loaded TargetPlatform 'WindowsClient'
[2022.10.07-09.49.08:562][  0]LogTargetPlatformManager: Display: Loaded TargetPlatform 'WindowsServer'
[2022.10.07-09.49.08:562][  0]LogTargetPlatformManager: Display: Building Assets For Windows
[2022.10.07-09.49.08:568][  0]LogAudioDebug: Display: Lib vorbis DLL was dynamically loaded.
[2022.10.07-09.49.08:624][  0]LogShaderCompilers: Guid format shader working directory is -15 characters bigger than the processId version (//ad.liu.se/home/eliak641/Documents/GitHub/Gardengame/MyProject/Intermediate/Shaders/WorkingDirectory/27048/).
[2022.10.07-09.49.08:624][  0]LogShaderCompilers: Cleaned the shader compiler working directory 'C:/Users/eliak641/AppData/Local/Temp/UnrealShaderWorkingDir/49334DBA4547B7A23BE1BC95AED5AD1A/'.
[2022.10.07-09.49.08:625][  0]LogShaderCompilers: Display: Using XGE Shader Compiler (Interception Interface).
[2022.10.07-09.49.09:517][  0]LogDerivedDataCache: Display: Max Cache Size: 512 MB
[2022.10.07-09.49.09:562][  0]LogDerivedDataCache: Loaded boot cache 0.04s 77MB C:/Users/eliak641/AppData/Local/UnrealEngine/4.25/DerivedDataCache/Boot.ddc.
[2022.10.07-09.49.09:562][  0]LogDerivedDataCache: Display: Loaded Boot cache: C:/Users/eliak641/AppData/Local/UnrealEngine/4.25/DerivedDataCache/Boot.ddc
[2022.10.07-09.49.09:564][  0]LogDerivedDataCache: FDerivedDataBackendGraph:  Pak pak cache file //ad.liu.se/home/eliak641/Documents/GitHub/Gardengame/MyProject/DerivedDataCache/DDC.ddp not found, will not use a pak cache.
[2022.10.07-09.49.09:564][  0]LogDerivedDataCache: Unable to find inner node Pak for hierarchical cache Hierarchy.
[2022.10.07-09.49.09:566][  0]LogDerivedDataCache: FDerivedDataBackendGraph:  CompressedPak pak cache file //ad.liu.se/home/eliak641/Documents/GitHub/Gardengame/MyProject/DerivedDataCache/Compressed.ddp not found, will not use a pak cache.
[2022.10.07-09.49.09:566][  0]LogDerivedDataCache: Unable to find inner node CompressedPak for hierarchical cache Hierarchy.
[2022.10.07-09.49.09:574][  0]LogDerivedDataCache: Display: Pak cache opened for reading ../../../Engine/DerivedDataCache/Compressed.ddp.
[2022.10.07-09.49.09:574][  0]LogDerivedDataCache: FDerivedDataBackendGraph:  EnterprisePak pak cache file ../../../Enterprise/DerivedDataCache/Compressed.ddp not found, will not use a pak cache.
[2022.10.07-09.49.09:574][  0]LogDerivedDataCache: Unable to find inner node EnterprisePak for hierarchical cache Hierarchy.
[2022.10.07-09.49.09:575][  0]LogDerivedDataCache: Using Local data cache path C:/Users/eliak641/AppData/Local/UnrealEngine/Common/DerivedDataCache: Writable
[2022.10.07-09.49.09:575][  0]LogDerivedDataCache: Shared data cache path not found in *engine.ini, will not use an Shared cache.
[2022.10.07-09.49.09:575][  0]LogDerivedDataCache: Unable to find inner node Shared for hierarchical cache Hierarchy.
[2022.10.07-09.49.09:613][  0]LogSlate: Using FreeType 2.10.0
[2022.10.07-09.49.09:613][  0]LogSlate: SlateFontServices - WITH_FREETYPE: 1, WITH_HARFBUZZ: 1
[2022.10.07-09.49.09:642][  0]LogAssetRegistry: FAssetRegistry took 0.0111 seconds to start up
[2022.10.07-09.49.10:358][  0]LogInit: Selected Device Profile: [Windows]
[2022.10.07-09.49.10:497][  0]LogMeshReduction: Using QuadricMeshReduction for automatic static mesh reduction
[2022.10.07-09.49.10:497][  0]LogMeshReduction: Using SimplygonMeshReduction for automatic skeletal mesh reduction
[2022.10.07-09.49.10:497][  0]LogMeshReduction: Using ProxyLODMeshReduction for automatic mesh merging
[2022.10.07-09.49.10:497][  0]LogMeshReduction: No distributed automatic mesh merging module available
[2022.10.07-09.49.10:497][  0]LogMeshMerging: No distributed automatic mesh merging module available
[2022.10.07-09.49.10:513][  0]LogNetVersion: MyProject 1.0.0, NetCL: 13144385, EngineNetVer: 14, GameNetVer: 0 (Checksum: 709303259)
[2022.10.07-09.49.10:929][  0]LogAISub: UAISubsystem::UAISubsystem AISubsystem (00000185CDEFF880), frame # 0
[2022.10.07-09.49.10:929][  0]LogAISub: UAISubsystem::UAISubsystem AIPerceptionSystem (00000185CDF0CF40), frame # 0
[2022.10.07-09.49.10:930][  0]LogAISub: UAISubsystem::UAISubsystem EnvQueryManager (00000185CDF61E00), frame # 0
[2022.10.07-09.49.12:566][  0]LogPackageLocalizationCache: Processed 19 localized package path(s) for 1 prioritized culture(s) in 1.632927 seconds
[2022.10.07-09.49.12:571][  0]LogUObjectArray: 15917 objects as part of root set at end of initial load.
[2022.10.07-09.49.12:571][  0]LogUObjectAllocator: 3965568 out of 0 bytes used by permanent object pool.
[2022.10.07-09.49.12:571][  0]LogUObjectArray: CloseDisregardForGC: 0/0 objects in disregard for GC pool
[2022.10.07-09.49.12:961][  0]LogTcpMessaging: Initializing TcpMessaging bridge
[2022.10.07-09.49.12:966][  0]LogUdpMessaging: Initializing bridge on interface 0.0.0.0:0 to multicast group 230.0.0.1:6666.
[2022.10.07-09.49.12:966][  0]LogDirectoryWatcher: A directory notification failed for '//ad.liu.se/home/eliak641/Documents/GitHub/Gardengame/MyProject/Content/' because it was empty or there was a buffer overflow. Attemping another request...
[2022.10.07-09.49.12:966][  0]LogDirectoryWatcher: A directory notification failed for '//ad.liu.se/home/eliak641/Documents/GitHub/Gardengame/MyProject/Content/' because it was empty or there was a buffer overflow. Attemping another request...
[2022.10.07-09.49.13:162][  0]SourceControl: Source control is disabled
[2022.10.07-09.49.13:162][  0]SourceControl: Source control is disabled
[2022.10.07-09.49.13:164][  0]SourceControl: Source control is disabled
[2022.10.07-09.49.13:167][  0]SourceControl: Source control is disabled
[2022.10.07-09.49.13:173][  0]SourceControl: Source control is disabled
[2022.10.07-09.49.13:603][  0]LogAndroidPermission: UAndroidPermissionCallbackProxy::GetInstance
[2022.10.07-09.49.13:618][  0]LogAudioCaptureCore: Display: No Audio Capture implementations found. Audio input will be silent.
[2022.10.07-09.49.13:618][  0]LogAudioCaptureCore: Display: No Audio Capture implementations found. Audio input will be silent.
[2022.10.07-09.49.13:658][  0]LogOcInput: OculusInput pre-init called
[2022.10.07-09.49.13:671][  0]LogWindows: Failed to load 'OVRPlugin.dll' (GetLastError=126)
[2022.10.07-09.49.13:671][  0]LogWindows: File 'OVRPlugin.dll' does not exist
[2022.10.07-09.49.13:718][  0]LogEngine: Initializing Engine...
[2022.10.07-09.49.13:719][  0]LogHMD: Failed to initialize OpenVR with code 110
[2022.10.07-09.49.13:719][  0]LogMagicLeap: Warning: VR disabled because ZI is not enabled.  To enable, in the editor, Edit -> Project Settings -> Plugins -> Magic Leap Plugin -> Enable Zero Iteration
[2022.10.07-09.49.13:724][  0]LogStats: UGameplayTagsManager::InitializeManager -  0.004 s
[2022.10.07-09.49.13:819][  0]LogInit: Initializing FReadOnlyCVARCache
[2022.10.07-09.49.13:825][  0]LogAIModule: Creating AISystem for world Untitled
[2022.10.07-09.49.13:825][  0]LogAISub: UAISubsystem::UAISubsystem EnvQueryManager (00000185D498C600), frame # 0
[2022.10.07-09.49.13:825][  0]LogAISub: UAISubsystem::UAISubsystem AIPerceptionSystem (00000185D49A8B80), frame # 0
[2022.10.07-09.49.13:839][  0]LogAudioMixer: Display: Audio Mixer Platform Settings:
[2022.10.07-09.49.13:839][  0]LogAudioMixer: Display: 	Sample Rate:						  48000
[2022.10.07-09.49.13:839][  0]LogAudioMixer: Display: 	Callback Buffer Frame Size Requested: 1024
[2022.10.07-09.49.13:839][  0]LogAudioMixer: Display: 	Callback Buffer Frame Size To Use:	  1024
[2022.10.07-09.49.13:839][  0]LogAudioMixer: Display: 	Number of buffers to queue:			  2
[2022.10.07-09.49.13:839][  0]LogAudioMixer: Display: 	Max Channels (voices):				  32
[2022.10.07-09.49.13:839][  0]LogAudioMixer: Display: 	Number of Async Source Workers:		  0
[2022.10.07-09.49.13:839][  0]LogAudio: Display: AudioDevice MaxSources: 32
[2022.10.07-09.49.13:839][  0]LogAudio: Display: Using built-in audio occlusion.
[2022.10.07-09.49.13:839][  0]LogAudioMixer: Display: Initializing audio mixer.
[2022.10.07-09.49.13:860][  0]LogAudioMixer: Display: 0: FrontLeft
[2022.10.07-09.49.13:860][  0]LogAudioMixer: Display: 1: FrontRight
[2022.10.07-09.49.13:910][  0]LogAudioMixer: Display: Using Audio Device Remote Audio
[2022.10.07-09.49.13:913][  0]LogAudioMixer: Display: Initializing Sound Submixes...
[2022.10.07-09.49.13:915][  0]LogAudioMixer: Display: Creating Master Submix 'MasterSubmixDefault'
[2022.10.07-09.49.13:915][  0]LogAudioMixer: Display: Creating Master Submix 'MasterReverbSubmixDefault'
[2022.10.07-09.49.13:916][  0]LogAudioMixer: Display: Creating Master Submix 'MasterEQSubmixDefault'
[2022.10.07-09.49.13:917][  0]LogInit: FAudioDevice initialized.
[2022.10.07-09.49.13:917][  0]LogNetVersion: Set ProjectVersion to 1.0.0.0. Version Checksum will be recalculated on next use.
[2022.10.07-09.49.13:953][  0]LogDerivedDataCache: Saved boot cache 0.03s 77MB C:/Users/eliak641/AppData/Local/UnrealEngine/4.25/DerivedDataCache/Boot.ddc.
[2022.10.07-09.49.13:953][  0]LogInit: Texture streaming: Enabled
[2022.10.07-09.49.13:966][  0]LogEngineSessionManager: EngineSessionManager initialized
[2022.10.07-09.49.13:966][  0]LogEditorSessionSummary: Verbose: Initializing EditorSessionSummaryWriter for editor session tracking
[2022.10.07-09.49.13:967][  0]LogEditorSessionSummary: EditorSessionSummaryWriter initialized
[2022.10.07-09.49.14:360][  0]LogInit: Transaction tracking system initialized
[2022.10.07-09.49.14:374][  0]BlueprintLog: New page: Editor Load
[2022.10.07-09.49.14:482][  0]LocalizationService: Localization service is disabled
[2022.10.07-09.49.14:729][  0]LogCook: Display: Max memory allowance for cook 16384mb min free memory 0mb
[2022.10.07-09.49.14:729][  0]LogCook: Display: Mobile HDR setting 1
[2022.10.07-09.49.14:977][  0]SourceControl: Source control is disabled
[2022.10.07-09.49.15:124][  0]LogFileCache: Scanning file cache for directory '//ad.liu.se/home/eliak641/Documents/GitHub/Gardengame/MyProject/Content/' took 0.36s
[2022.10.07-09.49.15:144][  0]LogSlate: Took 0.000137 seconds to synchronously load lazily loaded font '../../../Engine/Content/Slate/Fonts/Roboto-Regular.ttf' (155K)
[2022.10.07-09.50.03:662][  0]LogSlate: Window 'Restore Packages' being destroyed
[2022.10.07-09.50.03:662][  0]LogWindowsTextInputMethodSystem: Display: IME system now deactivated.
[2022.10.07-09.50.03:717][  0]LogWindowsTextInputMethodSystem: Display: IME system now deactivated.
[2022.10.07-09.50.07:445][  0]LogSlate: Window 'Unable to Check Out From Source Control!' being destroyed
[2022.10.07-09.50.07:445][  0]LogWindowsTextInputMethodSystem: Display: IME system now deactivated.
[2022.10.07-09.50.07:451][  0]Message dialog closed, result: Ok, title: Unable to Check Out From Source Control!, text: The following assets could not be successfully checked out from source control:
/Game/AI_Healt
[2022.10.07-09.50.07:510][  0]LogUnrealEdMisc: Loading editor; pre map load, took 65.422
[2022.10.07-09.50.07:510][  0]Cmd: MAP LOAD FILE="//ad.liu.se/home/eliak641/Documents/GitHub/Gardengame/MyProject/Content/ThirdPersonBP/Maps/ThirdPersonExampleMap.umap" TEMPLATE=0 SHOWPROGRESS=1 FEATURELEVEL=3
[2022.10.07-09.50.07:535][  0]LightingResults: New page: Lighting Build
[2022.10.07-09.50.07:536][  0]LogWorld: UWorld::CleanupWorld for Untitled, bSessionEnded=true, bCleanupResources=true
[2022.10.07-09.50.07:536][  0]LogSlate: InvalidateAllWidgets triggered.  All widgets were invalidated
[2022.10.07-09.50.07:536][  0]MapCheck: New page: Map Check
[2022.10.07-09.50.07:536][  0]LightingResults: New page: Lighting Build
[2022.10.07-09.50.07:548][  0]LogAISub: UAISubsystem::~UAISubsystem EnvQueryManager (00000185D498C600), frame # 0
[2022.10.07-09.50.07:548][  0]LogAISub: UAISubsystem::~UAISubsystem AIPerceptionSystem (00000185D49A8B80), frame # 0
[2022.10.07-09.50.07:549][  0]LogUObjectHash: Compacting FUObjectHashTables data took   0.55ms
[2022.10.07-09.50.09:393][  0]LogAIModule: Creating AISystem for world ThirdPersonExampleMap
[2022.10.07-09.50.09:393][  0]LogAISub: UAISubsystem::UAISubsystem EnvQueryManager (00000185C2C8A600), frame # 0
[2022.10.07-09.50.09:393][  0]LogAISub: UAISubsystem::UAISubsystem AIPerceptionSystem (00000185C2C8ED40), frame # 0
[2022.10.07-09.50.09:413][  0]LogEditorServer: Finished looking for orphan Actors (0.000 secs)
[2022.10.07-09.50.09:434][  0]LogUObjectHash: Compacting FUObjectHashTables data took   0.98ms
[2022.10.07-09.50.09:435][  0]Cmd: MAP CHECKDEP NOCLEARLOG
[2022.10.07-09.50.09:441][  0]MapCheck: Map check complete: 0 Error(s), 0 Warning(s), took 5,51ms to complete.
[2022.10.07-09.50.09:441][  0]LogFileHelpers: Loading map 'ThirdPersonExampleMap' took 1.931
[2022.10.07-09.50.09:451][  0]LogUnrealEdMisc: Total Editor Startup Time, took 67.363
[2022.10.07-09.50.09:466][  0]LogWindowsTextInputMethodSystem: Display: IME system now deactivated.
[2022.10.07-09.50.09:560][  0]LogSlate: Updating window title bar state: overlay mode, drag disabled, window buttons hidden, title bar hidden
[2022.10.07-09.50.09:565][  0]LogSlate: Updating window title bar state: overlay mode, drag disabled, window buttons hidden, title bar hidden
[2022.10.07-09.50.09:570][  0]LogSlate: Updating window title bar state: overlay mode, drag disabled, window buttons hidden, title bar hidden
[2022.10.07-09.50.09:575][  0]LogSlate: Updating window title bar state: overlay mode, drag disabled, window buttons hidden, title bar hidden
[2022.10.07-09.50.09:605][  0]LogCollectionManager: Loaded 0 collections in 0.026581 seconds
[2022.10.07-09.50.09:640][  0]LogFileCache: Scanning file cache for directory '//ad.liu.se/home/eliak641/Documents/GitHub/Gardengame/MyProject/Saved/Collections/' took 0.01s
[2022.10.07-09.50.09:640][  0]LogFileCache: Scanning file cache for directory '//ad.liu.se/home/eliak641/Documents/GitHub/Gardengame/MyProject/Content/Developers/eliak641/Collections/' took 0.01s
[2022.10.07-09.50.09:640][  0]LogFileCache: Scanning file cache for directory '//ad.liu.se/home/eliak641/Documents/GitHub/Gardengame/MyProject/Content/Collections/' took 0.01s
[2022.10.07-09.50.09:640][  0]LogContentBrowser: Native class hierarchy populated in 0.0080 seconds. Added 3427 classes and 821 folders.
[2022.10.07-09.50.09:644][  0]LogContentBrowser: Native class hierarchy updated for 'WidgetCarousel' in 0.0017 seconds. Added 0 classes and 0 folders.
[2022.10.07-09.50.09:848][  0]LogContentBrowser: Native class hierarchy updated for 'AddContentDialog' in 0.0018 seconds. Added 0 classes and 0 folders.
[2022.10.07-09.50.09:851][  0]LogContentBrowser: Native class hierarchy updated for 'SceneOutliner' in 0.0016 seconds. Added 2 classes and 0 folders.
[2022.10.07-09.50.09:933][  0]LogSlate: Took 0.000151 seconds to synchronously load lazily loaded font '../../../Engine/Content/Slate/Fonts/Roboto-Bold.ttf' (160K)
[2022.10.07-09.50.09:937][  0]LogSlate: Took 0.000179 seconds to synchronously load lazily loaded font '../../../Engine/Content/Editor/Slate/Fonts/FontAwesome.ttf' (139K)
[2022.10.07-09.50.09:965][  0]LogRenderer: Reallocating scene render targets to support 964x440 Format 10 NumSamples 1 (Frame:1).
[2022.10.07-09.50.10:014][  0]LogSlate: Took 0.000212 seconds to synchronously load lazily loaded font '../../../Engine/Content/Slate/Fonts/Roboto-Light.ttf' (167K)
[2022.10.07-09.50.10:194][  0]LogSlate: Window 'Tutorials' being destroyed
[2022.10.07-09.50.10:204][  0]LogContentBrowser: Native class hierarchy updated for 'HierarchicalLODOutliner' in 0.0019 seconds. Added 0 classes and 0 folders.
[2022.10.07-09.50.10:204][  0]LogLoad: (Engine Initialization) Total time: 68.12 seconds
[2022.10.07-09.50.10:204][  0]LogLoad: (Engine Initialization) Total Blueprint compile time: 0.00 seconds
[2022.10.07-09.50.10:238][  0]LogAssetRegistry: Asset discovery search completed in 60.5981 seconds
[2022.10.07-09.50.10:241][  0]LogCollectionManager: Fixed up redirectors for 0 collections in 0.000002 seconds (updated 0 objects)
[2022.10.07-09.50.10:242][  0]LogContentStreaming: Texture pool size now 1000 MB
[2022.10.07-09.50.10:300][  1]LogDirectoryWatcher: A directory notification failed for '//ad.liu.se/home/eliak641/Documents/GitHub/Gardengame/MyProject/Content/' because it was empty or there was a buffer overflow. Attemping another request...
[2022.10.07-09.50.10:301][  1]LogDirectoryWatcher: A directory notification failed for '//ad.liu.se/home/eliak641/Documents/GitHub/Gardengame/MyProject/Content/', and we were unable to create a new request.
[2022.10.07-09.50.10:301][  1]LogDirectoryWatcher: A directory notification failed for '//ad.liu.se/home/eliak641/Documents/GitHub/Gardengame/MyProject/Content/' because it was empty or there was a buffer overflow. Attemping another request...
[2022.10.07-09.50.10:303][  1]LogDirectoryWatcher: A directory notification failed for '//ad.liu.se/home/eliak641/Documents/GitHub/Gardengame/MyProject/Content/', and we were unable to create a new request.
[2022.10.07-09.50.10:303][  1]LogDirectoryWatcher: A directory notification failed for '//ad.liu.se/home/eliak641/Documents/GitHub/Gardengame/MyProject/Saved/Collections/' because it was empty or there was a buffer overflow. Attemping another request...
[2022.10.07-09.50.10:303][  1]LogDirectoryWatcher: A directory notification failed for '//ad.liu.se/home/eliak641/Documents/GitHub/Gardengame/MyProject/Content/Developers/eliak641/Collections/' because it was empty or there was a buffer overflow. Attemping another request...
[2022.10.07-09.50.10:303][  1]LogDirectoryWatcher: A directory notification failed for '//ad.liu.se/home/eliak641/Documents/GitHub/Gardengame/MyProject/Content/Collections/' because it was empty or there was a buffer overflow. Attemping another request...
[2022.10.07-09.50.10:404][  2]LogDirectoryWatcher: A directory notification failed for '//ad.liu.se/home/eliak641/Documents/GitHub/Gardengame/MyProject/Saved/Collections/' because it was empty or there was a buffer overflow. Attemping another request...
[2022.10.07-09.50.10:405][  2]LogDirectoryWatcher: A directory notification failed for '//ad.liu.se/home/eliak641/Documents/GitHub/Gardengame/MyProject/Saved/Collections/', and we were unable to create a new request.
[2022.10.07-09.50.10:405][  2]LogDirectoryWatcher: A directory notification failed for '//ad.liu.se/home/eliak641/Documents/GitHub/Gardengame/MyProject/Content/Developers/eliak641/Collections/' because it was empty or there was a buffer overflow. Attemping another request...
[2022.10.07-09.50.10:406][  2]LogDirectoryWatcher: A directory notification failed for '//ad.liu.se/home/eliak641/Documents/GitHub/Gardengame/MyProject/Content/Developers/eliak641/Collections/', and we were unable to create a new request.
[2022.10.07-09.50.10:406][  2]LogDirectoryWatcher: A directory notification failed for '//ad.liu.se/home/eliak641/Documents/GitHub/Gardengame/MyProject/Content/Collections/' because it was empty or there was a buffer overflow. Attemping another request...
[2022.10.07-09.50.10:407][  2]LogDirectoryWatcher: A directory notification failed for '//ad.liu.se/home/eliak641/Documents/GitHub/Gardengame/MyProject/Content/Collections/', and we were unable to create a new request.
[2022.10.07-09.50.11:241][ 96]LogSlate: Took 0.000125 seconds to synchronously load lazily loaded font '../../../Engine/Content/Slate/Fonts/Roboto-Light.ttf' (167K)
[2022.10.07-09.50.16:068][618]LogEditorViewport: Clicking on Actor (context menu): StaticMeshActor (Floor)
[2022.10.07-09.50.17:018][696]LogEditorViewport: Clicking on Actor (LMB): StaticMeshActor (Wall11)
[2022.10.07-09.50.17:862][789]LogEditorViewport: Clicking on Actor (context menu): StaticMeshActor (Floor)
[2022.10.07-09.50.18:530][858]LogEditorViewport: Clicking on Actor (LMB): StaticMeshActor (Floor)
[2022.10.07-09.50.19:372][958]LogEditorViewport: Clicking on Actor (context menu): StaticMeshActor (Floor)
[2022.10.07-09.50.20:142][ 42]LogEditorViewport: Clicking on Actor (LMB): StaticMeshActor (Wall11)
[2022.10.07-09.50.23:604][447]LogEditorViewport: Clicking on Actor (context menu): StaticMeshActor (Wall11)
[2022.10.07-09.50.28:157][972]LogEditorViewport: Clicking on Actor (context menu): StaticMeshActor (Floor)
[2022.10.07-09.50.28:785][ 38]LogEditorViewport: Clicking on Actor (LMB): StaticMeshActor (Wall11)
[2022.10.07-09.50.29:608][133]LogEditorViewport: Clicking on Actor (LMB): StaticMeshActor (Wall11)
[2022.10.07-09.50.32:239][439]LogEditorViewport: Clicking on Actor (context menu): StaticMeshActor (Floor)
[2022.10.07-09.50.33:227][543]LogEditorViewport: Clicking on Actor (LMB): StaticMeshActor (Floor)
[2022.10.07-09.50.36:663][951]LogEditorViewport: Clicking on Actor (LMB): ThirdPersonCharacter_C (ThirdPersonCharacter)
[2022.10.07-09.50.37:973][ 86]LogEditorViewport: Clicking on Actor (LMB): StaticMeshActor (Floor)
[2022.10.07-09.50.40:958][419]LogEditorViewport: Clicking on Actor (context menu): StaticMeshActor (Floor)
[2022.10.07-09.50.41:700][505]LogEditorViewport: Clicking on Actor (LMB): StaticMeshActor (Floor)
[2022.10.07-09.51.02:035][433]LogTemp: Repeating last play command: Selected Viewport
[2022.10.07-09.51.02:056][433]LogPlayLevel: PlayLevel: No blueprints needed recompiling
[2022.10.07-09.51.02:060][433]PIE: New page: PIE session: ThirdPersonExampleMap (7 okt. 2022 13:51:02)
[2022.10.07-09.51.02:062][433]LogOnline: OSS: Creating online subsystem instance for: NULL
[2022.10.07-09.51.02:064][433]LogOnline: OSS: TryLoadSubsystemAndSetDefault: Loaded subsystem for module [NULL]
[2022.10.07-09.51.02:066][433]LogPlayLevel: Creating play world package: /Game/ThirdPersonBP/Maps/UEDPIE_0_ThirdPersonExampleMap
[2022.10.07-09.51.02:081][433]LogPlayLevel: PIE: StaticDuplicateObject took: (0.015716s)
[2022.10.07-09.51.02:082][433]LogAIModule: Creating AISystem for world ThirdPersonExampleMap
[2022.10.07-09.51.02:082][433]LogAISub: UAISubsystem::UAISubsystem EnvQueryManager (000001858323A000), frame # 5433
[2022.10.07-09.51.02:082][433]LogAISub: UAISubsystem::UAISubsystem AIPerceptionSystem (00000185D53AD940), frame # 5433
[2022.10.07-09.51.02:083][433]LogPlayLevel: PIE: World Init took: (0.001643s)
[2022.10.07-09.51.02:083][433]LogPlayLevel: PIE: Created PIE world by copying editor world from /Game/ThirdPersonBP/Maps/ThirdPersonExampleMap.ThirdPersonExampleMap to /Game/ThirdPersonBP/Maps/UEDPIE_0_ThirdPersonExampleMap.ThirdPersonExampleMap (0.017494s)
[2022.10.07-09.51.02:102][433]LogUObjectHash: Compacting FUObjectHashTables data took   0.61ms
[2022.10.07-09.51.02:104][433]LogAudioMixer: Display: Audio Mixer Platform Settings:
[2022.10.07-09.51.02:104][433]LogAudioMixer: Display: 	Sample Rate:						  48000
[2022.10.07-09.51.02:104][433]LogAudioMixer: Display: 	Callback Buffer Frame Size Requested: 1024
[2022.10.07-09.51.02:104][433]LogAudioMixer: Display: 	Callback Buffer Frame Size To Use:	  1024
[2022.10.07-09.51.02:104][433]LogAudioMixer: Display: 	Number of buffers to queue:			  2
[2022.10.07-09.51.02:104][433]LogAudioMixer: Display: 	Max Channels (voices):				  32
[2022.10.07-09.51.02:104][433]LogAudioMixer: Display: 	Number of Async Source Workers:		  0
[2022.10.07-09.51.02:104][433]LogAudio: Display: AudioDevice MaxSources: 32
[2022.10.07-09.51.02:105][433]LogAudio: Display: Using built-in audio occlusion.
[2022.10.07-09.51.02:105][433]LogAudioMixer: Display: Initializing audio mixer.
[2022.10.07-09.51.02:106][433]LogAudioMixer: Display: 0: FrontLeft
[2022.10.07-09.51.02:106][433]LogAudioMixer: Display: 1: FrontRight
[2022.10.07-09.51.02:137][433]LogAudioMixer: Display: Using Audio Device Remote Audio
[2022.10.07-09.51.02:137][433]LogAudioMixer: Display: Initializing Sound Submixes...
[2022.10.07-09.51.02:137][433]LogAudioMixer: Display: Creating Master Submix 'MasterSubmixDefault'
[2022.10.07-09.51.02:137][433]LogAudioMixer: Display: Creating Master Submix 'MasterReverbSubmixDefault'
[2022.10.07-09.51.02:138][433]LogAudioMixer: Display: Creating Master Submix 'MasterEQSubmixDefault'
[2022.10.07-09.51.02:147][433]LogInit: FAudioDevice initialized.
[2022.10.07-09.51.02:198][433]LogLoad: Game class is 'ThirdPersonGameMode_C'
[2022.10.07-09.51.02:208][433]LogWorld: Bringing World /Game/ThirdPersonBP/Maps/UEDPIE_0_ThirdPersonExampleMap.ThirdPersonExampleMap up for play (max tick rate 0) at 2022.10.07-11.51.02
[2022.10.07-09.51.02:208][433]LogWorld: Bringing up level for play took: 0.002364
[2022.10.07-09.51.02:209][433]LogOnline: OSS: Creating online subsystem instance for: :Context_4
[2022.10.07-09.51.02:226][433]LogContentBrowser: Native class hierarchy updated for 'MovieSceneCapture' in 0.0017 seconds. Added 20 classes and 0 folders.
[2022.10.07-09.51.02:235][433]PIE: Server logged in
[2022.10.07-09.51.02:236][433]PIE: Play in editor total start time 0,184 seconds.
[2022.10.07-09.51.07:215][ 12]LogSlate: Updating window title bar state: overlay mode, drag disabled, window buttons hidden, title bar hidden
[2022.10.07-09.51.07:216][ 12]LogWorld: BeginTearingDown for /Game/ThirdPersonBP/Maps/UEDPIE_0_ThirdPersonExampleMap
[2022.10.07-09.51.07:216][ 12]LogWorld: UWorld::CleanupWorld for ThirdPersonExampleMap, bSessionEnded=true, bCleanupResources=true
[2022.10.07-09.51.07:216][ 12]LogSlate: InvalidateAllWidgets triggered.  All widgets were invalidated
[2022.10.07-09.51.07:222][ 12]LogPlayLevel: Display: Shutting down PIE online subsystems
[2022.10.07-09.51.07:224][ 12]LogSlate: InvalidateAllWidgets triggered.  All widgets were invalidated
[2022.10.07-09.51.07:249][ 12]LogSlate: Updating window title bar state: overlay mode, drag disabled, window buttons hidden, title bar hidden
[2022.10.07-09.51.07:250][ 12]LogAISub: UAISubsystem::~UAISubsystem AIPerceptionSystem (00000185D53AD940), frame # 6012
[2022.10.07-09.51.07:251][ 12]LogAISub: UAISubsystem::~UAISubsystem EnvQueryManager (000001858323A000), frame # 6012
[2022.10.07-09.51.07:251][ 12]LogUObjectHash: Compacting FUObjectHashTables data took   0.74ms
[2022.10.07-09.51.07:298][ 14]LogPlayLevel: Display: Destroying online subsystem :Context_4
