Log file open, 10/03/22 10:14:23
LogInit: Display: Running engine for game: MyProject
LogPlatformFile: Not using cached read wrapper
LogTaskGraph: Started task graph with 5 named threads and 47 total threads with 3 sets of task threads.
LogStats: Stats thread started at 0.274993
LogD3D11RHI: Loaded GFSDK_Aftermath_Lib.x64.dll
LogICUInternationalization: ICU TimeZone Detection - Raw Offset: +1:00, Platform Override: ''
LogPluginManager: Mounting plugin Paper2D
LogPluginManager: Mounting plugin AISupport
LogPluginManager: Mounting plugin LightPropagationVolume
LogPluginManager: Mounting plugin CameraShakePreviewer
LogPluginManager: Mounting plugin ActorLayerUtilities
LogPluginManager: Mounting plugin AnimationSharing
LogPluginManager: Mounting plugin CLionSourceCodeAccess
LogPluginManager: Mounting plugin CodeLiteSourceCodeAccess
LogPluginManager: Mounting plugin GitSourceControl
LogPluginManager: Mounting plugin KDevelopSourceCodeAccess
LogPluginManager: Mounting plugin NullSourceCodeAccess
LogPluginManager: Mounting plugin PerforceSourceControl
LogPluginManager: Mounting plugin PlasticSourceControl
LogPluginManager: Mounting plugin RiderSourceCodeAccess
LogPluginManager: Mounting plugin SubversionSourceControl
LogPluginManager: Mounting plugin UObjectPlugin
LogPluginManager: Mounting plugin VisualStudioCodeSourceCodeAccess
LogPluginManager: Mounting plugin VisualStudioSourceCodeAccess
LogPluginManager: Mounting plugin XCodeSourceCodeAccess
LogPluginManager: Mounting plugin AssetManagerEditor
LogPluginManager: Mounting plugin CryptoKeys
LogPluginManager: Mounting plugin CurveEditorTools
LogPluginManager: Mounting plugin DataValidation
LogPluginManager: Mounting plugin EditorScriptingUtilities
LogPluginManager: Mounting plugin FacialAnimation
LogPluginManager: Mounting plugin GameplayTagsEditor
LogPluginManager: Mounting plugin GeometryMode
LogPluginManager: Mounting plugin MacGraphicsSwitching
LogPluginManager: Mounting plugin MaterialAnalyzer
LogPluginManager: Mounting plugin MobileLauncherProfileWizard
LogPluginManager: Mounting plugin PluginBrowser
LogPluginManager: Mounting plugin SpeedTreeImporter
LogPluginManager: Mounting plugin DatasmithContent
LogPluginManager: Mounting plugin VariantManagerContent
LogPluginManager: Mounting plugin AlembicImporter
LogPluginManager: Mounting plugin AutomationUtils
LogPluginManager: Mounting plugin BackChannel
LogPluginManager: Mounting plugin ChaosCloth
LogPluginManager: Mounting plugin ChaosClothEditor
LogPluginManager: Mounting plugin ChaosEditor
LogPluginManager: Mounting plugin ChaosNiagara
LogPluginManager: Mounting plugin ChaosSolverPlugin
LogPluginManager: Mounting plugin CharacterAI
LogPluginManager: Mounting plugin GeometryCache
LogPluginManager: Mounting plugin GeometryCollectionPlugin
LogPluginManager: Mounting plugin GeometryProcessing
LogPluginManager: Mounting plugin PlanarCut
LogPluginManager: Mounting plugin PlatformCrypto
LogPluginManager: Mounting plugin ProxyLODPlugin
LogPluginManager: Mounting plugin SkeletalReduction
LogPluginManager: Mounting plugin Niagara
LogPluginManager: Mounting plugin MagicLeap
LogPluginManager: Mounting plugin MagicLeapLightEstimation
LogPluginManager: Mounting plugin MagicLeapMedia
LogPluginManager: Mounting plugin MagicLeapPassableWorld
LogPluginManager: Mounting plugin MLSDK
LogPluginManager: Mounting plugin AndroidMedia
LogPluginManager: Mounting plugin AvfMedia
LogPluginManager: Mounting plugin ImgMedia
LogPluginManager: Mounting plugin MediaCompositing
LogPluginManager: Mounting plugin MediaPlayerEditor
LogPluginManager: Mounting plugin WebMMedia
LogPluginManager: Mounting plugin WmfMedia
LogPluginManager: Mounting plugin MeshPainting
LogPluginManager: Mounting plugin TcpMessaging
LogPluginManager: Mounting plugin UdpMessaging
LogPluginManager: Mounting plugin ActorSequence
LogPluginManager: Mounting plugin LevelSequenceEditor
LogPluginManager: Mounting plugin MatineeToLevelSequence
LogPluginManager: Mounting plugin MovieRenderPipeline
LogPluginManager: Mounting plugin TemplateSequence
LogPluginManager: Mounting plugin NetcodeUnitTest
LogPluginManager: Mounting plugin NUTUnrealEngine4
LogPluginManager: Mounting plugin OnlineSubsystemGooglePlay
LogPluginManager: Mounting plugin OnlineSubsystemIOS
LogPluginManager: Mounting plugin OnlineSubsystem
LogPluginManager: Mounting plugin OnlineSubsystemNull
LogPluginManager: Mounting plugin OnlineSubsystemUtils
LogPluginManager: Mounting plugin LauncherChunkInstaller
LogPluginManager: Mounting plugin AndroidDeviceProfileSelector
LogPluginManager: Mounting plugin AndroidMoviePlayer
LogPluginManager: Mounting plugin AndroidPermission
LogPluginManager: Mounting plugin AppleImageUtils
LogPluginManager: Mounting plugin AppleMoviePlayer
LogPluginManager: Mounting plugin ArchVisCharacter
LogPluginManager: Mounting plugin AssetTags
LogPluginManager: Mounting plugin AudioCapture
LogPluginManager: Mounting plugin CableComponent
LogPluginManager: Mounting plugin CustomMeshComponent
LogPluginManager: Mounting plugin EditableMesh
LogPluginManager: Mounting plugin ExampleDeviceProfileSelector
LogPluginManager: Mounting plugin GoogleCloudMessaging
LogPluginManager: Mounting plugin GooglePAD
LogPluginManager: Mounting plugin IOSDeviceProfileSelector
LogPluginManager: Mounting plugin LinuxDeviceProfileSelector
LogPluginManager: Mounting plugin LocationServicesBPLibrary
LogPluginManager: Mounting plugin MobilePatchingUtils
LogPluginManager: Mounting plugin OculusVR
LogPluginManager: Mounting plugin PhysXVehicles
LogPluginManager: Mounting plugin PostSplashScreen
LogPluginManager: Mounting plugin ProceduralMeshComponent
LogPluginManager: Mounting plugin RuntimePhysXCooking
LogPluginManager: Mounting plugin SignificanceManager
LogPluginManager: Mounting plugin SoundFields
LogPluginManager: Mounting plugin SteamVR
LogPluginManager: Mounting plugin Synthesis
LogPluginManager: Mounting plugin WebMMoviePlayer
LogPluginManager: Mounting plugin WindowsMoviePlayer
LogPluginManager: Mounting plugin ScreenshotTools
LogInit: Using libcurl 7.55.1-DEV
LogInit:  - built for x86_64-pc-win32
LogInit:  - supports SSL with OpenSSL/1.1.1
LogInit:  - supports HTTP deflate (compression) using libz 1.2.8
LogInit:  - other features:
LogInit:      CURL_VERSION_SSL
LogInit:      CURL_VERSION_LIBZ
LogInit:      CURL_VERSION_IPV6
LogInit:      CURL_VERSION_ASYNCHDNS
LogInit:      CURL_VERSION_LARGEFILE
LogInit:      CURL_VERSION_IDN
LogInit:  CurlRequestOptions (configurable via config and command line):
LogInit:  - bVerifyPeer = true  - Libcurl will verify peer certificate
LogInit:  - bUseHttpProxy = false  - Libcurl will NOT use HTTP proxy
LogInit:  - bDontReuseConnections = false  - Libcurl will reuse connections
LogInit:  - MaxHostConnections = 16  - Libcurl will limit the number of connections to a host
LogInit:  - LocalHostAddr = Default
LogInit:  - BufferSize = 65536
LogOnline: OSS: Creating online subsystem instance for: NULL
LogInit: WinSock: version 1.1 (2.2), MaxSocks=32767, MaxUdp=65467
LogOnline: OSS: TryLoadSubsystemAndSetDefault: Loaded subsystem for module [NULL]
LogInit: Build: ++UE4+Release-4.25-CL-13942748
LogInit: Engine Version: 4.25.3-13942748+++UE4+Release-4.25
LogInit: Compatible Engine Version: 4.25.0-13144385+++UE4+Release-4.25
LogInit: Net CL: 13144385
LogInit: OS: Windows 10 (Release 2009) (), CPU: Intel(R) Core(TM) i7-10700 CPU @ 2.90GHz, GPU: Microsoft Remote Display Adapter
LogInit: Compiled (64-bit): Jul 25 2020 02:07:48
LogInit: Compiled with Visual C++: 19.24.28315.00
LogInit: Build Configuration: Development
LogInit: Branch Name: ++UE4+Release-4.25
LogInit: Command Line: 
LogInit: Base Directory: C:/Program Files/Epic Games/UE_4.25/Engine/Binaries/Win64/
LogInit: Allocator: TBB
LogInit: Installed Engine Build: 1
LogDevObjectVersion: Number of dev versions registered: 26
LogDevObjectVersion:   Dev-Blueprints (B0D832E4-1F89-4F0D-ACCF-7EB736FD4AA2): 10
LogDevObjectVersion:   Dev-Build (E1C64328-A22C-4D53-A36C-8E866417BD8C): 0
LogDevObjectVersion:   Dev-Core (375EC13C-06E4-48FB-B500-84F0262A717E): 4
LogDevObjectVersion:   Dev-Editor (E4B068ED-F494-42E9-A231-DA0B2E46BB41): 38
LogDevObjectVersion:   Dev-Framework (CFFC743F-43B0-4480-9391-14DF171D2073): 37
LogDevObjectVersion:   Dev-Mobile (B02B49B5-BB20-44E9-A304-32B752E40360): 2
LogDevObjectVersion:   Dev-Networking (A4E4105C-59A1-49B5-A7C5-40C4547EDFEE): 0
LogDevObjectVersion:   Dev-Online (39C831C9-5AE6-47DC-9A44-9C173E1C8E7C): 0
LogDevObjectVersion:   Dev-Physics (78F01B33-EBEA-4F98-B9B4-84EACCB95AA2): 4
LogDevObjectVersion:   Dev-Platform (6631380F-2D4D-43E0-8009-CF276956A95A): 0
LogDevObjectVersion:   Dev-Rendering (12F88B9F-8875-4AFC-A67C-D90C383ABD29): 43
LogDevObjectVersion:   Dev-Sequencer (7B5AE74C-D270-4C10-A958-57980B212A5A): 12
LogDevObjectVersion:   Dev-VR (D7296918-1DD6-4BDD-9DE2-64A83CC13884): 3
LogDevObjectVersion:   Dev-LoadTimes (C2A15278-BFE7-4AFE-6C17-90FF531DF755): 1
LogDevObjectVersion:   Private-Geometry (6EACA3D4-40EC-4CC1-B786-8BED09428FC5): 3
LogDevObjectVersion:   Dev-AnimPhys (29E575DD-E0A3-4627-9D10-D276232CDCEA): 17
LogDevObjectVersion:   Dev-Anim (AF43A65D-7FD3-4947-9873-3E8ED9C1BB05): 7
LogDevObjectVersion:   Dev-ReflectionCapture (6B266CEC-1EC7-4B8F-A30B-E4D90942FC07): 1
LogDevObjectVersion:   Dev-Automation (0DF73D61-A23F-47EA-B727-89E90C41499A): 1
LogDevObjectVersion:   FortniteMain (601D1886-AC64-4F84-AA16-D3DE0DEAC7D6): 31
LogDevObjectVersion:   Dev-Enterprise (9DFFBCD6-494F-0158-E221-12823C92A888): 10
LogDevObjectVersion:   Dev-Niagara (F2AED0AC-9AFE-416F-8664-AA7FFA26D6FC): 1
LogDevObjectVersion:   Dev-Destruction (174F1F0B-B4C6-45A5-B13F-2EE8D0FB917D): 10
LogDevObjectVersion:   Dev-Physics-Ext (35F94A83-E258-406C-A318-09F59610247C): 37
LogDevObjectVersion:   Dev-PhysicsMaterial-Chaos (B68FC16E-8B1B-42E2-B453-215C058844FE): 1
LogDevObjectVersion:   Dev-CineCamera (B2E18506-4273-CFC2-A54E-F4BB758BBA07): 1
LogInit: Presizing for max 25165824 objects, including 0 objects not considered by GC, pre-allocating 0 bytes for permanent pool.
LogConfig: Applying CVar settings from Section [/Script/Engine.StreamingSettings] File [//ad.liu.se/home/eliak641/Documents/GitHub/Gardengame/MyProject/Saved/Config/Windows/Engine.ini]
LogConfig: Setting CVar [[s.MinBulkDataSizeForAsyncLoading:131072]]
LogConfig: Setting CVar [[s.AsyncLoadingThreadEnabled:0]]
LogConfig: Setting CVar [[s.EventDrivenLoaderEnabled:1]]
LogConfig: Setting CVar [[s.WarnIfTimeLimitExceeded:0]]
LogConfig: Setting CVar [[s.TimeLimitExceededMultiplier:1.5]]
LogConfig: Setting CVar [[s.TimeLimitExceededMinTime:0.005]]
LogConfig: Setting CVar [[s.UseBackgroundLevelStreaming:1]]
LogConfig: Setting CVar [[s.PriorityAsyncLoadingExtraTime:15.0]]
LogConfig: Setting CVar [[s.LevelStreamingActorsUpdateTimeLimit:5.0]]
LogConfig: Setting CVar [[s.PriorityLevelStreamingActorsUpdateExtraTime:5.0]]
LogConfig: Setting CVar [[s.LevelStreamingComponentsRegistrationGranularity:10]]
LogConfig: Setting CVar [[s.UnregisterComponentsTimeLimit:1.0]]
LogConfig: Setting CVar [[s.LevelStreamingComponentsUnregistrationGranularity:5]]
LogConfig: Setting CVar [[s.FlushStreamingOnExit:1]]
LogInit: Object subsystem initialized
LogConfig: Setting CVar [[con.DebugEarlyDefault:1]]
LogConfig: Setting CVar [[r.setres:1280x720]]
[2022.10.03-08.14.25:937][  0]LogConfig: Setting CVar [[r.VSync:0]]
[2022.10.03-08.14.25:937][  0]LogConfig: Setting CVar [[r.RHICmdBypass:0]]
[2022.10.03-08.14.25:937][  0]LogConfig: Applying CVar settings from Section [/Script/Engine.RendererSettings] File [//ad.liu.se/home/eliak641/Documents/GitHub/Gardengame/MyProject/Saved/Config/Windows/Engine.ini]
[2022.10.03-08.14.25:937][  0]LogConfig: Setting CVar [[r.GPUCrashDebugging:0]]
[2022.10.03-08.14.25:937][  0]LogConfig: Applying CVar settings from Section [/Script/Engine.RendererOverrideSettings] File [//ad.liu.se/home/eliak641/Documents/GitHub/Gardengame/MyProject/Saved/Config/Windows/Engine.ini]
[2022.10.03-08.14.25:937][  0]LogConfig: Applying CVar settings from Section [/Script/Engine.StreamingSettings] File [//ad.liu.se/home/eliak641/Documents/GitHub/Gardengame/MyProject/Saved/Config/Windows/Engine.ini]
[2022.10.03-08.14.25:937][  0]LogConfig: Setting CVar [[s.MinBulkDataSizeForAsyncLoading:131072]]
[2022.10.03-08.14.25:937][  0]LogConfig: Setting CVar [[s.AsyncLoadingThreadEnabled:0]]
[2022.10.03-08.14.25:937][  0]LogConfig: Setting CVar [[s.EventDrivenLoaderEnabled:1]]
[2022.10.03-08.14.25:937][  0]LogConfig: Setting CVar [[s.WarnIfTimeLimitExceeded:0]]
[2022.10.03-08.14.25:937][  0]LogConfig: Setting CVar [[s.TimeLimitExceededMultiplier:1.5]]
[2022.10.03-08.14.25:937][  0]LogConfig: Setting CVar [[s.TimeLimitExceededMinTime:0.005]]
[2022.10.03-08.14.25:937][  0]LogConfig: Setting CVar [[s.UseBackgroundLevelStreaming:1]]
[2022.10.03-08.14.25:937][  0]LogConfig: Setting CVar [[s.PriorityAsyncLoadingExtraTime:15.0]]
[2022.10.03-08.14.25:937][  0]LogConfig: Setting CVar [[s.LevelStreamingActorsUpdateTimeLimit:5.0]]
[2022.10.03-08.14.25:937][  0]LogConfig: Setting CVar [[s.PriorityLevelStreamingActorsUpdateExtraTime:5.0]]
[2022.10.03-08.14.25:937][  0]LogConfig: Setting CVar [[s.LevelStreamingComponentsRegistrationGranularity:10]]
[2022.10.03-08.14.25:937][  0]LogConfig: Setting CVar [[s.UnregisterComponentsTimeLimit:1.0]]
[2022.10.03-08.14.25:937][  0]LogConfig: Setting CVar [[s.LevelStreamingComponentsUnregistrationGranularity:5]]
[2022.10.03-08.14.25:937][  0]LogConfig: Setting CVar [[s.FlushStreamingOnExit:1]]
[2022.10.03-08.14.25:937][  0]LogConfig: Applying CVar settings from Section [/Script/Engine.GarbageCollectionSettings] File [//ad.liu.se/home/eliak641/Documents/GitHub/Gardengame/MyProject/Saved/Config/Windows/Engine.ini]
[2022.10.03-08.14.25:937][  0]LogConfig: Setting CVar [[gc.MaxObjectsNotConsideredByGC:1]]
[2022.10.03-08.14.25:937][  0]LogConfig: Setting CVar [[gc.SizeOfPermanentObjectPool:0]]
[2022.10.03-08.14.25:937][  0]LogConfig: Setting CVar [[gc.FlushStreamingOnGC:0]]
[2022.10.03-08.14.25:937][  0]LogConfig: Setting CVar [[gc.NumRetriesBeforeForcingGC:10]]
[2022.10.03-08.14.25:937][  0]LogConfig: Setting CVar [[gc.AllowParallelGC:1]]
[2022.10.03-08.14.25:937][  0]LogConfig: Setting CVar [[gc.TimeBetweenPurgingPendingKillObjects:61.1]]
[2022.10.03-08.14.25:937][  0]LogConfig: Setting CVar [[gc.MaxObjectsInEditor:25165824]]
[2022.10.03-08.14.25:937][  0]LogConfig: Setting CVar [[gc.IncrementalBeginDestroyEnabled:1]]
[2022.10.03-08.14.25:937][  0]LogConfig: Setting CVar [[gc.CreateGCClusters:1]]
[2022.10.03-08.14.25:937][  0]LogConfig: Setting CVar [[gc.MinGCClusterSize:5]]
[2022.10.03-08.14.25:937][  0]LogConfig: Setting CVar [[gc.ActorClusteringEnabled:0]]
[2022.10.03-08.14.25:937][  0]LogConfig: Setting CVar [[gc.BlueprintClusteringEnabled:0]]
[2022.10.03-08.14.25:937][  0]LogConfig: Setting CVar [[gc.UseDisregardForGCOnDedicatedServers:0]]
[2022.10.03-08.14.25:937][  0]LogConfig: Applying CVar settings from Section [/Script/Engine.NetworkSettings] File [//ad.liu.se/home/eliak641/Documents/GitHub/Gardengame/MyProject/Saved/Config/Windows/Engine.ini]
[2022.10.03-08.14.25:937][  0]LogConfig: Applying CVar settings from Section [/Script/UnrealEd.CookerSettings] File [//ad.liu.se/home/eliak641/Documents/GitHub/Gardengame/MyProject/Saved/Config/Windows/Engine.ini]
[2022.10.03-08.14.25:953][  0]LogConfig: Applying CVar settings from Section [ViewDistanceQuality@3] File [//ad.liu.se/home/eliak641/Documents/GitHub/Gardengame/MyProject/Saved/Config/Windows/Scalability.ini]
[2022.10.03-08.14.25:953][  0]LogConfig: Setting CVar [[r.SkeletalMeshLODBias:0]]
[2022.10.03-08.14.25:953][  0]LogConfig: Setting CVar [[r.ViewDistanceScale:1.0]]
[2022.10.03-08.14.25:953][  0]LogConfig: Applying CVar settings from Section [AntiAliasingQuality@3] File [//ad.liu.se/home/eliak641/Documents/GitHub/Gardengame/MyProject/Saved/Config/Windows/Scalability.ini]
[2022.10.03-08.14.25:953][  0]LogConfig: Setting CVar [[r.PostProcessAAQuality:4]]
[2022.10.03-08.14.25:953][  0]LogConfig: Applying CVar settings from Section [ShadowQuality@3] File [//ad.liu.se/home/eliak641/Documents/GitHub/Gardengame/MyProject/Saved/Config/Windows/Scalability.ini]
[2022.10.03-08.14.25:953][  0]LogConfig: Setting CVar [[r.LightFunctionQuality:1]]
[2022.10.03-08.14.25:953][  0]LogConfig: Setting CVar [[r.ShadowQuality:5]]
[2022.10.03-08.14.25:953][  0]LogConfig: Setting CVar [[r.Shadow.CSM.MaxCascades:10]]
[2022.10.03-08.14.25:953][  0]LogConfig: Setting CVar [[r.Shadow.MaxResolution:2048]]
[2022.10.03-08.14.25:953][  0]LogConfig: Setting CVar [[r.Shadow.MaxCSMResolution:2048]]
[2022.10.03-08.14.25:953][  0]LogConfig: Setting CVar [[r.Shadow.RadiusThreshold:0.01]]
[2022.10.03-08.14.25:953][  0]LogConfig: Setting CVar [[r.Shadow.DistanceScale:1.0]]
[2022.10.03-08.14.25:953][  0]LogConfig: Setting CVar [[r.Shadow.CSM.TransitionScale:1.0]]
[2022.10.03-08.14.25:953][  0]LogConfig: Setting CVar [[r.Shadow.PreShadowResolutionFactor:1.0]]
[2022.10.03-08.14.25:953][  0]LogConfig: Setting CVar [[r.DistanceFieldShadowing:1]]
[2022.10.03-08.14.25:953][  0]LogConfig: Setting CVar [[r.DistanceFieldAO:1]]
[2022.10.03-08.14.25:953][  0]LogConfig: Setting CVar [[r.AOQuality:2]]
[2022.10.03-08.14.25:953][  0]LogConfig: Setting CVar [[r.VolumetricFog:1]]
[2022.10.03-08.14.25:953][  0]LogConfig: Setting CVar [[r.VolumetricFog.GridPixelSize:8]]
[2022.10.03-08.14.25:953][  0]LogConfig: Setting CVar [[r.VolumetricFog.GridSizeZ:128]]
[2022.10.03-08.14.25:953][  0]LogConfig: Setting CVar [[r.VolumetricFog.HistoryMissSupersampleCount:4]]
[2022.10.03-08.14.25:953][  0]LogConfig: Setting CVar [[r.LightMaxDrawDistanceScale:1]]
[2022.10.03-08.14.25:953][  0]LogConfig: Setting CVar [[r.CapsuleShadows:1]]
[2022.10.03-08.14.25:953][  0]LogConfig: Applying CVar settings from Section [PostProcessQuality@3] File [//ad.liu.se/home/eliak641/Documents/GitHub/Gardengame/MyProject/Saved/Config/Windows/Scalability.ini]
[2022.10.03-08.14.25:953][  0]LogConfig: Setting CVar [[r.MotionBlurQuality:4]]
[2022.10.03-08.14.25:953][  0]LogConfig: Setting CVar [[r.AmbientOcclusionMipLevelFactor:0.4]]
[2022.10.03-08.14.25:953][  0]LogConfig: Setting CVar [[r.AmbientOcclusionMaxQuality:100]]
[2022.10.03-08.14.25:953][  0]LogConfig: Setting CVar [[r.AmbientOcclusionLevels:-1]]
[2022.10.03-08.14.25:953][  0]LogConfig: Setting CVar [[r.AmbientOcclusionRadiusScale:1.0]]
[2022.10.03-08.14.25:953][  0]LogConfig: Setting CVar [[r.DepthOfFieldQuality:2]]
[2022.10.03-08.14.25:953][  0]LogConfig: Setting CVar [[r.RenderTargetPoolMin:400]]
[2022.10.03-08.14.25:953][  0]LogConfig: Setting CVar [[r.LensFlareQuality:2]]
[2022.10.03-08.14.25:953][  0]LogConfig: Setting CVar [[r.SceneColorFringeQuality:1]]
[2022.10.03-08.14.25:953][  0]LogConfig: Setting CVar [[r.EyeAdaptationQuality:2]]
[2022.10.03-08.14.25:953][  0]LogConfig: Setting CVar [[r.BloomQuality:5]]
[2022.10.03-08.14.25:953][  0]LogConfig: Setting CVar [[r.FastBlurThreshold:100]]
[2022.10.03-08.14.25:953][  0]LogConfig: Setting CVar [[r.Upscale.Quality:3]]
[2022.10.03-08.14.25:953][  0]LogConfig: Setting CVar [[r.Tonemapper.GrainQuantization:1]]
[2022.10.03-08.14.25:953][  0]LogConfig: Setting CVar [[r.LightShaftQuality:1]]
[2022.10.03-08.14.25:953][  0]LogConfig: Setting CVar [[r.Filter.SizeScale:1]]
[2022.10.03-08.14.25:953][  0]LogConfig: Setting CVar [[r.Tonemapper.Quality:5]]
[2022.10.03-08.14.25:953][  0]LogConfig: Setting CVar [[r.DOF.Gather.AccumulatorQuality:1        ; higher gathering accumulator quality]]
[2022.10.03-08.14.25:953][  0]LogConfig: Setting CVar [[r.DOF.Gather.PostfilterMethod:1          ; Median3x3 postfilering method]]
[2022.10.03-08.14.25:953][  0]LogConfig: Setting CVar [[r.DOF.Gather.EnableBokehSettings:0       ; no bokeh simulation when gathering]]
[2022.10.03-08.14.25:953][  0]LogConfig: Setting CVar [[r.DOF.Gather.RingCount:4                 ; medium number of samples when gathering]]
[2022.10.03-08.14.25:953][  0]LogConfig: Setting CVar [[r.DOF.Scatter.ForegroundCompositing:1    ; additive foreground scattering]]
[2022.10.03-08.14.25:953][  0]LogConfig: Setting CVar [[r.DOF.Scatter.BackgroundCompositing:2    ; additive background scattering]]
[2022.10.03-08.14.25:953][  0]LogConfig: Setting CVar [[r.DOF.Scatter.EnableBokehSettings:1      ; bokeh simulation when scattering]]
[2022.10.03-08.14.25:953][  0]LogConfig: Setting CVar [[r.DOF.Scatter.MaxSpriteRatio:0.1         ; only a maximum of 10% of scattered bokeh]]
[2022.10.03-08.14.25:953][  0]LogConfig: Setting CVar [[r.DOF.Recombine.Quality:1                ; cheap slight out of focus]]
[2022.10.03-08.14.25:953][  0]LogConfig: Setting CVar [[r.DOF.Recombine.EnableBokehSettings:0    ; no bokeh simulation on slight out of focus]]
[2022.10.03-08.14.25:953][  0]LogConfig: Setting CVar [[r.DOF.TemporalAAQuality:1                ; more stable temporal accumulation]]
[2022.10.03-08.14.25:953][  0]LogConfig: Setting CVar [[r.DOF.Kernel.MaxForegroundRadius:0.025]]
[2022.10.03-08.14.25:953][  0]LogConfig: Setting CVar [[r.DOF.Kernel.MaxBackgroundRadius:0.025]]
[2022.10.03-08.14.25:953][  0]LogConfig: Applying CVar settings from Section [TextureQuality@3] File [//ad.liu.se/home/eliak641/Documents/GitHub/Gardengame/MyProject/Saved/Config/Windows/Scalability.ini]
[2022.10.03-08.14.25:953][  0]LogConfig: Setting CVar [[r.Streaming.MipBias:0]]
[2022.10.03-08.14.25:953][  0]LogConfig: Setting CVar [[r.Streaming.AmortizeCPUToGPUCopy:0]]
[2022.10.03-08.14.25:953][  0]LogConfig: Setting CVar [[r.Streaming.MaxNumTexturesToStreamPerFrame:0]]
[2022.10.03-08.14.25:953][  0]LogConfig: Setting CVar [[r.Streaming.Boost:1]]
[2022.10.03-08.14.25:953][  0]LogConfig: Setting CVar [[r.MaxAnisotropy:8]]
[2022.10.03-08.14.25:953][  0]LogConfig: Setting CVar [[r.VT.MaxAnisotropy:8]]
[2022.10.03-08.14.25:953][  0]LogConfig: Setting CVar [[r.Streaming.LimitPoolSizeToVRAM:0]]
[2022.10.03-08.14.25:953][  0]LogConfig: Setting CVar [[r.Streaming.PoolSize:1000]]
[2022.10.03-08.14.25:953][  0]LogConfig: Setting CVar [[r.Streaming.MaxEffectiveScreenSize:0]]
[2022.10.03-08.14.25:953][  0]LogConfig: Applying CVar settings from Section [EffectsQuality@3] File [//ad.liu.se/home/eliak641/Documents/GitHub/Gardengame/MyProject/Saved/Config/Windows/Scalability.ini]
[2022.10.03-08.14.25:953][  0]LogConfig: Setting CVar [[r.TranslucencyLightingVolumeDim:64]]
[2022.10.03-08.14.25:953][  0]LogConfig: Setting CVar [[r.RefractionQuality:2]]
[2022.10.03-08.14.25:953][  0]LogConfig: Setting CVar [[r.SSR.Quality:3]]
[2022.10.03-08.14.25:953][  0]LogConfig: Setting CVar [[r.SSR.HalfResSceneColor:0]]
[2022.10.03-08.14.25:953][  0]LogConfig: Setting CVar [[r.SceneColorFormat:4]]
[2022.10.03-08.14.25:953][  0]LogConfig: Setting CVar [[r.DetailMode:2]]
[2022.10.03-08.14.25:953][  0]LogConfig: Setting CVar [[r.TranslucencyVolumeBlur:1]]
[2022.10.03-08.14.25:953][  0]LogConfig: Setting CVar [[r.MaterialQualityLevel:1 ; High quality]]
[2022.10.03-08.14.25:953][  0]LogConfig: Setting CVar [[r.SSS.Scale:1]]
[2022.10.03-08.14.25:953][  0]LogConfig: Setting CVar [[r.SSS.SampleSet:2]]
[2022.10.03-08.14.25:953][  0]LogConfig: Setting CVar [[r.SSS.Quality:1]]
[2022.10.03-08.14.25:953][  0]LogConfig: Setting CVar [[r.SSS.HalfRes:0]]
[2022.10.03-08.14.25:953][  0]LogConfig: Setting CVar [[r.SSGI.Quality:3]]
[2022.10.03-08.14.25:953][  0]LogConfig: Setting CVar [[r.EmitterSpawnRateScale:1.0]]
[2022.10.03-08.14.25:953][  0]LogConfig: Setting CVar [[r.ParticleLightQuality:2]]
[2022.10.03-08.14.25:953][  0]LogConfig: Setting CVar [[r.SkyAtmosphere.AerialPerspectiveLUT.FastApplyOnOpaque:1 ; Always have FastSkyLUT 1 in this case to avoid wrong sky]]
[2022.10.03-08.14.25:953][  0]LogConfig: Setting CVar [[r.SkyAtmosphere.AerialPerspectiveLUT.SampleCountPerSlice:1]]
[2022.10.03-08.14.25:953][  0]LogConfig: Setting CVar [[r.SkyAtmosphere.AerialPerspectiveLUT.DepthResolution:16.0]]
[2022.10.03-08.14.25:953][  0]LogConfig: Setting CVar [[r.SkyAtmosphere.FastSkyLUT:1]]
[2022.10.03-08.14.25:953][  0]LogConfig: Setting CVar [[r.SkyAtmosphere.FastSkyLUT.SampleCountMin:4.0]]
[2022.10.03-08.14.25:953][  0]LogConfig: Setting CVar [[r.SkyAtmosphere.FastSkyLUT.SampleCountMax:32.0]]
[2022.10.03-08.14.25:953][  0]LogConfig: Setting CVar [[r.SkyAtmosphere.SampleCountMin:4.0]]
[2022.10.03-08.14.25:953][  0]LogConfig: Setting CVar [[r.SkyAtmosphere.SampleCountMax:32.0]]
[2022.10.03-08.14.25:953][  0]LogConfig: Setting CVar [[r.SkyAtmosphere.TransmittanceLUT.UseSmallFormat:0]]
[2022.10.03-08.14.25:953][  0]LogConfig: Setting CVar [[r.SkyAtmosphere.TransmittanceLUT.SampleCount:10.0]]
[2022.10.03-08.14.25:953][  0]LogConfig: Setting CVar [[r.SkyAtmosphere.MultiScatteringLUT.SampleCount:15.0]]
[2022.10.03-08.14.25:953][  0]LogConfig: Applying CVar settings from Section [FoliageQuality@3] File [//ad.liu.se/home/eliak641/Documents/GitHub/Gardengame/MyProject/Saved/Config/Windows/Scalability.ini]
[2022.10.03-08.14.25:953][  0]LogConfig: Setting CVar [[foliage.DensityScale:1.0]]
[2022.10.03-08.14.25:953][  0]LogConfig: Setting CVar [[grass.DensityScale:1.0]]
[2022.10.03-08.14.25:953][  0]LogConfig: Applying CVar settings from Section [ShadingQuality@3] File [//ad.liu.se/home/eliak641/Documents/GitHub/Gardengame/MyProject/Saved/Config/Windows/Scalability.ini]
[2022.10.03-08.14.25:953][  0]LogConfig: Setting CVar [[r.HairStrands.SkyLighting.SampleCount:16]]
[2022.10.03-08.14.25:953][  0]LogConfig: Setting CVar [[r.HairStrands.SkyLighting.JitterIntegration:0]]
[2022.10.03-08.14.25:953][  0]LogConfig: Setting CVar [[r.HairStrands.SkyAO.SampleCount:16]]
[2022.10.03-08.14.25:953][  0]LogConfig: Setting CVar [[r.HairStrands.DeepShadow.SuperSampling:0]]
[2022.10.03-08.14.25:953][  0]LogConfig: Setting CVar [[r.HairStrands.VisibilityPPLL:0]]
[2022.10.03-08.14.25:953][  0]LogConfig: Setting CVar [[r.HairStrands.RasterizationScale:0.5]]
[2022.10.03-08.14.25:953][  0]LogConfig: Setting CVar [[r.HairStrands.VelocityRasterizationScale:1]]
[2022.10.03-08.14.25:953][  0]LogInit: Selected Device Profile: [Windows]
[2022.10.03-08.14.25:953][  0]LogInit: Applying CVar settings loaded from the selected device profile: [Windows]
[2022.10.03-08.14.25:953][  0]LogHAL: Display: Platform has ~ 16 GB [16879165440 / 17179869184 / 16], which maps to Larger [LargestMinGB=32, LargerMinGB=12, DefaultMinGB=8, SmallerMinGB=6, SmallestMinGB=0)
[2022.10.03-08.14.25:953][  0]LogInit: Going up to parent DeviceProfile []
[2022.10.03-08.14.25:953][  0]LogConfig: Applying CVar settings from Section [ViewDistanceQuality@3] File [//ad.liu.se/home/eliak641/Documents/GitHub/Gardengame/MyProject/Saved/Config/Windows/Scalability.ini]
[2022.10.03-08.14.25:953][  0]LogConfig: Setting CVar [[r.SkeletalMeshLODBias:0]]
[2022.10.03-08.14.25:953][  0]LogConfig: Setting CVar [[r.ViewDistanceScale:1.0]]
[2022.10.03-08.14.25:953][  0]LogConfig: Applying CVar settings from Section [AntiAliasingQuality@3] File [//ad.liu.se/home/eliak641/Documents/GitHub/Gardengame/MyProject/Saved/Config/Windows/Scalability.ini]
[2022.10.03-08.14.25:953][  0]LogConfig: Setting CVar [[r.PostProcessAAQuality:4]]
[2022.10.03-08.14.25:953][  0]LogConfig: Applying CVar settings from Section [ShadowQuality@3] File [//ad.liu.se/home/eliak641/Documents/GitHub/Gardengame/MyProject/Saved/Config/Windows/Scalability.ini]
[2022.10.03-08.14.25:953][  0]LogConfig: Setting CVar [[r.LightFunctionQuality:1]]
[2022.10.03-08.14.25:953][  0]LogConfig: Setting CVar [[r.ShadowQuality:5]]
[2022.10.03-08.14.25:953][  0]LogConfig: Setting CVar [[r.Shadow.CSM.MaxCascades:10]]
[2022.10.03-08.14.25:953][  0]LogConfig: Setting CVar [[r.Shadow.MaxResolution:2048]]
[2022.10.03-08.14.25:953][  0]LogConfig: Setting CVar [[r.Shadow.MaxCSMResolution:2048]]
[2022.10.03-08.14.25:953][  0]LogConfig: Setting CVar [[r.Shadow.RadiusThreshold:0.01]]
[2022.10.03-08.14.25:953][  0]LogConfig: Setting CVar [[r.Shadow.DistanceScale:1.0]]
[2022.10.03-08.14.25:953][  0]LogConfig: Setting CVar [[r.Shadow.CSM.TransitionScale:1.0]]
[2022.10.03-08.14.25:953][  0]LogConfig: Setting CVar [[r.Shadow.PreShadowResolutionFactor:1.0]]
[2022.10.03-08.14.25:953][  0]LogConfig: Setting CVar [[r.DistanceFieldShadowing:1]]
[2022.10.03-08.14.25:953][  0]LogConfig: Setting CVar [[r.DistanceFieldAO:1]]
[2022.10.03-08.14.25:953][  0]LogConfig: Setting CVar [[r.AOQuality:2]]
[2022.10.03-08.14.25:953][  0]LogConfig: Setting CVar [[r.VolumetricFog:1]]
[2022.10.03-08.14.25:953][  0]LogConfig: Setting CVar [[r.VolumetricFog.GridPixelSize:8]]
[2022.10.03-08.14.25:953][  0]LogConfig: Setting CVar [[r.VolumetricFog.GridSizeZ:128]]
[2022.10.03-08.14.25:953][  0]LogConfig: Setting CVar [[r.VolumetricFog.HistoryMissSupersampleCount:4]]
[2022.10.03-08.14.25:953][  0]LogConfig: Setting CVar [[r.LightMaxDrawDistanceScale:1]]
[2022.10.03-08.14.25:953][  0]LogConfig: Setting CVar [[r.CapsuleShadows:1]]
[2022.10.03-08.14.25:953][  0]LogConfig: Applying CVar settings from Section [PostProcessQuality@3] File [//ad.liu.se/home/eliak641/Documents/GitHub/Gardengame/MyProject/Saved/Config/Windows/Scalability.ini]
[2022.10.03-08.14.25:953][  0]LogConfig: Setting CVar [[r.MotionBlurQuality:4]]
[2022.10.03-08.14.25:953][  0]LogConfig: Setting CVar [[r.AmbientOcclusionMipLevelFactor:0.4]]
[2022.10.03-08.14.25:953][  0]LogConfig: Setting CVar [[r.AmbientOcclusionMaxQuality:100]]
[2022.10.03-08.14.25:953][  0]LogConfig: Setting CVar [[r.AmbientOcclusionLevels:-1]]
[2022.10.03-08.14.25:953][  0]LogConfig: Setting CVar [[r.AmbientOcclusionRadiusScale:1.0]]
[2022.10.03-08.14.25:953][  0]LogConfig: Setting CVar [[r.DepthOfFieldQuality:2]]
[2022.10.03-08.14.25:953][  0]LogConfig: Setting CVar [[r.RenderTargetPoolMin:400]]
[2022.10.03-08.14.25:953][  0]LogConfig: Setting CVar [[r.LensFlareQuality:2]]
[2022.10.03-08.14.25:953][  0]LogConfig: Setting CVar [[r.SceneColorFringeQuality:1]]
[2022.10.03-08.14.25:953][  0]LogConfig: Setting CVar [[r.EyeAdaptationQuality:2]]
[2022.10.03-08.14.25:953][  0]LogConfig: Setting CVar [[r.BloomQuality:5]]
[2022.10.03-08.14.25:953][  0]LogConfig: Setting CVar [[r.FastBlurThreshold:100]]
[2022.10.03-08.14.25:953][  0]LogConfig: Setting CVar [[r.Upscale.Quality:3]]
[2022.10.03-08.14.25:953][  0]LogConfig: Setting CVar [[r.Tonemapper.GrainQuantization:1]]
[2022.10.03-08.14.25:953][  0]LogConfig: Setting CVar [[r.LightShaftQuality:1]]
[2022.10.03-08.14.25:953][  0]LogConfig: Setting CVar [[r.Filter.SizeScale:1]]
[2022.10.03-08.14.25:953][  0]LogConfig: Setting CVar [[r.Tonemapper.Quality:5]]
[2022.10.03-08.14.25:953][  0]LogConfig: Setting CVar [[r.DOF.Gather.AccumulatorQuality:1        ; higher gathering accumulator quality]]
[2022.10.03-08.14.25:953][  0]LogConfig: Setting CVar [[r.DOF.Gather.PostfilterMethod:1          ; Median3x3 postfilering method]]
[2022.10.03-08.14.25:953][  0]LogConfig: Setting CVar [[r.DOF.Gather.EnableBokehSettings:0       ; no bokeh simulation when gathering]]
[2022.10.03-08.14.25:953][  0]LogConfig: Setting CVar [[r.DOF.Gather.RingCount:4                 ; medium number of samples when gathering]]
[2022.10.03-08.14.25:953][  0]LogConfig: Setting CVar [[r.DOF.Scatter.ForegroundCompositing:1    ; additive foreground scattering]]
[2022.10.03-08.14.25:953][  0]LogConfig: Setting CVar [[r.DOF.Scatter.BackgroundCompositing:2    ; additive background scattering]]
[2022.10.03-08.14.25:953][  0]LogConfig: Setting CVar [[r.DOF.Scatter.EnableBokehSettings:1      ; bokeh simulation when scattering]]
[2022.10.03-08.14.25:953][  0]LogConfig: Setting CVar [[r.DOF.Scatter.MaxSpriteRatio:0.1         ; only a maximum of 10% of scattered bokeh]]
[2022.10.03-08.14.25:953][  0]LogConfig: Setting CVar [[r.DOF.Recombine.Quality:1                ; cheap slight out of focus]]
[2022.10.03-08.14.25:953][  0]LogConfig: Setting CVar [[r.DOF.Recombine.EnableBokehSettings:0    ; no bokeh simulation on slight out of focus]]
[2022.10.03-08.14.25:953][  0]LogConfig: Setting CVar [[r.DOF.TemporalAAQuality:1                ; more stable temporal accumulation]]
[2022.10.03-08.14.25:953][  0]LogConfig: Setting CVar [[r.DOF.Kernel.MaxForegroundRadius:0.025]]
[2022.10.03-08.14.25:953][  0]LogConfig: Setting CVar [[r.DOF.Kernel.MaxBackgroundRadius:0.025]]
[2022.10.03-08.14.25:953][  0]LogConfig: Applying CVar settings from Section [TextureQuality@3] File [//ad.liu.se/home/eliak641/Documents/GitHub/Gardengame/MyProject/Saved/Config/Windows/Scalability.ini]
[2022.10.03-08.14.25:953][  0]LogConfig: Setting CVar [[r.Streaming.MipBias:0]]
[2022.10.03-08.14.25:953][  0]LogConfig: Setting CVar [[r.Streaming.AmortizeCPUToGPUCopy:0]]
[2022.10.03-08.14.25:953][  0]LogConfig: Setting CVar [[r.Streaming.MaxNumTexturesToStreamPerFrame:0]]
[2022.10.03-08.14.25:953][  0]LogConfig: Setting CVar [[r.Streaming.Boost:1]]
[2022.10.03-08.14.25:953][  0]LogConfig: Setting CVar [[r.MaxAnisotropy:8]]
[2022.10.03-08.14.25:953][  0]LogConfig: Setting CVar [[r.VT.MaxAnisotropy:8]]
[2022.10.03-08.14.25:953][  0]LogConfig: Setting CVar [[r.Streaming.LimitPoolSizeToVRAM:0]]
[2022.10.03-08.14.25:953][  0]LogConfig: Setting CVar [[r.Streaming.PoolSize:1000]]
[2022.10.03-08.14.25:953][  0]LogConfig: Setting CVar [[r.Streaming.MaxEffectiveScreenSize:0]]
[2022.10.03-08.14.25:953][  0]LogConfig: Applying CVar settings from Section [EffectsQuality@3] File [//ad.liu.se/home/eliak641/Documents/GitHub/Gardengame/MyProject/Saved/Config/Windows/Scalability.ini]
[2022.10.03-08.14.25:953][  0]LogConfig: Setting CVar [[r.TranslucencyLightingVolumeDim:64]]
[2022.10.03-08.14.25:953][  0]LogConfig: Setting CVar [[r.RefractionQuality:2]]
[2022.10.03-08.14.25:953][  0]LogConfig: Setting CVar [[r.SSR.Quality:3]]
[2022.10.03-08.14.25:953][  0]LogConfig: Setting CVar [[r.SSR.HalfResSceneColor:0]]
[2022.10.03-08.14.25:953][  0]LogConfig: Setting CVar [[r.SceneColorFormat:4]]
[2022.10.03-08.14.25:953][  0]LogConfig: Setting CVar [[r.DetailMode:2]]
[2022.10.03-08.14.25:953][  0]LogConfig: Setting CVar [[r.TranslucencyVolumeBlur:1]]
[2022.10.03-08.14.25:953][  0]LogConfig: Setting CVar [[r.MaterialQualityLevel:1 ; High quality]]
[2022.10.03-08.14.25:953][  0]LogConfig: Setting CVar [[r.SSS.Scale:1]]
[2022.10.03-08.14.25:953][  0]LogConfig: Setting CVar [[r.SSS.SampleSet:2]]
[2022.10.03-08.14.25:953][  0]LogConfig: Setting CVar [[r.SSS.Quality:1]]
[2022.10.03-08.14.25:953][  0]LogConfig: Setting CVar [[r.SSS.HalfRes:0]]
[2022.10.03-08.14.25:953][  0]LogConfig: Setting CVar [[r.SSGI.Quality:3]]
[2022.10.03-08.14.25:953][  0]LogConfig: Setting CVar [[r.EmitterSpawnRateScale:1.0]]
[2022.10.03-08.14.25:953][  0]LogConfig: Setting CVar [[r.ParticleLightQuality:2]]
[2022.10.03-08.14.25:953][  0]LogConfig: Setting CVar [[r.SkyAtmosphere.AerialPerspectiveLUT.FastApplyOnOpaque:1 ; Always have FastSkyLUT 1 in this case to avoid wrong sky]]
[2022.10.03-08.14.25:953][  0]LogConfig: Setting CVar [[r.SkyAtmosphere.AerialPerspectiveLUT.SampleCountPerSlice:1]]
[2022.10.03-08.14.25:953][  0]LogConfig: Setting CVar [[r.SkyAtmosphere.AerialPerspectiveLUT.DepthResolution:16.0]]
[2022.10.03-08.14.25:953][  0]LogConfig: Setting CVar [[r.SkyAtmosphere.FastSkyLUT:1]]
[2022.10.03-08.14.25:953][  0]LogConfig: Setting CVar [[r.SkyAtmosphere.FastSkyLUT.SampleCountMin:4.0]]
[2022.10.03-08.14.25:953][  0]LogConfig: Setting CVar [[r.SkyAtmosphere.FastSkyLUT.SampleCountMax:32.0]]
[2022.10.03-08.14.25:953][  0]LogConfig: Setting CVar [[r.SkyAtmosphere.SampleCountMin:4.0]]
[2022.10.03-08.14.25:953][  0]LogConfig: Setting CVar [[r.SkyAtmosphere.SampleCountMax:32.0]]
[2022.10.03-08.14.25:953][  0]LogConfig: Setting CVar [[r.SkyAtmosphere.TransmittanceLUT.UseSmallFormat:0]]
[2022.10.03-08.14.25:953][  0]LogConfig: Setting CVar [[r.SkyAtmosphere.TransmittanceLUT.SampleCount:10.0]]
[2022.10.03-08.14.25:953][  0]LogConfig: Setting CVar [[r.SkyAtmosphere.MultiScatteringLUT.SampleCount:15.0]]
[2022.10.03-08.14.25:953][  0]LogConfig: Applying CVar settings from Section [FoliageQuality@3] File [//ad.liu.se/home/eliak641/Documents/GitHub/Gardengame/MyProject/Saved/Config/Windows/Scalability.ini]
[2022.10.03-08.14.25:953][  0]LogConfig: Setting CVar [[foliage.DensityScale:1.0]]
[2022.10.03-08.14.25:953][  0]LogConfig: Setting CVar [[grass.DensityScale:1.0]]
[2022.10.03-08.14.25:953][  0]LogConfig: Applying CVar settings from Section [ShadingQuality@3] File [//ad.liu.se/home/eliak641/Documents/GitHub/Gardengame/MyProject/Saved/Config/Windows/Scalability.ini]
[2022.10.03-08.14.25:953][  0]LogConfig: Setting CVar [[r.HairStrands.SkyLighting.SampleCount:16]]
[2022.10.03-08.14.25:953][  0]LogConfig: Setting CVar [[r.HairStrands.SkyLighting.JitterIntegration:0]]
[2022.10.03-08.14.25:953][  0]LogConfig: Setting CVar [[r.HairStrands.SkyAO.SampleCount:16]]
[2022.10.03-08.14.25:953][  0]LogConfig: Setting CVar [[r.HairStrands.DeepShadow.SuperSampling:0]]
[2022.10.03-08.14.25:953][  0]LogConfig: Setting CVar [[r.HairStrands.VisibilityPPLL:0]]
[2022.10.03-08.14.25:953][  0]LogConfig: Setting CVar [[r.HairStrands.RasterizationScale:0.5]]
[2022.10.03-08.14.25:953][  0]LogConfig: Setting CVar [[r.HairStrands.VelocityRasterizationScale:1]]
[2022.10.03-08.14.25:953][  0]LogConfig: Applying CVar settings from Section [Startup] File [../../../Engine/Config/ConsoleVariables.ini]
[2022.10.03-08.14.25:953][  0]LogConfig: Setting CVar [[net.UseAdaptiveNetUpdateFrequency:0]]
[2022.10.03-08.14.25:953][  0]LogConfig: Setting CVar [[p.chaos.AllowCreatePhysxBodies:1]]
[2022.10.03-08.14.25:953][  0]LogConfig: Setting CVar [[fx.SkipVectorVMBackendOptimizations:1]]
[2022.10.03-08.14.25:953][  0]LogConfig: Applying CVar settings from Section [ConsoleVariables] File [//ad.liu.se/home/eliak641/Documents/GitHub/Gardengame/MyProject/Saved/Config/Windows/Engine.ini]
[2022.10.03-08.14.25:957][  0]LogInit: Computer: K4504-404
[2022.10.03-08.14.25:957][  0]LogInit: User: eliak641
[2022.10.03-08.14.25:957][  0]LogInit: CPU Page size=4096, Cores=8
[2022.10.03-08.14.25:957][  0]LogInit: High frequency timer resolution =10.000000 MHz
[2022.10.03-08.14.25:957][  0]LogMemory: Memory total: Physical=15.7GB (16GB approx)
[2022.10.03-08.14.25:957][  0]LogMemory: Platform Memory Stats for Windows
[2022.10.03-08.14.25:957][  0]LogMemory: Process Physical Memory: 116.48 MB used, 116.48 MB peak
[2022.10.03-08.14.25:957][  0]LogMemory: Process Virtual Memory: 97.91 MB used, 97.91 MB peak
[2022.10.03-08.14.25:957][  0]LogMemory: Physical Memory: 7964.13 MB used,  8133.09 MB free, 16097.23 MB total
[2022.10.03-08.14.25:957][  0]LogMemory: Virtual Memory: 5186.72 MB used,  134212544.00 MB free, 134217728.00 MB total
[2022.10.03-08.14.25:961][  0]LogWindows: WindowsPlatformFeatures enabled
[2022.10.03-08.14.26:147][  0]LogInit: Physics initialised using underlying interface: PhysX
[2022.10.03-08.14.26:158][  0]LogInit: Using OS detected language (en-US).
[2022.10.03-08.14.26:158][  0]LogInit: Using OS detected locale (sv-SE).
[2022.10.03-08.14.26:162][  0]LogTextLocalizationManager: No specific localization for 'en-US' exists, so the 'en' localization will be used.
[2022.10.03-08.14.26:334][  0]LogInit: Setting process to per monitor DPI aware
[2022.10.03-08.14.26:415][  0]LogSlate: New Slate User Created.  User Index 0, Is Virtual User: 0
[2022.10.03-08.14.26:415][  0]LogSlate: Slate User Registered.  User Index 0, Is Virtual User: 0
[2022.10.03-08.14.28:551][  0]LogHMD: Failed to initialize OpenVR with code 110
[2022.10.03-08.14.28:551][  0]LogD3D11RHI: D3D11 min allowed feature level: 11_0
[2022.10.03-08.14.28:551][  0]LogD3D11RHI: D3D11 max allowed feature level: 11_0
[2022.10.03-08.14.28:551][  0]LogD3D11RHI: D3D11 adapters:
[2022.10.03-08.14.28:652][  0]LogD3D11RHI:    0. 'NVIDIA GeForce RTX 2060 SUPER' (Feature Level 11_0)
[2022.10.03-08.14.28:652][  0]LogD3D11RHI:       8031/0/8048 MB DedicatedVideo/DedicatedSystem/SharedSystem, Outputs:1, VendorId:0x10de
[2022.10.03-08.14.28:675][  0]LogD3D11RHI:    1. 'Intel(R) UHD Graphics 630' (Feature Level 11_0)
[2022.10.03-08.14.28:675][  0]LogD3D11RHI:       128/0/8048 MB DedicatedVideo/DedicatedSystem/SharedSystem, Outputs:0, VendorId:0x8086
[2022.10.03-08.14.28:677][  0]LogD3D11RHI:    2. 'Microsoft Basic Render Driver' (Feature Level 11_0)
[2022.10.03-08.14.28:677][  0]LogD3D11RHI:       0/0/8048 MB DedicatedVideo/DedicatedSystem/SharedSystem, Outputs:0, VendorId:0x1414
[2022.10.03-08.14.28:746][  0]LogD3D11RHI:    3. 'NVIDIA GeForce RTX 2060 SUPER' (Feature Level 11_0)
[2022.10.03-08.14.28:746][  0]LogD3D11RHI:       8031/0/8048 MB DedicatedVideo/DedicatedSystem/SharedSystem, Outputs:0, VendorId:0x10de
[2022.10.03-08.14.28:746][  0]LogD3D11RHI: Chosen D3D11 Adapter: 0
[2022.10.03-08.14.28:752][  0]LogD3D11RHI: Creating new Direct3DDevice
[2022.10.03-08.14.28:752][  0]LogD3D11RHI:     GPU DeviceId: 0x1f06 (for the marketing name, search the web for "GPU Device Id")
[2022.10.03-08.14.28:752][  0]LogWindows: EnumDisplayDevices:
[2022.10.03-08.14.28:752][  0]LogWindows:    0. 'Microsoft Remote Display Adapter' (P:1 D:1)
[2022.10.03-08.14.28:752][  0]LogWindows:    1. 'Microsoft Remote Display Adapter' (P:0 D:0)
[2022.10.03-08.14.28:752][  0]LogWindows:    2. 'Microsoft Remote Display Adapter' (P:0 D:0)
[2022.10.03-08.14.28:752][  0]LogWindows:    3. 'Microsoft Remote Display Adapter' (P:0 D:0)
[2022.10.03-08.14.28:752][  0]LogWindows:    4. 'Microsoft Remote Display Adapter' (P:0 D:0)
[2022.10.03-08.14.28:753][  0]LogWindows:    5. 'Microsoft Remote Display Adapter' (P:0 D:0)
[2022.10.03-08.14.28:753][  0]LogWindows:    6. 'Microsoft Remote Display Adapter' (P:0 D:0)
[2022.10.03-08.14.28:753][  0]LogWindows:    7. 'Microsoft Remote Display Adapter' (P:0 D:0)
[2022.10.03-08.14.28:753][  0]LogWindows:    8. 'Microsoft Remote Display Adapter' (P:0 D:0)
[2022.10.03-08.14.28:753][  0]LogWindows:    9. 'Microsoft Remote Display Adapter' (P:0 D:0)
[2022.10.03-08.14.28:753][  0]LogWindows:    10. 'Microsoft Remote Display Adapter' (P:0 D:0)
[2022.10.03-08.14.28:753][  0]LogWindows:    11. 'Microsoft Remote Display Adapter' (P:0 D:0)
[2022.10.03-08.14.28:753][  0]LogWindows:    12. 'Microsoft Remote Display Adapter' (P:0 D:0)
[2022.10.03-08.14.28:753][  0]LogWindows:    13. 'Microsoft Remote Display Adapter' (P:0 D:0)
[2022.10.03-08.14.28:753][  0]LogWindows:    14. 'Microsoft Remote Display Adapter' (P:0 D:0)
[2022.10.03-08.14.28:753][  0]LogWindows:    15. 'Microsoft Remote Display Adapter' (P:0 D:0)
[2022.10.03-08.14.28:753][  0]LogWindows: DebugString: PrimaryDriverLocationFailed PrimaryDriverLocationFailed PrimaryDriverLocationFailed PrimaryDriverLocationFailed PrimaryDriverLocationFailed PrimaryDriverLocationFailed PrimaryDriverLocationFailed PrimaryDriverLocationFailed PrimaryDriverLocationFailed PrimaryDriverLocationFailed PrimaryDriverLocationFailed PrimaryDriverLocationFailed PrimaryDriverLocationFailed PrimaryDriverLocationFailed PrimaryDriverLocationFailed PrimaryDriverLocationFailed FoundDriverCount:0 
[2022.10.03-08.14.28:753][  0]LogD3D11RHI:     Adapter Name: NVIDIA GeForce RTX 2060 SUPER
[2022.10.03-08.14.28:753][  0]LogD3D11RHI:   Driver Version: Unknown (internal:Unknown, unified:Unknown)
[2022.10.03-08.14.28:753][  0]LogD3D11RHI:      Driver Date: Unknown
[2022.10.03-08.14.28:753][  0]LogRHI: Texture pool is 5621 MB (70% of 8031 MB)
[2022.10.03-08.14.28:810][  0]LogD3D11RHI: RHI has support for 64 bit atomics
[2022.10.03-08.14.28:811][  0]LogD3D11RHI: [Aftermath] Enabled and primed
[2022.10.03-08.14.28:812][  0]LogD3D11RHI: Async texture creation enabled
[2022.10.03-08.14.28:812][  0]LogD3D11RHI: Array index from any shader is supported
[2022.10.03-08.14.28:827][  0]LogD3D11RHI: GPU Timing Frequency: 1000.000000 (Debug: 2 1)
[2022.10.03-08.14.29:152][  0]LogTargetPlatformManager: Display: Loaded TargetPlatform 'AllDesktop'
[2022.10.03-08.14.29:206][  0]LogTargetPlatformManager: Display: Loaded TargetPlatform 'Android'
[2022.10.03-08.14.29:207][  0]LogTargetPlatformManager: Display: Loaded TargetPlatform 'Android_ASTC'
[2022.10.03-08.14.29:207][  0]LogTargetPlatformManager: Display: Loaded TargetPlatform 'Android_DXT'
[2022.10.03-08.14.29:207][  0]LogTargetPlatformManager: Display: Loaded TargetPlatform 'Android_ETC2'
[2022.10.03-08.14.29:207][  0]LogTargetPlatformManager: Display: Loaded TargetPlatform 'AndroidClient'
[2022.10.03-08.14.29:207][  0]LogTargetPlatformManager: Display: Loaded TargetPlatform 'Android_ASTCClient'
[2022.10.03-08.14.29:207][  0]LogTargetPlatformManager: Display: Loaded TargetPlatform 'Android_DXTClient'
[2022.10.03-08.14.29:207][  0]LogTargetPlatformManager: Display: Loaded TargetPlatform 'Android_ETC2Client'
[2022.10.03-08.14.29:207][  0]LogTargetPlatformManager: Display: Loaded TargetPlatform 'Android_Multi'
[2022.10.03-08.14.29:207][  0]LogTargetPlatformManager: Display: Loaded TargetPlatform 'Android_MultiClient'
[2022.10.03-08.14.29:277][  0]LogTargetPlatformManager: Display: Loaded TargetPlatform 'IOSClient'
[2022.10.03-08.14.29:277][  0]LogTargetPlatformManager: Display: Loaded TargetPlatform 'IOS'
[2022.10.03-08.14.29:329][  0]LogTargetPlatformManager: Display: Loaded TargetPlatform 'Linux'
[2022.10.03-08.14.29:371][  0]LogTargetPlatformManager: Display: Loaded TargetPlatform 'LinuxNoEditor'
[2022.10.03-08.14.29:404][  0]LogTargetPlatformManager: Display: Loaded TargetPlatform 'LinuxClient'
[2022.10.03-08.14.29:442][  0]LogTargetPlatformManager: Display: Loaded TargetPlatform 'LinuxServer'
[2022.10.03-08.14.29:480][  0]LogTargetPlatformManager: Display: Loaded TargetPlatform 'LinuxAArch64NoEditor'
[2022.10.03-08.14.29:521][  0]LogTargetPlatformManager: Display: Loaded TargetPlatform 'LinuxAArch64Client'
[2022.10.03-08.14.29:560][  0]LogTargetPlatformManager: Display: Loaded TargetPlatform 'LinuxAArch64Server'
[2022.10.03-08.14.29:734][  0]LogTargetPlatformManager: Display: Loaded TargetPlatform 'Lumin'
[2022.10.03-08.14.29:734][  0]LogTargetPlatformManager: Display: Loaded TargetPlatform 'LuminClient'
[2022.10.03-08.14.29:834][  0]LogTargetPlatformManager: Display: Loaded TargetPlatform 'TVOSClient'
[2022.10.03-08.14.29:834][  0]LogTargetPlatformManager: Display: Loaded TargetPlatform 'TVOS'
[2022.10.03-08.14.29:877][  0]LogTargetPlatformManager: Display: Loaded TargetPlatform 'WindowsNoEditor'
[2022.10.03-08.14.29:918][  0]LogTargetPlatformManager: Display: Loaded TargetPlatform 'Windows'
[2022.10.03-08.14.29:951][  0]LogTargetPlatformManager: Display: Loaded TargetPlatform 'WindowsClient'
[2022.10.03-08.14.29:984][  0]LogTargetPlatformManager: Display: Loaded TargetPlatform 'WindowsServer'
[2022.10.03-08.14.29:984][  0]LogTargetPlatformManager: Display: Building Assets For Windows
[2022.10.03-08.14.30:028][  0]LogAudioDebug: Display: Lib vorbis DLL was dynamically loaded.
[2022.10.03-08.14.30:132][  0]LogShaderCompilers: Guid format shader working directory is -15 characters bigger than the processId version (//ad.liu.se/home/eliak641/Documents/GitHub/Gardengame/MyProject/Intermediate/Shaders/WorkingDirectory/17164/).
[2022.10.03-08.14.30:132][  0]LogShaderCompilers: Cleaned the shader compiler working directory 'C:/Users/eliak641/AppData/Local/Temp/UnrealShaderWorkingDir/2D2979BE4D43A8BC226594B6911DD260/'.
[2022.10.03-08.14.30:132][  0]LogXGEController: Cleaning working directory: C:/Users/eliak641/AppData/Local/Temp/UnrealXGEWorkingDir/
[2022.10.03-08.14.30:133][  0]LogShaderCompilers: Display: Using XGE Shader Compiler (Interception Interface).
[2022.10.03-08.14.33:191][  0]LogDerivedDataCache: Display: Max Cache Size: 512 MB
[2022.10.03-08.14.33:247][  0]LogDerivedDataCache: Loaded boot cache 0.06s 75MB C:/Users/eliak641/AppData/Local/UnrealEngine/4.25/DerivedDataCache/Boot.ddc.
[2022.10.03-08.14.33:247][  0]LogDerivedDataCache: Display: Loaded Boot cache: C:/Users/eliak641/AppData/Local/UnrealEngine/4.25/DerivedDataCache/Boot.ddc
[2022.10.03-08.14.33:249][  0]LogDerivedDataCache: FDerivedDataBackendGraph:  Pak pak cache file //ad.liu.se/home/eliak641/Documents/GitHub/Gardengame/MyProject/DerivedDataCache/DDC.ddp not found, will not use a pak cache.
[2022.10.03-08.14.33:249][  0]LogDerivedDataCache: Unable to find inner node Pak for hierarchical cache Hierarchy.
[2022.10.03-08.14.33:251][  0]LogDerivedDataCache: FDerivedDataBackendGraph:  CompressedPak pak cache file //ad.liu.se/home/eliak641/Documents/GitHub/Gardengame/MyProject/DerivedDataCache/Compressed.ddp not found, will not use a pak cache.
[2022.10.03-08.14.33:251][  0]LogDerivedDataCache: Unable to find inner node CompressedPak for hierarchical cache Hierarchy.
[2022.10.03-08.14.33:266][  0]LogDerivedDataCache: Display: Pak cache opened for reading ../../../Engine/DerivedDataCache/Compressed.ddp.
[2022.10.03-08.14.33:266][  0]LogDerivedDataCache: FDerivedDataBackendGraph:  EnterprisePak pak cache file ../../../Enterprise/DerivedDataCache/Compressed.ddp not found, will not use a pak cache.
[2022.10.03-08.14.33:266][  0]LogDerivedDataCache: Unable to find inner node EnterprisePak for hierarchical cache Hierarchy.
[2022.10.03-08.14.33:268][  0]LogDerivedDataCache: Using Local data cache path C:/Users/eliak641/AppData/Local/UnrealEngine/Common/DerivedDataCache: Writable
[2022.10.03-08.14.33:268][  0]LogDerivedDataCache: Shared data cache path not found in *engine.ini, will not use an Shared cache.
[2022.10.03-08.14.33:268][  0]LogDerivedDataCache: Unable to find inner node Shared for hierarchical cache Hierarchy.
[2022.10.03-08.14.33:306][  0]LogSlate: Using FreeType 2.10.0
[2022.10.03-08.14.33:319][  0]LogSlate: SlateFontServices - WITH_FREETYPE: 1, WITH_HARFBUZZ: 1
[2022.10.03-08.14.33:347][  0]LogAssetRegistry: FAssetRegistry took 0.0112 seconds to start up
[2022.10.03-08.14.33:997][  0]LogInit: Selected Device Profile: [Windows]
[2022.10.03-08.14.34:207][  0]LogMeshReduction: Using QuadricMeshReduction for automatic static mesh reduction
[2022.10.03-08.14.34:207][  0]LogMeshReduction: Using SimplygonMeshReduction for automatic skeletal mesh reduction
[2022.10.03-08.14.34:207][  0]LogMeshReduction: Using ProxyLODMeshReduction for automatic mesh merging
[2022.10.03-08.14.34:207][  0]LogMeshReduction: No distributed automatic mesh merging module available
[2022.10.03-08.14.34:207][  0]LogMeshMerging: No distributed automatic mesh merging module available
[2022.10.03-08.14.34:244][  0]LogNetVersion: MyProject 1.0.0, NetCL: 13144385, EngineNetVer: 14, GameNetVer: 0 (Checksum: 709303259)
[2022.10.03-08.14.35:425][  0]LogAISub: UAISubsystem::UAISubsystem AISubsystem (000001CE21E31740), frame # 0
[2022.10.03-08.14.35:425][  0]LogAISub: UAISubsystem::UAISubsystem AIPerceptionSystem (000001CE21D7C180), frame # 0
[2022.10.03-08.14.35:426][  0]LogAISub: UAISubsystem::UAISubsystem EnvQueryManager (000001CE21D8DC00), frame # 0
[2022.10.03-08.14.36:903][  0]LogPackageLocalizationCache: Processed 19 localized package path(s) for 1 prioritized culture(s) in 1.460163 seconds
[2022.10.03-08.14.36:908][  0]LogUObjectArray: 15917 objects as part of root set at end of initial load.
[2022.10.03-08.14.36:908][  0]LogUObjectAllocator: 3965568 out of 0 bytes used by permanent object pool.
[2022.10.03-08.14.36:908][  0]LogUObjectArray: CloseDisregardForGC: 0/0 objects in disregard for GC pool
[2022.10.03-08.14.37:568][  0]LogTcpMessaging: Initializing TcpMessaging bridge
[2022.10.03-08.14.37:572][  0]LogUdpMessaging: Initializing bridge on interface 0.0.0.0:0 to multicast group 230.0.0.1:6666.
[2022.10.03-08.14.37:572][  0]LogDirectoryWatcher: A directory notification failed for '//ad.liu.se/home/eliak641/Documents/GitHub/Gardengame/MyProject/Content/' because it was empty or there was a buffer overflow. Attemping another request...
[2022.10.03-08.14.37:572][  0]LogDirectoryWatcher: A directory notification failed for '//ad.liu.se/home/eliak641/Documents/GitHub/Gardengame/MyProject/Content/' because it was empty or there was a buffer overflow. Attemping another request...
[2022.10.03-08.14.37:732][  0]SourceControl: Source control is disabled
[2022.10.03-08.14.37:732][  0]SourceControl: Source control is disabled
[2022.10.03-08.14.37:735][  0]SourceControl: Source control is disabled
[2022.10.03-08.14.37:737][  0]SourceControl: Source control is disabled
[2022.10.03-08.14.37:744][  0]SourceControl: Source control is disabled
[2022.10.03-08.14.38:120][  0]LogAndroidPermission: UAndroidPermissionCallbackProxy::GetInstance
[2022.10.03-08.14.38:135][  0]LogAudioCaptureCore: Display: No Audio Capture implementations found. Audio input will be silent.
[2022.10.03-08.14.38:135][  0]LogAudioCaptureCore: Display: No Audio Capture implementations found. Audio input will be silent.
[2022.10.03-08.14.38:202][  0]LogOcInput: OculusInput pre-init called
[2022.10.03-08.14.38:215][  0]LogWindows: Failed to load 'OVRPlugin.dll' (GetLastError=126)
[2022.10.03-08.14.38:215][  0]LogWindows: File 'OVRPlugin.dll' does not exist
[2022.10.03-08.14.38:285][  0]LogEngine: Initializing Engine...
[2022.10.03-08.14.38:286][  0]LogHMD: Failed to initialize OpenVR with code 110
[2022.10.03-08.14.38:286][  0]LogMagicLeap: Warning: VR disabled because ZI is not enabled.  To enable, in the editor, Edit -> Project Settings -> Plugins -> Magic Leap Plugin -> Enable Zero Iteration
[2022.10.03-08.14.38:291][  0]LogStats: UGameplayTagsManager::InitializeManager -  0.004 s
[2022.10.03-08.14.38:559][  0]LogInit: Initializing FReadOnlyCVARCache
[2022.10.03-08.14.38:565][  0]LogAIModule: Creating AISystem for world Untitled
[2022.10.03-08.14.38:565][  0]LogAISub: UAISubsystem::UAISubsystem EnvQueryManager (000001CE27353C00), frame # 0
[2022.10.03-08.14.38:565][  0]LogAISub: UAISubsystem::UAISubsystem AIPerceptionSystem (000001CE2735BB00), frame # 0
[2022.10.03-08.14.38:569][  0]LogAudioMixer: Display: Audio Mixer Platform Settings:
[2022.10.03-08.14.38:569][  0]LogAudioMixer: Display: 	Sample Rate:						  48000
[2022.10.03-08.14.38:569][  0]LogAudioMixer: Display: 	Callback Buffer Frame Size Requested: 1024
[2022.10.03-08.14.38:569][  0]LogAudioMixer: Display: 	Callback Buffer Frame Size To Use:	  1024
[2022.10.03-08.14.38:569][  0]LogAudioMixer: Display: 	Number of buffers to queue:			  2
[2022.10.03-08.14.38:569][  0]LogAudioMixer: Display: 	Max Channels (voices):				  32
[2022.10.03-08.14.38:569][  0]LogAudioMixer: Display: 	Number of Async Source Workers:		  0
[2022.10.03-08.14.38:569][  0]LogAudio: Display: AudioDevice MaxSources: 32
[2022.10.03-08.14.38:569][  0]LogAudio: Display: Using built-in audio occlusion.
[2022.10.03-08.14.38:569][  0]LogAudioMixer: Display: Initializing audio mixer.
[2022.10.03-08.14.38:589][  0]LogAudioMixer: Display: 0: FrontLeft
[2022.10.03-08.14.38:590][  0]LogAudioMixer: Display: 1: FrontRight
[2022.10.03-08.14.39:233][  0]LogAudioMixer: Display: Using Audio Device Remote Audio
[2022.10.03-08.14.39:235][  0]LogAudioMixer: Display: Initializing Sound Submixes...
[2022.10.03-08.14.39:254][  0]LogAudioMixer: Display: Creating Master Submix 'MasterSubmixDefault'
[2022.10.03-08.14.39:254][  0]LogAudioMixer: Display: Creating Master Submix 'MasterReverbSubmixDefault'
[2022.10.03-08.14.39:255][  0]LogAudioMixer: Display: Creating Master Submix 'MasterEQSubmixDefault'
[2022.10.03-08.14.39:256][  0]LogInit: FAudioDevice initialized.
[2022.10.03-08.14.39:256][  0]LogNetVersion: Set ProjectVersion to 1.0.0.0. Version Checksum will be recalculated on next use.
[2022.10.03-08.14.39:293][  0]LogDerivedDataCache: Saved boot cache 0.04s 75MB C:/Users/eliak641/AppData/Local/UnrealEngine/4.25/DerivedDataCache/Boot.ddc.
[2022.10.03-08.14.39:293][  0]LogInit: Texture streaming: Enabled
[2022.10.03-08.14.39:307][  0]LogEngineSessionManager: EngineSessionManager initialized
[2022.10.03-08.14.39:307][  0]LogEditorSessionSummary: Verbose: Initializing EditorSessionSummaryWriter for editor session tracking
[2022.10.03-08.14.39:309][  0]LogEditorSessionSummary: EditorSessionSummaryWriter initialized
[2022.10.03-08.14.39:622][  0]LogInit: Transaction tracking system initialized
[2022.10.03-08.14.39:639][  0]BlueprintLog: New page: Editor Load
[2022.10.03-08.14.39:797][  0]LocalizationService: Localization service is disabled
[2022.10.03-08.14.40:228][  0]LogCook: Display: Max memory allowance for cook 16384mb min free memory 0mb
[2022.10.03-08.14.40:228][  0]LogCook: Display: Mobile HDR setting 1
[2022.10.03-08.14.40:510][  0]SourceControl: Source control is disabled
[2022.10.03-08.14.40:510][  0]LogUnrealEdMisc: Loading editor; pre map load, took 20.403
[2022.10.03-08.14.40:510][  0]Cmd: MAP LOAD FILE="//ad.liu.se/home/eliak641/Documents/GitHub/Gardengame/MyProject/Content/ThirdPersonBP/Maps/ThirdPersonExampleMap.umap" TEMPLATE=0 SHOWPROGRESS=1 FEATURELEVEL=3
[2022.10.03-08.14.40:529][  0]LightingResults: New page: Lighting Build
[2022.10.03-08.14.40:529][  0]LogWorld: UWorld::CleanupWorld for Untitled, bSessionEnded=true, bCleanupResources=true
[2022.10.03-08.14.40:529][  0]LogSlate: InvalidateAllWidgets triggered.  All widgets were invalidated
[2022.10.03-08.14.40:529][  0]MapCheck: New page: Map Check
[2022.10.03-08.14.40:529][  0]LightingResults: New page: Lighting Build
[2022.10.03-08.14.40:538][  0]LogAISub: UAISubsystem::~UAISubsystem EnvQueryManager (000001CE27353C00), frame # 0
[2022.10.03-08.14.40:538][  0]LogAISub: UAISubsystem::~UAISubsystem AIPerceptionSystem (000001CE2735BB00), frame # 0
[2022.10.03-08.14.40:538][  0]LogUObjectHash: Compacting FUObjectHashTables data took   0.53ms
[2022.10.03-08.14.41:360][  0]LogFileCache: Scanning file cache for directory '//ad.liu.se/home/eliak641/Documents/GitHub/Gardengame/MyProject/Content/' took 0.40s
[2022.10.03-08.14.42:357][  0]LogAIModule: Creating AISystem for world ThirdPersonExampleMap
[2022.10.03-08.14.42:357][  0]LogAISub: UAISubsystem::UAISubsystem EnvQueryManager (000001CE13A13E00), frame # 0
[2022.10.03-08.14.42:357][  0]LogAISub: UAISubsystem::UAISubsystem AIPerceptionSystem (000001CE13A62C00), frame # 0
[2022.10.03-08.14.42:367][  0]LogEditorServer: Finished looking for orphan Actors (0.000 secs)
[2022.10.03-08.14.42:388][  0]LogUObjectHash: Compacting FUObjectHashTables data took   0.62ms
[2022.10.03-08.14.42:388][  0]Cmd: MAP CHECKDEP NOCLEARLOG
[2022.10.03-08.14.42:394][  0]MapCheck: Map check complete: 0 Error(s), 0 Warning(s), took 5,905ms to complete.
[2022.10.03-08.14.42:394][  0]LogFileHelpers: Loading map 'ThirdPersonExampleMap' took 1.884
[2022.10.03-08.14.42:409][  0]LogUnrealEdMisc: Total Editor Startup Time, took 22.302
[2022.10.03-08.14.42:583][  0]LogSlate: Updating window title bar state: overlay mode, drag disabled, window buttons hidden, title bar hidden
[2022.10.03-08.14.42:589][  0]LogSlate: Updating window title bar state: overlay mode, drag disabled, window buttons hidden, title bar hidden
[2022.10.03-08.14.42:594][  0]LogSlate: Updating window title bar state: overlay mode, drag disabled, window buttons hidden, title bar hidden
[2022.10.03-08.14.42:599][  0]LogSlate: Updating window title bar state: overlay mode, drag disabled, window buttons hidden, title bar hidden
[2022.10.03-08.14.42:655][  0]LogCollectionManager: Loaded 0 collections in 0.029340 seconds
[2022.10.03-08.14.42:690][  0]LogFileCache: Scanning file cache for directory '//ad.liu.se/home/eliak641/Documents/GitHub/Gardengame/MyProject/Saved/Collections/' took 0.01s
[2022.10.03-08.14.42:690][  0]LogFileCache: Scanning file cache for directory '//ad.liu.se/home/eliak641/Documents/GitHub/Gardengame/MyProject/Content/Developers/eliak641/Collections/' took 0.01s
[2022.10.03-08.14.42:690][  0]LogFileCache: Scanning file cache for directory '//ad.liu.se/home/eliak641/Documents/GitHub/Gardengame/MyProject/Content/Collections/' took 0.01s
[2022.10.03-08.14.42:690][  0]LogContentBrowser: Native class hierarchy populated in 0.0084 seconds. Added 3427 classes and 821 folders.
[2022.10.03-08.14.42:694][  0]LogContentBrowser: Native class hierarchy updated for 'WidgetCarousel' in 0.0017 seconds. Added 0 classes and 0 folders.
[2022.10.03-08.14.43:100][  0]LogContentBrowser: Native class hierarchy updated for 'AddContentDialog' in 0.0017 seconds. Added 0 classes and 0 folders.
[2022.10.03-08.14.43:159][  0]LogSlate: Took 0.004191 seconds to synchronously load lazily loaded font '../../../Engine/Content/Slate/Fonts/Roboto-Regular.ttf' (155K)
[2022.10.03-08.14.43:164][  0]LogSlate: Took 0.003353 seconds to synchronously load lazily loaded font '../../../Engine/Content/Slate/Fonts/Roboto-Bold.ttf' (160K)
[2022.10.03-08.14.43:172][  0]LogSlate: Took 0.004414 seconds to synchronously load lazily loaded font '../../../Engine/Content/Editor/Slate/Fonts/FontAwesome.ttf' (139K)
[2022.10.03-08.14.43:266][  0]LogRenderer: Reallocating scene render targets to support 876x440 Format 10 NumSamples 1 (Frame:1).
[2022.10.03-08.14.43:315][  0]LogSlate: Took 0.003970 seconds to synchronously load lazily loaded font '../../../Engine/Content/Slate/Fonts/Roboto-Light.ttf' (167K)
[2022.10.03-08.14.43:347][  0]LogContentBrowser: Native class hierarchy updated for 'HierarchicalLODOutliner' in 0.0017 seconds. Added 0 classes and 0 folders.
[2022.10.03-08.14.43:347][  0]LogLoad: (Engine Initialization) Total time: 23.24 seconds
[2022.10.03-08.14.43:347][  0]LogLoad: (Engine Initialization) Total Blueprint compile time: 0.00 seconds
[2022.10.03-08.14.43:384][  0]LogAssetRegistry: Asset discovery search completed in 10.0375 seconds
[2022.10.03-08.14.43:387][  0]LogCollectionManager: Fixed up redirectors for 0 collections in 0.000002 seconds (updated 0 objects)
[2022.10.03-08.14.43:510][  0]LogContentStreaming: Texture pool size now 1000 MB
[2022.10.03-08.14.43:546][  0]LogRenderer: Reallocating scene render targets to support 876x456 Format 10 NumSamples 1 (Frame:3).
[2022.10.03-08.14.43:635][  2]LogDirectoryWatcher: A directory notification failed for '//ad.liu.se/home/eliak641/Documents/GitHub/Gardengame/MyProject/Content/' because it was empty or there was a buffer overflow. Attemping another request...
[2022.10.03-08.14.43:636][  2]LogDirectoryWatcher: A directory notification failed for '//ad.liu.se/home/eliak641/Documents/GitHub/Gardengame/MyProject/Content/', and we were unable to create a new request.
[2022.10.03-08.14.43:636][  2]LogDirectoryWatcher: A directory notification failed for '//ad.liu.se/home/eliak641/Documents/GitHub/Gardengame/MyProject/Content/' because it was empty or there was a buffer overflow. Attemping another request...
[2022.10.03-08.14.43:637][  2]LogDirectoryWatcher: A directory notification failed for '//ad.liu.se/home/eliak641/Documents/GitHub/Gardengame/MyProject/Content/', and we were unable to create a new request.
[2022.10.03-08.14.43:637][  2]LogDirectoryWatcher: A directory notification failed for '//ad.liu.se/home/eliak641/Documents/GitHub/Gardengame/MyProject/Saved/Collections/' because it was empty or there was a buffer overflow. Attemping another request...
[2022.10.03-08.14.43:637][  2]LogDirectoryWatcher: A directory notification failed for '//ad.liu.se/home/eliak641/Documents/GitHub/Gardengame/MyProject/Content/Developers/eliak641/Collections/' because it was empty or there was a buffer overflow. Attemping another request...
[2022.10.03-08.14.43:637][  2]LogDirectoryWatcher: A directory notification failed for '//ad.liu.se/home/eliak641/Documents/GitHub/Gardengame/MyProject/Content/Collections/' because it was empty or there was a buffer overflow. Attemping another request...
[2022.10.03-08.14.43:641][  3]LogDirectoryWatcher: A directory notification failed for '//ad.liu.se/home/eliak641/Documents/GitHub/Gardengame/MyProject/Saved/Collections/' because it was empty or there was a buffer overflow. Attemping another request...
[2022.10.03-08.14.43:642][  3]LogDirectoryWatcher: A directory notification failed for '//ad.liu.se/home/eliak641/Documents/GitHub/Gardengame/MyProject/Saved/Collections/', and we were unable to create a new request.
[2022.10.03-08.14.43:642][  3]LogDirectoryWatcher: A directory notification failed for '//ad.liu.se/home/eliak641/Documents/GitHub/Gardengame/MyProject/Content/Developers/eliak641/Collections/' because it was empty or there was a buffer overflow. Attemping another request...
[2022.10.03-08.14.43:643][  3]LogDirectoryWatcher: A directory notification failed for '//ad.liu.se/home/eliak641/Documents/GitHub/Gardengame/MyProject/Content/Developers/eliak641/Collections/', and we were unable to create a new request.
[2022.10.03-08.14.43:643][  3]LogDirectoryWatcher: A directory notification failed for '//ad.liu.se/home/eliak641/Documents/GitHub/Gardengame/MyProject/Content/Collections/' because it was empty or there was a buffer overflow. Attemping another request...
[2022.10.03-08.14.43:644][  3]LogDirectoryWatcher: A directory notification failed for '//ad.liu.se/home/eliak641/Documents/GitHub/Gardengame/MyProject/Content/Collections/', and we were unable to create a new request.
[2022.10.03-08.14.52:102][963]LogTemp: Repeating last play command: Selected Viewport
[2022.10.03-08.14.52:119][963]LogPlayLevel: PlayLevel: No blueprints needed recompiling
[2022.10.03-08.14.52:119][963]PIE: New page: PIE session: ThirdPersonExampleMap (3 okt. 2022 12:14:52)
[2022.10.03-08.14.52:120][963]LogOnline: OSS: Creating online subsystem instance for: NULL
[2022.10.03-08.14.52:120][963]LogOnline: OSS: TryLoadSubsystemAndSetDefault: Loaded subsystem for module [NULL]
[2022.10.03-08.14.52:120][963]LogPlayLevel: Creating play world package: /Game/ThirdPersonBP/Maps/UEDPIE_0_ThirdPersonExampleMap
[2022.10.03-08.14.52:133][963]LogPlayLevel: PIE: StaticDuplicateObject took: (0.012587s)
[2022.10.03-08.14.52:134][963]LogAIModule: Creating AISystem for world ThirdPersonExampleMap
[2022.10.03-08.14.52:134][963]LogAISub: UAISubsystem::UAISubsystem EnvQueryManager (000001CE2EE20A00), frame # 963
[2022.10.03-08.14.52:134][963]LogAISub: UAISubsystem::UAISubsystem AIPerceptionSystem (000001CE275B2FC0), frame # 963
[2022.10.03-08.14.52:134][963]LogPlayLevel: PIE: World Init took: (0.001062s)
[2022.10.03-08.14.52:135][963]LogPlayLevel: PIE: Created PIE world by copying editor world from /Game/ThirdPersonBP/Maps/ThirdPersonExampleMap.ThirdPersonExampleMap to /Game/ThirdPersonBP/Maps/UEDPIE_0_ThirdPersonExampleMap.ThirdPersonExampleMap (0.013770s)
[2022.10.03-08.14.52:156][963]LogUObjectHash: Compacting FUObjectHashTables data took   0.45ms
[2022.10.03-08.14.52:161][963]LogAudioMixer: Display: Audio Mixer Platform Settings:
[2022.10.03-08.14.52:161][963]LogAudioMixer: Display: 	Sample Rate:						  48000
[2022.10.03-08.14.52:161][963]LogAudioMixer: Display: 	Callback Buffer Frame Size Requested: 1024
[2022.10.03-08.14.52:161][963]LogAudioMixer: Display: 	Callback Buffer Frame Size To Use:	  1024
[2022.10.03-08.14.52:161][963]LogAudioMixer: Display: 	Number of buffers to queue:			  2
[2022.10.03-08.14.52:161][963]LogAudioMixer: Display: 	Max Channels (voices):				  32
[2022.10.03-08.14.52:161][963]LogAudioMixer: Display: 	Number of Async Source Workers:		  0
[2022.10.03-08.14.52:161][963]LogAudio: Display: AudioDevice MaxSources: 32
[2022.10.03-08.14.52:161][963]LogAudio: Display: Using built-in audio occlusion.
[2022.10.03-08.14.52:161][963]LogAudioMixer: Display: Initializing audio mixer.
[2022.10.03-08.14.52:162][963]LogAudioMixer: Display: 0: FrontLeft
[2022.10.03-08.14.52:162][963]LogAudioMixer: Display: 1: FrontRight
[2022.10.03-08.14.52:187][963]LogAudioMixer: Display: Using Audio Device Remote Audio
[2022.10.03-08.14.52:187][963]LogAudioMixer: Display: Initializing Sound Submixes...
[2022.10.03-08.14.52:187][963]LogAudioMixer: Display: Creating Master Submix 'MasterSubmixDefault'
[2022.10.03-08.14.52:188][963]LogAudioMixer: Display: Creating Master Submix 'MasterReverbSubmixDefault'
[2022.10.03-08.14.52:188][963]LogAudioMixer: Display: Creating Master Submix 'MasterEQSubmixDefault'
[2022.10.03-08.14.52:196][963]LogInit: FAudioDevice initialized.
[2022.10.03-08.14.52:245][963]LogLoad: Game class is 'ThirdPersonGameMode_C'
[2022.10.03-08.14.52:247][963]LogWorld: Bringing World /Game/ThirdPersonBP/Maps/UEDPIE_0_ThirdPersonExampleMap.ThirdPersonExampleMap up for play (max tick rate 0) at 2022.10.03-10.14.52
[2022.10.03-08.14.52:247][963]LogWorld: Bringing up level for play took: 0.001085
[2022.10.03-08.14.52:248][963]LogOnline: OSS: Creating online subsystem instance for: :Context_1
[2022.10.03-08.14.52:251][963]LogContentBrowser: Native class hierarchy updated for 'MovieSceneCapture' in 0.0018 seconds. Added 20 classes and 0 folders.
[2022.10.03-08.14.52:252][963]PIE: Server logged in
[2022.10.03-08.14.52:253][963]PIE: Play in editor total start time 0,135 seconds.
[2022.10.03-08.15.07:965][839]LogSlate: Updating window title bar state: overlay mode, drag disabled, window buttons hidden, title bar hidden
[2022.10.03-08.15.07:965][839]LogWorld: BeginTearingDown for /Game/ThirdPersonBP/Maps/UEDPIE_0_ThirdPersonExampleMap
[2022.10.03-08.15.07:965][839]LogWorld: UWorld::CleanupWorld for ThirdPersonExampleMap, bSessionEnded=true, bCleanupResources=true
[2022.10.03-08.15.07:965][839]LogSlate: InvalidateAllWidgets triggered.  All widgets were invalidated
[2022.10.03-08.15.07:974][839]LogPlayLevel: Display: Shutting down PIE online subsystems
[2022.10.03-08.15.07:975][839]LogSlate: InvalidateAllWidgets triggered.  All widgets were invalidated
[2022.10.03-08.15.08:000][839]LogSlate: Updating window title bar state: overlay mode, drag disabled, window buttons hidden, title bar hidden
[2022.10.03-08.15.08:001][839]LogAISub: UAISubsystem::~UAISubsystem AIPerceptionSystem (000001CE275B2FC0), frame # 2839
[2022.10.03-08.15.08:001][839]LogAISub: UAISubsystem::~UAISubsystem EnvQueryManager (000001CE2EE20A00), frame # 2839
[2022.10.03-08.15.08:002][839]LogUObjectHash: Compacting FUObjectHashTables data took   0.59ms
[2022.10.03-08.15.08:030][840]LogPlayLevel: Display: Destroying online subsystem :Context_1
[2022.10.03-08.23.52:185][114]LogSlate: Took 0.004827 seconds to synchronously load lazily loaded font '../../../Engine/Content/Slate/Fonts/Roboto-Light.ttf' (167K)
[2022.10.03-08.23.52:227][114]LogAssetEditorSubsystem: Opening Asset editor for WidgetBlueprint /Game/AI_Healt.AI_Healt
[2022.10.03-08.23.52:738][114]LogContentBrowser: Native class hierarchy updated for 'BlueprintGraph' in 0.0019 seconds. Added 125 classes and 0 folders.
[2022.10.03-08.23.53:688][114]LogSlate: Took 0.005189 seconds to synchronously load lazily loaded font '../../../Engine/Content/Slate/Fonts/Roboto-BoldCondensed.ttf' (158K)
[2022.10.03-08.26.18:887][503]LogEditorTransaction: Undo Delete current selection
[2022.10.03-08.27.34:581][470]LogUObjectHash: Compacting FUObjectHashTables data took   3.64ms
[2022.10.03-08.27.34:582][470]LogFileHelpers: Editor autosave (incl. sublevels) for '/Game/ThirdPersonBP/Maps/ThirdPersonExampleMap' took 0.044
[2022.10.03-08.27.34:584][470]OBJ SavePackage: Generating thumbnails for [0] asset(s) in package [/Game/AI_Healt] ([1] browsable assets)...
[2022.10.03-08.27.34:584][470]OBJ SavePackage: Finished generating thumbnails for package [/Game/AI_Healt]
[2022.10.03-08.27.34:584][470]Cmd: OBJ SAVEPACKAGE PACKAGE="/Game/AI_Healt" FILE="//ad.liu.se/home/eliak641/Documents/GitHub/Gardengame/MyProject/Saved/Autosaves/Game/AI_Healt_Auto1.uasset" SILENT=false AUTOSAVING=true
[2022.10.03-08.27.35:238][470]LogSavePackage: Moving '//ad.liu.se/home/eliak641/Documents/GitHub/Gardengame/MyProject/Saved/AI_Healt_Auto15444EABE4F9506B85DFCBC8272709A9F.tmp' to '//ad.liu.se/home/eliak641/Documents/GitHub/Gardengame/MyProject/Saved/Autosaves/Game/AI_Healt_Auto1.uasset'
[2022.10.03-08.27.35:284][470]LogFileHelpers: Auto-saving content packages took 0.701
[2022.10.03-08.28.58:430][356]BlueprintLog: New page: Compile AI_Healt
[2022.10.03-08.28.58:498][356]LogBlueprint: Error: [Compiler AI_Healt] COMPILER ERROR: failed building connection with 'Array of Third Person Character Object References is not compatible with Array of Actor Object References.' at  Get (a copy)
[2022.10.03-08.28.58:499][356]LogBlueprint: Error: [Compiler AI_Healt] The current value of the ' Array ' pin is invalid: Array inputs (like 'Target Array') must have an input wired into them (try connecting a MakeArray node).
[2022.10.03-08.28.58:523][356]LogUObjectHash: Compacting FUObjectHashTables data took   2.49ms
[2022.10.03-08.28.58:578][356]LogSlate: Took 0.008427 seconds to synchronously load lazily loaded font '../../../Engine/Content/Slate/Fonts/DroidSansMono.ttf' (77K)
[2022.10.03-08.29.23:280][217]LogEditorTransaction: Undo Create Pin Link
[2022.10.03-08.29.23:529][220]LogEditorTransaction: Undo Move Node
[2022.10.03-08.29.23:780][224]LogEditorTransaction: Undo Move Node
[2022.10.03-08.29.24:276][276]LogEditorTransaction: Undo Create Pin Link
[2022.10.03-08.29.24:529][298]LogEditorTransaction: Undo Add Node
[2022.10.03-08.29.24:965][346]LogEditorTransaction: Undo Move Node
[2022.10.03-08.29.27:971][696]BlueprintLog: New page: Compile AI_Healt
[2022.10.03-08.29.27:995][696]LogBlueprint: Error: [Compiler AI_Healt] COMPILER ERROR: failed building connection with 'Array of Third Person Character Object References is not compatible with Array of Actor Object References.' at  Get (a copy)
[2022.10.03-08.29.27:996][696]LogBlueprint: Error: [Compiler AI_Healt] The current value of the ' Array ' pin is invalid: Array inputs (like 'Target Array') must have an input wired into them (try connecting a MakeArray node).
[2022.10.03-08.29.28:021][696]LogUObjectHash: Compacting FUObjectHashTables data took   2.73ms
[2022.10.03-08.29.58:420][184]BlueprintLog: New page: Compile AI_Healt
[2022.10.03-08.29.58:473][184]LogUObjectHash: Compacting FUObjectHashTables data took   2.62ms
[2022.10.03-08.37.35:836][409]LogUObjectHash: Compacting FUObjectHashTables data took   2.95ms
[2022.10.03-08.37.35:839][409]LogFileHelpers: Editor autosave (incl. sublevels) for '/Game/ThirdPersonBP/Maps/ThirdPersonExampleMap' took 0.026
[2022.10.03-08.37.35:841][409]OBJ SavePackage: Generating thumbnails for [0] asset(s) in package [/Game/AI_Healt] ([1] browsable assets)...
[2022.10.03-08.37.35:841][409]OBJ SavePackage: Finished generating thumbnails for package [/Game/AI_Healt]
[2022.10.03-08.37.35:841][409]Cmd: OBJ SAVEPACKAGE PACKAGE="/Game/AI_Healt" FILE="//ad.liu.se/home/eliak641/Documents/GitHub/Gardengame/MyProject/Saved/Autosaves/Game/AI_Healt_Auto2.uasset" SILENT=false AUTOSAVING=true
[2022.10.03-08.37.36:493][409]LogSavePackage: Moving '//ad.liu.se/home/eliak641/Documents/GitHub/Gardengame/MyProject/Saved/AI_Healt_Auto2273D91274E49F3B907355D9AAE4FEDD5.tmp' to '//ad.liu.se/home/eliak641/Documents/GitHub/Gardengame/MyProject/Saved/Autosaves/Game/AI_Healt_Auto2.uasset'
[2022.10.03-08.37.36:543][409]LogFileHelpers: Auto-saving content packages took 0.704
[2022.10.03-08.57.26:251][388]LogUObjectHash: Compacting FUObjectHashTables data took   1.25ms
[2022.10.03-08.57.26:254][388]LogFileHelpers: Editor autosave (incl. sublevels) for '/Game/ThirdPersonBP/Maps/ThirdPersonExampleMap' took 0.025
[2022.10.03-08.57.26:257][388]OBJ SavePackage: Generating thumbnails for [0] asset(s) in package [/Game/AI_Healt] ([1] browsable assets)...
[2022.10.03-08.57.26:257][388]OBJ SavePackage: Finished generating thumbnails for package [/Game/AI_Healt]
[2022.10.03-08.57.26:257][388]Cmd: OBJ SAVEPACKAGE PACKAGE="/Game/AI_Healt" FILE="//ad.liu.se/home/eliak641/Documents/GitHub/Gardengame/MyProject/Saved/Autosaves/Game/AI_Healt_Auto3.uasset" SILENT=false AUTOSAVING=true
[2022.10.03-08.57.26:886][388]LogSavePackage: Moving '//ad.liu.se/home/eliak641/Documents/GitHub/Gardengame/MyProject/Saved/AI_Healt_Auto370B75EDE4CD0A2253807D980F48CAC9D.tmp' to '//ad.liu.se/home/eliak641/Documents/GitHub/Gardengame/MyProject/Saved/Autosaves/Game/AI_Healt_Auto3.uasset'
[2022.10.03-08.57.26:929][388]LogFileHelpers: Auto-saving content packages took 0.675
